ERROR - 2026-03-16 11:14:32 --> Error connecting to the database: mysqli_sql_exception: Unknown database 'petmitra' in F:\xampp\htdocs\modesy-2.6.2\system\Database\MySQLi\Connection.php:201
Stack trace:
#0 F:\xampp\htdocs\modesy-2.6.2\system\Database\MySQLi\Connection.php(201): mysqli->real_connect('localhost', 'root', Object(SensitiveParameterValue), 'petmitra', 3306, '', 0)
#1 F:\xampp\htdocs\modesy-2.6.2\system\Database\BaseConnection.php(419): CodeIgniter\Database\MySQLi\Connection->connect(false)
#2 F:\xampp\htdocs\modesy-2.6.2\system\Session\Handlers\DatabaseHandler.php(100): CodeIgniter\Database\BaseConnection->initialize()
#3 [internal function]: CodeIgniter\Session\Handlers\DatabaseHandler->open('ci_sessions', 'mds_session')
#4 F:\xampp\htdocs\modesy-2.6.2\system\Session\Session.php(912): session_start()
#5 F:\xampp\htdocs\modesy-2.6.2\system\Session\Session.php(243): CodeIgniter\Session\Session->startSession()
#6 F:\xampp\htdocs\modesy-2.6.2\system\Config\Services.php(715): CodeIgniter\Session\Session->start()
#7 F:\xampp\htdocs\modesy-2.6.2\system\Config\BaseService.php(312): CodeIgniter\Config\Services::session(Object(Config\Session), false)
#8 F:\xampp\htdocs\modesy-2.6.2\system\Config\BaseService.php(251): CodeIgniter\Config\BaseService::__callStatic('session', Array)
#9 F:\xampp\htdocs\modesy-2.6.2\system\Config\Services.php(668): CodeIgniter\Config\BaseService::getSharedInstance('session', NULL)
#10 F:\xampp\htdocs\modesy-2.6.2\system\Config\BaseService.php(321): CodeIgniter\Config\Services::session()
#11 F:\xampp\htdocs\modesy-2.6.2\system\Config\BaseService.php(202): CodeIgniter\Config\BaseService::__callStatic('session', Array)
#12 F:\xampp\htdocs\modesy-2.6.2\system\Common.php(1031): CodeIgniter\Config\BaseService::get('session')
#13 F:\xampp\htdocs\modesy-2.6.2\system\Common.php(1004): service('session')
#14 F:\xampp\htdocs\modesy-2.6.2\app\Services\AppContextService.php(37): session()
#15 F:\xampp\htdocs\modesy-2.6.2\app\Config\Services.php(29): App\Services\AppContextService->__construct()
#16 F:\xampp\htdocs\modesy-2.6.2\system\Config\BaseService.php(251): Config\Services::appContext(false)
#17 F:\xampp\htdocs\modesy-2.6.2\app\Config\Services.php(26): CodeIgniter\Config\BaseService::getSharedInstance('appcontext')
#18 F:\xampp\htdocs\modesy-2.6.2\system\Config\BaseService.php(321): Config\Services::appContext()
#19 F:\xampp\htdocs\modesy-2.6.2\system\Config\BaseService.php(202): CodeIgniter\Config\BaseService::__callStatic('appContext', Array)
#20 F:\xampp\htdocs\modesy-2.6.2\system\Common.php(1031): CodeIgniter\Config\BaseService::get('appContext')
#21 F:\xampp\htdocs\modesy-2.6.2\app\Common.php(20): service('appContext')
#22 F:\xampp\htdocs\modesy-2.6.2\app\Config\Routes.php(33): getContextValue('languages')
#23 F:\xampp\htdocs\modesy-2.6.2\system\Router\RouteCollection.php(339): require('F:\\xampp\\htdocs...')
#24 F:\xampp\htdocs\modesy-2.6.2\system\CodeIgniter.php(821): CodeIgniter\Router\RouteCollection->loadRoutes()
#25 F:\xampp\htdocs\modesy-2.6.2\system\CodeIgniter.php(455): CodeIgniter\CodeIgniter->tryToRouteIt(NULL)
#26 F:\xampp\htdocs\modesy-2.6.2\system\CodeIgniter.php(354): CodeIgniter\CodeIgniter->handleRequest(NULL, Object(Config\Cache), false)
#27 F:\xampp\htdocs\modesy-2.6.2\system\Boot.php(363): CodeIgniter\CodeIgniter->run()
#28 F:\xampp\htdocs\modesy-2.6.2\system\Boot.php(68): CodeIgniter\Boot::runCodeIgniter(Object(CodeIgniter\CodeIgniter))
#29 F:\xampp\htdocs\modesy-2.6.2\index.php(59): CodeIgniter\Boot::bootWeb(Object(Config\Paths))
#30 {main}

Next CodeIgniter\Database\Exceptions\DatabaseException: Unknown database 'petmitra' in F:\xampp\htdocs\modesy-2.6.2\system\Database\MySQLi\Connection.php:246
Stack trace:
#0 F:\xampp\htdocs\modesy-2.6.2\system\Database\BaseConnection.php(419): CodeIgniter\Database\MySQLi\Connection->connect(false)
#1 F:\xampp\htdocs\modesy-2.6.2\system\Session\Handlers\DatabaseHandler.php(100): CodeIgniter\Database\BaseConnection->initialize()
#2 [internal function]: CodeIgniter\Session\Handlers\DatabaseHandler->open('ci_sessions', 'mds_session')
#3 F:\xampp\htdocs\modesy-2.6.2\system\Session\Session.php(912): session_start()
#4 F:\xampp\htdocs\modesy-2.6.2\system\Session\Session.php(243): CodeIgniter\Session\Session->startSession()
#5 F:\xampp\htdocs\modesy-2.6.2\system\Config\Services.php(715): CodeIgniter\Session\Session->start()
#6 F:\xampp\htdocs\modesy-2.6.2\system\Config\BaseService.php(312): CodeIgniter\Config\Services::session(Object(Config\Session), false)
#7 F:\xampp\htdocs\modesy-2.6.2\system\Config\BaseService.php(251): CodeIgniter\Config\BaseService::__callStatic('session', Array)
#8 F:\xampp\htdocs\modesy-2.6.2\system\Config\Services.php(668): CodeIgniter\Config\BaseService::getSharedInstance('session', NULL)
#9 F:\xampp\htdocs\modesy-2.6.2\system\Config\BaseService.php(321): CodeIgniter\Config\Services::session()
#10 F:\xampp\htdocs\modesy-2.6.2\system\Config\BaseService.php(202): CodeIgniter\Config\BaseService::__callStatic('session', Array)
#11 F:\xampp\htdocs\modesy-2.6.2\system\Common.php(1031): CodeIgniter\Config\BaseService::get('session')
#12 F:\xampp\htdocs\modesy-2.6.2\system\Common.php(1004): service('session')
#13 F:\xampp\htdocs\modesy-2.6.2\app\Services\AppContextService.php(37): session()
#14 F:\xampp\htdocs\modesy-2.6.2\app\Config\Services.php(29): App\Services\AppContextService->__construct()
#15 F:\xampp\htdocs\modesy-2.6.2\system\Config\BaseService.php(251): Config\Services::appContext(false)
#16 F:\xampp\htdocs\modesy-2.6.2\app\Config\Services.php(26): CodeIgniter\Config\BaseService::getSharedInstance('appcontext')
#17 F:\xampp\htdocs\modesy-2.6.2\system\Config\BaseService.php(321): Config\Services::appContext()
#18 F:\xampp\htdocs\modesy-2.6.2\system\Config\BaseService.php(202): CodeIgniter\Config\BaseService::__callStatic('appContext', Array)
#19 F:\xampp\htdocs\modesy-2.6.2\system\Common.php(1031): CodeIgniter\Config\BaseService::get('appContext')
#20 F:\xampp\htdocs\modesy-2.6.2\app\Common.php(20): service('appContext')
#21 F:\xampp\htdocs\modesy-2.6.2\app\Config\Routes.php(33): getContextValue('languages')
#22 F:\xampp\htdocs\modesy-2.6.2\system\Router\RouteCollection.php(339): require('F:\\xampp\\htdocs...')
#23 F:\xampp\htdocs\modesy-2.6.2\system\CodeIgniter.php(821): CodeIgniter\Router\RouteCollection->loadRoutes()
#24 F:\xampp\htdocs\modesy-2.6.2\system\CodeIgniter.php(455): CodeIgniter\CodeIgniter->tryToRouteIt(NULL)
#25 F:\xampp\htdocs\modesy-2.6.2\system\CodeIgniter.php(354): CodeIgniter\CodeIgniter->handleRequest(NULL, Object(Config\Cache), false)
#26 F:\xampp\htdocs\modesy-2.6.2\system\Boot.php(363): CodeIgniter\CodeIgniter->run()
#27 F:\xampp\htdocs\modesy-2.6.2\system\Boot.php(68): CodeIgniter\Boot::runCodeIgniter(Object(CodeIgniter\CodeIgniter))
#28 F:\xampp\htdocs\modesy-2.6.2\index.php(59): CodeIgniter\Boot::bootWeb(Object(Config\Paths))
#29 {main}
CRITICAL - 2026-03-16 11:14:32 --> CodeIgniter\Database\Exceptions\DatabaseException: Unable to connect to the database.
Main connection [MySQLi]: Unknown database 'petmitra'
[Method: GET, Route: /]
in SYSTEMPATH\Database\BaseConnection.php on line 465.
 1 SYSTEMPATH\Session\Handlers\DatabaseHandler.php(100): CodeIgniter\Database\BaseConnection->initialize()
 2 [internal function]: CodeIgniter\Session\Handlers\DatabaseHandler->open('ci_sessions', 'mds_session')
 3 SYSTEMPATH\Session\Session.php(912): session_start()
 4 SYSTEMPATH\Session\Session.php(243): CodeIgniter\Session\Session->startSession()
 5 SYSTEMPATH\Config\Services.php(715): CodeIgniter\Session\Session->start()
 6 SYSTEMPATH\Config\BaseService.php(312): CodeIgniter\Config\Services::session(Object(Config\Session), false)
 7 SYSTEMPATH\Config\BaseService.php(251): CodeIgniter\Config\BaseService::__callStatic('session', [...])
 8 SYSTEMPATH\Config\Services.php(668): CodeIgniter\Config\BaseService::getSharedInstance('session', null)
 9 SYSTEMPATH\Config\BaseService.php(321): CodeIgniter\Config\Services::session()
10 SYSTEMPATH\Config\BaseService.php(202): CodeIgniter\Config\BaseService::__callStatic('session', [])
11 SYSTEMPATH\Common.php(1031): CodeIgniter\Config\BaseService::get('session')
12 SYSTEMPATH\Common.php(1004): service('session')
13 APPPATH\Services\AppContextService.php(37): session()
14 APPPATH\Config\Services.php(29): App\Services\AppContextService->__construct()
15 SYSTEMPATH\Config\BaseService.php(251): Config\Services::appContext(false)
16 APPPATH\Config\Services.php(26): CodeIgniter\Config\BaseService::getSharedInstance('appcontext')
17 SYSTEMPATH\Config\BaseService.php(321): Config\Services::appContext()
18 SYSTEMPATH\Config\BaseService.php(202): CodeIgniter\Config\BaseService::__callStatic('appContext', [])
19 SYSTEMPATH\Common.php(1031): CodeIgniter\Config\BaseService::get('appContext')
20 APPPATH\Common.php(20): service('appContext')
21 APPPATH\Config\Routes.php(33): getContextValue('languages')
22 SYSTEMPATH\Router\RouteCollection.php(339): require('F:\\xampp\\htdocs\\modesy-2.6.2\\app\\Config\\Routes.php')
23 SYSTEMPATH\CodeIgniter.php(821): CodeIgniter\Router\RouteCollection->loadRoutes()
24 SYSTEMPATH\CodeIgniter.php(455): CodeIgniter\CodeIgniter->tryToRouteIt(null)
25 SYSTEMPATH\CodeIgniter.php(354): CodeIgniter\CodeIgniter->handleRequest(null, Object(Config\Cache), false)
26 SYSTEMPATH\Boot.php(363): CodeIgniter\CodeIgniter->run()
27 SYSTEMPATH\Boot.php(68): CodeIgniter\Boot::runCodeIgniter(Object(CodeIgniter\CodeIgniter))
28 FCPATH\index.php(59): CodeIgniter\Boot::bootWeb(Object(Config\Paths))
ERROR - 2026-03-16 07:16:18 --> REGISTER reCAPTCHA token: MISSING
ERROR - 2026-03-16 07:22:34 --> REGISTER reCAPTCHA token: MISSING
ERROR - 2026-03-16 07:24:18 --> REGISTER reCAPTCHA token: MISSING
ERROR - 2026-03-16 07:26:23 --> REGISTER reCAPTCHA token: MISSING
ERROR - 2026-03-16 07:27:53 --> REGISTER reCAPTCHA token: MISSING
ERROR - 2026-03-16 07:28:42 --> REGISTER reCAPTCHA token: MISSING
ERROR - 2026-03-16 07:33:14 --> REGISTER reCAPTCHA token: MISSING
ERROR - 2026-03-16 07:56:06 --> REGISTER reCAPTCHA token: MISSING
ERROR - 2026-03-16 08:47:12 --> REGISTER reCAPTCHA token: MISSING
