ERROR - 2026-04-10 06:22:08 --> mysqli_sql_exception: Duplicate entry '0' for key 'PRIMARY' in F:\xampp\htdocs\modesy-2.6.2\system\Database\MySQLi\Connection.php:327
Stack trace:
#0 F:\xampp\htdocs\modesy-2.6.2\system\Database\MySQLi\Connection.php(327): mysqli->query('INSERT INTO `bl...', 0)
#1 F:\xampp\htdocs\modesy-2.6.2\system\Database\BaseConnection.php(729): CodeIgniter\Database\MySQLi\Connection->execute('INSERT INTO `bl...')
#2 F:\xampp\htdocs\modesy-2.6.2\system\Database\BaseConnection.php(646): CodeIgniter\Database\BaseConnection->simpleQuery('INSERT INTO `bl...')
#3 F:\xampp\htdocs\modesy-2.6.2\system\Database\BaseBuilder.php(2345): CodeIgniter\Database\BaseConnection->query('INSERT INTO `bl...', Array, false)
#4 F:\xampp\htdocs\modesy-2.6.2\app\Models\BlogModel.php(277): CodeIgniter\Database\BaseBuilder->insert(Array)
#5 F:\xampp\htdocs\modesy-2.6.2\app\Controllers\BlogController.php(182): App\Models\BlogModel->addCategory()
#6 F:\xampp\htdocs\modesy-2.6.2\system\CodeIgniter.php(933): App\Controllers\BlogController->addCategoryPost()
#7 F:\xampp\htdocs\modesy-2.6.2\system\CodeIgniter.php(507): CodeIgniter\CodeIgniter->runController(Object(App\Controllers\BlogController))
#8 F:\xampp\htdocs\modesy-2.6.2\system\CodeIgniter.php(354): CodeIgniter\CodeIgniter->handleRequest(NULL, Object(Config\Cache), false)
#9 F:\xampp\htdocs\modesy-2.6.2\system\Boot.php(363): CodeIgniter\CodeIgniter->run()
#10 F:\xampp\htdocs\modesy-2.6.2\system\Boot.php(68): CodeIgniter\Boot::runCodeIgniter(Object(CodeIgniter\CodeIgniter))
#11 F:\xampp\htdocs\modesy-2.6.2\index.php(59): CodeIgniter\Boot::bootWeb(Object(Config\Paths))
#12 {main}
CRITICAL - 2026-04-10 06:22:08 --> CodeIgniter\Database\Exceptions\DatabaseException: Duplicate entry '0' for key 'PRIMARY'
[Method: POST, Route: Blog/addCategoryPost]
in SYSTEMPATH\Database\BaseConnection.php on line 684.
 1 SYSTEMPATH\Database\BaseBuilder.php(2345): CodeIgniter\Database\BaseConnection->query('INSERT INTO `blog_categories` (`lang_id`, `name`, `slug`, `description`, `keywords`, `category_order`) VALUES (:lang_id:, :name:, :slug:, :description:, :keywords:, :category_order:)', [...], false)
 2 APPPATH\Models\BlogModel.php(277): CodeIgniter\Database\BaseBuilder->insert([...])
 3 APPPATH\Controllers\BlogController.php(182): App\Models\BlogModel->addCategory()
 4 SYSTEMPATH\CodeIgniter.php(933): App\Controllers\BlogController->addCategoryPost()
 5 SYSTEMPATH\CodeIgniter.php(507): CodeIgniter\CodeIgniter->runController(Object(App\Controllers\BlogController))
 6 SYSTEMPATH\CodeIgniter.php(354): CodeIgniter\CodeIgniter->handleRequest(null, Object(Config\Cache), false)
 7 SYSTEMPATH\Boot.php(363): CodeIgniter\CodeIgniter->run()
 8 SYSTEMPATH\Boot.php(68): CodeIgniter\Boot::runCodeIgniter(Object(CodeIgniter\CodeIgniter))
 9 FCPATH\index.php(59): CodeIgniter\Boot::bootWeb(Object(Config\Paths))
CRITICAL - 2026-04-10 06:22:08 --> [Caused by] CodeIgniter\Database\Exceptions\DatabaseException: Duplicate entry '0' for key 'PRIMARY'
in SYSTEMPATH\Database\MySQLi\Connection.php on line 332.
 1 SYSTEMPATH\Database\BaseConnection.php(729): CodeIgniter\Database\MySQLi\Connection->execute('INSERT INTO `blog_categories` (`lang_id`, `name`, `slug`, `description`, `keywords`, `category_order`) VALUES (\'1\', \'12121212\', \'12121212\', \'\', \'\', \'1\')')
 2 SYSTEMPATH\Database\BaseConnection.php(646): CodeIgniter\Database\BaseConnection->simpleQuery('INSERT INTO `blog_categories` (`lang_id`, `name`, `slug`, `description`, `keywords`, `category_order`) VALUES (\'1\', \'12121212\', \'12121212\', \'\', \'\', \'1\')')
 3 SYSTEMPATH\Database\BaseBuilder.php(2345): CodeIgniter\Database\BaseConnection->query('INSERT INTO `blog_categories` (`lang_id`, `name`, `slug`, `description`, `keywords`, `category_order`) VALUES (:lang_id:, :name:, :slug:, :description:, :keywords:, :category_order:)', [...], false)
 4 APPPATH\Models\BlogModel.php(277): CodeIgniter\Database\BaseBuilder->insert([...])
 5 APPPATH\Controllers\BlogController.php(182): App\Models\BlogModel->addCategory()
 6 SYSTEMPATH\CodeIgniter.php(933): App\Controllers\BlogController->addCategoryPost()
 7 SYSTEMPATH\CodeIgniter.php(507): CodeIgniter\CodeIgniter->runController(Object(App\Controllers\BlogController))
 8 SYSTEMPATH\CodeIgniter.php(354): CodeIgniter\CodeIgniter->handleRequest(null, Object(Config\Cache), false)
 9 SYSTEMPATH\Boot.php(363): CodeIgniter\CodeIgniter->run()
10 SYSTEMPATH\Boot.php(68): CodeIgniter\Boot::runCodeIgniter(Object(CodeIgniter\CodeIgniter))
11 FCPATH\index.php(59): CodeIgniter\Boot::bootWeb(Object(Config\Paths))
CRITICAL - 2026-04-10 06:22:08 --> [Caused by] mysqli_sql_exception: Duplicate entry '0' for key 'PRIMARY'
in SYSTEMPATH\Database\MySQLi\Connection.php on line 327.
 1 SYSTEMPATH\Database\MySQLi\Connection.php(327): mysqli->query('INSERT INTO `blog_categories` (`lang_id`, `name`, `slug`, `description`, `keywords`, `category_order`) VALUES (\'1\', \'12121212\', \'12121212\', \'\', \'\', \'1\')', 0)
 2 SYSTEMPATH\Database\BaseConnection.php(729): CodeIgniter\Database\MySQLi\Connection->execute('INSERT INTO `blog_categories` (`lang_id`, `name`, `slug`, `description`, `keywords`, `category_order`) VALUES (\'1\', \'12121212\', \'12121212\', \'\', \'\', \'1\')')
 3 SYSTEMPATH\Database\BaseConnection.php(646): CodeIgniter\Database\BaseConnection->simpleQuery('INSERT INTO `blog_categories` (`lang_id`, `name`, `slug`, `description`, `keywords`, `category_order`) VALUES (\'1\', \'12121212\', \'12121212\', \'\', \'\', \'1\')')
 4 SYSTEMPATH\Database\BaseBuilder.php(2345): CodeIgniter\Database\BaseConnection->query('INSERT INTO `blog_categories` (`lang_id`, `name`, `slug`, `description`, `keywords`, `category_order`) VALUES (:lang_id:, :name:, :slug:, :description:, :keywords:, :category_order:)', [...], false)
 5 APPPATH\Models\BlogModel.php(277): CodeIgniter\Database\BaseBuilder->insert([...])
 6 APPPATH\Controllers\BlogController.php(182): App\Models\BlogModel->addCategory()
 7 SYSTEMPATH\CodeIgniter.php(933): App\Controllers\BlogController->addCategoryPost()
 8 SYSTEMPATH\CodeIgniter.php(507): CodeIgniter\CodeIgniter->runController(Object(App\Controllers\BlogController))
 9 SYSTEMPATH\CodeIgniter.php(354): CodeIgniter\CodeIgniter->handleRequest(null, Object(Config\Cache), false)
10 SYSTEMPATH\Boot.php(363): CodeIgniter\CodeIgniter->run()
11 SYSTEMPATH\Boot.php(68): CodeIgniter\Boot::runCodeIgniter(Object(CodeIgniter\CodeIgniter))
12 FCPATH\index.php(59): CodeIgniter\Boot::bootWeb(Object(Config\Paths))
