ERROR - 2025-12-23 01:15:48 --> mysqli_sql_exception: Duplicate entry '0' for key 'PRIMARY' in F:\xampp\htdocs\modesy-2.6.2\system\Database\MySQLi\Connection.php:327
Stack trace:
#0 F:\xampp\htdocs\modesy-2.6.2\system\Database\MySQLi\Connection.php(327): mysqli->query('INSERT INTO `ca...', 0)
#1 F:\xampp\htdocs\modesy-2.6.2\system\Database\BaseConnection.php(729): CodeIgniter\Database\MySQLi\Connection->execute('INSERT INTO `ca...')
#2 F:\xampp\htdocs\modesy-2.6.2\system\Database\BaseConnection.php(646): CodeIgniter\Database\BaseConnection->simpleQuery('INSERT INTO `ca...')
#3 F:\xampp\htdocs\modesy-2.6.2\system\Database\BaseBuilder.php(1841): CodeIgniter\Database\BaseConnection->query('INSERT INTO `ca...', NULL, false)
#4 F:\xampp\htdocs\modesy-2.6.2\system\Database\BaseBuilder.php(2230): CodeIgniter\Database\BaseBuilder->batchExecute('_insertBatch', 100)
#5 F:\xampp\htdocs\modesy-2.6.2\app\Models\CategoryModel.php(776): CodeIgniter\Database\BaseBuilder->insertBatch(Array)
#6 F:\xampp\htdocs\modesy-2.6.2\app\Models\CategoryModel.php(394): App\Models\CategoryModel->insertCategoryPaths(15, 0)
#7 F:\xampp\htdocs\modesy-2.6.2\app\Controllers\CategoryController.php(66): App\Models\CategoryModel->addCategory()
#8 F:\xampp\htdocs\modesy-2.6.2\system\CodeIgniter.php(933): App\Controllers\CategoryController->addCategoryPost()
#9 F:\xampp\htdocs\modesy-2.6.2\system\CodeIgniter.php(507): CodeIgniter\CodeIgniter->runController(Object(App\Controllers\CategoryController))
#10 F:\xampp\htdocs\modesy-2.6.2\system\CodeIgniter.php(354): CodeIgniter\CodeIgniter->handleRequest(NULL, Object(Config\Cache), false)
#11 F:\xampp\htdocs\modesy-2.6.2\system\Boot.php(363): CodeIgniter\CodeIgniter->run()
#12 F:\xampp\htdocs\modesy-2.6.2\system\Boot.php(68): CodeIgniter\Boot::runCodeIgniter(Object(CodeIgniter\CodeIgniter))
#13 F:\xampp\htdocs\modesy-2.6.2\index.php(59): CodeIgniter\Boot::bootWeb(Object(Config\Paths))
#14 {main}
ERROR - 2025-12-23 01:47:14 --> mysqli_sql_exception: Duplicate entry '0' for key 'PRIMARY' in F:\xampp\htdocs\modesy-2.6.2\system\Database\MySQLi\Connection.php:327
Stack trace:
#0 F:\xampp\htdocs\modesy-2.6.2\system\Database\MySQLi\Connection.php(327): mysqli->query('INSERT INTO `qu...', 0)
#1 F:\xampp\htdocs\modesy-2.6.2\system\Database\BaseConnection.php(729): CodeIgniter\Database\MySQLi\Connection->execute('INSERT INTO `qu...')
#2 F:\xampp\htdocs\modesy-2.6.2\system\Database\BaseConnection.php(646): CodeIgniter\Database\BaseConnection->simpleQuery('INSERT INTO `qu...')
#3 F:\xampp\htdocs\modesy-2.6.2\system\Database\BaseBuilder.php(2345): CodeIgniter\Database\BaseConnection->query('INSERT INTO `qu...', Array, false)
#4 F:\xampp\htdocs\modesy-2.6.2\app\Models\BiddingModel.php(97): CodeIgniter\Database\BaseBuilder->insert(Array)
#5 F:\xampp\htdocs\modesy-2.6.2\app\Controllers\OrderController.php(311): App\Models\BiddingModel->requestQuote(Object(stdClass), '4', '105', Array)
#6 F:\xampp\htdocs\modesy-2.6.2\system\CodeIgniter.php(933): App\Controllers\OrderController->requestQuotePost()
#7 F:\xampp\htdocs\modesy-2.6.2\system\CodeIgniter.php(507): CodeIgniter\CodeIgniter->runController(Object(App\Controllers\OrderController))
#8 F:\xampp\htdocs\modesy-2.6.2\system\CodeIgniter.php(354): CodeIgniter\CodeIgniter->handleRequest(NULL, Object(Config\Cache), false)
#9 F:\xampp\htdocs\modesy-2.6.2\system\Boot.php(363): CodeIgniter\CodeIgniter->run()
#10 F:\xampp\htdocs\modesy-2.6.2\system\Boot.php(68): CodeIgniter\Boot::runCodeIgniter(Object(CodeIgniter\CodeIgniter))
#11 F:\xampp\htdocs\modesy-2.6.2\index.php(59): CodeIgniter\Boot::bootWeb(Object(Config\Paths))
#12 {main}
CRITICAL - 2025-12-23 01:47:14 --> CodeIgniter\Database\Exceptions\DatabaseException: Duplicate entry '0' for key 'PRIMARY'
[Method: POST, Route: bidding/request-quote-post]
in SYSTEMPATH\Database\BaseConnection.php on line 684.
 1 SYSTEMPATH\Database\BaseBuilder.php(2345): CodeIgniter\Database\BaseConnection->query('INSERT INTO `quote_requests` (`product_id`, `product_title`, `product_quantity`, `seller_id`, `buyer_id`, `status`, `price_offered`, `price_currency`, `product_sku`, `variant_hash`, `extra_options`, `extra_options_hash`, `product_options_snapshot`, `product_options_summary`, `product_image_id`, `product_image_data`, `updated_at`, `created_at`) VALUES (:product_id:, :product_title:, :product_quantity:, :seller_id:, :buyer_id:, :status:, :price_offered:, :price_currency:, :product_sku:, :variant_hash:, :extra_options:, :extra_options_hash:, :product_options_snapshot:, :product_options_summary:, :product_image_id:, :product_image_data:, :updated_at:, :created_at:)', [...], false)
 2 APPPATH\Models\BiddingModel.php(97): CodeIgniter\Database\BaseBuilder->insert([...])
 3 APPPATH\Controllers\OrderController.php(311): App\Models\BiddingModel->requestQuote(Object(stdClass), '4', '105', [])
 4 SYSTEMPATH\CodeIgniter.php(933): App\Controllers\OrderController->requestQuotePost()
 5 SYSTEMPATH\CodeIgniter.php(507): CodeIgniter\CodeIgniter->runController(Object(App\Controllers\OrderController))
 6 SYSTEMPATH\CodeIgniter.php(354): CodeIgniter\CodeIgniter->handleRequest(null, Object(Config\Cache), false)
 7 SYSTEMPATH\Boot.php(363): CodeIgniter\CodeIgniter->run()
 8 SYSTEMPATH\Boot.php(68): CodeIgniter\Boot::runCodeIgniter(Object(CodeIgniter\CodeIgniter))
 9 FCPATH\index.php(59): CodeIgniter\Boot::bootWeb(Object(Config\Paths))
CRITICAL - 2025-12-23 01:47:14 --> [Caused by] CodeIgniter\Database\Exceptions\DatabaseException: Duplicate entry '0' for key 'PRIMARY'
in SYSTEMPATH\Database\MySQLi\Connection.php on line 332.
 1 SYSTEMPATH\Database\BaseConnection.php(729): CodeIgniter\Database\MySQLi\Connection->execute('INSERT INTO `quote_requests` (`product_id`, `product_title`, `product_quantity`, `seller_id`, `buyer_id`, `status`, `price_offered`, `price_currency`, `product_sku`, `variant_hash`, `extra_options`, `extra_options_hash`, `product_options_snapshot`, `product_options_summary`, `product_image_id`, `product_image_data`, `updated_at`, `created_at`) VALUES (\'55\', \'Fun Track Suit\', \'4\', \'2\', \'4\', \'new_quote_request\', 0, \'\', \'H1S2F1Q2E1L8-M\', \'3d63f1b9921d8adef0f4f9f8be6ba0e7460b34a3d675709d4277c0a9d37b7d3f\', NULL, \'{}\', \'{\\"variant_hash\\":\\"3d63f1b9921d8adef0f4f9f8be6ba0e7460b34a3d675709d4277c0a9d37b7d3f\\",\\"sku\\":\\"H1S2F1Q2E1L8-M\\",\\"price\\":165,\\"price_discounted\\":165,\\"discount_rate\\":0,\\"image_id\\":null,\\"color_code\\":null,\\"options\\":[{\\"optionNames\\":{\\"en\\":\\"Size\\"},\\"valueNames\\":{\\"en\\":\\"M\\"}}]}\', \'<div class=\\"option-item display-inline-block m-r-5\\"><strong>Size:</strong> M</div>\', \'27\', \'{\\"path\\":\\"202512/img_w480_6931df5cd14144-52425653.jpg\\",\\"storage\\":\\"local\\"}\', \'2025-12-23 01:47:14\', \'2025-12-23 01:47:14\')')
 2 SYSTEMPATH\Database\BaseConnection.php(646): CodeIgniter\Database\BaseConnection->simpleQuery('INSERT INTO `quote_requests` (`product_id`, `product_title`, `product_quantity`, `seller_id`, `buyer_id`, `status`, `price_offered`, `price_currency`, `product_sku`, `variant_hash`, `extra_options`, `extra_options_hash`, `product_options_snapshot`, `product_options_summary`, `product_image_id`, `product_image_data`, `updated_at`, `created_at`) VALUES (\'55\', \'Fun Track Suit\', \'4\', \'2\', \'4\', \'new_quote_request\', 0, \'\', \'H1S2F1Q2E1L8-M\', \'3d63f1b9921d8adef0f4f9f8be6ba0e7460b34a3d675709d4277c0a9d37b7d3f\', NULL, \'{}\', \'{\\"variant_hash\\":\\"3d63f1b9921d8adef0f4f9f8be6ba0e7460b34a3d675709d4277c0a9d37b7d3f\\",\\"sku\\":\\"H1S2F1Q2E1L8-M\\",\\"price\\":165,\\"price_discounted\\":165,\\"discount_rate\\":0,\\"image_id\\":null,\\"color_code\\":null,\\"options\\":[{\\"optionNames\\":{\\"en\\":\\"Size\\"},\\"valueNames\\":{\\"en\\":\\"M\\"}}]}\', \'<div class=\\"option-item display-inline-block m-r-5\\"><strong>Size:</strong> M</div>\', \'27\', \'{\\"path\\":\\"202512/img_w480_6931df5cd14144-52425653.jpg\\",\\"storage\\":\\"local\\"}\', \'2025-12-23 01:47:14\', \'2025-12-23 01:47:14\')')
 3 SYSTEMPATH\Database\BaseBuilder.php(2345): CodeIgniter\Database\BaseConnection->query('INSERT INTO `quote_requests` (`product_id`, `product_title`, `product_quantity`, `seller_id`, `buyer_id`, `status`, `price_offered`, `price_currency`, `product_sku`, `variant_hash`, `extra_options`, `extra_options_hash`, `product_options_snapshot`, `product_options_summary`, `product_image_id`, `product_image_data`, `updated_at`, `created_at`) VALUES (:product_id:, :product_title:, :product_quantity:, :seller_id:, :buyer_id:, :status:, :price_offered:, :price_currency:, :product_sku:, :variant_hash:, :extra_options:, :extra_options_hash:, :product_options_snapshot:, :product_options_summary:, :product_image_id:, :product_image_data:, :updated_at:, :created_at:)', [...], false)
 4 APPPATH\Models\BiddingModel.php(97): CodeIgniter\Database\BaseBuilder->insert([...])
 5 APPPATH\Controllers\OrderController.php(311): App\Models\BiddingModel->requestQuote(Object(stdClass), '4', '105', [])
 6 SYSTEMPATH\CodeIgniter.php(933): App\Controllers\OrderController->requestQuotePost()
 7 SYSTEMPATH\CodeIgniter.php(507): CodeIgniter\CodeIgniter->runController(Object(App\Controllers\OrderController))
 8 SYSTEMPATH\CodeIgniter.php(354): CodeIgniter\CodeIgniter->handleRequest(null, Object(Config\Cache), false)
 9 SYSTEMPATH\Boot.php(363): CodeIgniter\CodeIgniter->run()
10 SYSTEMPATH\Boot.php(68): CodeIgniter\Boot::runCodeIgniter(Object(CodeIgniter\CodeIgniter))
11 FCPATH\index.php(59): CodeIgniter\Boot::bootWeb(Object(Config\Paths))
CRITICAL - 2025-12-23 01:47:14 --> [Caused by] mysqli_sql_exception: Duplicate entry '0' for key 'PRIMARY'
in SYSTEMPATH\Database\MySQLi\Connection.php on line 327.
 1 SYSTEMPATH\Database\MySQLi\Connection.php(327): mysqli->query('INSERT INTO `quote_requests` (`product_id`, `product_title`, `product_quantity`, `seller_id`, `buyer_id`, `status`, `price_offered`, `price_currency`, `product_sku`, `variant_hash`, `extra_options`, `extra_options_hash`, `product_options_snapshot`, `product_options_summary`, `product_image_id`, `product_image_data`, `updated_at`, `created_at`) VALUES (\'55\', \'Fun Track Suit\', \'4\', \'2\', \'4\', \'new_quote_request\', 0, \'\', \'H1S2F1Q2E1L8-M\', \'3d63f1b9921d8adef0f4f9f8be6ba0e7460b34a3d675709d4277c0a9d37b7d3f\', NULL, \'{}\', \'{\\"variant_hash\\":\\"3d63f1b9921d8adef0f4f9f8be6ba0e7460b34a3d675709d4277c0a9d37b7d3f\\",\\"sku\\":\\"H1S2F1Q2E1L8-M\\",\\"price\\":165,\\"price_discounted\\":165,\\"discount_rate\\":0,\\"image_id\\":null,\\"color_code\\":null,\\"options\\":[{\\"optionNames\\":{\\"en\\":\\"Size\\"},\\"valueNames\\":{\\"en\\":\\"M\\"}}]}\', \'<div class=\\"option-item display-inline-block m-r-5\\"><strong>Size:</strong> M</div>\', \'27\', \'{\\"path\\":\\"202512/img_w480_6931df5cd14144-52425653.jpg\\",\\"storage\\":\\"local\\"}\', \'2025-12-23 01:47:14\', \'2025-12-23 01:47:14\')', 0)
 2 SYSTEMPATH\Database\BaseConnection.php(729): CodeIgniter\Database\MySQLi\Connection->execute('INSERT INTO `quote_requests` (`product_id`, `product_title`, `product_quantity`, `seller_id`, `buyer_id`, `status`, `price_offered`, `price_currency`, `product_sku`, `variant_hash`, `extra_options`, `extra_options_hash`, `product_options_snapshot`, `product_options_summary`, `product_image_id`, `product_image_data`, `updated_at`, `created_at`) VALUES (\'55\', \'Fun Track Suit\', \'4\', \'2\', \'4\', \'new_quote_request\', 0, \'\', \'H1S2F1Q2E1L8-M\', \'3d63f1b9921d8adef0f4f9f8be6ba0e7460b34a3d675709d4277c0a9d37b7d3f\', NULL, \'{}\', \'{\\"variant_hash\\":\\"3d63f1b9921d8adef0f4f9f8be6ba0e7460b34a3d675709d4277c0a9d37b7d3f\\",\\"sku\\":\\"H1S2F1Q2E1L8-M\\",\\"price\\":165,\\"price_discounted\\":165,\\"discount_rate\\":0,\\"image_id\\":null,\\"color_code\\":null,\\"options\\":[{\\"optionNames\\":{\\"en\\":\\"Size\\"},\\"valueNames\\":{\\"en\\":\\"M\\"}}]}\', \'<div class=\\"option-item display-inline-block m-r-5\\"><strong>Size:</strong> M</div>\', \'27\', \'{\\"path\\":\\"202512/img_w480_6931df5cd14144-52425653.jpg\\",\\"storage\\":\\"local\\"}\', \'2025-12-23 01:47:14\', \'2025-12-23 01:47:14\')')
 3 SYSTEMPATH\Database\BaseConnection.php(646): CodeIgniter\Database\BaseConnection->simpleQuery('INSERT INTO `quote_requests` (`product_id`, `product_title`, `product_quantity`, `seller_id`, `buyer_id`, `status`, `price_offered`, `price_currency`, `product_sku`, `variant_hash`, `extra_options`, `extra_options_hash`, `product_options_snapshot`, `product_options_summary`, `product_image_id`, `product_image_data`, `updated_at`, `created_at`) VALUES (\'55\', \'Fun Track Suit\', \'4\', \'2\', \'4\', \'new_quote_request\', 0, \'\', \'H1S2F1Q2E1L8-M\', \'3d63f1b9921d8adef0f4f9f8be6ba0e7460b34a3d675709d4277c0a9d37b7d3f\', NULL, \'{}\', \'{\\"variant_hash\\":\\"3d63f1b9921d8adef0f4f9f8be6ba0e7460b34a3d675709d4277c0a9d37b7d3f\\",\\"sku\\":\\"H1S2F1Q2E1L8-M\\",\\"price\\":165,\\"price_discounted\\":165,\\"discount_rate\\":0,\\"image_id\\":null,\\"color_code\\":null,\\"options\\":[{\\"optionNames\\":{\\"en\\":\\"Size\\"},\\"valueNames\\":{\\"en\\":\\"M\\"}}]}\', \'<div class=\\"option-item display-inline-block m-r-5\\"><strong>Size:</strong> M</div>\', \'27\', \'{\\"path\\":\\"202512/img_w480_6931df5cd14144-52425653.jpg\\",\\"storage\\":\\"local\\"}\', \'2025-12-23 01:47:14\', \'2025-12-23 01:47:14\')')
 4 SYSTEMPATH\Database\BaseBuilder.php(2345): CodeIgniter\Database\BaseConnection->query('INSERT INTO `quote_requests` (`product_id`, `product_title`, `product_quantity`, `seller_id`, `buyer_id`, `status`, `price_offered`, `price_currency`, `product_sku`, `variant_hash`, `extra_options`, `extra_options_hash`, `product_options_snapshot`, `product_options_summary`, `product_image_id`, `product_image_data`, `updated_at`, `created_at`) VALUES (:product_id:, :product_title:, :product_quantity:, :seller_id:, :buyer_id:, :status:, :price_offered:, :price_currency:, :product_sku:, :variant_hash:, :extra_options:, :extra_options_hash:, :product_options_snapshot:, :product_options_summary:, :product_image_id:, :product_image_data:, :updated_at:, :created_at:)', [...], false)
 5 APPPATH\Models\BiddingModel.php(97): CodeIgniter\Database\BaseBuilder->insert([...])
 6 APPPATH\Controllers\OrderController.php(311): App\Models\BiddingModel->requestQuote(Object(stdClass), '4', '105', [])
 7 SYSTEMPATH\CodeIgniter.php(933): App\Controllers\OrderController->requestQuotePost()
 8 SYSTEMPATH\CodeIgniter.php(507): CodeIgniter\CodeIgniter->runController(Object(App\Controllers\OrderController))
 9 SYSTEMPATH\CodeIgniter.php(354): CodeIgniter\CodeIgniter->handleRequest(null, Object(Config\Cache), false)
10 SYSTEMPATH\Boot.php(363): CodeIgniter\CodeIgniter->run()
11 SYSTEMPATH\Boot.php(68): CodeIgniter\Boot::runCodeIgniter(Object(CodeIgniter\CodeIgniter))
12 FCPATH\index.php(59): CodeIgniter\Boot::bootWeb(Object(Config\Paths))
