CRITICAL - 2025-12-22 05:38:48 --> ErrorException: Undefined property: stdClass::$productbid_requests
[Method: GET, Route: cobalt-man-t-shirt-all-colors-1-47]
in APPPATH/Config/Routes.php on line 757.
 1 APPPATH/Config/Routes.php(757): CodeIgniter\Debug\Exceptions->errorHandler()
 2 SYSTEMPATH/Router/RouteCollection.php(339): require('/home/u476517538/domains/desibazars.com/public_html/app/Config/Routes.php')
 3 SYSTEMPATH/CodeIgniter.php(821): CodeIgniter\Router\RouteCollection->loadRoutes()
 4 SYSTEMPATH/CodeIgniter.php(455): CodeIgniter\CodeIgniter->tryToRouteIt()
 5 SYSTEMPATH/CodeIgniter.php(354): CodeIgniter\CodeIgniter->handleRequest()
 6 SYSTEMPATH/Boot.php(363): CodeIgniter\CodeIgniter->run()
 7 SYSTEMPATH/Boot.php(68): CodeIgniter\Boot::runCodeIgniter()
 8 FCPATH/index.php(59): CodeIgniter\Boot::bootWeb()
CRITICAL - 2025-12-22 05:43:32 --> ErrorException: Undefined property: stdClass::$productbid_system
[Method: GET, Route: dashboard/quote-requests]
in APPPATH/Views/dashboard/includes/_header.php on line 159.
 1 APPPATH/Views/dashboard/includes/_header.php(159): CodeIgniter\Debug\Exceptions->errorHandler()
 2 SYSTEMPATH/View/View.php(226): include('/home/u476517538/domains/desibazars.com/public_html/app/Views/dashboard/includes/_header.php')
 3 SYSTEMPATH/View/View.php(229): CodeIgniter\View\View->CodeIgniter\View\{closure}()
 4 SYSTEMPATH/Common.php(1203): CodeIgniter\View\View->render()
 5 APPPATH/Controllers/DashboardController.php(800): view()
 6 SYSTEMPATH/CodeIgniter.php(933): App\Controllers\DashboardController->quoteRequests()
 7 SYSTEMPATH/CodeIgniter.php(507): CodeIgniter\CodeIgniter->runController()
 8 SYSTEMPATH/CodeIgniter.php(354): CodeIgniter\CodeIgniter->handleRequest()
 9 SYSTEMPATH/Boot.php(363): CodeIgniter\CodeIgniter->run()
10 SYSTEMPATH/Boot.php(68): CodeIgniter\Boot::runCodeIgniter()
11 FCPATH/index.php(59): CodeIgniter\Boot::bootWeb()
CRITICAL - 2025-12-22 05:59:40 --> ErrorException: Undefined property: stdClass::$default_currency
[Method: POST, Route: bidding/place-bid]
in APPPATH/Controllers/OrderController.php on line 447.
 1 APPPATH/Controllers/OrderController.php(447): CodeIgniter\Debug\Exceptions->errorHandler()
 2 SYSTEMPATH/CodeIgniter.php(933): App\Controllers\OrderController->placeBidPost()
 3 SYSTEMPATH/CodeIgniter.php(507): CodeIgniter\CodeIgniter->runController()
 4 SYSTEMPATH/CodeIgniter.php(354): CodeIgniter\CodeIgniter->handleRequest()
 5 SYSTEMPATH/Boot.php(363): CodeIgniter\CodeIgniter->run()
 6 SYSTEMPATH/Boot.php(68): CodeIgniter\Boot::runCodeIgniter()
 7 FCPATH/index.php(59): CodeIgniter\Boot::bootWeb()
CRITICAL - 2025-12-22 06:13:36 --> ErrorException: Undefined array key "bid_id"
[Method: POST, Route: bidding/place-bid]
in APPPATH/Controllers/OrderController.php on line 434.
 1 APPPATH/Controllers/OrderController.php(434): CodeIgniter\Debug\Exceptions->errorHandler()
 2 SYSTEMPATH/CodeIgniter.php(933): App\Controllers\OrderController->placeBidPost()
 3 SYSTEMPATH/CodeIgniter.php(507): CodeIgniter\CodeIgniter->runController()
 4 SYSTEMPATH/CodeIgniter.php(354): CodeIgniter\CodeIgniter->handleRequest()
 5 SYSTEMPATH/Boot.php(363): CodeIgniter\CodeIgniter->run()
 6 SYSTEMPATH/Boot.php(68): CodeIgniter\Boot::runCodeIgniter()
 7 FCPATH/index.php(59): CodeIgniter\Boot::bootWeb()
ERROR - 2025-12-22 06:15:34 --> Bid mail queued for seller ID: 1
CRITICAL - 2025-12-22 06:15:53 --> Error: Call to a member function getSellerProductBids() on null
[Method: GET, Route: dashboard/productbid-requests]
in APPPATH/Controllers/DashboardController.php on line 1637.
 1 SYSTEMPATH/CodeIgniter.php(933): App\Controllers\DashboardController->productBids()
 2 SYSTEMPATH/CodeIgniter.php(507): CodeIgniter\CodeIgniter->runController()
 3 SYSTEMPATH/CodeIgniter.php(354): CodeIgniter\CodeIgniter->handleRequest()
 4 SYSTEMPATH/Boot.php(363): CodeIgniter\CodeIgniter->run()
 5 SYSTEMPATH/Boot.php(68): CodeIgniter\Boot::runCodeIgniter()
 6 FCPATH/index.php(59): CodeIgniter\Boot::bootWeb()
CRITICAL - 2025-12-22 06:16:11 --> Error: Call to a member function getSellerProductBids() on null
[Method: GET, Route: dashboard/productbid-requests]
in APPPATH/Controllers/DashboardController.php on line 1637.
 1 SYSTEMPATH/CodeIgniter.php(933): App\Controllers\DashboardController->productBids()
 2 SYSTEMPATH/CodeIgniter.php(507): CodeIgniter\CodeIgniter->runController()
 3 SYSTEMPATH/CodeIgniter.php(354): CodeIgniter\CodeIgniter->handleRequest()
 4 SYSTEMPATH/Boot.php(363): CodeIgniter\CodeIgniter->run()
 5 SYSTEMPATH/Boot.php(68): CodeIgniter\Boot::runCodeIgniter()
 6 FCPATH/index.php(59): CodeIgniter\Boot::bootWeb()
CRITICAL - 2025-12-22 06:36:55 --> CodeIgniter\Exceptions\BadMethodCallException: Call to undefined method App\Models\BiddingModel::getAcceptedBidByProduct
[Method: GET, Route: cobalt-man-t-shirt-all-colors-1-47]
in SYSTEMPATH/Model.php on line 927.
 1 APPPATH/Controllers/HomeController.php(430): CodeIgniter\Model->__call()
 2 APPPATH/Controllers/HomeController.php(99): App\Controllers\HomeController->product()
 3 SYSTEMPATH/CodeIgniter.php(933): App\Controllers\HomeController->any()
 4 SYSTEMPATH/CodeIgniter.php(507): CodeIgniter\CodeIgniter->runController()
 5 SYSTEMPATH/CodeIgniter.php(354): CodeIgniter\CodeIgniter->handleRequest()
 6 SYSTEMPATH/Boot.php(363): CodeIgniter\CodeIgniter->run()
 7 SYSTEMPATH/Boot.php(68): CodeIgniter\Boot::runCodeIgniter()
 8 FCPATH/index.php(59): CodeIgniter\Boot::bootWeb()
ERROR - 2025-12-22 06:39:55 --> Outbid mail queued for user ID: 4
ERROR - 2025-12-22 06:39:55 --> Bid mail queued for seller ID: 1
ERROR - 2025-12-22 06:43:13 --> Outbid mail queued for user ID: 4
ERROR - 2025-12-22 06:43:13 --> Bid mail queued for seller ID: 1
CRITICAL - 2025-12-22 06:50:00 --> CodeIgniter\Exceptions\BadMethodCallException: Call to undefined method App\Models\BiddingModel::acceptBid
[Method: POST, Route: dashboard/accept-bid]
in SYSTEMPATH/Model.php on line 927.
 1 APPPATH/Controllers/DashboardController.php(1644): CodeIgniter\Model->__call()
 2 SYSTEMPATH/CodeIgniter.php(933): App\Controllers\DashboardController->acceptBidPost()
 3 SYSTEMPATH/CodeIgniter.php(507): CodeIgniter\CodeIgniter->runController()
 4 SYSTEMPATH/CodeIgniter.php(354): CodeIgniter\CodeIgniter->handleRequest()
 5 SYSTEMPATH/Boot.php(363): CodeIgniter\CodeIgniter->run()
 6 SYSTEMPATH/Boot.php(68): CodeIgniter\Boot::runCodeIgniter()
 7 FCPATH/index.php(59): CodeIgniter\Boot::bootWeb()
ERROR - 2025-12-22 07:21:30 --> mysqli_sql_exception: Unknown column 'bid_id' in 'WHERE' in /home/u476517538/domains/desibazars.com/public_html/system/Database/MySQLi/Connection.php:327
Stack trace:
#0 /home/u476517538/domains/desibazars.com/public_html/system/Database/MySQLi/Connection.php(327): mysqli->query()
#1 /home/u476517538/domains/desibazars.com/public_html/system/Database/BaseConnection.php(729): CodeIgniter\Database\MySQLi\Connection->execute()
#2 /home/u476517538/domains/desibazars.com/public_html/system/Database/BaseConnection.php(646): CodeIgniter\Database\BaseConnection->simpleQuery()
#3 /home/u476517538/domains/desibazars.com/public_html/system/Database/BaseBuilder.php(1649): CodeIgniter\Database\BaseConnection->query()
#4 /home/u476517538/domains/desibazars.com/public_html/app/Models/CartModel.php(1435): CodeIgniter\Database\BaseBuilder->get()
#5 /home/u476517538/domains/desibazars.com/public_html/app/Controllers/CartController.php(778): App\Models\CartModel->addToCartBid()
#6 /home/u476517538/domains/desibazars.com/public_html/system/CodeIgniter.php(933): App\Controllers\CartController->addToCartBid()
#7 /home/u476517538/domains/desibazars.com/public_html/system/CodeIgniter.php(507): CodeIgniter\CodeIgniter->runController()
#8 /home/u476517538/domains/desibazars.com/public_html/system/CodeIgniter.php(354): CodeIgniter\CodeIgniter->handleRequest()
#9 /home/u476517538/domains/desibazars.com/public_html/system/Boot.php(363): CodeIgniter\CodeIgniter->run()
#10 /home/u476517538/domains/desibazars.com/public_html/system/Boot.php(68): CodeIgniter\Boot::runCodeIgniter()
#11 /home/u476517538/domains/desibazars.com/public_html/index.php(59): CodeIgniter\Boot::bootWeb()
#12 {main}
CRITICAL - 2025-12-22 07:21:30 --> CodeIgniter\Database\Exceptions\DatabaseException: Unknown column 'bid_id' in 'WHERE'
[Method: POST, Route: add-to-cart-bid]
in SYSTEMPATH/Database/BaseConnection.php on line 684.
 1 SYSTEMPATH/Database/BaseBuilder.php(1649): CodeIgniter\Database\BaseConnection->query()
 2 APPPATH/Models/CartModel.php(1435): CodeIgniter\Database\BaseBuilder->get()
 3 APPPATH/Controllers/CartController.php(778): App\Models\CartModel->addToCartBid()
 4 SYSTEMPATH/CodeIgniter.php(933): App\Controllers\CartController->addToCartBid()
 5 SYSTEMPATH/CodeIgniter.php(507): CodeIgniter\CodeIgniter->runController()
 6 SYSTEMPATH/CodeIgniter.php(354): CodeIgniter\CodeIgniter->handleRequest()
 7 SYSTEMPATH/Boot.php(363): CodeIgniter\CodeIgniter->run()
 8 SYSTEMPATH/Boot.php(68): CodeIgniter\Boot::runCodeIgniter()
 9 FCPATH/index.php(59): CodeIgniter\Boot::bootWeb()
CRITICAL - 2025-12-22 07:21:30 --> [Caused by] CodeIgniter\Database\Exceptions\DatabaseException: Unknown column 'bid_id' in 'WHERE'
in SYSTEMPATH/Database/MySQLi/Connection.php on line 332.
 1 SYSTEMPATH/Database/BaseConnection.php(729): CodeIgniter\Database\MySQLi\Connection->execute()
 2 SYSTEMPATH/Database/BaseConnection.php(646): CodeIgniter\Database\BaseConnection->simpleQuery()
 3 SYSTEMPATH/Database/BaseBuilder.php(1649): CodeIgniter\Database\BaseConnection->query()
 4 APPPATH/Models/CartModel.php(1435): CodeIgniter\Database\BaseBuilder->get()
 5 APPPATH/Controllers/CartController.php(778): App\Models\CartModel->addToCartBid()
 6 SYSTEMPATH/CodeIgniter.php(933): App\Controllers\CartController->addToCartBid()
 7 SYSTEMPATH/CodeIgniter.php(507): CodeIgniter\CodeIgniter->runController()
 8 SYSTEMPATH/CodeIgniter.php(354): CodeIgniter\CodeIgniter->handleRequest()
 9 SYSTEMPATH/Boot.php(363): CodeIgniter\CodeIgniter->run()
10 SYSTEMPATH/Boot.php(68): CodeIgniter\Boot::runCodeIgniter()
11 FCPATH/index.php(59): CodeIgniter\Boot::bootWeb()
CRITICAL - 2025-12-22 07:21:30 --> [Caused by] mysqli_sql_exception: Unknown column 'bid_id' in 'WHERE'
in SYSTEMPATH/Database/MySQLi/Connection.php on line 327.
 1 SYSTEMPATH/Database/MySQLi/Connection.php(327): mysqli->query()
 2 SYSTEMPATH/Database/BaseConnection.php(729): CodeIgniter\Database\MySQLi\Connection->execute()
 3 SYSTEMPATH/Database/BaseConnection.php(646): CodeIgniter\Database\BaseConnection->simpleQuery()
 4 SYSTEMPATH/Database/BaseBuilder.php(1649): CodeIgniter\Database\BaseConnection->query()
 5 APPPATH/Models/CartModel.php(1435): CodeIgniter\Database\BaseBuilder->get()
 6 APPPATH/Controllers/CartController.php(778): App\Models\CartModel->addToCartBid()
 7 SYSTEMPATH/CodeIgniter.php(933): App\Controllers\CartController->addToCartBid()
 8 SYSTEMPATH/CodeIgniter.php(507): CodeIgniter\CodeIgniter->runController()
 9 SYSTEMPATH/CodeIgniter.php(354): CodeIgniter\CodeIgniter->handleRequest()
10 SYSTEMPATH/Boot.php(363): CodeIgniter\CodeIgniter->run()
11 SYSTEMPATH/Boot.php(68): CodeIgniter\Boot::runCodeIgniter()
12 FCPATH/index.php(59): CodeIgniter\Boot::bootWeb()
ERROR - 2025-12-22 07:39:27 --> mysqli_sql_exception: Unknown column 'bid_id' in 'WHERE' in /home/u476517538/domains/desibazars.com/public_html/system/Database/MySQLi/Connection.php:327
Stack trace:
#0 /home/u476517538/domains/desibazars.com/public_html/system/Database/MySQLi/Connection.php(327): mysqli->query()
#1 /home/u476517538/domains/desibazars.com/public_html/system/Database/BaseConnection.php(729): CodeIgniter\Database\MySQLi\Connection->execute()
#2 /home/u476517538/domains/desibazars.com/public_html/system/Database/BaseConnection.php(646): CodeIgniter\Database\BaseConnection->simpleQuery()
#3 /home/u476517538/domains/desibazars.com/public_html/system/Database/BaseBuilder.php(1649): CodeIgniter\Database\BaseConnection->query()
#4 /home/u476517538/domains/desibazars.com/public_html/app/Models/CartModel.php(1435): CodeIgniter\Database\BaseBuilder->get()
#5 /home/u476517538/domains/desibazars.com/public_html/app/Controllers/CartController.php(778): App\Models\CartModel->addToCartBid()
#6 /home/u476517538/domains/desibazars.com/public_html/system/CodeIgniter.php(933): App\Controllers\CartController->addToCartBid()
#7 /home/u476517538/domains/desibazars.com/public_html/system/CodeIgniter.php(507): CodeIgniter\CodeIgniter->runController()
#8 /home/u476517538/domains/desibazars.com/public_html/system/CodeIgniter.php(354): CodeIgniter\CodeIgniter->handleRequest()
#9 /home/u476517538/domains/desibazars.com/public_html/system/Boot.php(363): CodeIgniter\CodeIgniter->run()
#10 /home/u476517538/domains/desibazars.com/public_html/system/Boot.php(68): CodeIgniter\Boot::runCodeIgniter()
#11 /home/u476517538/domains/desibazars.com/public_html/index.php(59): CodeIgniter\Boot::bootWeb()
#12 {main}
CRITICAL - 2025-12-22 07:39:27 --> CodeIgniter\Database\Exceptions\DatabaseException: Unknown column 'bid_id' in 'WHERE'
[Method: POST, Route: add-to-cart-bid]
in SYSTEMPATH/Database/BaseConnection.php on line 684.
 1 SYSTEMPATH/Database/BaseBuilder.php(1649): CodeIgniter\Database\BaseConnection->query()
 2 APPPATH/Models/CartModel.php(1435): CodeIgniter\Database\BaseBuilder->get()
 3 APPPATH/Controllers/CartController.php(778): App\Models\CartModel->addToCartBid()
 4 SYSTEMPATH/CodeIgniter.php(933): App\Controllers\CartController->addToCartBid()
 5 SYSTEMPATH/CodeIgniter.php(507): CodeIgniter\CodeIgniter->runController()
 6 SYSTEMPATH/CodeIgniter.php(354): CodeIgniter\CodeIgniter->handleRequest()
 7 SYSTEMPATH/Boot.php(363): CodeIgniter\CodeIgniter->run()
 8 SYSTEMPATH/Boot.php(68): CodeIgniter\Boot::runCodeIgniter()
 9 FCPATH/index.php(59): CodeIgniter\Boot::bootWeb()
CRITICAL - 2025-12-22 07:39:27 --> [Caused by] CodeIgniter\Database\Exceptions\DatabaseException: Unknown column 'bid_id' in 'WHERE'
in SYSTEMPATH/Database/MySQLi/Connection.php on line 332.
 1 SYSTEMPATH/Database/BaseConnection.php(729): CodeIgniter\Database\MySQLi\Connection->execute()
 2 SYSTEMPATH/Database/BaseConnection.php(646): CodeIgniter\Database\BaseConnection->simpleQuery()
 3 SYSTEMPATH/Database/BaseBuilder.php(1649): CodeIgniter\Database\BaseConnection->query()
 4 APPPATH/Models/CartModel.php(1435): CodeIgniter\Database\BaseBuilder->get()
 5 APPPATH/Controllers/CartController.php(778): App\Models\CartModel->addToCartBid()
 6 SYSTEMPATH/CodeIgniter.php(933): App\Controllers\CartController->addToCartBid()
 7 SYSTEMPATH/CodeIgniter.php(507): CodeIgniter\CodeIgniter->runController()
 8 SYSTEMPATH/CodeIgniter.php(354): CodeIgniter\CodeIgniter->handleRequest()
 9 SYSTEMPATH/Boot.php(363): CodeIgniter\CodeIgniter->run()
10 SYSTEMPATH/Boot.php(68): CodeIgniter\Boot::runCodeIgniter()
11 FCPATH/index.php(59): CodeIgniter\Boot::bootWeb()
CRITICAL - 2025-12-22 07:39:27 --> [Caused by] mysqli_sql_exception: Unknown column 'bid_id' in 'WHERE'
in SYSTEMPATH/Database/MySQLi/Connection.php on line 327.
 1 SYSTEMPATH/Database/MySQLi/Connection.php(327): mysqli->query()
 2 SYSTEMPATH/Database/BaseConnection.php(729): CodeIgniter\Database\MySQLi\Connection->execute()
 3 SYSTEMPATH/Database/BaseConnection.php(646): CodeIgniter\Database\BaseConnection->simpleQuery()
 4 SYSTEMPATH/Database/BaseBuilder.php(1649): CodeIgniter\Database\BaseConnection->query()
 5 APPPATH/Models/CartModel.php(1435): CodeIgniter\Database\BaseBuilder->get()
 6 APPPATH/Controllers/CartController.php(778): App\Models\CartModel->addToCartBid()
 7 SYSTEMPATH/CodeIgniter.php(933): App\Controllers\CartController->addToCartBid()
 8 SYSTEMPATH/CodeIgniter.php(507): CodeIgniter\CodeIgniter->runController()
 9 SYSTEMPATH/CodeIgniter.php(354): CodeIgniter\CodeIgniter->handleRequest()
10 SYSTEMPATH/Boot.php(363): CodeIgniter\CodeIgniter->run()
11 SYSTEMPATH/Boot.php(68): CodeIgniter\Boot::runCodeIgniter()
12 FCPATH/index.php(59): CodeIgniter\Boot::bootWeb()
ERROR - 2025-12-22 07:40:46 --> mysqli_sql_exception: Unknown column 'bid_id' in 'WHERE' in /home/u476517538/domains/desibazars.com/public_html/system/Database/MySQLi/Connection.php:327
Stack trace:
#0 /home/u476517538/domains/desibazars.com/public_html/system/Database/MySQLi/Connection.php(327): mysqli->query()
#1 /home/u476517538/domains/desibazars.com/public_html/system/Database/BaseConnection.php(729): CodeIgniter\Database\MySQLi\Connection->execute()
#2 /home/u476517538/domains/desibazars.com/public_html/system/Database/BaseConnection.php(646): CodeIgniter\Database\BaseConnection->simpleQuery()
#3 /home/u476517538/domains/desibazars.com/public_html/system/Database/BaseBuilder.php(1649): CodeIgniter\Database\BaseConnection->query()
#4 /home/u476517538/domains/desibazars.com/public_html/app/Models/CartModel.php(1435): CodeIgniter\Database\BaseBuilder->get()
#5 /home/u476517538/domains/desibazars.com/public_html/app/Controllers/CartController.php(778): App\Models\CartModel->addToCartBid()
#6 /home/u476517538/domains/desibazars.com/public_html/system/CodeIgniter.php(933): App\Controllers\CartController->addToCartBid()
#7 /home/u476517538/domains/desibazars.com/public_html/system/CodeIgniter.php(507): CodeIgniter\CodeIgniter->runController()
#8 /home/u476517538/domains/desibazars.com/public_html/system/CodeIgniter.php(354): CodeIgniter\CodeIgniter->handleRequest()
#9 /home/u476517538/domains/desibazars.com/public_html/system/Boot.php(363): CodeIgniter\CodeIgniter->run()
#10 /home/u476517538/domains/desibazars.com/public_html/system/Boot.php(68): CodeIgniter\Boot::runCodeIgniter()
#11 /home/u476517538/domains/desibazars.com/public_html/index.php(59): CodeIgniter\Boot::bootWeb()
#12 {main}
CRITICAL - 2025-12-22 07:40:46 --> CodeIgniter\Database\Exceptions\DatabaseException: Unknown column 'bid_id' in 'WHERE'
[Method: POST, Route: add-to-cart-bid]
in SYSTEMPATH/Database/BaseConnection.php on line 684.
 1 SYSTEMPATH/Database/BaseBuilder.php(1649): CodeIgniter\Database\BaseConnection->query()
 2 APPPATH/Models/CartModel.php(1435): CodeIgniter\Database\BaseBuilder->get()
 3 APPPATH/Controllers/CartController.php(778): App\Models\CartModel->addToCartBid()
 4 SYSTEMPATH/CodeIgniter.php(933): App\Controllers\CartController->addToCartBid()
 5 SYSTEMPATH/CodeIgniter.php(507): CodeIgniter\CodeIgniter->runController()
 6 SYSTEMPATH/CodeIgniter.php(354): CodeIgniter\CodeIgniter->handleRequest()
 7 SYSTEMPATH/Boot.php(363): CodeIgniter\CodeIgniter->run()
 8 SYSTEMPATH/Boot.php(68): CodeIgniter\Boot::runCodeIgniter()
 9 FCPATH/index.php(59): CodeIgniter\Boot::bootWeb()
CRITICAL - 2025-12-22 07:40:46 --> [Caused by] CodeIgniter\Database\Exceptions\DatabaseException: Unknown column 'bid_id' in 'WHERE'
in SYSTEMPATH/Database/MySQLi/Connection.php on line 332.
 1 SYSTEMPATH/Database/BaseConnection.php(729): CodeIgniter\Database\MySQLi\Connection->execute()
 2 SYSTEMPATH/Database/BaseConnection.php(646): CodeIgniter\Database\BaseConnection->simpleQuery()
 3 SYSTEMPATH/Database/BaseBuilder.php(1649): CodeIgniter\Database\BaseConnection->query()
 4 APPPATH/Models/CartModel.php(1435): CodeIgniter\Database\BaseBuilder->get()
 5 APPPATH/Controllers/CartController.php(778): App\Models\CartModel->addToCartBid()
 6 SYSTEMPATH/CodeIgniter.php(933): App\Controllers\CartController->addToCartBid()
 7 SYSTEMPATH/CodeIgniter.php(507): CodeIgniter\CodeIgniter->runController()
 8 SYSTEMPATH/CodeIgniter.php(354): CodeIgniter\CodeIgniter->handleRequest()
 9 SYSTEMPATH/Boot.php(363): CodeIgniter\CodeIgniter->run()
10 SYSTEMPATH/Boot.php(68): CodeIgniter\Boot::runCodeIgniter()
11 FCPATH/index.php(59): CodeIgniter\Boot::bootWeb()
CRITICAL - 2025-12-22 07:40:46 --> [Caused by] mysqli_sql_exception: Unknown column 'bid_id' in 'WHERE'
in SYSTEMPATH/Database/MySQLi/Connection.php on line 327.
 1 SYSTEMPATH/Database/MySQLi/Connection.php(327): mysqli->query()
 2 SYSTEMPATH/Database/BaseConnection.php(729): CodeIgniter\Database\MySQLi\Connection->execute()
 3 SYSTEMPATH/Database/BaseConnection.php(646): CodeIgniter\Database\BaseConnection->simpleQuery()
 4 SYSTEMPATH/Database/BaseBuilder.php(1649): CodeIgniter\Database\BaseConnection->query()
 5 APPPATH/Models/CartModel.php(1435): CodeIgniter\Database\BaseBuilder->get()
 6 APPPATH/Controllers/CartController.php(778): App\Models\CartModel->addToCartBid()
 7 SYSTEMPATH/CodeIgniter.php(933): App\Controllers\CartController->addToCartBid()
 8 SYSTEMPATH/CodeIgniter.php(507): CodeIgniter\CodeIgniter->runController()
 9 SYSTEMPATH/CodeIgniter.php(354): CodeIgniter\CodeIgniter->handleRequest()
10 SYSTEMPATH/Boot.php(363): CodeIgniter\CodeIgniter->run()
11 SYSTEMPATH/Boot.php(68): CodeIgniter\Boot::runCodeIgniter()
12 FCPATH/index.php(59): CodeIgniter\Boot::bootWeb()
ERROR - 2025-12-22 07:42:40 --> mysqli_sql_exception: Unknown column 'bid_id' in 'INSERT INTO' in /home/u476517538/domains/desibazars.com/public_html/system/Database/MySQLi/Connection.php:327
Stack trace:
#0 /home/u476517538/domains/desibazars.com/public_html/system/Database/MySQLi/Connection.php(327): mysqli->query()
#1 /home/u476517538/domains/desibazars.com/public_html/system/Database/BaseConnection.php(729): CodeIgniter\Database\MySQLi\Connection->execute()
#2 /home/u476517538/domains/desibazars.com/public_html/system/Database/BaseConnection.php(646): CodeIgniter\Database\BaseConnection->simpleQuery()
#3 /home/u476517538/domains/desibazars.com/public_html/system/Database/BaseBuilder.php(2345): CodeIgniter\Database\BaseConnection->query()
#4 /home/u476517538/domains/desibazars.com/public_html/app/Models/CartModel.php(1461): CodeIgniter\Database\BaseBuilder->insert()
#5 /home/u476517538/domains/desibazars.com/public_html/app/Controllers/CartController.php(778): App\Models\CartModel->addToCartBid()
#6 /home/u476517538/domains/desibazars.com/public_html/system/CodeIgniter.php(933): App\Controllers\CartController->addToCartBid()
#7 /home/u476517538/domains/desibazars.com/public_html/system/CodeIgniter.php(507): CodeIgniter\CodeIgniter->runController()
#8 /home/u476517538/domains/desibazars.com/public_html/system/CodeIgniter.php(354): CodeIgniter\CodeIgniter->handleRequest()
#9 /home/u476517538/domains/desibazars.com/public_html/system/Boot.php(363): CodeIgniter\CodeIgniter->run()
#10 /home/u476517538/domains/desibazars.com/public_html/system/Boot.php(68): CodeIgniter\Boot::runCodeIgniter()
#11 /home/u476517538/domains/desibazars.com/public_html/index.php(59): CodeIgniter\Boot::bootWeb()
#12 {main}
CRITICAL - 2025-12-22 07:42:40 --> CodeIgniter\Database\Exceptions\DatabaseException: Unknown column 'bid_id' in 'INSERT INTO'
[Method: POST, Route: add-to-cart-bid]
in SYSTEMPATH/Database/BaseConnection.php on line 684.
 1 SYSTEMPATH/Database/BaseBuilder.php(2345): CodeIgniter\Database\BaseConnection->query()
 2 APPPATH/Models/CartModel.php(1461): CodeIgniter\Database\BaseBuilder->insert()
 3 APPPATH/Controllers/CartController.php(778): App\Models\CartModel->addToCartBid()
 4 SYSTEMPATH/CodeIgniter.php(933): App\Controllers\CartController->addToCartBid()
 5 SYSTEMPATH/CodeIgniter.php(507): CodeIgniter\CodeIgniter->runController()
 6 SYSTEMPATH/CodeIgniter.php(354): CodeIgniter\CodeIgniter->handleRequest()
 7 SYSTEMPATH/Boot.php(363): CodeIgniter\CodeIgniter->run()
 8 SYSTEMPATH/Boot.php(68): CodeIgniter\Boot::runCodeIgniter()
 9 FCPATH/index.php(59): CodeIgniter\Boot::bootWeb()
CRITICAL - 2025-12-22 07:42:40 --> [Caused by] CodeIgniter\Database\Exceptions\DatabaseException: Unknown column 'bid_id' in 'INSERT INTO'
in SYSTEMPATH/Database/MySQLi/Connection.php on line 332.
 1 SYSTEMPATH/Database/BaseConnection.php(729): CodeIgniter\Database\MySQLi\Connection->execute()
 2 SYSTEMPATH/Database/BaseConnection.php(646): CodeIgniter\Database\BaseConnection->simpleQuery()
 3 SYSTEMPATH/Database/BaseBuilder.php(2345): CodeIgniter\Database\BaseConnection->query()
 4 APPPATH/Models/CartModel.php(1461): CodeIgniter\Database\BaseBuilder->insert()
 5 APPPATH/Controllers/CartController.php(778): App\Models\CartModel->addToCartBid()
 6 SYSTEMPATH/CodeIgniter.php(933): App\Controllers\CartController->addToCartBid()
 7 SYSTEMPATH/CodeIgniter.php(507): CodeIgniter\CodeIgniter->runController()
 8 SYSTEMPATH/CodeIgniter.php(354): CodeIgniter\CodeIgniter->handleRequest()
 9 SYSTEMPATH/Boot.php(363): CodeIgniter\CodeIgniter->run()
10 SYSTEMPATH/Boot.php(68): CodeIgniter\Boot::runCodeIgniter()
11 FCPATH/index.php(59): CodeIgniter\Boot::bootWeb()
CRITICAL - 2025-12-22 07:42:40 --> [Caused by] mysqli_sql_exception: Unknown column 'bid_id' in 'INSERT INTO'
in SYSTEMPATH/Database/MySQLi/Connection.php on line 327.
 1 SYSTEMPATH/Database/MySQLi/Connection.php(327): mysqli->query()
 2 SYSTEMPATH/Database/BaseConnection.php(729): CodeIgniter\Database\MySQLi\Connection->execute()
 3 SYSTEMPATH/Database/BaseConnection.php(646): CodeIgniter\Database\BaseConnection->simpleQuery()
 4 SYSTEMPATH/Database/BaseBuilder.php(2345): CodeIgniter\Database\BaseConnection->query()
 5 APPPATH/Models/CartModel.php(1461): CodeIgniter\Database\BaseBuilder->insert()
 6 APPPATH/Controllers/CartController.php(778): App\Models\CartModel->addToCartBid()
 7 SYSTEMPATH/CodeIgniter.php(933): App\Controllers\CartController->addToCartBid()
 8 SYSTEMPATH/CodeIgniter.php(507): CodeIgniter\CodeIgniter->runController()
 9 SYSTEMPATH/CodeIgniter.php(354): CodeIgniter\CodeIgniter->handleRequest()
10 SYSTEMPATH/Boot.php(363): CodeIgniter\CodeIgniter->run()
11 SYSTEMPATH/Boot.php(68): CodeIgniter\Boot::runCodeIgniter()
12 FCPATH/index.php(59): CodeIgniter\Boot::bootWeb()
ERROR - 2025-12-22 07:44:08 --> mysqli_sql_exception: Unknown column 'bid_id' in 'WHERE' in /home/u476517538/domains/desibazars.com/public_html/system/Database/MySQLi/Connection.php:327
Stack trace:
#0 /home/u476517538/domains/desibazars.com/public_html/system/Database/MySQLi/Connection.php(327): mysqli->query()
#1 /home/u476517538/domains/desibazars.com/public_html/system/Database/BaseConnection.php(729): CodeIgniter\Database\MySQLi\Connection->execute()
#2 /home/u476517538/domains/desibazars.com/public_html/system/Database/BaseConnection.php(646): CodeIgniter\Database\BaseConnection->simpleQuery()
#3 /home/u476517538/domains/desibazars.com/public_html/system/Database/BaseBuilder.php(1649): CodeIgniter\Database\BaseConnection->query()
#4 /home/u476517538/domains/desibazars.com/public_html/app/Models/CartModel.php(1435): CodeIgniter\Database\BaseBuilder->get()
#5 /home/u476517538/domains/desibazars.com/public_html/app/Controllers/CartController.php(778): App\Models\CartModel->addToCartBid()
#6 /home/u476517538/domains/desibazars.com/public_html/system/CodeIgniter.php(933): App\Controllers\CartController->addToCartBid()
#7 /home/u476517538/domains/desibazars.com/public_html/system/CodeIgniter.php(507): CodeIgniter\CodeIgniter->runController()
#8 /home/u476517538/domains/desibazars.com/public_html/system/CodeIgniter.php(354): CodeIgniter\CodeIgniter->handleRequest()
#9 /home/u476517538/domains/desibazars.com/public_html/system/Boot.php(363): CodeIgniter\CodeIgniter->run()
#10 /home/u476517538/domains/desibazars.com/public_html/system/Boot.php(68): CodeIgniter\Boot::runCodeIgniter()
#11 /home/u476517538/domains/desibazars.com/public_html/index.php(59): CodeIgniter\Boot::bootWeb()
#12 {main}
CRITICAL - 2025-12-22 07:44:08 --> CodeIgniter\Database\Exceptions\DatabaseException: Unknown column 'bid_id' in 'WHERE'
[Method: POST, Route: add-to-cart-bid]
in SYSTEMPATH/Database/BaseConnection.php on line 684.
 1 SYSTEMPATH/Database/BaseBuilder.php(1649): CodeIgniter\Database\BaseConnection->query()
 2 APPPATH/Models/CartModel.php(1435): CodeIgniter\Database\BaseBuilder->get()
 3 APPPATH/Controllers/CartController.php(778): App\Models\CartModel->addToCartBid()
 4 SYSTEMPATH/CodeIgniter.php(933): App\Controllers\CartController->addToCartBid()
 5 SYSTEMPATH/CodeIgniter.php(507): CodeIgniter\CodeIgniter->runController()
 6 SYSTEMPATH/CodeIgniter.php(354): CodeIgniter\CodeIgniter->handleRequest()
 7 SYSTEMPATH/Boot.php(363): CodeIgniter\CodeIgniter->run()
 8 SYSTEMPATH/Boot.php(68): CodeIgniter\Boot::runCodeIgniter()
 9 FCPATH/index.php(59): CodeIgniter\Boot::bootWeb()
CRITICAL - 2025-12-22 07:44:08 --> [Caused by] CodeIgniter\Database\Exceptions\DatabaseException: Unknown column 'bid_id' in 'WHERE'
in SYSTEMPATH/Database/MySQLi/Connection.php on line 332.
 1 SYSTEMPATH/Database/BaseConnection.php(729): CodeIgniter\Database\MySQLi\Connection->execute()
 2 SYSTEMPATH/Database/BaseConnection.php(646): CodeIgniter\Database\BaseConnection->simpleQuery()
 3 SYSTEMPATH/Database/BaseBuilder.php(1649): CodeIgniter\Database\BaseConnection->query()
 4 APPPATH/Models/CartModel.php(1435): CodeIgniter\Database\BaseBuilder->get()
 5 APPPATH/Controllers/CartController.php(778): App\Models\CartModel->addToCartBid()
 6 SYSTEMPATH/CodeIgniter.php(933): App\Controllers\CartController->addToCartBid()
 7 SYSTEMPATH/CodeIgniter.php(507): CodeIgniter\CodeIgniter->runController()
 8 SYSTEMPATH/CodeIgniter.php(354): CodeIgniter\CodeIgniter->handleRequest()
 9 SYSTEMPATH/Boot.php(363): CodeIgniter\CodeIgniter->run()
10 SYSTEMPATH/Boot.php(68): CodeIgniter\Boot::runCodeIgniter()
11 FCPATH/index.php(59): CodeIgniter\Boot::bootWeb()
CRITICAL - 2025-12-22 07:44:08 --> [Caused by] mysqli_sql_exception: Unknown column 'bid_id' in 'WHERE'
in SYSTEMPATH/Database/MySQLi/Connection.php on line 327.
 1 SYSTEMPATH/Database/MySQLi/Connection.php(327): mysqli->query()
 2 SYSTEMPATH/Database/BaseConnection.php(729): CodeIgniter\Database\MySQLi\Connection->execute()
 3 SYSTEMPATH/Database/BaseConnection.php(646): CodeIgniter\Database\BaseConnection->simpleQuery()
 4 SYSTEMPATH/Database/BaseBuilder.php(1649): CodeIgniter\Database\BaseConnection->query()
 5 APPPATH/Models/CartModel.php(1435): CodeIgniter\Database\BaseBuilder->get()
 6 APPPATH/Controllers/CartController.php(778): App\Models\CartModel->addToCartBid()
 7 SYSTEMPATH/CodeIgniter.php(933): App\Controllers\CartController->addToCartBid()
 8 SYSTEMPATH/CodeIgniter.php(507): CodeIgniter\CodeIgniter->runController()
 9 SYSTEMPATH/CodeIgniter.php(354): CodeIgniter\CodeIgniter->handleRequest()
10 SYSTEMPATH/Boot.php(363): CodeIgniter\CodeIgniter->run()
11 SYSTEMPATH/Boot.php(68): CodeIgniter\Boot::runCodeIgniter()
12 FCPATH/index.php(59): CodeIgniter\Boot::bootWeb()
ERROR - 2025-12-22 07:48:43 --> mysqli_sql_exception: Unknown column 'bid_id' in 'WHERE' in /home/u476517538/domains/desibazars.com/public_html/system/Database/MySQLi/Connection.php:327
Stack trace:
#0 /home/u476517538/domains/desibazars.com/public_html/system/Database/MySQLi/Connection.php(327): mysqli->query()
#1 /home/u476517538/domains/desibazars.com/public_html/system/Database/BaseConnection.php(729): CodeIgniter\Database\MySQLi\Connection->execute()
#2 /home/u476517538/domains/desibazars.com/public_html/system/Database/BaseConnection.php(646): CodeIgniter\Database\BaseConnection->simpleQuery()
#3 /home/u476517538/domains/desibazars.com/public_html/system/Database/BaseBuilder.php(1649): CodeIgniter\Database\BaseConnection->query()
#4 /home/u476517538/domains/desibazars.com/public_html/app/Models/CartModel.php(1435): CodeIgniter\Database\BaseBuilder->get()
#5 /home/u476517538/domains/desibazars.com/public_html/app/Controllers/CartController.php(778): App\Models\CartModel->addToCartBid()
#6 /home/u476517538/domains/desibazars.com/public_html/system/CodeIgniter.php(933): App\Controllers\CartController->addToCartBid()
#7 /home/u476517538/domains/desibazars.com/public_html/system/CodeIgniter.php(507): CodeIgniter\CodeIgniter->runController()
#8 /home/u476517538/domains/desibazars.com/public_html/system/CodeIgniter.php(354): CodeIgniter\CodeIgniter->handleRequest()
#9 /home/u476517538/domains/desibazars.com/public_html/system/Boot.php(363): CodeIgniter\CodeIgniter->run()
#10 /home/u476517538/domains/desibazars.com/public_html/system/Boot.php(68): CodeIgniter\Boot::runCodeIgniter()
#11 /home/u476517538/domains/desibazars.com/public_html/index.php(59): CodeIgniter\Boot::bootWeb()
#12 {main}
CRITICAL - 2025-12-22 07:48:43 --> CodeIgniter\Database\Exceptions\DatabaseException: Unknown column 'bid_id' in 'WHERE'
[Method: POST, Route: add-to-cart-bid]
in SYSTEMPATH/Database/BaseConnection.php on line 684.
 1 SYSTEMPATH/Database/BaseBuilder.php(1649): CodeIgniter\Database\BaseConnection->query()
 2 APPPATH/Models/CartModel.php(1435): CodeIgniter\Database\BaseBuilder->get()
 3 APPPATH/Controllers/CartController.php(778): App\Models\CartModel->addToCartBid()
 4 SYSTEMPATH/CodeIgniter.php(933): App\Controllers\CartController->addToCartBid()
 5 SYSTEMPATH/CodeIgniter.php(507): CodeIgniter\CodeIgniter->runController()
 6 SYSTEMPATH/CodeIgniter.php(354): CodeIgniter\CodeIgniter->handleRequest()
 7 SYSTEMPATH/Boot.php(363): CodeIgniter\CodeIgniter->run()
 8 SYSTEMPATH/Boot.php(68): CodeIgniter\Boot::runCodeIgniter()
 9 FCPATH/index.php(59): CodeIgniter\Boot::bootWeb()
CRITICAL - 2025-12-22 07:48:43 --> [Caused by] CodeIgniter\Database\Exceptions\DatabaseException: Unknown column 'bid_id' in 'WHERE'
in SYSTEMPATH/Database/MySQLi/Connection.php on line 332.
 1 SYSTEMPATH/Database/BaseConnection.php(729): CodeIgniter\Database\MySQLi\Connection->execute()
 2 SYSTEMPATH/Database/BaseConnection.php(646): CodeIgniter\Database\BaseConnection->simpleQuery()
 3 SYSTEMPATH/Database/BaseBuilder.php(1649): CodeIgniter\Database\BaseConnection->query()
 4 APPPATH/Models/CartModel.php(1435): CodeIgniter\Database\BaseBuilder->get()
 5 APPPATH/Controllers/CartController.php(778): App\Models\CartModel->addToCartBid()
 6 SYSTEMPATH/CodeIgniter.php(933): App\Controllers\CartController->addToCartBid()
 7 SYSTEMPATH/CodeIgniter.php(507): CodeIgniter\CodeIgniter->runController()
 8 SYSTEMPATH/CodeIgniter.php(354): CodeIgniter\CodeIgniter->handleRequest()
 9 SYSTEMPATH/Boot.php(363): CodeIgniter\CodeIgniter->run()
10 SYSTEMPATH/Boot.php(68): CodeIgniter\Boot::runCodeIgniter()
11 FCPATH/index.php(59): CodeIgniter\Boot::bootWeb()
CRITICAL - 2025-12-22 07:48:43 --> [Caused by] mysqli_sql_exception: Unknown column 'bid_id' in 'WHERE'
in SYSTEMPATH/Database/MySQLi/Connection.php on line 327.
 1 SYSTEMPATH/Database/MySQLi/Connection.php(327): mysqli->query()
 2 SYSTEMPATH/Database/BaseConnection.php(729): CodeIgniter\Database\MySQLi\Connection->execute()
 3 SYSTEMPATH/Database/BaseConnection.php(646): CodeIgniter\Database\BaseConnection->simpleQuery()
 4 SYSTEMPATH/Database/BaseBuilder.php(1649): CodeIgniter\Database\BaseConnection->query()
 5 APPPATH/Models/CartModel.php(1435): CodeIgniter\Database\BaseBuilder->get()
 6 APPPATH/Controllers/CartController.php(778): App\Models\CartModel->addToCartBid()
 7 SYSTEMPATH/CodeIgniter.php(933): App\Controllers\CartController->addToCartBid()
 8 SYSTEMPATH/CodeIgniter.php(507): CodeIgniter\CodeIgniter->runController()
 9 SYSTEMPATH/CodeIgniter.php(354): CodeIgniter\CodeIgniter->handleRequest()
10 SYSTEMPATH/Boot.php(363): CodeIgniter\CodeIgniter->run()
11 SYSTEMPATH/Boot.php(68): CodeIgniter\Boot::runCodeIgniter()
12 FCPATH/index.php(59): CodeIgniter\Boot::bootWeb()
CRITICAL - 2025-12-22 08:29:05 --> ErrorException: Undefined property: stdClass::$id
[Method: GET, Route: productbid-requests]
in APPPATH/Views/order/product_bids.php on line 115.
 1 APPPATH/Views/order/product_bids.php(115): CodeIgniter\Debug\Exceptions->errorHandler()
 2 SYSTEMPATH/View/View.php(226): include('/home/u476517538/domains/desibazars.com/public_html/app/Views/order/product_bids.php')
 3 SYSTEMPATH/View/View.php(229): CodeIgniter\View\View->CodeIgniter\View\{closure}()
 4 SYSTEMPATH/Common.php(1203): CodeIgniter\View\View->render()
 5 APPPATH/Controllers/OrderController.php(480): view()
 6 SYSTEMPATH/CodeIgniter.php(933): App\Controllers\OrderController->productBids()
 7 SYSTEMPATH/CodeIgniter.php(507): CodeIgniter\CodeIgniter->runController()
 8 SYSTEMPATH/CodeIgniter.php(354): CodeIgniter\CodeIgniter->handleRequest()
 9 SYSTEMPATH/Boot.php(363): CodeIgniter\CodeIgniter->run()
10 SYSTEMPATH/Boot.php(68): CodeIgniter\Boot::runCodeIgniter()
11 FCPATH/index.php(59): CodeIgniter\Boot::bootWeb()
CRITICAL - 2025-12-22 08:31:18 --> ErrorException: Undefined property: stdClass::$id
[Method: GET, Route: productbid-requests]
in APPPATH/Views/order/product_bids.php on line 115.
 1 APPPATH/Views/order/product_bids.php(115): CodeIgniter\Debug\Exceptions->errorHandler()
 2 SYSTEMPATH/View/View.php(226): include('/home/u476517538/domains/desibazars.com/public_html/app/Views/order/product_bids.php')
 3 SYSTEMPATH/View/View.php(229): CodeIgniter\View\View->CodeIgniter\View\{closure}()
 4 SYSTEMPATH/Common.php(1203): CodeIgniter\View\View->render()
 5 APPPATH/Controllers/OrderController.php(480): view()
 6 SYSTEMPATH/CodeIgniter.php(933): App\Controllers\OrderController->productBids()
 7 SYSTEMPATH/CodeIgniter.php(507): CodeIgniter\CodeIgniter->runController()
 8 SYSTEMPATH/CodeIgniter.php(354): CodeIgniter\CodeIgniter->handleRequest()
 9 SYSTEMPATH/Boot.php(363): CodeIgniter\CodeIgniter->run()
10 SYSTEMPATH/Boot.php(68): CodeIgniter\Boot::runCodeIgniter()
11 FCPATH/index.php(59): CodeIgniter\Boot::bootWeb()
CRITICAL - 2025-12-22 08:31:20 --> ErrorException: Undefined property: stdClass::$id
[Method: GET, Route: productbid-requests]
in APPPATH/Views/order/product_bids.php on line 115.
 1 APPPATH/Views/order/product_bids.php(115): CodeIgniter\Debug\Exceptions->errorHandler()
 2 SYSTEMPATH/View/View.php(226): include('/home/u476517538/domains/desibazars.com/public_html/app/Views/order/product_bids.php')
 3 SYSTEMPATH/View/View.php(229): CodeIgniter\View\View->CodeIgniter\View\{closure}()
 4 SYSTEMPATH/Common.php(1203): CodeIgniter\View\View->render()
 5 APPPATH/Controllers/OrderController.php(480): view()
 6 SYSTEMPATH/CodeIgniter.php(933): App\Controllers\OrderController->productBids()
 7 SYSTEMPATH/CodeIgniter.php(507): CodeIgniter\CodeIgniter->runController()
 8 SYSTEMPATH/CodeIgniter.php(354): CodeIgniter\CodeIgniter->handleRequest()
 9 SYSTEMPATH/Boot.php(363): CodeIgniter\CodeIgniter->run()
10 SYSTEMPATH/Boot.php(68): CodeIgniter\Boot::runCodeIgniter()
11 FCPATH/index.php(59): CodeIgniter\Boot::bootWeb()
ERROR - 2025-12-22 09:35:46 --> CHECKOUT ITEMS: [{"id":"61","checkout_id":"66","product_id":"47","product_option_variants_id":null,"seller_id":"1","product_type":"physical","listing_type":"productbid","product_title":"Cobalt man t-shirt all colors","product_sku":"H1K1LP22272","quantity":"1","unit_price":"1700.00","unit_price_base":null,"total_price":"1700.00","product_vat":"85.00","product_vat_rate":"5","product_image_id":"2","product_image_data":"{\"path\":\"202511\/img_w480_692444ebc19f36-85381090.webp\",\"storage\":\"local\"}","quote_request_id":"0","product_options_snapshot":null,"product_options_summary":"","extra_options":null,"product_commission_rate":"10","created_at":"2025-12-22 09:35:43"}]
