ERROR - 2026-01-02 04:17:37 --> mysqli_sql_exception: Column 'order_id' cannot be null in /home/u476517538/domains/desibazars.com/public_html/system/Database/MySQLi/Connection.php:327
Stack trace:
#0 /home/u476517538/domains/desibazars.com/public_html/system/Database/MySQLi/Connection.php(327): mysqli->query()
#1 /home/u476517538/domains/desibazars.com/public_html/system/Database/BaseConnection.php(729): CodeIgniter\Database\MySQLi\Connection->execute()
#2 /home/u476517538/domains/desibazars.com/public_html/system/Database/BaseConnection.php(646): CodeIgniter\Database\BaseConnection->simpleQuery()
#3 /home/u476517538/domains/desibazars.com/public_html/system/Database/BaseBuilder.php(2345): CodeIgniter\Database\BaseConnection->query()
#4 /home/u476517538/domains/desibazars.com/public_html/app/Models/AuthModel.php(305): CodeIgniter\Database\BaseBuilder->insert()
#5 /home/u476517538/domains/desibazars.com/public_html/app/Controllers/AuthController.php(335): App\Models\AuthModel->register()
#6 /home/u476517538/domains/desibazars.com/public_html/system/CodeIgniter.php(933): App\Controllers\AuthController->registerPost()
#7 /home/u476517538/domains/desibazars.com/public_html/system/CodeIgniter.php(507): CodeIgniter\CodeIgniter->runController()
#8 /home/u476517538/domains/desibazars.com/public_html/system/CodeIgniter.php(354): CodeIgniter\CodeIgniter->handleRequest()
#9 /home/u476517538/domains/desibazars.com/public_html/system/Boot.php(363): CodeIgniter\CodeIgniter->run()
#10 /home/u476517538/domains/desibazars.com/public_html/system/Boot.php(68): CodeIgniter\Boot::runCodeIgniter()
#11 /home/u476517538/domains/desibazars.com/public_html/index.php(59): CodeIgniter\Boot::bootWeb()
#12 {main}
CRITICAL - 2026-01-02 04:17:37 --> CodeIgniter\Database\Exceptions\DatabaseException: Column 'order_id' cannot be null
[Method: POST, Route: register-post]
in SYSTEMPATH/Database/BaseConnection.php on line 684.
 1 SYSTEMPATH/Database/BaseBuilder.php(2345): CodeIgniter\Database\BaseConnection->query()
 2 APPPATH/Models/AuthModel.php(305): CodeIgniter\Database\BaseBuilder->insert()
 3 APPPATH/Controllers/AuthController.php(335): App\Models\AuthModel->register()
 4 SYSTEMPATH/CodeIgniter.php(933): App\Controllers\AuthController->registerPost()
 5 SYSTEMPATH/CodeIgniter.php(507): CodeIgniter\CodeIgniter->runController()
 6 SYSTEMPATH/CodeIgniter.php(354): CodeIgniter\CodeIgniter->handleRequest()
 7 SYSTEMPATH/Boot.php(363): CodeIgniter\CodeIgniter->run()
 8 SYSTEMPATH/Boot.php(68): CodeIgniter\Boot::runCodeIgniter()
 9 FCPATH/index.php(59): CodeIgniter\Boot::bootWeb()
CRITICAL - 2026-01-02 04:17:37 --> [Caused by] CodeIgniter\Database\Exceptions\DatabaseException: Column 'order_id' cannot be null
in SYSTEMPATH/Database/MySQLi/Connection.php on line 332.
 1 SYSTEMPATH/Database/BaseConnection.php(729): CodeIgniter\Database\MySQLi\Connection->execute()
 2 SYSTEMPATH/Database/BaseConnection.php(646): CodeIgniter\Database\BaseConnection->simpleQuery()
 3 SYSTEMPATH/Database/BaseBuilder.php(2345): CodeIgniter\Database\BaseConnection->query()
 4 APPPATH/Models/AuthModel.php(305): CodeIgniter\Database\BaseBuilder->insert()
 5 APPPATH/Controllers/AuthController.php(335): App\Models\AuthModel->register()
 6 SYSTEMPATH/CodeIgniter.php(933): App\Controllers\AuthController->registerPost()
 7 SYSTEMPATH/CodeIgniter.php(507): CodeIgniter\CodeIgniter->runController()
 8 SYSTEMPATH/CodeIgniter.php(354): CodeIgniter\CodeIgniter->handleRequest()
 9 SYSTEMPATH/Boot.php(363): CodeIgniter\CodeIgniter->run()
10 SYSTEMPATH/Boot.php(68): CodeIgniter\Boot::runCodeIgniter()
11 FCPATH/index.php(59): CodeIgniter\Boot::bootWeb()
CRITICAL - 2026-01-02 04:17:37 --> [Caused by] mysqli_sql_exception: Column 'order_id' cannot be null
in SYSTEMPATH/Database/MySQLi/Connection.php on line 327.
 1 SYSTEMPATH/Database/MySQLi/Connection.php(327): mysqli->query()
 2 SYSTEMPATH/Database/BaseConnection.php(729): CodeIgniter\Database\MySQLi\Connection->execute()
 3 SYSTEMPATH/Database/BaseConnection.php(646): CodeIgniter\Database\BaseConnection->simpleQuery()
 4 SYSTEMPATH/Database/BaseBuilder.php(2345): CodeIgniter\Database\BaseConnection->query()
 5 APPPATH/Models/AuthModel.php(305): CodeIgniter\Database\BaseBuilder->insert()
 6 APPPATH/Controllers/AuthController.php(335): App\Models\AuthModel->register()
 7 SYSTEMPATH/CodeIgniter.php(933): App\Controllers\AuthController->registerPost()
 8 SYSTEMPATH/CodeIgniter.php(507): CodeIgniter\CodeIgniter->runController()
 9 SYSTEMPATH/CodeIgniter.php(354): CodeIgniter\CodeIgniter->handleRequest()
10 SYSTEMPATH/Boot.php(363): CodeIgniter\CodeIgniter->run()
11 SYSTEMPATH/Boot.php(68): CodeIgniter\Boot::runCodeIgniter()
12 FCPATH/index.php(59): CodeIgniter\Boot::bootWeb()
ERROR - 2026-01-02 04:29:10 --> mysqli_sql_exception: Column 'order_id' cannot be null in /home/u476517538/domains/desibazars.com/public_html/system/Database/MySQLi/Connection.php:327
Stack trace:
#0 /home/u476517538/domains/desibazars.com/public_html/system/Database/MySQLi/Connection.php(327): mysqli->query()
#1 /home/u476517538/domains/desibazars.com/public_html/system/Database/BaseConnection.php(729): CodeIgniter\Database\MySQLi\Connection->execute()
#2 /home/u476517538/domains/desibazars.com/public_html/system/Database/BaseConnection.php(646): CodeIgniter\Database\BaseConnection->simpleQuery()
#3 /home/u476517538/domains/desibazars.com/public_html/system/Database/BaseBuilder.php(2345): CodeIgniter\Database\BaseConnection->query()
#4 /home/u476517538/domains/desibazars.com/public_html/app/Models/AuthModel.php(305): CodeIgniter\Database\BaseBuilder->insert()
#5 /home/u476517538/domains/desibazars.com/public_html/app/Controllers/AuthController.php(335): App\Models\AuthModel->register()
#6 /home/u476517538/domains/desibazars.com/public_html/system/CodeIgniter.php(933): App\Controllers\AuthController->registerPost()
#7 /home/u476517538/domains/desibazars.com/public_html/system/CodeIgniter.php(507): CodeIgniter\CodeIgniter->runController()
#8 /home/u476517538/domains/desibazars.com/public_html/system/CodeIgniter.php(354): CodeIgniter\CodeIgniter->handleRequest()
#9 /home/u476517538/domains/desibazars.com/public_html/system/Boot.php(363): CodeIgniter\CodeIgniter->run()
#10 /home/u476517538/domains/desibazars.com/public_html/system/Boot.php(68): CodeIgniter\Boot::runCodeIgniter()
#11 /home/u476517538/domains/desibazars.com/public_html/index.php(59): CodeIgniter\Boot::bootWeb()
#12 {main}
CRITICAL - 2026-01-02 04:29:10 --> CodeIgniter\Database\Exceptions\DatabaseException: Column 'order_id' cannot be null
[Method: POST, Route: register-post]
in SYSTEMPATH/Database/BaseConnection.php on line 684.
 1 SYSTEMPATH/Database/BaseBuilder.php(2345): CodeIgniter\Database\BaseConnection->query()
 2 APPPATH/Models/AuthModel.php(305): CodeIgniter\Database\BaseBuilder->insert()
 3 APPPATH/Controllers/AuthController.php(335): App\Models\AuthModel->register()
 4 SYSTEMPATH/CodeIgniter.php(933): App\Controllers\AuthController->registerPost()
 5 SYSTEMPATH/CodeIgniter.php(507): CodeIgniter\CodeIgniter->runController()
 6 SYSTEMPATH/CodeIgniter.php(354): CodeIgniter\CodeIgniter->handleRequest()
 7 SYSTEMPATH/Boot.php(363): CodeIgniter\CodeIgniter->run()
 8 SYSTEMPATH/Boot.php(68): CodeIgniter\Boot::runCodeIgniter()
 9 FCPATH/index.php(59): CodeIgniter\Boot::bootWeb()
CRITICAL - 2026-01-02 04:29:10 --> [Caused by] CodeIgniter\Database\Exceptions\DatabaseException: Column 'order_id' cannot be null
in SYSTEMPATH/Database/MySQLi/Connection.php on line 332.
 1 SYSTEMPATH/Database/BaseConnection.php(729): CodeIgniter\Database\MySQLi\Connection->execute()
 2 SYSTEMPATH/Database/BaseConnection.php(646): CodeIgniter\Database\BaseConnection->simpleQuery()
 3 SYSTEMPATH/Database/BaseBuilder.php(2345): CodeIgniter\Database\BaseConnection->query()
 4 APPPATH/Models/AuthModel.php(305): CodeIgniter\Database\BaseBuilder->insert()
 5 APPPATH/Controllers/AuthController.php(335): App\Models\AuthModel->register()
 6 SYSTEMPATH/CodeIgniter.php(933): App\Controllers\AuthController->registerPost()
 7 SYSTEMPATH/CodeIgniter.php(507): CodeIgniter\CodeIgniter->runController()
 8 SYSTEMPATH/CodeIgniter.php(354): CodeIgniter\CodeIgniter->handleRequest()
 9 SYSTEMPATH/Boot.php(363): CodeIgniter\CodeIgniter->run()
10 SYSTEMPATH/Boot.php(68): CodeIgniter\Boot::runCodeIgniter()
11 FCPATH/index.php(59): CodeIgniter\Boot::bootWeb()
CRITICAL - 2026-01-02 04:29:10 --> [Caused by] mysqli_sql_exception: Column 'order_id' cannot be null
in SYSTEMPATH/Database/MySQLi/Connection.php on line 327.
 1 SYSTEMPATH/Database/MySQLi/Connection.php(327): mysqli->query()
 2 SYSTEMPATH/Database/BaseConnection.php(729): CodeIgniter\Database\MySQLi\Connection->execute()
 3 SYSTEMPATH/Database/BaseConnection.php(646): CodeIgniter\Database\BaseConnection->simpleQuery()
 4 SYSTEMPATH/Database/BaseBuilder.php(2345): CodeIgniter\Database\BaseConnection->query()
 5 APPPATH/Models/AuthModel.php(305): CodeIgniter\Database\BaseBuilder->insert()
 6 APPPATH/Controllers/AuthController.php(335): App\Models\AuthModel->register()
 7 SYSTEMPATH/CodeIgniter.php(933): App\Controllers\AuthController->registerPost()
 8 SYSTEMPATH/CodeIgniter.php(507): CodeIgniter\CodeIgniter->runController()
 9 SYSTEMPATH/CodeIgniter.php(354): CodeIgniter\CodeIgniter->handleRequest()
10 SYSTEMPATH/Boot.php(363): CodeIgniter\CodeIgniter->run()
11 SYSTEMPATH/Boot.php(68): CodeIgniter\Boot::runCodeIgniter()
12 FCPATH/index.php(59): CodeIgniter\Boot::bootWeb()
ERROR - 2026-01-02 17:16:20 --> mysqli_sql_exception: Unknown column 'loyalty_convert_points' in 'field list' in F:\xampp\htdocs\modesy-2.6.2\system\Database\MySQLi\Connection.php:327
Stack trace:
#0 F:\xampp\htdocs\modesy-2.6.2\system\Database\MySQLi\Connection.php(327): mysqli->query('SELECT `loyalty...', 0)
#1 F:\xampp\htdocs\modesy-2.6.2\system\Database\BaseConnection.php(729): CodeIgniter\Database\MySQLi\Connection->execute('SELECT `loyalty...')
#2 F:\xampp\htdocs\modesy-2.6.2\system\Database\BaseConnection.php(646): CodeIgniter\Database\BaseConnection->simpleQuery('SELECT `loyalty...')
#3 F:\xampp\htdocs\modesy-2.6.2\system\Database\BaseBuilder.php(1649): CodeIgniter\Database\BaseConnection->query('SELECT `loyalty...', Array, false)
#4 F:\xampp\htdocs\modesy-2.6.2\app\Models\EarningsModel.php(609): CodeIgniter\Database\BaseBuilder->get()
#5 F:\xampp\htdocs\modesy-2.6.2\app\Controllers\ProfileController.php(270): App\Models\EarningsModel->getLoyaltySettings()
#6 F:\xampp\htdocs\modesy-2.6.2\system\CodeIgniter.php(933): App\Controllers\ProfileController->wallet()
#7 F:\xampp\htdocs\modesy-2.6.2\system\CodeIgniter.php(507): CodeIgniter\CodeIgniter->runController(Object(App\Controllers\ProfileController))
#8 F:\xampp\htdocs\modesy-2.6.2\system\CodeIgniter.php(354): CodeIgniter\CodeIgniter->handleRequest(NULL, Object(Config\Cache), false)
#9 F:\xampp\htdocs\modesy-2.6.2\system\Boot.php(363): CodeIgniter\CodeIgniter->run()
#10 F:\xampp\htdocs\modesy-2.6.2\system\Boot.php(68): CodeIgniter\Boot::runCodeIgniter(Object(CodeIgniter\CodeIgniter))
#11 F:\xampp\htdocs\modesy-2.6.2\index.php(59): CodeIgniter\Boot::bootWeb(Object(Config\Paths))
#12 {main}
CRITICAL - 2026-01-02 17:16:20 --> CodeIgniter\Database\Exceptions\DatabaseException: Unknown column 'loyalty_convert_points' in 'field list'
[Method: GET, Route: wallet]
in SYSTEMPATH\Database\BaseConnection.php on line 684.
 1 SYSTEMPATH\Database\BaseBuilder.php(1649): CodeIgniter\Database\BaseConnection->query('SELECT `loyalty_convert_points`, `loyalty_convert_amount`
FROM `settings`
WHERE `id` = :id:', [...], false)
 2 APPPATH\Models\EarningsModel.php(609): CodeIgniter\Database\BaseBuilder->get()
 3 APPPATH\Controllers\ProfileController.php(270): App\Models\EarningsModel->getLoyaltySettings()
 4 SYSTEMPATH\CodeIgniter.php(933): App\Controllers\ProfileController->wallet()
 5 SYSTEMPATH\CodeIgniter.php(507): CodeIgniter\CodeIgniter->runController(Object(App\Controllers\ProfileController))
 6 SYSTEMPATH\CodeIgniter.php(354): CodeIgniter\CodeIgniter->handleRequest(null, Object(Config\Cache), false)
 7 SYSTEMPATH\Boot.php(363): CodeIgniter\CodeIgniter->run()
 8 SYSTEMPATH\Boot.php(68): CodeIgniter\Boot::runCodeIgniter(Object(CodeIgniter\CodeIgniter))
 9 FCPATH\index.php(59): CodeIgniter\Boot::bootWeb(Object(Config\Paths))
CRITICAL - 2026-01-02 17:16:20 --> [Caused by] CodeIgniter\Database\Exceptions\DatabaseException: Unknown column 'loyalty_convert_points' in 'field list'
in SYSTEMPATH\Database\MySQLi\Connection.php on line 332.
 1 SYSTEMPATH\Database\BaseConnection.php(729): CodeIgniter\Database\MySQLi\Connection->execute('SELECT `loyalty_convert_points`, `loyalty_convert_amount`
FROM `settings`
WHERE `id` = 1')
 2 SYSTEMPATH\Database\BaseConnection.php(646): CodeIgniter\Database\BaseConnection->simpleQuery('SELECT `loyalty_convert_points`, `loyalty_convert_amount`
FROM `settings`
WHERE `id` = 1')
 3 SYSTEMPATH\Database\BaseBuilder.php(1649): CodeIgniter\Database\BaseConnection->query('SELECT `loyalty_convert_points`, `loyalty_convert_amount`
FROM `settings`
WHERE `id` = :id:', [...], false)
 4 APPPATH\Models\EarningsModel.php(609): CodeIgniter\Database\BaseBuilder->get()
 5 APPPATH\Controllers\ProfileController.php(270): App\Models\EarningsModel->getLoyaltySettings()
 6 SYSTEMPATH\CodeIgniter.php(933): App\Controllers\ProfileController->wallet()
 7 SYSTEMPATH\CodeIgniter.php(507): CodeIgniter\CodeIgniter->runController(Object(App\Controllers\ProfileController))
 8 SYSTEMPATH\CodeIgniter.php(354): CodeIgniter\CodeIgniter->handleRequest(null, Object(Config\Cache), false)
 9 SYSTEMPATH\Boot.php(363): CodeIgniter\CodeIgniter->run()
10 SYSTEMPATH\Boot.php(68): CodeIgniter\Boot::runCodeIgniter(Object(CodeIgniter\CodeIgniter))
11 FCPATH\index.php(59): CodeIgniter\Boot::bootWeb(Object(Config\Paths))
CRITICAL - 2026-01-02 17:16:20 --> [Caused by] mysqli_sql_exception: Unknown column 'loyalty_convert_points' in 'field list'
in SYSTEMPATH\Database\MySQLi\Connection.php on line 327.
 1 SYSTEMPATH\Database\MySQLi\Connection.php(327): mysqli->query('SELECT `loyalty_convert_points`, `loyalty_convert_amount`
FROM `settings`
WHERE `id` = 1', 0)
 2 SYSTEMPATH\Database\BaseConnection.php(729): CodeIgniter\Database\MySQLi\Connection->execute('SELECT `loyalty_convert_points`, `loyalty_convert_amount`
FROM `settings`
WHERE `id` = 1')
 3 SYSTEMPATH\Database\BaseConnection.php(646): CodeIgniter\Database\BaseConnection->simpleQuery('SELECT `loyalty_convert_points`, `loyalty_convert_amount`
FROM `settings`
WHERE `id` = 1')
 4 SYSTEMPATH\Database\BaseBuilder.php(1649): CodeIgniter\Database\BaseConnection->query('SELECT `loyalty_convert_points`, `loyalty_convert_amount`
FROM `settings`
WHERE `id` = :id:', [...], false)
 5 APPPATH\Models\EarningsModel.php(609): CodeIgniter\Database\BaseBuilder->get()
 6 APPPATH\Controllers\ProfileController.php(270): App\Models\EarningsModel->getLoyaltySettings()
 7 SYSTEMPATH\CodeIgniter.php(933): App\Controllers\ProfileController->wallet()
 8 SYSTEMPATH\CodeIgniter.php(507): CodeIgniter\CodeIgniter->runController(Object(App\Controllers\ProfileController))
 9 SYSTEMPATH\CodeIgniter.php(354): CodeIgniter\CodeIgniter->handleRequest(null, Object(Config\Cache), false)
10 SYSTEMPATH\Boot.php(363): CodeIgniter\CodeIgniter->run()
11 SYSTEMPATH\Boot.php(68): CodeIgniter\Boot::runCodeIgniter(Object(CodeIgniter\CodeIgniter))
12 FCPATH\index.php(59): CodeIgniter\Boot::bootWeb(Object(Config\Paths))
ERROR - 2026-01-02 18:06:24 --> mysqli_sql_exception: Unknown column 'loyalty_convert_points' in 'field list' in F:\xampp\htdocs\modesy-2.6.2\system\Database\MySQLi\Connection.php:327
Stack trace:
#0 F:\xampp\htdocs\modesy-2.6.2\system\Database\MySQLi\Connection.php(327): mysqli->query('SELECT `loyalty...', 0)
#1 F:\xampp\htdocs\modesy-2.6.2\system\Database\BaseConnection.php(729): CodeIgniter\Database\MySQLi\Connection->execute('SELECT `loyalty...')
#2 F:\xampp\htdocs\modesy-2.6.2\system\Database\BaseConnection.php(646): CodeIgniter\Database\BaseConnection->simpleQuery('SELECT `loyalty...')
#3 F:\xampp\htdocs\modesy-2.6.2\system\Database\BaseBuilder.php(1649): CodeIgniter\Database\BaseConnection->query('SELECT `loyalty...', Array, false)
#4 F:\xampp\htdocs\modesy-2.6.2\app\Models\EarningsModel.php(609): CodeIgniter\Database\BaseBuilder->get()
#5 F:\xampp\htdocs\modesy-2.6.2\app\Controllers\ProfileController.php(270): App\Models\EarningsModel->getLoyaltySettings()
#6 F:\xampp\htdocs\modesy-2.6.2\system\CodeIgniter.php(933): App\Controllers\ProfileController->wallet()
#7 F:\xampp\htdocs\modesy-2.6.2\system\CodeIgniter.php(507): CodeIgniter\CodeIgniter->runController(Object(App\Controllers\ProfileController))
#8 F:\xampp\htdocs\modesy-2.6.2\system\CodeIgniter.php(354): CodeIgniter\CodeIgniter->handleRequest(NULL, Object(Config\Cache), false)
#9 F:\xampp\htdocs\modesy-2.6.2\system\Boot.php(363): CodeIgniter\CodeIgniter->run()
#10 F:\xampp\htdocs\modesy-2.6.2\system\Boot.php(68): CodeIgniter\Boot::runCodeIgniter(Object(CodeIgniter\CodeIgniter))
#11 F:\xampp\htdocs\modesy-2.6.2\index.php(59): CodeIgniter\Boot::bootWeb(Object(Config\Paths))
#12 {main}
CRITICAL - 2026-01-02 18:06:24 --> CodeIgniter\Database\Exceptions\DatabaseException: Unknown column 'loyalty_convert_points' in 'field list'
[Method: GET, Route: wallet]
in SYSTEMPATH\Database\BaseConnection.php on line 684.
 1 SYSTEMPATH\Database\BaseBuilder.php(1649): CodeIgniter\Database\BaseConnection->query('SELECT `loyalty_convert_points`, `loyalty_convert_amount`
FROM `settings`
WHERE `id` = :id:', [...], false)
 2 APPPATH\Models\EarningsModel.php(609): CodeIgniter\Database\BaseBuilder->get()
 3 APPPATH\Controllers\ProfileController.php(270): App\Models\EarningsModel->getLoyaltySettings()
 4 SYSTEMPATH\CodeIgniter.php(933): App\Controllers\ProfileController->wallet()
 5 SYSTEMPATH\CodeIgniter.php(507): CodeIgniter\CodeIgniter->runController(Object(App\Controllers\ProfileController))
 6 SYSTEMPATH\CodeIgniter.php(354): CodeIgniter\CodeIgniter->handleRequest(null, Object(Config\Cache), false)
 7 SYSTEMPATH\Boot.php(363): CodeIgniter\CodeIgniter->run()
 8 SYSTEMPATH\Boot.php(68): CodeIgniter\Boot::runCodeIgniter(Object(CodeIgniter\CodeIgniter))
 9 FCPATH\index.php(59): CodeIgniter\Boot::bootWeb(Object(Config\Paths))
CRITICAL - 2026-01-02 18:06:24 --> [Caused by] CodeIgniter\Database\Exceptions\DatabaseException: Unknown column 'loyalty_convert_points' in 'field list'
in SYSTEMPATH\Database\MySQLi\Connection.php on line 332.
 1 SYSTEMPATH\Database\BaseConnection.php(729): CodeIgniter\Database\MySQLi\Connection->execute('SELECT `loyalty_convert_points`, `loyalty_convert_amount`
FROM `settings`
WHERE `id` = 1')
 2 SYSTEMPATH\Database\BaseConnection.php(646): CodeIgniter\Database\BaseConnection->simpleQuery('SELECT `loyalty_convert_points`, `loyalty_convert_amount`
FROM `settings`
WHERE `id` = 1')
 3 SYSTEMPATH\Database\BaseBuilder.php(1649): CodeIgniter\Database\BaseConnection->query('SELECT `loyalty_convert_points`, `loyalty_convert_amount`
FROM `settings`
WHERE `id` = :id:', [...], false)
 4 APPPATH\Models\EarningsModel.php(609): CodeIgniter\Database\BaseBuilder->get()
 5 APPPATH\Controllers\ProfileController.php(270): App\Models\EarningsModel->getLoyaltySettings()
 6 SYSTEMPATH\CodeIgniter.php(933): App\Controllers\ProfileController->wallet()
 7 SYSTEMPATH\CodeIgniter.php(507): CodeIgniter\CodeIgniter->runController(Object(App\Controllers\ProfileController))
 8 SYSTEMPATH\CodeIgniter.php(354): CodeIgniter\CodeIgniter->handleRequest(null, Object(Config\Cache), false)
 9 SYSTEMPATH\Boot.php(363): CodeIgniter\CodeIgniter->run()
10 SYSTEMPATH\Boot.php(68): CodeIgniter\Boot::runCodeIgniter(Object(CodeIgniter\CodeIgniter))
11 FCPATH\index.php(59): CodeIgniter\Boot::bootWeb(Object(Config\Paths))
CRITICAL - 2026-01-02 18:06:24 --> [Caused by] mysqli_sql_exception: Unknown column 'loyalty_convert_points' in 'field list'
in SYSTEMPATH\Database\MySQLi\Connection.php on line 327.
 1 SYSTEMPATH\Database\MySQLi\Connection.php(327): mysqli->query('SELECT `loyalty_convert_points`, `loyalty_convert_amount`
FROM `settings`
WHERE `id` = 1', 0)
 2 SYSTEMPATH\Database\BaseConnection.php(729): CodeIgniter\Database\MySQLi\Connection->execute('SELECT `loyalty_convert_points`, `loyalty_convert_amount`
FROM `settings`
WHERE `id` = 1')
 3 SYSTEMPATH\Database\BaseConnection.php(646): CodeIgniter\Database\BaseConnection->simpleQuery('SELECT `loyalty_convert_points`, `loyalty_convert_amount`
FROM `settings`
WHERE `id` = 1')
 4 SYSTEMPATH\Database\BaseBuilder.php(1649): CodeIgniter\Database\BaseConnection->query('SELECT `loyalty_convert_points`, `loyalty_convert_amount`
FROM `settings`
WHERE `id` = :id:', [...], false)
 5 APPPATH\Models\EarningsModel.php(609): CodeIgniter\Database\BaseBuilder->get()
 6 APPPATH\Controllers\ProfileController.php(270): App\Models\EarningsModel->getLoyaltySettings()
 7 SYSTEMPATH\CodeIgniter.php(933): App\Controllers\ProfileController->wallet()
 8 SYSTEMPATH\CodeIgniter.php(507): CodeIgniter\CodeIgniter->runController(Object(App\Controllers\ProfileController))
 9 SYSTEMPATH\CodeIgniter.php(354): CodeIgniter\CodeIgniter->handleRequest(null, Object(Config\Cache), false)
10 SYSTEMPATH\Boot.php(363): CodeIgniter\CodeIgniter->run()
11 SYSTEMPATH\Boot.php(68): CodeIgniter\Boot::runCodeIgniter(Object(CodeIgniter\CodeIgniter))
12 FCPATH\index.php(59): CodeIgniter\Boot::bootWeb(Object(Config\Paths))
