CRITICAL - 2025-12-04 11:13:44 --> CodeIgniter\View\Exceptions\ViewException: Invalid file: "forum/index.php"
[Method: GET, Route: forum]
in SYSTEMPATH\Exceptions\FrameworkException.php on line 39.
 1 SYSTEMPATH\View\View.php(214): CodeIgniter\Exceptions\FrameworkException::forInvalidFile('forum/index.php')
 2 SYSTEMPATH\Common.php(1203): CodeIgniter\View\View->render('forum/index', [], true)
 3 APPPATH\Controllers\ForumController.php(42): view('forum/index', [...])
 4 SYSTEMPATH\CodeIgniter.php(933): App\Controllers\ForumController->index()
 5 SYSTEMPATH\CodeIgniter.php(507): CodeIgniter\CodeIgniter->runController(Object(App\Controllers\ForumController))
 6 SYSTEMPATH\CodeIgniter.php(354): CodeIgniter\CodeIgniter->handleRequest(null, Object(Config\Cache), false)
 7 SYSTEMPATH\Boot.php(363): CodeIgniter\CodeIgniter->run()
 8 SYSTEMPATH\Boot.php(68): CodeIgniter\Boot::runCodeIgniter(Object(CodeIgniter\CodeIgniter))
 9 FCPATH\index.php(59): CodeIgniter\Boot::bootWeb(Object(Config\Paths))
ERROR - 2025-12-04 11:54:27 --> mysqli_sql_exception: Duplicate entry '0' for key 'PRIMARY' in F:\xampp\htdocs\modesy-2.6.2\system\Database\MySQLi\Connection.php:327
Stack trace:
#0 F:\xampp\htdocs\modesy-2.6.2\system\Database\MySQLi\Connection.php(327): mysqli->query('INSERT INTO `fo...', 0)
#1 F:\xampp\htdocs\modesy-2.6.2\system\Database\BaseConnection.php(729): CodeIgniter\Database\MySQLi\Connection->execute('INSERT INTO `fo...')
#2 F:\xampp\htdocs\modesy-2.6.2\system\Database\BaseConnection.php(646): CodeIgniter\Database\BaseConnection->simpleQuery('INSERT INTO `fo...')
#3 F:\xampp\htdocs\modesy-2.6.2\system\Database\BaseBuilder.php(2345): CodeIgniter\Database\BaseConnection->query('INSERT INTO `fo...', Array, false)
#4 F:\xampp\htdocs\modesy-2.6.2\system\Model.php(394): CodeIgniter\Database\BaseBuilder->insert()
#5 F:\xampp\htdocs\modesy-2.6.2\system\BaseModel.php(838): CodeIgniter\Model->doInsert(Array)
#6 F:\xampp\htdocs\modesy-2.6.2\system\Model.php(797): CodeIgniter\BaseModel->insert(Array, true)
#7 F:\xampp\htdocs\modesy-2.6.2\app\Controllers\ForumController.php(192): CodeIgniter\Model->insert(Array)
#8 F:\xampp\htdocs\modesy-2.6.2\system\CodeIgniter.php(933): App\Controllers\ForumController->reply('0')
#9 F:\xampp\htdocs\modesy-2.6.2\system\CodeIgniter.php(507): CodeIgniter\CodeIgniter->runController(Object(App\Controllers\ForumController))
#10 F:\xampp\htdocs\modesy-2.6.2\system\CodeIgniter.php(354): CodeIgniter\CodeIgniter->handleRequest(NULL, Object(Config\Cache), false)
#11 F:\xampp\htdocs\modesy-2.6.2\system\Boot.php(363): CodeIgniter\CodeIgniter->run()
#12 F:\xampp\htdocs\modesy-2.6.2\system\Boot.php(68): CodeIgniter\Boot::runCodeIgniter(Object(CodeIgniter\CodeIgniter))
#13 F:\xampp\htdocs\modesy-2.6.2\index.php(59): CodeIgniter\Boot::bootWeb(Object(Config\Paths))
#14 {main}
CRITICAL - 2025-12-04 11:54:27 --> CodeIgniter\Database\Exceptions\DatabaseException: Duplicate entry '0' for key 'PRIMARY'
[Method: POST, Route: forum/reply/0]
in SYSTEMPATH\Database\BaseConnection.php on line 684.
 1 SYSTEMPATH\Database\BaseBuilder.php(2345): CodeIgniter\Database\BaseConnection->query('INSERT INTO `forum_posts` (`thread_id`, `user_id`, `content`, `parent_post_id`, `created_at`, `status`) VALUES (:thread_id:, :user_id:, :content:, :parent_post_id:, :created_at:, :status:)', [...], false)
 2 SYSTEMPATH\Model.php(394): CodeIgniter\Database\BaseBuilder->insert()
 3 SYSTEMPATH\BaseModel.php(838): CodeIgniter\Model->doInsert([...])
 4 SYSTEMPATH\Model.php(797): CodeIgniter\BaseModel->insert([...], true)
 5 APPPATH\Controllers\ForumController.php(192): CodeIgniter\Model->insert([...])
 6 SYSTEMPATH\CodeIgniter.php(933): App\Controllers\ForumController->reply('0')
 7 SYSTEMPATH\CodeIgniter.php(507): CodeIgniter\CodeIgniter->runController(Object(App\Controllers\ForumController))
 8 SYSTEMPATH\CodeIgniter.php(354): CodeIgniter\CodeIgniter->handleRequest(null, Object(Config\Cache), false)
 9 SYSTEMPATH\Boot.php(363): CodeIgniter\CodeIgniter->run()
10 SYSTEMPATH\Boot.php(68): CodeIgniter\Boot::runCodeIgniter(Object(CodeIgniter\CodeIgniter))
11 FCPATH\index.php(59): CodeIgniter\Boot::bootWeb(Object(Config\Paths))
CRITICAL - 2025-12-04 11:54:27 --> [Caused by] CodeIgniter\Database\Exceptions\DatabaseException: Duplicate entry '0' for key 'PRIMARY'
in SYSTEMPATH\Database\MySQLi\Connection.php on line 332.
 1 SYSTEMPATH\Database\BaseConnection.php(729): CodeIgniter\Database\MySQLi\Connection->execute('INSERT INTO `forum_posts` (`thread_id`, `user_id`, `content`, `parent_post_id`, `created_at`, `status`) VALUES (\'0\', \'1\', \'Item delivered\', NULL, \'2025-12-04 11:54:27\', \'visible\')')
 2 SYSTEMPATH\Database\BaseConnection.php(646): CodeIgniter\Database\BaseConnection->simpleQuery('INSERT INTO `forum_posts` (`thread_id`, `user_id`, `content`, `parent_post_id`, `created_at`, `status`) VALUES (\'0\', \'1\', \'Item delivered\', NULL, \'2025-12-04 11:54:27\', \'visible\')')
 3 SYSTEMPATH\Database\BaseBuilder.php(2345): CodeIgniter\Database\BaseConnection->query('INSERT INTO `forum_posts` (`thread_id`, `user_id`, `content`, `parent_post_id`, `created_at`, `status`) VALUES (:thread_id:, :user_id:, :content:, :parent_post_id:, :created_at:, :status:)', [...], false)
 4 SYSTEMPATH\Model.php(394): CodeIgniter\Database\BaseBuilder->insert()
 5 SYSTEMPATH\BaseModel.php(838): CodeIgniter\Model->doInsert([...])
 6 SYSTEMPATH\Model.php(797): CodeIgniter\BaseModel->insert([...], true)
 7 APPPATH\Controllers\ForumController.php(192): CodeIgniter\Model->insert([...])
 8 SYSTEMPATH\CodeIgniter.php(933): App\Controllers\ForumController->reply('0')
 9 SYSTEMPATH\CodeIgniter.php(507): CodeIgniter\CodeIgniter->runController(Object(App\Controllers\ForumController))
10 SYSTEMPATH\CodeIgniter.php(354): CodeIgniter\CodeIgniter->handleRequest(null, Object(Config\Cache), false)
11 SYSTEMPATH\Boot.php(363): CodeIgniter\CodeIgniter->run()
12 SYSTEMPATH\Boot.php(68): CodeIgniter\Boot::runCodeIgniter(Object(CodeIgniter\CodeIgniter))
13 FCPATH\index.php(59): CodeIgniter\Boot::bootWeb(Object(Config\Paths))
CRITICAL - 2025-12-04 11:54:27 --> [Caused by] mysqli_sql_exception: Duplicate entry '0' for key 'PRIMARY'
in SYSTEMPATH\Database\MySQLi\Connection.php on line 327.
 1 SYSTEMPATH\Database\MySQLi\Connection.php(327): mysqli->query('INSERT INTO `forum_posts` (`thread_id`, `user_id`, `content`, `parent_post_id`, `created_at`, `status`) VALUES (\'0\', \'1\', \'Item delivered\', NULL, \'2025-12-04 11:54:27\', \'visible\')', 0)
 2 SYSTEMPATH\Database\BaseConnection.php(729): CodeIgniter\Database\MySQLi\Connection->execute('INSERT INTO `forum_posts` (`thread_id`, `user_id`, `content`, `parent_post_id`, `created_at`, `status`) VALUES (\'0\', \'1\', \'Item delivered\', NULL, \'2025-12-04 11:54:27\', \'visible\')')
 3 SYSTEMPATH\Database\BaseConnection.php(646): CodeIgniter\Database\BaseConnection->simpleQuery('INSERT INTO `forum_posts` (`thread_id`, `user_id`, `content`, `parent_post_id`, `created_at`, `status`) VALUES (\'0\', \'1\', \'Item delivered\', NULL, \'2025-12-04 11:54:27\', \'visible\')')
 4 SYSTEMPATH\Database\BaseBuilder.php(2345): CodeIgniter\Database\BaseConnection->query('INSERT INTO `forum_posts` (`thread_id`, `user_id`, `content`, `parent_post_id`, `created_at`, `status`) VALUES (:thread_id:, :user_id:, :content:, :parent_post_id:, :created_at:, :status:)', [...], false)
 5 SYSTEMPATH\Model.php(394): CodeIgniter\Database\BaseBuilder->insert()
 6 SYSTEMPATH\BaseModel.php(838): CodeIgniter\Model->doInsert([...])
 7 SYSTEMPATH\Model.php(797): CodeIgniter\BaseModel->insert([...], true)
 8 APPPATH\Controllers\ForumController.php(192): CodeIgniter\Model->insert([...])
 9 SYSTEMPATH\CodeIgniter.php(933): App\Controllers\ForumController->reply('0')
10 SYSTEMPATH\CodeIgniter.php(507): CodeIgniter\CodeIgniter->runController(Object(App\Controllers\ForumController))
11 SYSTEMPATH\CodeIgniter.php(354): CodeIgniter\CodeIgniter->handleRequest(null, Object(Config\Cache), false)
12 SYSTEMPATH\Boot.php(363): CodeIgniter\CodeIgniter->run()
13 SYSTEMPATH\Boot.php(68): CodeIgniter\Boot::runCodeIgniter(Object(CodeIgniter\CodeIgniter))
14 FCPATH\index.php(59): CodeIgniter\Boot::bootWeb(Object(Config\Paths))
ERROR - 2025-12-04 11:57:40 --> mysqli_sql_exception: Duplicate entry '0' for key 'PRIMARY' in F:\xampp\htdocs\modesy-2.6.2\system\Database\MySQLi\Connection.php:327
Stack trace:
#0 F:\xampp\htdocs\modesy-2.6.2\system\Database\MySQLi\Connection.php(327): mysqli->query('INSERT INTO `fo...', 0)
#1 F:\xampp\htdocs\modesy-2.6.2\system\Database\BaseConnection.php(729): CodeIgniter\Database\MySQLi\Connection->execute('INSERT INTO `fo...')
#2 F:\xampp\htdocs\modesy-2.6.2\system\Database\BaseConnection.php(646): CodeIgniter\Database\BaseConnection->simpleQuery('INSERT INTO `fo...')
#3 F:\xampp\htdocs\modesy-2.6.2\system\Database\BaseBuilder.php(2345): CodeIgniter\Database\BaseConnection->query('INSERT INTO `fo...', Array, false)
#4 F:\xampp\htdocs\modesy-2.6.2\system\Model.php(394): CodeIgniter\Database\BaseBuilder->insert()
#5 F:\xampp\htdocs\modesy-2.6.2\system\BaseModel.php(838): CodeIgniter\Model->doInsert(Array)
#6 F:\xampp\htdocs\modesy-2.6.2\system\Model.php(797): CodeIgniter\BaseModel->insert(Array, true)
#7 F:\xampp\htdocs\modesy-2.6.2\app\Controllers\ForumController.php(192): CodeIgniter\Model->insert(Array)
#8 F:\xampp\htdocs\modesy-2.6.2\system\CodeIgniter.php(933): App\Controllers\ForumController->reply('6')
#9 F:\xampp\htdocs\modesy-2.6.2\system\CodeIgniter.php(507): CodeIgniter\CodeIgniter->runController(Object(App\Controllers\ForumController))
#10 F:\xampp\htdocs\modesy-2.6.2\system\CodeIgniter.php(354): CodeIgniter\CodeIgniter->handleRequest(NULL, Object(Config\Cache), false)
#11 F:\xampp\htdocs\modesy-2.6.2\system\Boot.php(363): CodeIgniter\CodeIgniter->run()
#12 F:\xampp\htdocs\modesy-2.6.2\system\Boot.php(68): CodeIgniter\Boot::runCodeIgniter(Object(CodeIgniter\CodeIgniter))
#13 F:\xampp\htdocs\modesy-2.6.2\index.php(59): CodeIgniter\Boot::bootWeb(Object(Config\Paths))
#14 {main}
CRITICAL - 2025-12-04 11:57:40 --> CodeIgniter\Database\Exceptions\DatabaseException: Duplicate entry '0' for key 'PRIMARY'
[Method: POST, Route: forum/reply/6]
in SYSTEMPATH\Database\BaseConnection.php on line 684.
 1 SYSTEMPATH\Database\BaseBuilder.php(2345): CodeIgniter\Database\BaseConnection->query('INSERT INTO `forum_posts` (`thread_id`, `user_id`, `content`, `parent_post_id`, `created_at`, `status`) VALUES (:thread_id:, :user_id:, :content:, :parent_post_id:, :created_at:, :status:)', [...], false)
 2 SYSTEMPATH\Model.php(394): CodeIgniter\Database\BaseBuilder->insert()
 3 SYSTEMPATH\BaseModel.php(838): CodeIgniter\Model->doInsert([...])
 4 SYSTEMPATH\Model.php(797): CodeIgniter\BaseModel->insert([...], true)
 5 APPPATH\Controllers\ForumController.php(192): CodeIgniter\Model->insert([...])
 6 SYSTEMPATH\CodeIgniter.php(933): App\Controllers\ForumController->reply('6')
 7 SYSTEMPATH\CodeIgniter.php(507): CodeIgniter\CodeIgniter->runController(Object(App\Controllers\ForumController))
 8 SYSTEMPATH\CodeIgniter.php(354): CodeIgniter\CodeIgniter->handleRequest(null, Object(Config\Cache), false)
 9 SYSTEMPATH\Boot.php(363): CodeIgniter\CodeIgniter->run()
10 SYSTEMPATH\Boot.php(68): CodeIgniter\Boot::runCodeIgniter(Object(CodeIgniter\CodeIgniter))
11 FCPATH\index.php(59): CodeIgniter\Boot::bootWeb(Object(Config\Paths))
CRITICAL - 2025-12-04 11:57:40 --> [Caused by] CodeIgniter\Database\Exceptions\DatabaseException: Duplicate entry '0' for key 'PRIMARY'
in SYSTEMPATH\Database\MySQLi\Connection.php on line 332.
 1 SYSTEMPATH\Database\BaseConnection.php(729): CodeIgniter\Database\MySQLi\Connection->execute('INSERT INTO `forum_posts` (`thread_id`, `user_id`, `content`, `parent_post_id`, `created_at`, `status`) VALUES (\'6\', \'1\', \'Item delivered\\r\\n\\r\\n\', NULL, \'2025-12-04 11:57:40\', \'visible\')')
 2 SYSTEMPATH\Database\BaseConnection.php(646): CodeIgniter\Database\BaseConnection->simpleQuery('INSERT INTO `forum_posts` (`thread_id`, `user_id`, `content`, `parent_post_id`, `created_at`, `status`) VALUES (\'6\', \'1\', \'Item delivered\\r\\n\\r\\n\', NULL, \'2025-12-04 11:57:40\', \'visible\')')
 3 SYSTEMPATH\Database\BaseBuilder.php(2345): CodeIgniter\Database\BaseConnection->query('INSERT INTO `forum_posts` (`thread_id`, `user_id`, `content`, `parent_post_id`, `created_at`, `status`) VALUES (:thread_id:, :user_id:, :content:, :parent_post_id:, :created_at:, :status:)', [...], false)
 4 SYSTEMPATH\Model.php(394): CodeIgniter\Database\BaseBuilder->insert()
 5 SYSTEMPATH\BaseModel.php(838): CodeIgniter\Model->doInsert([...])
 6 SYSTEMPATH\Model.php(797): CodeIgniter\BaseModel->insert([...], true)
 7 APPPATH\Controllers\ForumController.php(192): CodeIgniter\Model->insert([...])
 8 SYSTEMPATH\CodeIgniter.php(933): App\Controllers\ForumController->reply('6')
 9 SYSTEMPATH\CodeIgniter.php(507): CodeIgniter\CodeIgniter->runController(Object(App\Controllers\ForumController))
10 SYSTEMPATH\CodeIgniter.php(354): CodeIgniter\CodeIgniter->handleRequest(null, Object(Config\Cache), false)
11 SYSTEMPATH\Boot.php(363): CodeIgniter\CodeIgniter->run()
12 SYSTEMPATH\Boot.php(68): CodeIgniter\Boot::runCodeIgniter(Object(CodeIgniter\CodeIgniter))
13 FCPATH\index.php(59): CodeIgniter\Boot::bootWeb(Object(Config\Paths))
CRITICAL - 2025-12-04 11:57:40 --> [Caused by] mysqli_sql_exception: Duplicate entry '0' for key 'PRIMARY'
in SYSTEMPATH\Database\MySQLi\Connection.php on line 327.
 1 SYSTEMPATH\Database\MySQLi\Connection.php(327): mysqli->query('INSERT INTO `forum_posts` (`thread_id`, `user_id`, `content`, `parent_post_id`, `created_at`, `status`) VALUES (\'6\', \'1\', \'Item delivered\\r\\n\\r\\n\', NULL, \'2025-12-04 11:57:40\', \'visible\')', 0)
 2 SYSTEMPATH\Database\BaseConnection.php(729): CodeIgniter\Database\MySQLi\Connection->execute('INSERT INTO `forum_posts` (`thread_id`, `user_id`, `content`, `parent_post_id`, `created_at`, `status`) VALUES (\'6\', \'1\', \'Item delivered\\r\\n\\r\\n\', NULL, \'2025-12-04 11:57:40\', \'visible\')')
 3 SYSTEMPATH\Database\BaseConnection.php(646): CodeIgniter\Database\BaseConnection->simpleQuery('INSERT INTO `forum_posts` (`thread_id`, `user_id`, `content`, `parent_post_id`, `created_at`, `status`) VALUES (\'6\', \'1\', \'Item delivered\\r\\n\\r\\n\', NULL, \'2025-12-04 11:57:40\', \'visible\')')
 4 SYSTEMPATH\Database\BaseBuilder.php(2345): CodeIgniter\Database\BaseConnection->query('INSERT INTO `forum_posts` (`thread_id`, `user_id`, `content`, `parent_post_id`, `created_at`, `status`) VALUES (:thread_id:, :user_id:, :content:, :parent_post_id:, :created_at:, :status:)', [...], false)
 5 SYSTEMPATH\Model.php(394): CodeIgniter\Database\BaseBuilder->insert()
 6 SYSTEMPATH\BaseModel.php(838): CodeIgniter\Model->doInsert([...])
 7 SYSTEMPATH\Model.php(797): CodeIgniter\BaseModel->insert([...], true)
 8 APPPATH\Controllers\ForumController.php(192): CodeIgniter\Model->insert([...])
 9 SYSTEMPATH\CodeIgniter.php(933): App\Controllers\ForumController->reply('6')
10 SYSTEMPATH\CodeIgniter.php(507): CodeIgniter\CodeIgniter->runController(Object(App\Controllers\ForumController))
11 SYSTEMPATH\CodeIgniter.php(354): CodeIgniter\CodeIgniter->handleRequest(null, Object(Config\Cache), false)
12 SYSTEMPATH\Boot.php(363): CodeIgniter\CodeIgniter->run()
13 SYSTEMPATH\Boot.php(68): CodeIgniter\Boot::runCodeIgniter(Object(CodeIgniter\CodeIgniter))
14 FCPATH\index.php(59): CodeIgniter\Boot::bootWeb(Object(Config\Paths))
ERROR - 2025-12-04 11:57:47 --> mysqli_sql_exception: Duplicate entry '0' for key 'PRIMARY' in F:\xampp\htdocs\modesy-2.6.2\system\Database\MySQLi\Connection.php:327
Stack trace:
#0 F:\xampp\htdocs\modesy-2.6.2\system\Database\MySQLi\Connection.php(327): mysqli->query('INSERT INTO `fo...', 0)
#1 F:\xampp\htdocs\modesy-2.6.2\system\Database\BaseConnection.php(729): CodeIgniter\Database\MySQLi\Connection->execute('INSERT INTO `fo...')
#2 F:\xampp\htdocs\modesy-2.6.2\system\Database\BaseConnection.php(646): CodeIgniter\Database\BaseConnection->simpleQuery('INSERT INTO `fo...')
#3 F:\xampp\htdocs\modesy-2.6.2\system\Database\BaseBuilder.php(2345): CodeIgniter\Database\BaseConnection->query('INSERT INTO `fo...', Array, false)
#4 F:\xampp\htdocs\modesy-2.6.2\system\Model.php(394): CodeIgniter\Database\BaseBuilder->insert()
#5 F:\xampp\htdocs\modesy-2.6.2\system\BaseModel.php(838): CodeIgniter\Model->doInsert(Array)
#6 F:\xampp\htdocs\modesy-2.6.2\system\Model.php(797): CodeIgniter\BaseModel->insert(Array, true)
#7 F:\xampp\htdocs\modesy-2.6.2\app\Controllers\ForumController.php(192): CodeIgniter\Model->insert(Array)
#8 F:\xampp\htdocs\modesy-2.6.2\system\CodeIgniter.php(933): App\Controllers\ForumController->reply('6')
#9 F:\xampp\htdocs\modesy-2.6.2\system\CodeIgniter.php(507): CodeIgniter\CodeIgniter->runController(Object(App\Controllers\ForumController))
#10 F:\xampp\htdocs\modesy-2.6.2\system\CodeIgniter.php(354): CodeIgniter\CodeIgniter->handleRequest(NULL, Object(Config\Cache), false)
#11 F:\xampp\htdocs\modesy-2.6.2\system\Boot.php(363): CodeIgniter\CodeIgniter->run()
#12 F:\xampp\htdocs\modesy-2.6.2\system\Boot.php(68): CodeIgniter\Boot::runCodeIgniter(Object(CodeIgniter\CodeIgniter))
#13 F:\xampp\htdocs\modesy-2.6.2\index.php(59): CodeIgniter\Boot::bootWeb(Object(Config\Paths))
#14 {main}
CRITICAL - 2025-12-04 11:57:47 --> CodeIgniter\Database\Exceptions\DatabaseException: Duplicate entry '0' for key 'PRIMARY'
[Method: POST, Route: forum/reply/6]
in SYSTEMPATH\Database\BaseConnection.php on line 684.
 1 SYSTEMPATH\Database\BaseBuilder.php(2345): CodeIgniter\Database\BaseConnection->query('INSERT INTO `forum_posts` (`thread_id`, `user_id`, `content`, `parent_post_id`, `created_at`, `status`) VALUES (:thread_id:, :user_id:, :content:, :parent_post_id:, :created_at:, :status:)', [...], false)
 2 SYSTEMPATH\Model.php(394): CodeIgniter\Database\BaseBuilder->insert()
 3 SYSTEMPATH\BaseModel.php(838): CodeIgniter\Model->doInsert([...])
 4 SYSTEMPATH\Model.php(797): CodeIgniter\BaseModel->insert([...], true)
 5 APPPATH\Controllers\ForumController.php(192): CodeIgniter\Model->insert([...])
 6 SYSTEMPATH\CodeIgniter.php(933): App\Controllers\ForumController->reply('6')
 7 SYSTEMPATH\CodeIgniter.php(507): CodeIgniter\CodeIgniter->runController(Object(App\Controllers\ForumController))
 8 SYSTEMPATH\CodeIgniter.php(354): CodeIgniter\CodeIgniter->handleRequest(null, Object(Config\Cache), false)
 9 SYSTEMPATH\Boot.php(363): CodeIgniter\CodeIgniter->run()
10 SYSTEMPATH\Boot.php(68): CodeIgniter\Boot::runCodeIgniter(Object(CodeIgniter\CodeIgniter))
11 FCPATH\index.php(59): CodeIgniter\Boot::bootWeb(Object(Config\Paths))
CRITICAL - 2025-12-04 11:57:47 --> [Caused by] CodeIgniter\Database\Exceptions\DatabaseException: Duplicate entry '0' for key 'PRIMARY'
in SYSTEMPATH\Database\MySQLi\Connection.php on line 332.
 1 SYSTEMPATH\Database\BaseConnection.php(729): CodeIgniter\Database\MySQLi\Connection->execute('INSERT INTO `forum_posts` (`thread_id`, `user_id`, `content`, `parent_post_id`, `created_at`, `status`) VALUES (\'6\', \'1\', \'Item delivered\\r\\n\\r\\n\', NULL, \'2025-12-04 11:57:47\', \'visible\')')
 2 SYSTEMPATH\Database\BaseConnection.php(646): CodeIgniter\Database\BaseConnection->simpleQuery('INSERT INTO `forum_posts` (`thread_id`, `user_id`, `content`, `parent_post_id`, `created_at`, `status`) VALUES (\'6\', \'1\', \'Item delivered\\r\\n\\r\\n\', NULL, \'2025-12-04 11:57:47\', \'visible\')')
 3 SYSTEMPATH\Database\BaseBuilder.php(2345): CodeIgniter\Database\BaseConnection->query('INSERT INTO `forum_posts` (`thread_id`, `user_id`, `content`, `parent_post_id`, `created_at`, `status`) VALUES (:thread_id:, :user_id:, :content:, :parent_post_id:, :created_at:, :status:)', [...], false)
 4 SYSTEMPATH\Model.php(394): CodeIgniter\Database\BaseBuilder->insert()
 5 SYSTEMPATH\BaseModel.php(838): CodeIgniter\Model->doInsert([...])
 6 SYSTEMPATH\Model.php(797): CodeIgniter\BaseModel->insert([...], true)
 7 APPPATH\Controllers\ForumController.php(192): CodeIgniter\Model->insert([...])
 8 SYSTEMPATH\CodeIgniter.php(933): App\Controllers\ForumController->reply('6')
 9 SYSTEMPATH\CodeIgniter.php(507): CodeIgniter\CodeIgniter->runController(Object(App\Controllers\ForumController))
10 SYSTEMPATH\CodeIgniter.php(354): CodeIgniter\CodeIgniter->handleRequest(null, Object(Config\Cache), false)
11 SYSTEMPATH\Boot.php(363): CodeIgniter\CodeIgniter->run()
12 SYSTEMPATH\Boot.php(68): CodeIgniter\Boot::runCodeIgniter(Object(CodeIgniter\CodeIgniter))
13 FCPATH\index.php(59): CodeIgniter\Boot::bootWeb(Object(Config\Paths))
CRITICAL - 2025-12-04 11:57:47 --> [Caused by] mysqli_sql_exception: Duplicate entry '0' for key 'PRIMARY'
in SYSTEMPATH\Database\MySQLi\Connection.php on line 327.
 1 SYSTEMPATH\Database\MySQLi\Connection.php(327): mysqli->query('INSERT INTO `forum_posts` (`thread_id`, `user_id`, `content`, `parent_post_id`, `created_at`, `status`) VALUES (\'6\', \'1\', \'Item delivered\\r\\n\\r\\n\', NULL, \'2025-12-04 11:57:47\', \'visible\')', 0)
 2 SYSTEMPATH\Database\BaseConnection.php(729): CodeIgniter\Database\MySQLi\Connection->execute('INSERT INTO `forum_posts` (`thread_id`, `user_id`, `content`, `parent_post_id`, `created_at`, `status`) VALUES (\'6\', \'1\', \'Item delivered\\r\\n\\r\\n\', NULL, \'2025-12-04 11:57:47\', \'visible\')')
 3 SYSTEMPATH\Database\BaseConnection.php(646): CodeIgniter\Database\BaseConnection->simpleQuery('INSERT INTO `forum_posts` (`thread_id`, `user_id`, `content`, `parent_post_id`, `created_at`, `status`) VALUES (\'6\', \'1\', \'Item delivered\\r\\n\\r\\n\', NULL, \'2025-12-04 11:57:47\', \'visible\')')
 4 SYSTEMPATH\Database\BaseBuilder.php(2345): CodeIgniter\Database\BaseConnection->query('INSERT INTO `forum_posts` (`thread_id`, `user_id`, `content`, `parent_post_id`, `created_at`, `status`) VALUES (:thread_id:, :user_id:, :content:, :parent_post_id:, :created_at:, :status:)', [...], false)
 5 SYSTEMPATH\Model.php(394): CodeIgniter\Database\BaseBuilder->insert()
 6 SYSTEMPATH\BaseModel.php(838): CodeIgniter\Model->doInsert([...])
 7 SYSTEMPATH\Model.php(797): CodeIgniter\BaseModel->insert([...], true)
 8 APPPATH\Controllers\ForumController.php(192): CodeIgniter\Model->insert([...])
 9 SYSTEMPATH\CodeIgniter.php(933): App\Controllers\ForumController->reply('6')
10 SYSTEMPATH\CodeIgniter.php(507): CodeIgniter\CodeIgniter->runController(Object(App\Controllers\ForumController))
11 SYSTEMPATH\CodeIgniter.php(354): CodeIgniter\CodeIgniter->handleRequest(null, Object(Config\Cache), false)
12 SYSTEMPATH\Boot.php(363): CodeIgniter\CodeIgniter->run()
13 SYSTEMPATH\Boot.php(68): CodeIgniter\Boot::runCodeIgniter(Object(CodeIgniter\CodeIgniter))
14 FCPATH\index.php(59): CodeIgniter\Boot::bootWeb(Object(Config\Paths))
ERROR - 2025-12-04 11:57:51 --> mysqli_sql_exception: Duplicate entry '0' for key 'PRIMARY' in F:\xampp\htdocs\modesy-2.6.2\system\Database\MySQLi\Connection.php:327
Stack trace:
#0 F:\xampp\htdocs\modesy-2.6.2\system\Database\MySQLi\Connection.php(327): mysqli->query('INSERT INTO `fo...', 0)
#1 F:\xampp\htdocs\modesy-2.6.2\system\Database\BaseConnection.php(729): CodeIgniter\Database\MySQLi\Connection->execute('INSERT INTO `fo...')
#2 F:\xampp\htdocs\modesy-2.6.2\system\Database\BaseConnection.php(646): CodeIgniter\Database\BaseConnection->simpleQuery('INSERT INTO `fo...')
#3 F:\xampp\htdocs\modesy-2.6.2\system\Database\BaseBuilder.php(2345): CodeIgniter\Database\BaseConnection->query('INSERT INTO `fo...', Array, false)
#4 F:\xampp\htdocs\modesy-2.6.2\system\Model.php(394): CodeIgniter\Database\BaseBuilder->insert()
#5 F:\xampp\htdocs\modesy-2.6.2\system\BaseModel.php(838): CodeIgniter\Model->doInsert(Array)
#6 F:\xampp\htdocs\modesy-2.6.2\system\Model.php(797): CodeIgniter\BaseModel->insert(Array, true)
#7 F:\xampp\htdocs\modesy-2.6.2\app\Controllers\ForumController.php(192): CodeIgniter\Model->insert(Array)
#8 F:\xampp\htdocs\modesy-2.6.2\system\CodeIgniter.php(933): App\Controllers\ForumController->reply('6')
#9 F:\xampp\htdocs\modesy-2.6.2\system\CodeIgniter.php(507): CodeIgniter\CodeIgniter->runController(Object(App\Controllers\ForumController))
#10 F:\xampp\htdocs\modesy-2.6.2\system\CodeIgniter.php(354): CodeIgniter\CodeIgniter->handleRequest(NULL, Object(Config\Cache), false)
#11 F:\xampp\htdocs\modesy-2.6.2\system\Boot.php(363): CodeIgniter\CodeIgniter->run()
#12 F:\xampp\htdocs\modesy-2.6.2\system\Boot.php(68): CodeIgniter\Boot::runCodeIgniter(Object(CodeIgniter\CodeIgniter))
#13 F:\xampp\htdocs\modesy-2.6.2\index.php(59): CodeIgniter\Boot::bootWeb(Object(Config\Paths))
#14 {main}
CRITICAL - 2025-12-04 11:57:51 --> CodeIgniter\Database\Exceptions\DatabaseException: Duplicate entry '0' for key 'PRIMARY'
[Method: POST, Route: forum/reply/6]
in SYSTEMPATH\Database\BaseConnection.php on line 684.
 1 SYSTEMPATH\Database\BaseBuilder.php(2345): CodeIgniter\Database\BaseConnection->query('INSERT INTO `forum_posts` (`thread_id`, `user_id`, `content`, `parent_post_id`, `created_at`, `status`) VALUES (:thread_id:, :user_id:, :content:, :parent_post_id:, :created_at:, :status:)', [...], false)
 2 SYSTEMPATH\Model.php(394): CodeIgniter\Database\BaseBuilder->insert()
 3 SYSTEMPATH\BaseModel.php(838): CodeIgniter\Model->doInsert([...])
 4 SYSTEMPATH\Model.php(797): CodeIgniter\BaseModel->insert([...], true)
 5 APPPATH\Controllers\ForumController.php(192): CodeIgniter\Model->insert([...])
 6 SYSTEMPATH\CodeIgniter.php(933): App\Controllers\ForumController->reply('6')
 7 SYSTEMPATH\CodeIgniter.php(507): CodeIgniter\CodeIgniter->runController(Object(App\Controllers\ForumController))
 8 SYSTEMPATH\CodeIgniter.php(354): CodeIgniter\CodeIgniter->handleRequest(null, Object(Config\Cache), false)
 9 SYSTEMPATH\Boot.php(363): CodeIgniter\CodeIgniter->run()
10 SYSTEMPATH\Boot.php(68): CodeIgniter\Boot::runCodeIgniter(Object(CodeIgniter\CodeIgniter))
11 FCPATH\index.php(59): CodeIgniter\Boot::bootWeb(Object(Config\Paths))
CRITICAL - 2025-12-04 11:57:51 --> [Caused by] CodeIgniter\Database\Exceptions\DatabaseException: Duplicate entry '0' for key 'PRIMARY'
in SYSTEMPATH\Database\MySQLi\Connection.php on line 332.
 1 SYSTEMPATH\Database\BaseConnection.php(729): CodeIgniter\Database\MySQLi\Connection->execute('INSERT INTO `forum_posts` (`thread_id`, `user_id`, `content`, `parent_post_id`, `created_at`, `status`) VALUES (\'6\', \'1\', \'Item delivered\\r\\n\\r\\n\', NULL, \'2025-12-04 11:57:51\', \'visible\')')
 2 SYSTEMPATH\Database\BaseConnection.php(646): CodeIgniter\Database\BaseConnection->simpleQuery('INSERT INTO `forum_posts` (`thread_id`, `user_id`, `content`, `parent_post_id`, `created_at`, `status`) VALUES (\'6\', \'1\', \'Item delivered\\r\\n\\r\\n\', NULL, \'2025-12-04 11:57:51\', \'visible\')')
 3 SYSTEMPATH\Database\BaseBuilder.php(2345): CodeIgniter\Database\BaseConnection->query('INSERT INTO `forum_posts` (`thread_id`, `user_id`, `content`, `parent_post_id`, `created_at`, `status`) VALUES (:thread_id:, :user_id:, :content:, :parent_post_id:, :created_at:, :status:)', [...], false)
 4 SYSTEMPATH\Model.php(394): CodeIgniter\Database\BaseBuilder->insert()
 5 SYSTEMPATH\BaseModel.php(838): CodeIgniter\Model->doInsert([...])
 6 SYSTEMPATH\Model.php(797): CodeIgniter\BaseModel->insert([...], true)
 7 APPPATH\Controllers\ForumController.php(192): CodeIgniter\Model->insert([...])
 8 SYSTEMPATH\CodeIgniter.php(933): App\Controllers\ForumController->reply('6')
 9 SYSTEMPATH\CodeIgniter.php(507): CodeIgniter\CodeIgniter->runController(Object(App\Controllers\ForumController))
10 SYSTEMPATH\CodeIgniter.php(354): CodeIgniter\CodeIgniter->handleRequest(null, Object(Config\Cache), false)
11 SYSTEMPATH\Boot.php(363): CodeIgniter\CodeIgniter->run()
12 SYSTEMPATH\Boot.php(68): CodeIgniter\Boot::runCodeIgniter(Object(CodeIgniter\CodeIgniter))
13 FCPATH\index.php(59): CodeIgniter\Boot::bootWeb(Object(Config\Paths))
CRITICAL - 2025-12-04 11:57:51 --> [Caused by] mysqli_sql_exception: Duplicate entry '0' for key 'PRIMARY'
in SYSTEMPATH\Database\MySQLi\Connection.php on line 327.
 1 SYSTEMPATH\Database\MySQLi\Connection.php(327): mysqli->query('INSERT INTO `forum_posts` (`thread_id`, `user_id`, `content`, `parent_post_id`, `created_at`, `status`) VALUES (\'6\', \'1\', \'Item delivered\\r\\n\\r\\n\', NULL, \'2025-12-04 11:57:51\', \'visible\')', 0)
 2 SYSTEMPATH\Database\BaseConnection.php(729): CodeIgniter\Database\MySQLi\Connection->execute('INSERT INTO `forum_posts` (`thread_id`, `user_id`, `content`, `parent_post_id`, `created_at`, `status`) VALUES (\'6\', \'1\', \'Item delivered\\r\\n\\r\\n\', NULL, \'2025-12-04 11:57:51\', \'visible\')')
 3 SYSTEMPATH\Database\BaseConnection.php(646): CodeIgniter\Database\BaseConnection->simpleQuery('INSERT INTO `forum_posts` (`thread_id`, `user_id`, `content`, `parent_post_id`, `created_at`, `status`) VALUES (\'6\', \'1\', \'Item delivered\\r\\n\\r\\n\', NULL, \'2025-12-04 11:57:51\', \'visible\')')
 4 SYSTEMPATH\Database\BaseBuilder.php(2345): CodeIgniter\Database\BaseConnection->query('INSERT INTO `forum_posts` (`thread_id`, `user_id`, `content`, `parent_post_id`, `created_at`, `status`) VALUES (:thread_id:, :user_id:, :content:, :parent_post_id:, :created_at:, :status:)', [...], false)
 5 SYSTEMPATH\Model.php(394): CodeIgniter\Database\BaseBuilder->insert()
 6 SYSTEMPATH\BaseModel.php(838): CodeIgniter\Model->doInsert([...])
 7 SYSTEMPATH\Model.php(797): CodeIgniter\BaseModel->insert([...], true)
 8 APPPATH\Controllers\ForumController.php(192): CodeIgniter\Model->insert([...])
 9 SYSTEMPATH\CodeIgniter.php(933): App\Controllers\ForumController->reply('6')
10 SYSTEMPATH\CodeIgniter.php(507): CodeIgniter\CodeIgniter->runController(Object(App\Controllers\ForumController))
11 SYSTEMPATH\CodeIgniter.php(354): CodeIgniter\CodeIgniter->handleRequest(null, Object(Config\Cache), false)
12 SYSTEMPATH\Boot.php(363): CodeIgniter\CodeIgniter->run()
13 SYSTEMPATH\Boot.php(68): CodeIgniter\Boot::runCodeIgniter(Object(CodeIgniter\CodeIgniter))
14 FCPATH\index.php(59): CodeIgniter\Boot::bootWeb(Object(Config\Paths))
ERROR - 2025-12-04 11:59:01 --> mysqli_sql_exception: Duplicate entry '0' for key 'PRIMARY' in F:\xampp\htdocs\modesy-2.6.2\system\Database\MySQLi\Connection.php:327
Stack trace:
#0 F:\xampp\htdocs\modesy-2.6.2\system\Database\MySQLi\Connection.php(327): mysqli->query('INSERT INTO `fo...', 0)
#1 F:\xampp\htdocs\modesy-2.6.2\system\Database\BaseConnection.php(729): CodeIgniter\Database\MySQLi\Connection->execute('INSERT INTO `fo...')
#2 F:\xampp\htdocs\modesy-2.6.2\system\Database\BaseConnection.php(646): CodeIgniter\Database\BaseConnection->simpleQuery('INSERT INTO `fo...')
#3 F:\xampp\htdocs\modesy-2.6.2\system\Database\BaseBuilder.php(2345): CodeIgniter\Database\BaseConnection->query('INSERT INTO `fo...', Array, false)
#4 F:\xampp\htdocs\modesy-2.6.2\system\Model.php(394): CodeIgniter\Database\BaseBuilder->insert()
#5 F:\xampp\htdocs\modesy-2.6.2\system\BaseModel.php(838): CodeIgniter\Model->doInsert(Array)
#6 F:\xampp\htdocs\modesy-2.6.2\system\Model.php(797): CodeIgniter\BaseModel->insert(Array, true)
#7 F:\xampp\htdocs\modesy-2.6.2\app\Controllers\ForumController.php(192): CodeIgniter\Model->insert(Array)
#8 F:\xampp\htdocs\modesy-2.6.2\system\CodeIgniter.php(933): App\Controllers\ForumController->reply('6')
#9 F:\xampp\htdocs\modesy-2.6.2\system\CodeIgniter.php(507): CodeIgniter\CodeIgniter->runController(Object(App\Controllers\ForumController))
#10 F:\xampp\htdocs\modesy-2.6.2\system\CodeIgniter.php(354): CodeIgniter\CodeIgniter->handleRequest(NULL, Object(Config\Cache), false)
#11 F:\xampp\htdocs\modesy-2.6.2\system\Boot.php(363): CodeIgniter\CodeIgniter->run()
#12 F:\xampp\htdocs\modesy-2.6.2\system\Boot.php(68): CodeIgniter\Boot::runCodeIgniter(Object(CodeIgniter\CodeIgniter))
#13 F:\xampp\htdocs\modesy-2.6.2\index.php(59): CodeIgniter\Boot::bootWeb(Object(Config\Paths))
#14 {main}
CRITICAL - 2025-12-04 11:59:01 --> CodeIgniter\Database\Exceptions\DatabaseException: Duplicate entry '0' for key 'PRIMARY'
[Method: POST, Route: forum/reply/6]
in SYSTEMPATH\Database\BaseConnection.php on line 684.
 1 SYSTEMPATH\Database\BaseBuilder.php(2345): CodeIgniter\Database\BaseConnection->query('INSERT INTO `forum_posts` (`thread_id`, `user_id`, `content`, `parent_post_id`, `created_at`, `status`) VALUES (:thread_id:, :user_id:, :content:, :parent_post_id:, :created_at:, :status:)', [...], false)
 2 SYSTEMPATH\Model.php(394): CodeIgniter\Database\BaseBuilder->insert()
 3 SYSTEMPATH\BaseModel.php(838): CodeIgniter\Model->doInsert([...])
 4 SYSTEMPATH\Model.php(797): CodeIgniter\BaseModel->insert([...], true)
 5 APPPATH\Controllers\ForumController.php(192): CodeIgniter\Model->insert([...])
 6 SYSTEMPATH\CodeIgniter.php(933): App\Controllers\ForumController->reply('6')
 7 SYSTEMPATH\CodeIgniter.php(507): CodeIgniter\CodeIgniter->runController(Object(App\Controllers\ForumController))
 8 SYSTEMPATH\CodeIgniter.php(354): CodeIgniter\CodeIgniter->handleRequest(null, Object(Config\Cache), false)
 9 SYSTEMPATH\Boot.php(363): CodeIgniter\CodeIgniter->run()
10 SYSTEMPATH\Boot.php(68): CodeIgniter\Boot::runCodeIgniter(Object(CodeIgniter\CodeIgniter))
11 FCPATH\index.php(59): CodeIgniter\Boot::bootWeb(Object(Config\Paths))
CRITICAL - 2025-12-04 11:59:01 --> [Caused by] CodeIgniter\Database\Exceptions\DatabaseException: Duplicate entry '0' for key 'PRIMARY'
in SYSTEMPATH\Database\MySQLi\Connection.php on line 332.
 1 SYSTEMPATH\Database\BaseConnection.php(729): CodeIgniter\Database\MySQLi\Connection->execute('INSERT INTO `forum_posts` (`thread_id`, `user_id`, `content`, `parent_post_id`, `created_at`, `status`) VALUES (\'6\', \'1\', \'Item delivered\\r\\ns\', NULL, \'2025-12-04 11:59:01\', \'visible\')')
 2 SYSTEMPATH\Database\BaseConnection.php(646): CodeIgniter\Database\BaseConnection->simpleQuery('INSERT INTO `forum_posts` (`thread_id`, `user_id`, `content`, `parent_post_id`, `created_at`, `status`) VALUES (\'6\', \'1\', \'Item delivered\\r\\ns\', NULL, \'2025-12-04 11:59:01\', \'visible\')')
 3 SYSTEMPATH\Database\BaseBuilder.php(2345): CodeIgniter\Database\BaseConnection->query('INSERT INTO `forum_posts` (`thread_id`, `user_id`, `content`, `parent_post_id`, `created_at`, `status`) VALUES (:thread_id:, :user_id:, :content:, :parent_post_id:, :created_at:, :status:)', [...], false)
 4 SYSTEMPATH\Model.php(394): CodeIgniter\Database\BaseBuilder->insert()
 5 SYSTEMPATH\BaseModel.php(838): CodeIgniter\Model->doInsert([...])
 6 SYSTEMPATH\Model.php(797): CodeIgniter\BaseModel->insert([...], true)
 7 APPPATH\Controllers\ForumController.php(192): CodeIgniter\Model->insert([...])
 8 SYSTEMPATH\CodeIgniter.php(933): App\Controllers\ForumController->reply('6')
 9 SYSTEMPATH\CodeIgniter.php(507): CodeIgniter\CodeIgniter->runController(Object(App\Controllers\ForumController))
10 SYSTEMPATH\CodeIgniter.php(354): CodeIgniter\CodeIgniter->handleRequest(null, Object(Config\Cache), false)
11 SYSTEMPATH\Boot.php(363): CodeIgniter\CodeIgniter->run()
12 SYSTEMPATH\Boot.php(68): CodeIgniter\Boot::runCodeIgniter(Object(CodeIgniter\CodeIgniter))
13 FCPATH\index.php(59): CodeIgniter\Boot::bootWeb(Object(Config\Paths))
CRITICAL - 2025-12-04 11:59:01 --> [Caused by] mysqli_sql_exception: Duplicate entry '0' for key 'PRIMARY'
in SYSTEMPATH\Database\MySQLi\Connection.php on line 327.
 1 SYSTEMPATH\Database\MySQLi\Connection.php(327): mysqli->query('INSERT INTO `forum_posts` (`thread_id`, `user_id`, `content`, `parent_post_id`, `created_at`, `status`) VALUES (\'6\', \'1\', \'Item delivered\\r\\ns\', NULL, \'2025-12-04 11:59:01\', \'visible\')', 0)
 2 SYSTEMPATH\Database\BaseConnection.php(729): CodeIgniter\Database\MySQLi\Connection->execute('INSERT INTO `forum_posts` (`thread_id`, `user_id`, `content`, `parent_post_id`, `created_at`, `status`) VALUES (\'6\', \'1\', \'Item delivered\\r\\ns\', NULL, \'2025-12-04 11:59:01\', \'visible\')')
 3 SYSTEMPATH\Database\BaseConnection.php(646): CodeIgniter\Database\BaseConnection->simpleQuery('INSERT INTO `forum_posts` (`thread_id`, `user_id`, `content`, `parent_post_id`, `created_at`, `status`) VALUES (\'6\', \'1\', \'Item delivered\\r\\ns\', NULL, \'2025-12-04 11:59:01\', \'visible\')')
 4 SYSTEMPATH\Database\BaseBuilder.php(2345): CodeIgniter\Database\BaseConnection->query('INSERT INTO `forum_posts` (`thread_id`, `user_id`, `content`, `parent_post_id`, `created_at`, `status`) VALUES (:thread_id:, :user_id:, :content:, :parent_post_id:, :created_at:, :status:)', [...], false)
 5 SYSTEMPATH\Model.php(394): CodeIgniter\Database\BaseBuilder->insert()
 6 SYSTEMPATH\BaseModel.php(838): CodeIgniter\Model->doInsert([...])
 7 SYSTEMPATH\Model.php(797): CodeIgniter\BaseModel->insert([...], true)
 8 APPPATH\Controllers\ForumController.php(192): CodeIgniter\Model->insert([...])
 9 SYSTEMPATH\CodeIgniter.php(933): App\Controllers\ForumController->reply('6')
10 SYSTEMPATH\CodeIgniter.php(507): CodeIgniter\CodeIgniter->runController(Object(App\Controllers\ForumController))
11 SYSTEMPATH\CodeIgniter.php(354): CodeIgniter\CodeIgniter->handleRequest(null, Object(Config\Cache), false)
12 SYSTEMPATH\Boot.php(363): CodeIgniter\CodeIgniter->run()
13 SYSTEMPATH\Boot.php(68): CodeIgniter\Boot::runCodeIgniter(Object(CodeIgniter\CodeIgniter))
14 FCPATH\index.php(59): CodeIgniter\Boot::bootWeb(Object(Config\Paths))
CRITICAL - 2025-12-04 16:40:23 --> CodeIgniter\Security\Exceptions\SecurityException: The action you requested is not allowed.
[Method: POST, Route: cart/add-to-cart]
in SYSTEMPATH\Security\Security.php on line 262.
 1 SYSTEMPATH\Security\Security.php(262): CodeIgniter\Security\Exceptions\SecurityException::forDisallowedAction()
 2 SYSTEMPATH\Filters\CSRF.php(52): CodeIgniter\Security\Security->verify(Object(CodeIgniter\HTTP\IncomingRequest))
 3 SYSTEMPATH\Filters\Filters.php(241): CodeIgniter\Filters\CSRF->before(Object(CodeIgniter\HTTP\IncomingRequest), null)
 4 SYSTEMPATH\Filters\Filters.php(221): CodeIgniter\Filters\Filters->runBefore([...])
 5 SYSTEMPATH\CodeIgniter.php(479): CodeIgniter\Filters\Filters->run('cart/add-to-cart', 'before')
 6 SYSTEMPATH\CodeIgniter.php(354): CodeIgniter\CodeIgniter->handleRequest(null, Object(Config\Cache), false)
 7 SYSTEMPATH\Boot.php(363): CodeIgniter\CodeIgniter->run()
 8 SYSTEMPATH\Boot.php(68): CodeIgniter\Boot::runCodeIgniter(Object(CodeIgniter\CodeIgniter))
 9 FCPATH\index.php(59): CodeIgniter\Boot::bootWeb(Object(Config\Paths))
ERROR - 2025-12-04 17:30:30 --> mysqli_sql_exception: Duplicate entry '0' for key 'PRIMARY' in F:\xampp\htdocs\modesy-2.6.2\system\Database\MySQLi\Connection.php:327
Stack trace:
#0 F:\xampp\htdocs\modesy-2.6.2\system\Database\MySQLi\Connection.php(327): mysqli->query('INSERT INTO `ca...', 0)
#1 F:\xampp\htdocs\modesy-2.6.2\system\Database\BaseConnection.php(729): CodeIgniter\Database\MySQLi\Connection->execute('INSERT INTO `ca...')
#2 F:\xampp\htdocs\modesy-2.6.2\system\Database\BaseConnection.php(646): CodeIgniter\Database\BaseConnection->simpleQuery('INSERT INTO `ca...')
#3 F:\xampp\htdocs\modesy-2.6.2\system\Database\BaseBuilder.php(2345): CodeIgniter\Database\BaseConnection->query('INSERT INTO `ca...', Array, false)
#4 F:\xampp\htdocs\modesy-2.6.2\app\Models\CartModel.php(70): CodeIgniter\Database\BaseBuilder->insert(Array)
#5 F:\xampp\htdocs\modesy-2.6.2\app\Models\CartModel.php(249): App\Models\CartModel->createCart()
#6 F:\xampp\htdocs\modesy-2.6.2\app\Controllers\CartController.php(64): App\Models\CartModel->addToCart(Object(stdClass), '1', '104', '')
#7 F:\xampp\htdocs\modesy-2.6.2\system\CodeIgniter.php(933): App\Controllers\CartController->addToCart()
#8 F:\xampp\htdocs\modesy-2.6.2\system\CodeIgniter.php(507): CodeIgniter\CodeIgniter->runController(Object(App\Controllers\CartController))
#9 F:\xampp\htdocs\modesy-2.6.2\system\CodeIgniter.php(354): CodeIgniter\CodeIgniter->handleRequest(NULL, Object(Config\Cache), false)
#10 F:\xampp\htdocs\modesy-2.6.2\system\Boot.php(363): CodeIgniter\CodeIgniter->run()
#11 F:\xampp\htdocs\modesy-2.6.2\system\Boot.php(68): CodeIgniter\Boot::runCodeIgniter(Object(CodeIgniter\CodeIgniter))
#12 F:\xampp\htdocs\modesy-2.6.2\index.php(59): CodeIgniter\Boot::bootWeb(Object(Config\Paths))
#13 {main}
CRITICAL - 2025-12-04 17:30:30 --> CodeIgniter\Database\Exceptions\DatabaseException: Duplicate entry '0' for key 'PRIMARY'
[Method: POST, Route: cart/add-to-cart]
in SYSTEMPATH\Database\BaseConnection.php on line 684.
 1 SYSTEMPATH\Database\BaseBuilder.php(2345): CodeIgniter\Database\BaseConnection->query('INSERT INTO `carts` (`user_id`, `session_id`, `currency_code`, `currency_code_base`, `exchange_rate`, `shipping_data`, `shipping_cost`, `shipping_cost_data`, `coupon_code`, `payment_method`, `location_country_id`, `location_state_id`, `updated_at`, `created_at`) VALUES (:user_id:, :session_id:, :currency_code:, :currency_code_base:, :exchange_rate:, :shipping_data:, :shipping_cost:, :shipping_cost_data:, :coupon_code:, :payment_method:, :location_country_id:, :location_state_id:, :updated_at:, :created_at:)', [...], false)
 2 APPPATH\Models\CartModel.php(70): CodeIgniter\Database\BaseBuilder->insert([...])
 3 APPPATH\Models\CartModel.php(249): App\Models\CartModel->createCart()
 4 APPPATH\Controllers\CartController.php(64): App\Models\CartModel->addToCart(Object(stdClass), '1', '104', '')
 5 SYSTEMPATH\CodeIgniter.php(933): App\Controllers\CartController->addToCart()
 6 SYSTEMPATH\CodeIgniter.php(507): CodeIgniter\CodeIgniter->runController(Object(App\Controllers\CartController))
 7 SYSTEMPATH\CodeIgniter.php(354): CodeIgniter\CodeIgniter->handleRequest(null, Object(Config\Cache), false)
 8 SYSTEMPATH\Boot.php(363): CodeIgniter\CodeIgniter->run()
 9 SYSTEMPATH\Boot.php(68): CodeIgniter\Boot::runCodeIgniter(Object(CodeIgniter\CodeIgniter))
10 FCPATH\index.php(59): CodeIgniter\Boot::bootWeb(Object(Config\Paths))
CRITICAL - 2025-12-04 17:30:30 --> [Caused by] CodeIgniter\Database\Exceptions\DatabaseException: Duplicate entry '0' for key 'PRIMARY'
in SYSTEMPATH\Database\MySQLi\Connection.php on line 332.
 1 SYSTEMPATH\Database\BaseConnection.php(729): CodeIgniter\Database\MySQLi\Connection->execute('INSERT INTO `carts` (`user_id`, `session_id`, `currency_code`, `currency_code_base`, `exchange_rate`, `shipping_data`, `shipping_cost`, `shipping_cost_data`, `coupon_code`, `payment_method`, `location_country_id`, `location_state_id`, `updated_at`, `created_at`) VALUES (0, \'4436704acaa3d0841610ca99df4d315ae55927cc\', \'USD\', \'USD\', \'1\', \'\', 0, \'\', \'\', \'\', 0, 0, \'2025-12-04 17:30:30\', \'2025-12-04 17:30:30\')')
 2 SYSTEMPATH\Database\BaseConnection.php(646): CodeIgniter\Database\BaseConnection->simpleQuery('INSERT INTO `carts` (`user_id`, `session_id`, `currency_code`, `currency_code_base`, `exchange_rate`, `shipping_data`, `shipping_cost`, `shipping_cost_data`, `coupon_code`, `payment_method`, `location_country_id`, `location_state_id`, `updated_at`, `created_at`) VALUES (0, \'4436704acaa3d0841610ca99df4d315ae55927cc\', \'USD\', \'USD\', \'1\', \'\', 0, \'\', \'\', \'\', 0, 0, \'2025-12-04 17:30:30\', \'2025-12-04 17:30:30\')')
 3 SYSTEMPATH\Database\BaseBuilder.php(2345): CodeIgniter\Database\BaseConnection->query('INSERT INTO `carts` (`user_id`, `session_id`, `currency_code`, `currency_code_base`, `exchange_rate`, `shipping_data`, `shipping_cost`, `shipping_cost_data`, `coupon_code`, `payment_method`, `location_country_id`, `location_state_id`, `updated_at`, `created_at`) VALUES (:user_id:, :session_id:, :currency_code:, :currency_code_base:, :exchange_rate:, :shipping_data:, :shipping_cost:, :shipping_cost_data:, :coupon_code:, :payment_method:, :location_country_id:, :location_state_id:, :updated_at:, :created_at:)', [...], false)
 4 APPPATH\Models\CartModel.php(70): CodeIgniter\Database\BaseBuilder->insert([...])
 5 APPPATH\Models\CartModel.php(249): App\Models\CartModel->createCart()
 6 APPPATH\Controllers\CartController.php(64): App\Models\CartModel->addToCart(Object(stdClass), '1', '104', '')
 7 SYSTEMPATH\CodeIgniter.php(933): App\Controllers\CartController->addToCart()
 8 SYSTEMPATH\CodeIgniter.php(507): CodeIgniter\CodeIgniter->runController(Object(App\Controllers\CartController))
 9 SYSTEMPATH\CodeIgniter.php(354): CodeIgniter\CodeIgniter->handleRequest(null, Object(Config\Cache), false)
10 SYSTEMPATH\Boot.php(363): CodeIgniter\CodeIgniter->run()
11 SYSTEMPATH\Boot.php(68): CodeIgniter\Boot::runCodeIgniter(Object(CodeIgniter\CodeIgniter))
12 FCPATH\index.php(59): CodeIgniter\Boot::bootWeb(Object(Config\Paths))
CRITICAL - 2025-12-04 17:30:30 --> [Caused by] mysqli_sql_exception: Duplicate entry '0' for key 'PRIMARY'
in SYSTEMPATH\Database\MySQLi\Connection.php on line 327.
 1 SYSTEMPATH\Database\MySQLi\Connection.php(327): mysqli->query('INSERT INTO `carts` (`user_id`, `session_id`, `currency_code`, `currency_code_base`, `exchange_rate`, `shipping_data`, `shipping_cost`, `shipping_cost_data`, `coupon_code`, `payment_method`, `location_country_id`, `location_state_id`, `updated_at`, `created_at`) VALUES (0, \'4436704acaa3d0841610ca99df4d315ae55927cc\', \'USD\', \'USD\', \'1\', \'\', 0, \'\', \'\', \'\', 0, 0, \'2025-12-04 17:30:30\', \'2025-12-04 17:30:30\')', 0)
 2 SYSTEMPATH\Database\BaseConnection.php(729): CodeIgniter\Database\MySQLi\Connection->execute('INSERT INTO `carts` (`user_id`, `session_id`, `currency_code`, `currency_code_base`, `exchange_rate`, `shipping_data`, `shipping_cost`, `shipping_cost_data`, `coupon_code`, `payment_method`, `location_country_id`, `location_state_id`, `updated_at`, `created_at`) VALUES (0, \'4436704acaa3d0841610ca99df4d315ae55927cc\', \'USD\', \'USD\', \'1\', \'\', 0, \'\', \'\', \'\', 0, 0, \'2025-12-04 17:30:30\', \'2025-12-04 17:30:30\')')
 3 SYSTEMPATH\Database\BaseConnection.php(646): CodeIgniter\Database\BaseConnection->simpleQuery('INSERT INTO `carts` (`user_id`, `session_id`, `currency_code`, `currency_code_base`, `exchange_rate`, `shipping_data`, `shipping_cost`, `shipping_cost_data`, `coupon_code`, `payment_method`, `location_country_id`, `location_state_id`, `updated_at`, `created_at`) VALUES (0, \'4436704acaa3d0841610ca99df4d315ae55927cc\', \'USD\', \'USD\', \'1\', \'\', 0, \'\', \'\', \'\', 0, 0, \'2025-12-04 17:30:30\', \'2025-12-04 17:30:30\')')
 4 SYSTEMPATH\Database\BaseBuilder.php(2345): CodeIgniter\Database\BaseConnection->query('INSERT INTO `carts` (`user_id`, `session_id`, `currency_code`, `currency_code_base`, `exchange_rate`, `shipping_data`, `shipping_cost`, `shipping_cost_data`, `coupon_code`, `payment_method`, `location_country_id`, `location_state_id`, `updated_at`, `created_at`) VALUES (:user_id:, :session_id:, :currency_code:, :currency_code_base:, :exchange_rate:, :shipping_data:, :shipping_cost:, :shipping_cost_data:, :coupon_code:, :payment_method:, :location_country_id:, :location_state_id:, :updated_at:, :created_at:)', [...], false)
 5 APPPATH\Models\CartModel.php(70): CodeIgniter\Database\BaseBuilder->insert([...])
 6 APPPATH\Models\CartModel.php(249): App\Models\CartModel->createCart()
 7 APPPATH\Controllers\CartController.php(64): App\Models\CartModel->addToCart(Object(stdClass), '1', '104', '')
 8 SYSTEMPATH\CodeIgniter.php(933): App\Controllers\CartController->addToCart()
 9 SYSTEMPATH\CodeIgniter.php(507): CodeIgniter\CodeIgniter->runController(Object(App\Controllers\CartController))
10 SYSTEMPATH\CodeIgniter.php(354): CodeIgniter\CodeIgniter->handleRequest(null, Object(Config\Cache), false)
11 SYSTEMPATH\Boot.php(363): CodeIgniter\CodeIgniter->run()
12 SYSTEMPATH\Boot.php(68): CodeIgniter\Boot::runCodeIgniter(Object(CodeIgniter\CodeIgniter))
13 FCPATH\index.php(59): CodeIgniter\Boot::bootWeb(Object(Config\Paths))
ERROR - 2025-12-04 17:31:15 --> mysqli_sql_exception: Duplicate entry '0' for key 'PRIMARY' in F:\xampp\htdocs\modesy-2.6.2\system\Database\MySQLi\Connection.php:327
Stack trace:
#0 F:\xampp\htdocs\modesy-2.6.2\system\Database\MySQLi\Connection.php(327): mysqli->query('INSERT INTO `ca...', 0)
#1 F:\xampp\htdocs\modesy-2.6.2\system\Database\BaseConnection.php(729): CodeIgniter\Database\MySQLi\Connection->execute('INSERT INTO `ca...')
#2 F:\xampp\htdocs\modesy-2.6.2\system\Database\BaseConnection.php(646): CodeIgniter\Database\BaseConnection->simpleQuery('INSERT INTO `ca...')
#3 F:\xampp\htdocs\modesy-2.6.2\system\Database\BaseBuilder.php(2345): CodeIgniter\Database\BaseConnection->query('INSERT INTO `ca...', Array, false)
#4 F:\xampp\htdocs\modesy-2.6.2\app\Models\CartModel.php(70): CodeIgniter\Database\BaseBuilder->insert(Array)
#5 F:\xampp\htdocs\modesy-2.6.2\app\Models\CartModel.php(249): App\Models\CartModel->createCart()
#6 F:\xampp\htdocs\modesy-2.6.2\app\Controllers\CartController.php(64): App\Models\CartModel->addToCart(Object(stdClass), '1', '104', '')
#7 F:\xampp\htdocs\modesy-2.6.2\system\CodeIgniter.php(933): App\Controllers\CartController->addToCart()
#8 F:\xampp\htdocs\modesy-2.6.2\system\CodeIgniter.php(507): CodeIgniter\CodeIgniter->runController(Object(App\Controllers\CartController))
#9 F:\xampp\htdocs\modesy-2.6.2\system\CodeIgniter.php(354): CodeIgniter\CodeIgniter->handleRequest(NULL, Object(Config\Cache), false)
#10 F:\xampp\htdocs\modesy-2.6.2\system\Boot.php(363): CodeIgniter\CodeIgniter->run()
#11 F:\xampp\htdocs\modesy-2.6.2\system\Boot.php(68): CodeIgniter\Boot::runCodeIgniter(Object(CodeIgniter\CodeIgniter))
#12 F:\xampp\htdocs\modesy-2.6.2\index.php(59): CodeIgniter\Boot::bootWeb(Object(Config\Paths))
#13 {main}
CRITICAL - 2025-12-04 17:31:15 --> CodeIgniter\Database\Exceptions\DatabaseException: Duplicate entry '0' for key 'PRIMARY'
[Method: POST, Route: cart/add-to-cart]
in SYSTEMPATH\Database\BaseConnection.php on line 684.
 1 SYSTEMPATH\Database\BaseBuilder.php(2345): CodeIgniter\Database\BaseConnection->query('INSERT INTO `carts` (`user_id`, `session_id`, `currency_code`, `currency_code_base`, `exchange_rate`, `shipping_data`, `shipping_cost`, `shipping_cost_data`, `coupon_code`, `payment_method`, `location_country_id`, `location_state_id`, `updated_at`, `created_at`) VALUES (:user_id:, :session_id:, :currency_code:, :currency_code_base:, :exchange_rate:, :shipping_data:, :shipping_cost:, :shipping_cost_data:, :coupon_code:, :payment_method:, :location_country_id:, :location_state_id:, :updated_at:, :created_at:)', [...], false)
 2 APPPATH\Models\CartModel.php(70): CodeIgniter\Database\BaseBuilder->insert([...])
 3 APPPATH\Models\CartModel.php(249): App\Models\CartModel->createCart()
 4 APPPATH\Controllers\CartController.php(64): App\Models\CartModel->addToCart(Object(stdClass), '1', '104', '')
 5 SYSTEMPATH\CodeIgniter.php(933): App\Controllers\CartController->addToCart()
 6 SYSTEMPATH\CodeIgniter.php(507): CodeIgniter\CodeIgniter->runController(Object(App\Controllers\CartController))
 7 SYSTEMPATH\CodeIgniter.php(354): CodeIgniter\CodeIgniter->handleRequest(null, Object(Config\Cache), false)
 8 SYSTEMPATH\Boot.php(363): CodeIgniter\CodeIgniter->run()
 9 SYSTEMPATH\Boot.php(68): CodeIgniter\Boot::runCodeIgniter(Object(CodeIgniter\CodeIgniter))
10 FCPATH\index.php(59): CodeIgniter\Boot::bootWeb(Object(Config\Paths))
CRITICAL - 2025-12-04 17:31:15 --> [Caused by] CodeIgniter\Database\Exceptions\DatabaseException: Duplicate entry '0' for key 'PRIMARY'
in SYSTEMPATH\Database\MySQLi\Connection.php on line 332.
 1 SYSTEMPATH\Database\BaseConnection.php(729): CodeIgniter\Database\MySQLi\Connection->execute('INSERT INTO `carts` (`user_id`, `session_id`, `currency_code`, `currency_code_base`, `exchange_rate`, `shipping_data`, `shipping_cost`, `shipping_cost_data`, `coupon_code`, `payment_method`, `location_country_id`, `location_state_id`, `updated_at`, `created_at`) VALUES (0, \'2cbd85e9dfd0d9174904da53ab7444ac017010fd\', \'USD\', \'USD\', \'1\', \'\', 0, \'\', \'\', \'\', 0, 0, \'2025-12-04 17:31:15\', \'2025-12-04 17:31:15\')')
 2 SYSTEMPATH\Database\BaseConnection.php(646): CodeIgniter\Database\BaseConnection->simpleQuery('INSERT INTO `carts` (`user_id`, `session_id`, `currency_code`, `currency_code_base`, `exchange_rate`, `shipping_data`, `shipping_cost`, `shipping_cost_data`, `coupon_code`, `payment_method`, `location_country_id`, `location_state_id`, `updated_at`, `created_at`) VALUES (0, \'2cbd85e9dfd0d9174904da53ab7444ac017010fd\', \'USD\', \'USD\', \'1\', \'\', 0, \'\', \'\', \'\', 0, 0, \'2025-12-04 17:31:15\', \'2025-12-04 17:31:15\')')
 3 SYSTEMPATH\Database\BaseBuilder.php(2345): CodeIgniter\Database\BaseConnection->query('INSERT INTO `carts` (`user_id`, `session_id`, `currency_code`, `currency_code_base`, `exchange_rate`, `shipping_data`, `shipping_cost`, `shipping_cost_data`, `coupon_code`, `payment_method`, `location_country_id`, `location_state_id`, `updated_at`, `created_at`) VALUES (:user_id:, :session_id:, :currency_code:, :currency_code_base:, :exchange_rate:, :shipping_data:, :shipping_cost:, :shipping_cost_data:, :coupon_code:, :payment_method:, :location_country_id:, :location_state_id:, :updated_at:, :created_at:)', [...], false)
 4 APPPATH\Models\CartModel.php(70): CodeIgniter\Database\BaseBuilder->insert([...])
 5 APPPATH\Models\CartModel.php(249): App\Models\CartModel->createCart()
 6 APPPATH\Controllers\CartController.php(64): App\Models\CartModel->addToCart(Object(stdClass), '1', '104', '')
 7 SYSTEMPATH\CodeIgniter.php(933): App\Controllers\CartController->addToCart()
 8 SYSTEMPATH\CodeIgniter.php(507): CodeIgniter\CodeIgniter->runController(Object(App\Controllers\CartController))
 9 SYSTEMPATH\CodeIgniter.php(354): CodeIgniter\CodeIgniter->handleRequest(null, Object(Config\Cache), false)
10 SYSTEMPATH\Boot.php(363): CodeIgniter\CodeIgniter->run()
11 SYSTEMPATH\Boot.php(68): CodeIgniter\Boot::runCodeIgniter(Object(CodeIgniter\CodeIgniter))
12 FCPATH\index.php(59): CodeIgniter\Boot::bootWeb(Object(Config\Paths))
CRITICAL - 2025-12-04 17:31:15 --> [Caused by] mysqli_sql_exception: Duplicate entry '0' for key 'PRIMARY'
in SYSTEMPATH\Database\MySQLi\Connection.php on line 327.
 1 SYSTEMPATH\Database\MySQLi\Connection.php(327): mysqli->query('INSERT INTO `carts` (`user_id`, `session_id`, `currency_code`, `currency_code_base`, `exchange_rate`, `shipping_data`, `shipping_cost`, `shipping_cost_data`, `coupon_code`, `payment_method`, `location_country_id`, `location_state_id`, `updated_at`, `created_at`) VALUES (0, \'2cbd85e9dfd0d9174904da53ab7444ac017010fd\', \'USD\', \'USD\', \'1\', \'\', 0, \'\', \'\', \'\', 0, 0, \'2025-12-04 17:31:15\', \'2025-12-04 17:31:15\')', 0)
 2 SYSTEMPATH\Database\BaseConnection.php(729): CodeIgniter\Database\MySQLi\Connection->execute('INSERT INTO `carts` (`user_id`, `session_id`, `currency_code`, `currency_code_base`, `exchange_rate`, `shipping_data`, `shipping_cost`, `shipping_cost_data`, `coupon_code`, `payment_method`, `location_country_id`, `location_state_id`, `updated_at`, `created_at`) VALUES (0, \'2cbd85e9dfd0d9174904da53ab7444ac017010fd\', \'USD\', \'USD\', \'1\', \'\', 0, \'\', \'\', \'\', 0, 0, \'2025-12-04 17:31:15\', \'2025-12-04 17:31:15\')')
 3 SYSTEMPATH\Database\BaseConnection.php(646): CodeIgniter\Database\BaseConnection->simpleQuery('INSERT INTO `carts` (`user_id`, `session_id`, `currency_code`, `currency_code_base`, `exchange_rate`, `shipping_data`, `shipping_cost`, `shipping_cost_data`, `coupon_code`, `payment_method`, `location_country_id`, `location_state_id`, `updated_at`, `created_at`) VALUES (0, \'2cbd85e9dfd0d9174904da53ab7444ac017010fd\', \'USD\', \'USD\', \'1\', \'\', 0, \'\', \'\', \'\', 0, 0, \'2025-12-04 17:31:15\', \'2025-12-04 17:31:15\')')
 4 SYSTEMPATH\Database\BaseBuilder.php(2345): CodeIgniter\Database\BaseConnection->query('INSERT INTO `carts` (`user_id`, `session_id`, `currency_code`, `currency_code_base`, `exchange_rate`, `shipping_data`, `shipping_cost`, `shipping_cost_data`, `coupon_code`, `payment_method`, `location_country_id`, `location_state_id`, `updated_at`, `created_at`) VALUES (:user_id:, :session_id:, :currency_code:, :currency_code_base:, :exchange_rate:, :shipping_data:, :shipping_cost:, :shipping_cost_data:, :coupon_code:, :payment_method:, :location_country_id:, :location_state_id:, :updated_at:, :created_at:)', [...], false)
 5 APPPATH\Models\CartModel.php(70): CodeIgniter\Database\BaseBuilder->insert([...])
 6 APPPATH\Models\CartModel.php(249): App\Models\CartModel->createCart()
 7 APPPATH\Controllers\CartController.php(64): App\Models\CartModel->addToCart(Object(stdClass), '1', '104', '')
 8 SYSTEMPATH\CodeIgniter.php(933): App\Controllers\CartController->addToCart()
 9 SYSTEMPATH\CodeIgniter.php(507): CodeIgniter\CodeIgniter->runController(Object(App\Controllers\CartController))
10 SYSTEMPATH\CodeIgniter.php(354): CodeIgniter\CodeIgniter->handleRequest(null, Object(Config\Cache), false)
11 SYSTEMPATH\Boot.php(363): CodeIgniter\CodeIgniter->run()
12 SYSTEMPATH\Boot.php(68): CodeIgniter\Boot::runCodeIgniter(Object(CodeIgniter\CodeIgniter))
13 FCPATH\index.php(59): CodeIgniter\Boot::bootWeb(Object(Config\Paths))
