CRITICAL - 2025-12-17 01:24:32 --> Error: Call to undefined function generateAlternateTags()
[Method: GET, Route: cart/payment-method]
in APPPATH/Views/partials/_header.php on line 59.
 1 SYSTEMPATH/View/View.php(226): include()
 2 SYSTEMPATH/View/View.php(229): CodeIgniter\View\View->CodeIgniter\View\{closure}()
 3 SYSTEMPATH/Common.php(1203): CodeIgniter\View\View->render()
 4 APPPATH/Controllers/CartController.php(395): view()
 5 SYSTEMPATH/CodeIgniter.php(933): App\Controllers\CartController->paymentMethod()
 6 SYSTEMPATH/CodeIgniter.php(507): CodeIgniter\CodeIgniter->runController()
 7 SYSTEMPATH/CodeIgniter.php(354): CodeIgniter\CodeIgniter->handleRequest()
 8 SYSTEMPATH/Boot.php(363): CodeIgniter\CodeIgniter->run()
 9 SYSTEMPATH/Boot.php(68): CodeIgniter\Boot::runCodeIgniter()
10 FCPATH/index.php(59): CodeIgniter\Boot::bootWeb()
CRITICAL - 2025-12-17 01:24:39 --> Error: Call to undefined function generateAlternateTags()
[Method: GET, Route: cart]
in APPPATH/Views/partials/_header.php on line 59.
 1 SYSTEMPATH/View/View.php(226): include()
 2 SYSTEMPATH/View/View.php(229): CodeIgniter\View\View->CodeIgniter\View\{closure}()
 3 SYSTEMPATH/Common.php(1203): CodeIgniter\View\View->render()
 4 APPPATH/Controllers/CartController.php(47): view()
 5 SYSTEMPATH/CodeIgniter.php(933): App\Controllers\CartController->cart()
 6 SYSTEMPATH/CodeIgniter.php(507): CodeIgniter\CodeIgniter->runController()
 7 SYSTEMPATH/CodeIgniter.php(354): CodeIgniter\CodeIgniter->handleRequest()
 8 SYSTEMPATH/Boot.php(363): CodeIgniter\CodeIgniter->run()
 9 SYSTEMPATH/Boot.php(68): CodeIgniter\Boot::runCodeIgniter()
10 FCPATH/index.php(59): CodeIgniter\Boot::bootWeb()
CRITICAL - 2025-12-17 01:24:44 --> Error: Call to undefined function generateAlternateTags()
[Method: GET, Route: /]
in APPPATH/Views/partials/_header.php on line 59.
 1 SYSTEMPATH/View/View.php(226): include()
 2 SYSTEMPATH/View/View.php(229): CodeIgniter\View\View->CodeIgniter\View\{closure}()
 3 SYSTEMPATH/Common.php(1203): CodeIgniter\View\View->render()
 4 APPPATH/Controllers/HomeController.php(77): view()
 5 SYSTEMPATH/CodeIgniter.php(933): App\Controllers\HomeController->index()
 6 SYSTEMPATH/CodeIgniter.php(507): CodeIgniter\CodeIgniter->runController()
 7 SYSTEMPATH/CodeIgniter.php(354): CodeIgniter\CodeIgniter->handleRequest()
 8 SYSTEMPATH/Boot.php(363): CodeIgniter\CodeIgniter->run()
 9 SYSTEMPATH/Boot.php(68): CodeIgniter\Boot::runCodeIgniter()
10 FCPATH/index.php(59): CodeIgniter\Boot::bootWeb()
CRITICAL - 2025-12-17 01:24:56 --> Error: Call to undefined function generateAlternateTags()
[Method: GET, Route: /]
in APPPATH/Views/partials/_header.php on line 59.
 1 SYSTEMPATH/View/View.php(226): include()
 2 SYSTEMPATH/View/View.php(229): CodeIgniter\View\View->CodeIgniter\View\{closure}()
 3 SYSTEMPATH/Common.php(1203): CodeIgniter\View\View->render()
 4 APPPATH/Controllers/HomeController.php(77): view()
 5 SYSTEMPATH/CodeIgniter.php(933): App\Controllers\HomeController->index()
 6 SYSTEMPATH/CodeIgniter.php(507): CodeIgniter\CodeIgniter->runController()
 7 SYSTEMPATH/CodeIgniter.php(354): CodeIgniter\CodeIgniter->handleRequest()
 8 SYSTEMPATH/Boot.php(363): CodeIgniter\CodeIgniter->run()
 9 SYSTEMPATH/Boot.php(68): CodeIgniter\Boot::runCodeIgniter()
10 FCPATH/index.php(59): CodeIgniter\Boot::bootWeb()
CRITICAL - 2025-12-17 01:25:03 --> Error: Call to undefined function generateAlternateTags()
[Method: GET, Route: /]
in APPPATH/Views/partials/_header.php on line 59.
 1 SYSTEMPATH/View/View.php(226): include()
 2 SYSTEMPATH/View/View.php(229): CodeIgniter\View\View->CodeIgniter\View\{closure}()
 3 SYSTEMPATH/Common.php(1203): CodeIgniter\View\View->render()
 4 APPPATH/Controllers/HomeController.php(77): view()
 5 SYSTEMPATH/CodeIgniter.php(933): App\Controllers\HomeController->index()
 6 SYSTEMPATH/CodeIgniter.php(507): CodeIgniter\CodeIgniter->runController()
 7 SYSTEMPATH/CodeIgniter.php(354): CodeIgniter\CodeIgniter->handleRequest()
 8 SYSTEMPATH/Boot.php(363): CodeIgniter\CodeIgniter->run()
 9 SYSTEMPATH/Boot.php(68): CodeIgniter\Boot::runCodeIgniter()
10 FCPATH/index.php(59): CodeIgniter\Boot::bootWeb()
CRITICAL - 2025-12-17 01:25:07 --> Error: Call to undefined function generateAlternateTags()
[Method: GET, Route: /]
in APPPATH/Views/partials/_header.php on line 59.
 1 SYSTEMPATH/View/View.php(226): include()
 2 SYSTEMPATH/View/View.php(229): CodeIgniter\View\View->CodeIgniter\View\{closure}()
 3 SYSTEMPATH/Common.php(1203): CodeIgniter\View\View->render()
 4 APPPATH/Controllers/HomeController.php(77): view()
 5 SYSTEMPATH/CodeIgniter.php(933): App\Controllers\HomeController->index()
 6 SYSTEMPATH/CodeIgniter.php(507): CodeIgniter\CodeIgniter->runController()
 7 SYSTEMPATH/CodeIgniter.php(354): CodeIgniter\CodeIgniter->handleRequest()
 8 SYSTEMPATH/Boot.php(363): CodeIgniter\CodeIgniter->run()
 9 SYSTEMPATH/Boot.php(68): CodeIgniter\Boot::runCodeIgniter()
10 FCPATH/index.php(59): CodeIgniter\Boot::bootWeb()
CRITICAL - 2025-12-17 01:25:08 --> Error: Call to undefined function generateAlternateTags()
[Method: GET, Route: /]
in APPPATH/Views/partials/_header.php on line 59.
 1 SYSTEMPATH/View/View.php(226): include()
 2 SYSTEMPATH/View/View.php(229): CodeIgniter\View\View->CodeIgniter\View\{closure}()
 3 SYSTEMPATH/Common.php(1203): CodeIgniter\View\View->render()
 4 APPPATH/Controllers/HomeController.php(77): view()
 5 SYSTEMPATH/CodeIgniter.php(933): App\Controllers\HomeController->index()
 6 SYSTEMPATH/CodeIgniter.php(507): CodeIgniter\CodeIgniter->runController()
 7 SYSTEMPATH/CodeIgniter.php(354): CodeIgniter\CodeIgniter->handleRequest()
 8 SYSTEMPATH/Boot.php(363): CodeIgniter\CodeIgniter->run()
 9 SYSTEMPATH/Boot.php(68): CodeIgniter\Boot::runCodeIgniter()
10 FCPATH/index.php(59): CodeIgniter\Boot::bootWeb()
CRITICAL - 2025-12-17 01:26:03 --> Error: Call to undefined function generateAlternateTags()
[Method: GET, Route: /]
in APPPATH/Views/partials/_header.php on line 59.
 1 SYSTEMPATH/View/View.php(226): include()
 2 SYSTEMPATH/View/View.php(229): CodeIgniter\View\View->CodeIgniter\View\{closure}()
 3 SYSTEMPATH/Common.php(1203): CodeIgniter\View\View->render()
 4 APPPATH/Controllers/HomeController.php(77): view()
 5 SYSTEMPATH/CodeIgniter.php(933): App\Controllers\HomeController->index()
 6 SYSTEMPATH/CodeIgniter.php(507): CodeIgniter\CodeIgniter->runController()
 7 SYSTEMPATH/CodeIgniter.php(354): CodeIgniter\CodeIgniter->handleRequest()
 8 SYSTEMPATH/Boot.php(363): CodeIgniter\CodeIgniter->run()
 9 SYSTEMPATH/Boot.php(68): CodeIgniter\Boot::runCodeIgniter()
10 FCPATH/index.php(59): CodeIgniter\Boot::bootWeb()
CRITICAL - 2025-12-17 01:26:06 --> Error: Call to undefined function generateAlternateTags()
[Method: GET, Route: /]
in APPPATH/Views/partials/_header.php on line 59.
 1 SYSTEMPATH/View/View.php(226): include()
 2 SYSTEMPATH/View/View.php(229): CodeIgniter\View\View->CodeIgniter\View\{closure}()
 3 SYSTEMPATH/Common.php(1203): CodeIgniter\View\View->render()
 4 APPPATH/Controllers/HomeController.php(77): view()
 5 SYSTEMPATH/CodeIgniter.php(933): App\Controllers\HomeController->index()
 6 SYSTEMPATH/CodeIgniter.php(507): CodeIgniter\CodeIgniter->runController()
 7 SYSTEMPATH/CodeIgniter.php(354): CodeIgniter\CodeIgniter->handleRequest()
 8 SYSTEMPATH/Boot.php(363): CodeIgniter\CodeIgniter->run()
 9 SYSTEMPATH/Boot.php(68): CodeIgniter\Boot::runCodeIgniter()
10 FCPATH/index.php(59): CodeIgniter\Boot::bootWeb()
CRITICAL - 2025-12-17 01:27:29 --> Error: Call to undefined function generateAlternateTags()
[Method: GET, Route: /]
in APPPATH/Views/partials/_header.php on line 59.
 1 SYSTEMPATH/View/View.php(226): include()
 2 SYSTEMPATH/View/View.php(229): CodeIgniter\View\View->CodeIgniter\View\{closure}()
 3 SYSTEMPATH/Common.php(1203): CodeIgniter\View\View->render()
 4 APPPATH/Controllers/HomeController.php(77): view()
 5 SYSTEMPATH/CodeIgniter.php(933): App\Controllers\HomeController->index()
 6 SYSTEMPATH/CodeIgniter.php(507): CodeIgniter\CodeIgniter->runController()
 7 SYSTEMPATH/CodeIgniter.php(354): CodeIgniter\CodeIgniter->handleRequest()
 8 SYSTEMPATH/Boot.php(363): CodeIgniter\CodeIgniter->run()
 9 SYSTEMPATH/Boot.php(68): CodeIgniter\Boot::runCodeIgniter()
10 FCPATH/index.php(59): CodeIgniter\Boot::bootWeb()
