ERROR - 2025-11-26 05:56:58 --> Error connecting to the database: ErrorException: mysqli::real_connect(): Error while reading greeting packet. PID=3360 in F:\xampp\htdocs\modesy-2.6.2\system\Database\MySQLi\Connection.php:201
Stack trace:
#0 [internal function]: CodeIgniter\Debug\Exceptions->errorHandler(2, 'mysqli::real_co...', 'F:\\xampp\\htdocs...', 201)
#1 F:\xampp\htdocs\modesy-2.6.2\system\Database\MySQLi\Connection.php(201): mysqli->real_connect('localhost', 'root', Object(SensitiveParameterValue), 'desibazar', 3306, '', 0)
#2 F:\xampp\htdocs\modesy-2.6.2\system\Database\BaseConnection.php(419): CodeIgniter\Database\MySQLi\Connection->connect(false)
#3 F:\xampp\htdocs\modesy-2.6.2\system\Session\Handlers\DatabaseHandler.php(100): CodeIgniter\Database\BaseConnection->initialize()
#4 [internal function]: CodeIgniter\Session\Handlers\DatabaseHandler->open('ci_sessions', 'mds_session')
#5 F:\xampp\htdocs\modesy-2.6.2\system\Session\Session.php(912): session_start()
#6 F:\xampp\htdocs\modesy-2.6.2\system\Session\Session.php(243): CodeIgniter\Session\Session->startSession()
#7 F:\xampp\htdocs\modesy-2.6.2\system\Config\Services.php(715): CodeIgniter\Session\Session->start()
#8 F:\xampp\htdocs\modesy-2.6.2\system\Config\BaseService.php(312): CodeIgniter\Config\Services::session(Object(Config\Session), false)
#9 F:\xampp\htdocs\modesy-2.6.2\system\Config\BaseService.php(251): CodeIgniter\Config\BaseService::__callStatic('session', Array)
#10 F:\xampp\htdocs\modesy-2.6.2\system\Config\Services.php(668): CodeIgniter\Config\BaseService::getSharedInstance('session', NULL)
#11 F:\xampp\htdocs\modesy-2.6.2\system\Config\BaseService.php(321): CodeIgniter\Config\Services::session()
#12 F:\xampp\htdocs\modesy-2.6.2\system\Config\BaseService.php(202): CodeIgniter\Config\BaseService::__callStatic('session', Array)
#13 F:\xampp\htdocs\modesy-2.6.2\system\Common.php(1031): CodeIgniter\Config\BaseService::get('session')
#14 F:\xampp\htdocs\modesy-2.6.2\system\Common.php(1004): service('session')
#15 F:\xampp\htdocs\modesy-2.6.2\app\Services\AppContextService.php(37): session()
#16 F:\xampp\htdocs\modesy-2.6.2\app\Config\Services.php(29): App\Services\AppContextService->__construct()
#17 F:\xampp\htdocs\modesy-2.6.2\system\Config\BaseService.php(251): Config\Services::appContext(false)
#18 F:\xampp\htdocs\modesy-2.6.2\app\Config\Services.php(26): CodeIgniter\Config\BaseService::getSharedInstance('appcontext')
#19 F:\xampp\htdocs\modesy-2.6.2\system\Config\BaseService.php(321): Config\Services::appContext()
#20 F:\xampp\htdocs\modesy-2.6.2\system\Config\BaseService.php(202): CodeIgniter\Config\BaseService::__callStatic('appContext', Array)
#21 F:\xampp\htdocs\modesy-2.6.2\system\Common.php(1031): CodeIgniter\Config\BaseService::get('appContext')
#22 F:\xampp\htdocs\modesy-2.6.2\app\Common.php(20): service('appContext')
#23 F:\xampp\htdocs\modesy-2.6.2\app\Config\Routes.php(33): getContextValue('languages')
#24 F:\xampp\htdocs\modesy-2.6.2\system\Router\RouteCollection.php(339): require('F:\\xampp\\htdocs...')
#25 F:\xampp\htdocs\modesy-2.6.2\system\CodeIgniter.php(821): CodeIgniter\Router\RouteCollection->loadRoutes()
#26 F:\xampp\htdocs\modesy-2.6.2\system\CodeIgniter.php(455): CodeIgniter\CodeIgniter->tryToRouteIt(NULL)
#27 F:\xampp\htdocs\modesy-2.6.2\system\CodeIgniter.php(354): CodeIgniter\CodeIgniter->handleRequest(NULL, Object(Config\Cache), false)
#28 F:\xampp\htdocs\modesy-2.6.2\system\Boot.php(363): CodeIgniter\CodeIgniter->run()
#29 F:\xampp\htdocs\modesy-2.6.2\system\Boot.php(68): CodeIgniter\Boot::runCodeIgniter(Object(CodeIgniter\CodeIgniter))
#30 F:\xampp\htdocs\modesy-2.6.2\index.php(59): CodeIgniter\Boot::bootWeb(Object(Config\Paths))
#31 {main}

Next mysqli_sql_exception: MySQL server has gone away in F:\xampp\htdocs\modesy-2.6.2\system\Database\MySQLi\Connection.php:201
Stack trace:
#0 F:\xampp\htdocs\modesy-2.6.2\system\Database\MySQLi\Connection.php(201): mysqli->real_connect('localhost', 'root', Object(SensitiveParameterValue), 'desibazar', 3306, '', 0)
#1 F:\xampp\htdocs\modesy-2.6.2\system\Database\BaseConnection.php(419): CodeIgniter\Database\MySQLi\Connection->connect(false)
#2 F:\xampp\htdocs\modesy-2.6.2\system\Session\Handlers\DatabaseHandler.php(100): CodeIgniter\Database\BaseConnection->initialize()
#3 [internal function]: CodeIgniter\Session\Handlers\DatabaseHandler->open('ci_sessions', 'mds_session')
#4 F:\xampp\htdocs\modesy-2.6.2\system\Session\Session.php(912): session_start()
#5 F:\xampp\htdocs\modesy-2.6.2\system\Session\Session.php(243): CodeIgniter\Session\Session->startSession()
#6 F:\xampp\htdocs\modesy-2.6.2\system\Config\Services.php(715): CodeIgniter\Session\Session->start()
#7 F:\xampp\htdocs\modesy-2.6.2\system\Config\BaseService.php(312): CodeIgniter\Config\Services::session(Object(Config\Session), false)
#8 F:\xampp\htdocs\modesy-2.6.2\system\Config\BaseService.php(251): CodeIgniter\Config\BaseService::__callStatic('session', Array)
#9 F:\xampp\htdocs\modesy-2.6.2\system\Config\Services.php(668): CodeIgniter\Config\BaseService::getSharedInstance('session', NULL)
#10 F:\xampp\htdocs\modesy-2.6.2\system\Config\BaseService.php(321): CodeIgniter\Config\Services::session()
#11 F:\xampp\htdocs\modesy-2.6.2\system\Config\BaseService.php(202): CodeIgniter\Config\BaseService::__callStatic('session', Array)
#12 F:\xampp\htdocs\modesy-2.6.2\system\Common.php(1031): CodeIgniter\Config\BaseService::get('session')
#13 F:\xampp\htdocs\modesy-2.6.2\system\Common.php(1004): service('session')
#14 F:\xampp\htdocs\modesy-2.6.2\app\Services\AppContextService.php(37): session()
#15 F:\xampp\htdocs\modesy-2.6.2\app\Config\Services.php(29): App\Services\AppContextService->__construct()
#16 F:\xampp\htdocs\modesy-2.6.2\system\Config\BaseService.php(251): Config\Services::appContext(false)
#17 F:\xampp\htdocs\modesy-2.6.2\app\Config\Services.php(26): CodeIgniter\Config\BaseService::getSharedInstance('appcontext')
#18 F:\xampp\htdocs\modesy-2.6.2\system\Config\BaseService.php(321): Config\Services::appContext()
#19 F:\xampp\htdocs\modesy-2.6.2\system\Config\BaseService.php(202): CodeIgniter\Config\BaseService::__callStatic('appContext', Array)
#20 F:\xampp\htdocs\modesy-2.6.2\system\Common.php(1031): CodeIgniter\Config\BaseService::get('appContext')
#21 F:\xampp\htdocs\modesy-2.6.2\app\Common.php(20): service('appContext')
#22 F:\xampp\htdocs\modesy-2.6.2\app\Config\Routes.php(33): getContextValue('languages')
#23 F:\xampp\htdocs\modesy-2.6.2\system\Router\RouteCollection.php(339): require('F:\\xampp\\htdocs...')
#24 F:\xampp\htdocs\modesy-2.6.2\system\CodeIgniter.php(821): CodeIgniter\Router\RouteCollection->loadRoutes()
#25 F:\xampp\htdocs\modesy-2.6.2\system\CodeIgniter.php(455): CodeIgniter\CodeIgniter->tryToRouteIt(NULL)
#26 F:\xampp\htdocs\modesy-2.6.2\system\CodeIgniter.php(354): CodeIgniter\CodeIgniter->handleRequest(NULL, Object(Config\Cache), false)
#27 F:\xampp\htdocs\modesy-2.6.2\system\Boot.php(363): CodeIgniter\CodeIgniter->run()
#28 F:\xampp\htdocs\modesy-2.6.2\system\Boot.php(68): CodeIgniter\Boot::runCodeIgniter(Object(CodeIgniter\CodeIgniter))
#29 F:\xampp\htdocs\modesy-2.6.2\index.php(59): CodeIgniter\Boot::bootWeb(Object(Config\Paths))
#30 {main}

Next CodeIgniter\Database\Exceptions\DatabaseException: MySQL server has gone away in F:\xampp\htdocs\modesy-2.6.2\system\Database\MySQLi\Connection.php:246
Stack trace:
#0 F:\xampp\htdocs\modesy-2.6.2\system\Database\BaseConnection.php(419): CodeIgniter\Database\MySQLi\Connection->connect(false)
#1 F:\xampp\htdocs\modesy-2.6.2\system\Session\Handlers\DatabaseHandler.php(100): CodeIgniter\Database\BaseConnection->initialize()
#2 [internal function]: CodeIgniter\Session\Handlers\DatabaseHandler->open('ci_sessions', 'mds_session')
#3 F:\xampp\htdocs\modesy-2.6.2\system\Session\Session.php(912): session_start()
#4 F:\xampp\htdocs\modesy-2.6.2\system\Session\Session.php(243): CodeIgniter\Session\Session->startSession()
#5 F:\xampp\htdocs\modesy-2.6.2\system\Config\Services.php(715): CodeIgniter\Session\Session->start()
#6 F:\xampp\htdocs\modesy-2.6.2\system\Config\BaseService.php(312): CodeIgniter\Config\Services::session(Object(Config\Session), false)
#7 F:\xampp\htdocs\modesy-2.6.2\system\Config\BaseService.php(251): CodeIgniter\Config\BaseService::__callStatic('session', Array)
#8 F:\xampp\htdocs\modesy-2.6.2\system\Config\Services.php(668): CodeIgniter\Config\BaseService::getSharedInstance('session', NULL)
#9 F:\xampp\htdocs\modesy-2.6.2\system\Config\BaseService.php(321): CodeIgniter\Config\Services::session()
#10 F:\xampp\htdocs\modesy-2.6.2\system\Config\BaseService.php(202): CodeIgniter\Config\BaseService::__callStatic('session', Array)
#11 F:\xampp\htdocs\modesy-2.6.2\system\Common.php(1031): CodeIgniter\Config\BaseService::get('session')
#12 F:\xampp\htdocs\modesy-2.6.2\system\Common.php(1004): service('session')
#13 F:\xampp\htdocs\modesy-2.6.2\app\Services\AppContextService.php(37): session()
#14 F:\xampp\htdocs\modesy-2.6.2\app\Config\Services.php(29): App\Services\AppContextService->__construct()
#15 F:\xampp\htdocs\modesy-2.6.2\system\Config\BaseService.php(251): Config\Services::appContext(false)
#16 F:\xampp\htdocs\modesy-2.6.2\app\Config\Services.php(26): CodeIgniter\Config\BaseService::getSharedInstance('appcontext')
#17 F:\xampp\htdocs\modesy-2.6.2\system\Config\BaseService.php(321): Config\Services::appContext()
#18 F:\xampp\htdocs\modesy-2.6.2\system\Config\BaseService.php(202): CodeIgniter\Config\BaseService::__callStatic('appContext', Array)
#19 F:\xampp\htdocs\modesy-2.6.2\system\Common.php(1031): CodeIgniter\Config\BaseService::get('appContext')
#20 F:\xampp\htdocs\modesy-2.6.2\app\Common.php(20): service('appContext')
#21 F:\xampp\htdocs\modesy-2.6.2\app\Config\Routes.php(33): getContextValue('languages')
#22 F:\xampp\htdocs\modesy-2.6.2\system\Router\RouteCollection.php(339): require('F:\\xampp\\htdocs...')
#23 F:\xampp\htdocs\modesy-2.6.2\system\CodeIgniter.php(821): CodeIgniter\Router\RouteCollection->loadRoutes()
#24 F:\xampp\htdocs\modesy-2.6.2\system\CodeIgniter.php(455): CodeIgniter\CodeIgniter->tryToRouteIt(NULL)
#25 F:\xampp\htdocs\modesy-2.6.2\system\CodeIgniter.php(354): CodeIgniter\CodeIgniter->handleRequest(NULL, Object(Config\Cache), false)
#26 F:\xampp\htdocs\modesy-2.6.2\system\Boot.php(363): CodeIgniter\CodeIgniter->run()
#27 F:\xampp\htdocs\modesy-2.6.2\system\Boot.php(68): CodeIgniter\Boot::runCodeIgniter(Object(CodeIgniter\CodeIgniter))
#28 F:\xampp\htdocs\modesy-2.6.2\index.php(59): CodeIgniter\Boot::bootWeb(Object(Config\Paths))
#29 {main}
CRITICAL - 2025-11-26 05:56:58 --> CodeIgniter\Database\Exceptions\DatabaseException: Unable to connect to the database.
Main connection [MySQLi]: MySQL server has gone away
[Method: GET, Route: /]
in SYSTEMPATH\Database\BaseConnection.php on line 465.
 1 SYSTEMPATH\Session\Handlers\DatabaseHandler.php(100): CodeIgniter\Database\BaseConnection->initialize()
 2 [internal function]: CodeIgniter\Session\Handlers\DatabaseHandler->open('ci_sessions', 'mds_session')
 3 SYSTEMPATH\Session\Session.php(912): session_start()
 4 SYSTEMPATH\Session\Session.php(243): CodeIgniter\Session\Session->startSession()
 5 SYSTEMPATH\Config\Services.php(715): CodeIgniter\Session\Session->start()
 6 SYSTEMPATH\Config\BaseService.php(312): CodeIgniter\Config\Services::session(Object(Config\Session), false)
 7 SYSTEMPATH\Config\BaseService.php(251): CodeIgniter\Config\BaseService::__callStatic('session', [...])
 8 SYSTEMPATH\Config\Services.php(668): CodeIgniter\Config\BaseService::getSharedInstance('session', null)
 9 SYSTEMPATH\Config\BaseService.php(321): CodeIgniter\Config\Services::session()
10 SYSTEMPATH\Config\BaseService.php(202): CodeIgniter\Config\BaseService::__callStatic('session', [])
11 SYSTEMPATH\Common.php(1031): CodeIgniter\Config\BaseService::get('session')
12 SYSTEMPATH\Common.php(1004): service('session')
13 APPPATH\Services\AppContextService.php(37): session()
14 APPPATH\Config\Services.php(29): App\Services\AppContextService->__construct()
15 SYSTEMPATH\Config\BaseService.php(251): Config\Services::appContext(false)
16 APPPATH\Config\Services.php(26): CodeIgniter\Config\BaseService::getSharedInstance('appcontext')
17 SYSTEMPATH\Config\BaseService.php(321): Config\Services::appContext()
18 SYSTEMPATH\Config\BaseService.php(202): CodeIgniter\Config\BaseService::__callStatic('appContext', [])
19 SYSTEMPATH\Common.php(1031): CodeIgniter\Config\BaseService::get('appContext')
20 APPPATH\Common.php(20): service('appContext')
21 APPPATH\Config\Routes.php(33): getContextValue('languages')
22 SYSTEMPATH\Router\RouteCollection.php(339): require('F:\\xampp\\htdocs\\modesy-2.6.2\\app\\Config\\Routes.php')
23 SYSTEMPATH\CodeIgniter.php(821): CodeIgniter\Router\RouteCollection->loadRoutes()
24 SYSTEMPATH\CodeIgniter.php(455): CodeIgniter\CodeIgniter->tryToRouteIt(null)
25 SYSTEMPATH\CodeIgniter.php(354): CodeIgniter\CodeIgniter->handleRequest(null, Object(Config\Cache), false)
26 SYSTEMPATH\Boot.php(363): CodeIgniter\CodeIgniter->run()
27 SYSTEMPATH\Boot.php(68): CodeIgniter\Boot::runCodeIgniter(Object(CodeIgniter\CodeIgniter))
28 FCPATH\index.php(59): CodeIgniter\Boot::bootWeb(Object(Config\Paths))
CRITICAL - 2025-11-26 05:56:58 --> ErrorException: Maximum execution time of 120 seconds exceeded
[Method: GET, Route: /]
in SYSTEMPATH\Debug\Exceptions.php on line 208.
 1 [internal function]: CodeIgniter\Debug\Exceptions->shutdownHandler()
ERROR - 2025-11-26 06:00:24 --> Error connecting to the database: mysqli_sql_exception: Host 'localhost' is not allowed to connect to this MariaDB server in F:\xampp\htdocs\modesy-2.6.2\system\Database\MySQLi\Connection.php:201
Stack trace:
#0 F:\xampp\htdocs\modesy-2.6.2\system\Database\MySQLi\Connection.php(201): mysqli->real_connect('localhost', 'root', Object(SensitiveParameterValue), 'desibazar', 3306, '', 0)
#1 F:\xampp\htdocs\modesy-2.6.2\system\Database\BaseConnection.php(419): CodeIgniter\Database\MySQLi\Connection->connect(false)
#2 F:\xampp\htdocs\modesy-2.6.2\system\Session\Handlers\DatabaseHandler.php(100): CodeIgniter\Database\BaseConnection->initialize()
#3 [internal function]: CodeIgniter\Session\Handlers\DatabaseHandler->open('ci_sessions', 'mds_session')
#4 F:\xampp\htdocs\modesy-2.6.2\system\Session\Session.php(912): session_start()
#5 F:\xampp\htdocs\modesy-2.6.2\system\Session\Session.php(243): CodeIgniter\Session\Session->startSession()
#6 F:\xampp\htdocs\modesy-2.6.2\system\Config\Services.php(715): CodeIgniter\Session\Session->start()
#7 F:\xampp\htdocs\modesy-2.6.2\system\Config\BaseService.php(312): CodeIgniter\Config\Services::session(Object(Config\Session), false)
#8 F:\xampp\htdocs\modesy-2.6.2\system\Config\BaseService.php(251): CodeIgniter\Config\BaseService::__callStatic('session', Array)
#9 F:\xampp\htdocs\modesy-2.6.2\system\Config\Services.php(668): CodeIgniter\Config\BaseService::getSharedInstance('session', NULL)
#10 F:\xampp\htdocs\modesy-2.6.2\system\Config\BaseService.php(321): CodeIgniter\Config\Services::session()
#11 F:\xampp\htdocs\modesy-2.6.2\system\Config\BaseService.php(202): CodeIgniter\Config\BaseService::__callStatic('session', Array)
#12 F:\xampp\htdocs\modesy-2.6.2\system\Common.php(1031): CodeIgniter\Config\BaseService::get('session')
#13 F:\xampp\htdocs\modesy-2.6.2\system\Common.php(1004): service('session')
#14 F:\xampp\htdocs\modesy-2.6.2\app\Services\AppContextService.php(37): session()
#15 F:\xampp\htdocs\modesy-2.6.2\app\Config\Services.php(29): App\Services\AppContextService->__construct()
#16 F:\xampp\htdocs\modesy-2.6.2\system\Config\BaseService.php(251): Config\Services::appContext(false)
#17 F:\xampp\htdocs\modesy-2.6.2\app\Config\Services.php(26): CodeIgniter\Config\BaseService::getSharedInstance('appcontext')
#18 F:\xampp\htdocs\modesy-2.6.2\system\Config\BaseService.php(321): Config\Services::appContext()
#19 F:\xampp\htdocs\modesy-2.6.2\system\Config\BaseService.php(202): CodeIgniter\Config\BaseService::__callStatic('appContext', Array)
#20 F:\xampp\htdocs\modesy-2.6.2\system\Common.php(1031): CodeIgniter\Config\BaseService::get('appContext')
#21 F:\xampp\htdocs\modesy-2.6.2\app\Common.php(20): service('appContext')
#22 F:\xampp\htdocs\modesy-2.6.2\app\Config\Routes.php(33): getContextValue('languages')
#23 F:\xampp\htdocs\modesy-2.6.2\system\Router\RouteCollection.php(339): require('F:\\xampp\\htdocs...')
#24 F:\xampp\htdocs\modesy-2.6.2\system\CodeIgniter.php(821): CodeIgniter\Router\RouteCollection->loadRoutes()
#25 F:\xampp\htdocs\modesy-2.6.2\system\CodeIgniter.php(455): CodeIgniter\CodeIgniter->tryToRouteIt(NULL)
#26 F:\xampp\htdocs\modesy-2.6.2\system\CodeIgniter.php(354): CodeIgniter\CodeIgniter->handleRequest(NULL, Object(Config\Cache), false)
#27 F:\xampp\htdocs\modesy-2.6.2\system\Boot.php(363): CodeIgniter\CodeIgniter->run()
#28 F:\xampp\htdocs\modesy-2.6.2\system\Boot.php(68): CodeIgniter\Boot::runCodeIgniter(Object(CodeIgniter\CodeIgniter))
#29 F:\xampp\htdocs\modesy-2.6.2\index.php(59): CodeIgniter\Boot::bootWeb(Object(Config\Paths))
#30 {main}

Next CodeIgniter\Database\Exceptions\DatabaseException: Host 'localhost' is not allowed to connect to this MariaDB server in F:\xampp\htdocs\modesy-2.6.2\system\Database\MySQLi\Connection.php:246
Stack trace:
#0 F:\xampp\htdocs\modesy-2.6.2\system\Database\BaseConnection.php(419): CodeIgniter\Database\MySQLi\Connection->connect(false)
#1 F:\xampp\htdocs\modesy-2.6.2\system\Session\Handlers\DatabaseHandler.php(100): CodeIgniter\Database\BaseConnection->initialize()
#2 [internal function]: CodeIgniter\Session\Handlers\DatabaseHandler->open('ci_sessions', 'mds_session')
#3 F:\xampp\htdocs\modesy-2.6.2\system\Session\Session.php(912): session_start()
#4 F:\xampp\htdocs\modesy-2.6.2\system\Session\Session.php(243): CodeIgniter\Session\Session->startSession()
#5 F:\xampp\htdocs\modesy-2.6.2\system\Config\Services.php(715): CodeIgniter\Session\Session->start()
#6 F:\xampp\htdocs\modesy-2.6.2\system\Config\BaseService.php(312): CodeIgniter\Config\Services::session(Object(Config\Session), false)
#7 F:\xampp\htdocs\modesy-2.6.2\system\Config\BaseService.php(251): CodeIgniter\Config\BaseService::__callStatic('session', Array)
#8 F:\xampp\htdocs\modesy-2.6.2\system\Config\Services.php(668): CodeIgniter\Config\BaseService::getSharedInstance('session', NULL)
#9 F:\xampp\htdocs\modesy-2.6.2\system\Config\BaseService.php(321): CodeIgniter\Config\Services::session()
#10 F:\xampp\htdocs\modesy-2.6.2\system\Config\BaseService.php(202): CodeIgniter\Config\BaseService::__callStatic('session', Array)
#11 F:\xampp\htdocs\modesy-2.6.2\system\Common.php(1031): CodeIgniter\Config\BaseService::get('session')
#12 F:\xampp\htdocs\modesy-2.6.2\system\Common.php(1004): service('session')
#13 F:\xampp\htdocs\modesy-2.6.2\app\Services\AppContextService.php(37): session()
#14 F:\xampp\htdocs\modesy-2.6.2\app\Config\Services.php(29): App\Services\AppContextService->__construct()
#15 F:\xampp\htdocs\modesy-2.6.2\system\Config\BaseService.php(251): Config\Services::appContext(false)
#16 F:\xampp\htdocs\modesy-2.6.2\app\Config\Services.php(26): CodeIgniter\Config\BaseService::getSharedInstance('appcontext')
#17 F:\xampp\htdocs\modesy-2.6.2\system\Config\BaseService.php(321): Config\Services::appContext()
#18 F:\xampp\htdocs\modesy-2.6.2\system\Config\BaseService.php(202): CodeIgniter\Config\BaseService::__callStatic('appContext', Array)
#19 F:\xampp\htdocs\modesy-2.6.2\system\Common.php(1031): CodeIgniter\Config\BaseService::get('appContext')
#20 F:\xampp\htdocs\modesy-2.6.2\app\Common.php(20): service('appContext')
#21 F:\xampp\htdocs\modesy-2.6.2\app\Config\Routes.php(33): getContextValue('languages')
#22 F:\xampp\htdocs\modesy-2.6.2\system\Router\RouteCollection.php(339): require('F:\\xampp\\htdocs...')
#23 F:\xampp\htdocs\modesy-2.6.2\system\CodeIgniter.php(821): CodeIgniter\Router\RouteCollection->loadRoutes()
#24 F:\xampp\htdocs\modesy-2.6.2\system\CodeIgniter.php(455): CodeIgniter\CodeIgniter->tryToRouteIt(NULL)
#25 F:\xampp\htdocs\modesy-2.6.2\system\CodeIgniter.php(354): CodeIgniter\CodeIgniter->handleRequest(NULL, Object(Config\Cache), false)
#26 F:\xampp\htdocs\modesy-2.6.2\system\Boot.php(363): CodeIgniter\CodeIgniter->run()
#27 F:\xampp\htdocs\modesy-2.6.2\system\Boot.php(68): CodeIgniter\Boot::runCodeIgniter(Object(CodeIgniter\CodeIgniter))
#28 F:\xampp\htdocs\modesy-2.6.2\index.php(59): CodeIgniter\Boot::bootWeb(Object(Config\Paths))
#29 {main}
CRITICAL - 2025-11-26 06:00:24 --> CodeIgniter\Database\Exceptions\DatabaseException: Unable to connect to the database.
Main connection [MySQLi]: Host 'localhost' is not allowed to connect to this MariaDB server
[Method: GET, Route: /]
in SYSTEMPATH\Database\BaseConnection.php on line 465.
 1 SYSTEMPATH\Session\Handlers\DatabaseHandler.php(100): CodeIgniter\Database\BaseConnection->initialize()
 2 [internal function]: CodeIgniter\Session\Handlers\DatabaseHandler->open('ci_sessions', 'mds_session')
 3 SYSTEMPATH\Session\Session.php(912): session_start()
 4 SYSTEMPATH\Session\Session.php(243): CodeIgniter\Session\Session->startSession()
 5 SYSTEMPATH\Config\Services.php(715): CodeIgniter\Session\Session->start()
 6 SYSTEMPATH\Config\BaseService.php(312): CodeIgniter\Config\Services::session(Object(Config\Session), false)
 7 SYSTEMPATH\Config\BaseService.php(251): CodeIgniter\Config\BaseService::__callStatic('session', [...])
 8 SYSTEMPATH\Config\Services.php(668): CodeIgniter\Config\BaseService::getSharedInstance('session', null)
 9 SYSTEMPATH\Config\BaseService.php(321): CodeIgniter\Config\Services::session()
10 SYSTEMPATH\Config\BaseService.php(202): CodeIgniter\Config\BaseService::__callStatic('session', [])
11 SYSTEMPATH\Common.php(1031): CodeIgniter\Config\BaseService::get('session')
12 SYSTEMPATH\Common.php(1004): service('session')
13 APPPATH\Services\AppContextService.php(37): session()
14 APPPATH\Config\Services.php(29): App\Services\AppContextService->__construct()
15 SYSTEMPATH\Config\BaseService.php(251): Config\Services::appContext(false)
16 APPPATH\Config\Services.php(26): CodeIgniter\Config\BaseService::getSharedInstance('appcontext')
17 SYSTEMPATH\Config\BaseService.php(321): Config\Services::appContext()
18 SYSTEMPATH\Config\BaseService.php(202): CodeIgniter\Config\BaseService::__callStatic('appContext', [])
19 SYSTEMPATH\Common.php(1031): CodeIgniter\Config\BaseService::get('appContext')
20 APPPATH\Common.php(20): service('appContext')
21 APPPATH\Config\Routes.php(33): getContextValue('languages')
22 SYSTEMPATH\Router\RouteCollection.php(339): require('F:\\xampp\\htdocs\\modesy-2.6.2\\app\\Config\\Routes.php')
23 SYSTEMPATH\CodeIgniter.php(821): CodeIgniter\Router\RouteCollection->loadRoutes()
24 SYSTEMPATH\CodeIgniter.php(455): CodeIgniter\CodeIgniter->tryToRouteIt(null)
25 SYSTEMPATH\CodeIgniter.php(354): CodeIgniter\CodeIgniter->handleRequest(null, Object(Config\Cache), false)
26 SYSTEMPATH\Boot.php(363): CodeIgniter\CodeIgniter->run()
27 SYSTEMPATH\Boot.php(68): CodeIgniter\Boot::runCodeIgniter(Object(CodeIgniter\CodeIgniter))
28 FCPATH\index.php(59): CodeIgniter\Boot::bootWeb(Object(Config\Paths))
ERROR - 2025-11-26 06:00:57 --> Error connecting to the database: mysqli_sql_exception: Host 'localhost' is not allowed to connect to this MariaDB server in F:\xampp\htdocs\modesy-2.6.2\system\Database\MySQLi\Connection.php:201
Stack trace:
#0 F:\xampp\htdocs\modesy-2.6.2\system\Database\MySQLi\Connection.php(201): mysqli->real_connect('localhost', 'root', Object(SensitiveParameterValue), 'desibazar', 3306, '', 0)
#1 F:\xampp\htdocs\modesy-2.6.2\system\Database\BaseConnection.php(419): CodeIgniter\Database\MySQLi\Connection->connect(false)
#2 F:\xampp\htdocs\modesy-2.6.2\system\Session\Handlers\DatabaseHandler.php(100): CodeIgniter\Database\BaseConnection->initialize()
#3 [internal function]: CodeIgniter\Session\Handlers\DatabaseHandler->open('ci_sessions', 'mds_session')
#4 F:\xampp\htdocs\modesy-2.6.2\system\Session\Session.php(912): session_start()
#5 F:\xampp\htdocs\modesy-2.6.2\system\Session\Session.php(243): CodeIgniter\Session\Session->startSession()
#6 F:\xampp\htdocs\modesy-2.6.2\system\Config\Services.php(715): CodeIgniter\Session\Session->start()
#7 F:\xampp\htdocs\modesy-2.6.2\system\Config\BaseService.php(312): CodeIgniter\Config\Services::session(Object(Config\Session), false)
#8 F:\xampp\htdocs\modesy-2.6.2\system\Config\BaseService.php(251): CodeIgniter\Config\BaseService::__callStatic('session', Array)
#9 F:\xampp\htdocs\modesy-2.6.2\system\Config\Services.php(668): CodeIgniter\Config\BaseService::getSharedInstance('session', NULL)
#10 F:\xampp\htdocs\modesy-2.6.2\system\Config\BaseService.php(321): CodeIgniter\Config\Services::session()
#11 F:\xampp\htdocs\modesy-2.6.2\system\Config\BaseService.php(202): CodeIgniter\Config\BaseService::__callStatic('session', Array)
#12 F:\xampp\htdocs\modesy-2.6.2\system\Common.php(1031): CodeIgniter\Config\BaseService::get('session')
#13 F:\xampp\htdocs\modesy-2.6.2\system\Common.php(1004): service('session')
#14 F:\xampp\htdocs\modesy-2.6.2\app\Services\AppContextService.php(37): session()
#15 F:\xampp\htdocs\modesy-2.6.2\app\Config\Services.php(29): App\Services\AppContextService->__construct()
#16 F:\xampp\htdocs\modesy-2.6.2\system\Config\BaseService.php(251): Config\Services::appContext(false)
#17 F:\xampp\htdocs\modesy-2.6.2\app\Config\Services.php(26): CodeIgniter\Config\BaseService::getSharedInstance('appcontext')
#18 F:\xampp\htdocs\modesy-2.6.2\system\Config\BaseService.php(321): Config\Services::appContext()
#19 F:\xampp\htdocs\modesy-2.6.2\system\Config\BaseService.php(202): CodeIgniter\Config\BaseService::__callStatic('appContext', Array)
#20 F:\xampp\htdocs\modesy-2.6.2\system\Common.php(1031): CodeIgniter\Config\BaseService::get('appContext')
#21 F:\xampp\htdocs\modesy-2.6.2\app\Common.php(20): service('appContext')
#22 F:\xampp\htdocs\modesy-2.6.2\app\Config\Routes.php(33): getContextValue('languages')
#23 F:\xampp\htdocs\modesy-2.6.2\system\Router\RouteCollection.php(339): require('F:\\xampp\\htdocs...')
#24 F:\xampp\htdocs\modesy-2.6.2\system\CodeIgniter.php(821): CodeIgniter\Router\RouteCollection->loadRoutes()
#25 F:\xampp\htdocs\modesy-2.6.2\system\CodeIgniter.php(455): CodeIgniter\CodeIgniter->tryToRouteIt(NULL)
#26 F:\xampp\htdocs\modesy-2.6.2\system\CodeIgniter.php(354): CodeIgniter\CodeIgniter->handleRequest(NULL, Object(Config\Cache), false)
#27 F:\xampp\htdocs\modesy-2.6.2\system\Boot.php(363): CodeIgniter\CodeIgniter->run()
#28 F:\xampp\htdocs\modesy-2.6.2\system\Boot.php(68): CodeIgniter\Boot::runCodeIgniter(Object(CodeIgniter\CodeIgniter))
#29 F:\xampp\htdocs\modesy-2.6.2\index.php(59): CodeIgniter\Boot::bootWeb(Object(Config\Paths))
#30 {main}

Next CodeIgniter\Database\Exceptions\DatabaseException: Host 'localhost' is not allowed to connect to this MariaDB server in F:\xampp\htdocs\modesy-2.6.2\system\Database\MySQLi\Connection.php:246
Stack trace:
#0 F:\xampp\htdocs\modesy-2.6.2\system\Database\BaseConnection.php(419): CodeIgniter\Database\MySQLi\Connection->connect(false)
#1 F:\xampp\htdocs\modesy-2.6.2\system\Session\Handlers\DatabaseHandler.php(100): CodeIgniter\Database\BaseConnection->initialize()
#2 [internal function]: CodeIgniter\Session\Handlers\DatabaseHandler->open('ci_sessions', 'mds_session')
#3 F:\xampp\htdocs\modesy-2.6.2\system\Session\Session.php(912): session_start()
#4 F:\xampp\htdocs\modesy-2.6.2\system\Session\Session.php(243): CodeIgniter\Session\Session->startSession()
#5 F:\xampp\htdocs\modesy-2.6.2\system\Config\Services.php(715): CodeIgniter\Session\Session->start()
#6 F:\xampp\htdocs\modesy-2.6.2\system\Config\BaseService.php(312): CodeIgniter\Config\Services::session(Object(Config\Session), false)
#7 F:\xampp\htdocs\modesy-2.6.2\system\Config\BaseService.php(251): CodeIgniter\Config\BaseService::__callStatic('session', Array)
#8 F:\xampp\htdocs\modesy-2.6.2\system\Config\Services.php(668): CodeIgniter\Config\BaseService::getSharedInstance('session', NULL)
#9 F:\xampp\htdocs\modesy-2.6.2\system\Config\BaseService.php(321): CodeIgniter\Config\Services::session()
#10 F:\xampp\htdocs\modesy-2.6.2\system\Config\BaseService.php(202): CodeIgniter\Config\BaseService::__callStatic('session', Array)
#11 F:\xampp\htdocs\modesy-2.6.2\system\Common.php(1031): CodeIgniter\Config\BaseService::get('session')
#12 F:\xampp\htdocs\modesy-2.6.2\system\Common.php(1004): service('session')
#13 F:\xampp\htdocs\modesy-2.6.2\app\Services\AppContextService.php(37): session()
#14 F:\xampp\htdocs\modesy-2.6.2\app\Config\Services.php(29): App\Services\AppContextService->__construct()
#15 F:\xampp\htdocs\modesy-2.6.2\system\Config\BaseService.php(251): Config\Services::appContext(false)
#16 F:\xampp\htdocs\modesy-2.6.2\app\Config\Services.php(26): CodeIgniter\Config\BaseService::getSharedInstance('appcontext')
#17 F:\xampp\htdocs\modesy-2.6.2\system\Config\BaseService.php(321): Config\Services::appContext()
#18 F:\xampp\htdocs\modesy-2.6.2\system\Config\BaseService.php(202): CodeIgniter\Config\BaseService::__callStatic('appContext', Array)
#19 F:\xampp\htdocs\modesy-2.6.2\system\Common.php(1031): CodeIgniter\Config\BaseService::get('appContext')
#20 F:\xampp\htdocs\modesy-2.6.2\app\Common.php(20): service('appContext')
#21 F:\xampp\htdocs\modesy-2.6.2\app\Config\Routes.php(33): getContextValue('languages')
#22 F:\xampp\htdocs\modesy-2.6.2\system\Router\RouteCollection.php(339): require('F:\\xampp\\htdocs...')
#23 F:\xampp\htdocs\modesy-2.6.2\system\CodeIgniter.php(821): CodeIgniter\Router\RouteCollection->loadRoutes()
#24 F:\xampp\htdocs\modesy-2.6.2\system\CodeIgniter.php(455): CodeIgniter\CodeIgniter->tryToRouteIt(NULL)
#25 F:\xampp\htdocs\modesy-2.6.2\system\CodeIgniter.php(354): CodeIgniter\CodeIgniter->handleRequest(NULL, Object(Config\Cache), false)
#26 F:\xampp\htdocs\modesy-2.6.2\system\Boot.php(363): CodeIgniter\CodeIgniter->run()
#27 F:\xampp\htdocs\modesy-2.6.2\system\Boot.php(68): CodeIgniter\Boot::runCodeIgniter(Object(CodeIgniter\CodeIgniter))
#28 F:\xampp\htdocs\modesy-2.6.2\index.php(59): CodeIgniter\Boot::bootWeb(Object(Config\Paths))
#29 {main}
CRITICAL - 2025-11-26 06:00:57 --> CodeIgniter\Database\Exceptions\DatabaseException: Unable to connect to the database.
Main connection [MySQLi]: Host 'localhost' is not allowed to connect to this MariaDB server
[Method: GET, Route: /]
in SYSTEMPATH\Database\BaseConnection.php on line 465.
 1 SYSTEMPATH\Session\Handlers\DatabaseHandler.php(100): CodeIgniter\Database\BaseConnection->initialize()
 2 [internal function]: CodeIgniter\Session\Handlers\DatabaseHandler->open('ci_sessions', 'mds_session')
 3 SYSTEMPATH\Session\Session.php(912): session_start()
 4 SYSTEMPATH\Session\Session.php(243): CodeIgniter\Session\Session->startSession()
 5 SYSTEMPATH\Config\Services.php(715): CodeIgniter\Session\Session->start()
 6 SYSTEMPATH\Config\BaseService.php(312): CodeIgniter\Config\Services::session(Object(Config\Session), false)
 7 SYSTEMPATH\Config\BaseService.php(251): CodeIgniter\Config\BaseService::__callStatic('session', [...])
 8 SYSTEMPATH\Config\Services.php(668): CodeIgniter\Config\BaseService::getSharedInstance('session', null)
 9 SYSTEMPATH\Config\BaseService.php(321): CodeIgniter\Config\Services::session()
10 SYSTEMPATH\Config\BaseService.php(202): CodeIgniter\Config\BaseService::__callStatic('session', [])
11 SYSTEMPATH\Common.php(1031): CodeIgniter\Config\BaseService::get('session')
12 SYSTEMPATH\Common.php(1004): service('session')
13 APPPATH\Services\AppContextService.php(37): session()
14 APPPATH\Config\Services.php(29): App\Services\AppContextService->__construct()
15 SYSTEMPATH\Config\BaseService.php(251): Config\Services::appContext(false)
16 APPPATH\Config\Services.php(26): CodeIgniter\Config\BaseService::getSharedInstance('appcontext')
17 SYSTEMPATH\Config\BaseService.php(321): Config\Services::appContext()
18 SYSTEMPATH\Config\BaseService.php(202): CodeIgniter\Config\BaseService::__callStatic('appContext', [])
19 SYSTEMPATH\Common.php(1031): CodeIgniter\Config\BaseService::get('appContext')
20 APPPATH\Common.php(20): service('appContext')
21 APPPATH\Config\Routes.php(33): getContextValue('languages')
22 SYSTEMPATH\Router\RouteCollection.php(339): require('F:\\xampp\\htdocs\\modesy-2.6.2\\app\\Config\\Routes.php')
23 SYSTEMPATH\CodeIgniter.php(821): CodeIgniter\Router\RouteCollection->loadRoutes()
24 SYSTEMPATH\CodeIgniter.php(455): CodeIgniter\CodeIgniter->tryToRouteIt(null)
25 SYSTEMPATH\CodeIgniter.php(354): CodeIgniter\CodeIgniter->handleRequest(null, Object(Config\Cache), false)
26 SYSTEMPATH\Boot.php(363): CodeIgniter\CodeIgniter->run()
27 SYSTEMPATH\Boot.php(68): CodeIgniter\Boot::runCodeIgniter(Object(CodeIgniter\CodeIgniter))
28 FCPATH\index.php(59): CodeIgniter\Boot::bootWeb(Object(Config\Paths))
ERROR - 2025-11-26 06:09:33 --> Error connecting to the database: mysqli_sql_exception: Host 'localhost' is not allowed to connect to this MariaDB server in F:\xampp\htdocs\modesy-2.6.2\system\Database\MySQLi\Connection.php:201
Stack trace:
#0 F:\xampp\htdocs\modesy-2.6.2\system\Database\MySQLi\Connection.php(201): mysqli->real_connect('localhost', 'root', Object(SensitiveParameterValue), 'desibazar', 3306, '', 0)
#1 F:\xampp\htdocs\modesy-2.6.2\system\Database\BaseConnection.php(419): CodeIgniter\Database\MySQLi\Connection->connect(false)
#2 F:\xampp\htdocs\modesy-2.6.2\system\Session\Handlers\DatabaseHandler.php(100): CodeIgniter\Database\BaseConnection->initialize()
#3 [internal function]: CodeIgniter\Session\Handlers\DatabaseHandler->open('ci_sessions', 'mds_session')
#4 F:\xampp\htdocs\modesy-2.6.2\system\Session\Session.php(912): session_start()
#5 F:\xampp\htdocs\modesy-2.6.2\system\Session\Session.php(243): CodeIgniter\Session\Session->startSession()
#6 F:\xampp\htdocs\modesy-2.6.2\system\Config\Services.php(715): CodeIgniter\Session\Session->start()
#7 F:\xampp\htdocs\modesy-2.6.2\system\Config\BaseService.php(312): CodeIgniter\Config\Services::session(Object(Config\Session), false)
#8 F:\xampp\htdocs\modesy-2.6.2\system\Config\BaseService.php(251): CodeIgniter\Config\BaseService::__callStatic('session', Array)
#9 F:\xampp\htdocs\modesy-2.6.2\system\Config\Services.php(668): CodeIgniter\Config\BaseService::getSharedInstance('session', NULL)
#10 F:\xampp\htdocs\modesy-2.6.2\system\Config\BaseService.php(321): CodeIgniter\Config\Services::session()
#11 F:\xampp\htdocs\modesy-2.6.2\system\Config\BaseService.php(202): CodeIgniter\Config\BaseService::__callStatic('session', Array)
#12 F:\xampp\htdocs\modesy-2.6.2\system\Common.php(1031): CodeIgniter\Config\BaseService::get('session')
#13 F:\xampp\htdocs\modesy-2.6.2\system\Common.php(1004): service('session')
#14 F:\xampp\htdocs\modesy-2.6.2\app\Services\AppContextService.php(37): session()
#15 F:\xampp\htdocs\modesy-2.6.2\app\Config\Services.php(29): App\Services\AppContextService->__construct()
#16 F:\xampp\htdocs\modesy-2.6.2\system\Config\BaseService.php(251): Config\Services::appContext(false)
#17 F:\xampp\htdocs\modesy-2.6.2\app\Config\Services.php(26): CodeIgniter\Config\BaseService::getSharedInstance('appcontext')
#18 F:\xampp\htdocs\modesy-2.6.2\system\Config\BaseService.php(321): Config\Services::appContext()
#19 F:\xampp\htdocs\modesy-2.6.2\system\Config\BaseService.php(202): CodeIgniter\Config\BaseService::__callStatic('appContext', Array)
#20 F:\xampp\htdocs\modesy-2.6.2\system\Common.php(1031): CodeIgniter\Config\BaseService::get('appContext')
#21 F:\xampp\htdocs\modesy-2.6.2\app\Common.php(20): service('appContext')
#22 F:\xampp\htdocs\modesy-2.6.2\app\Config\Routes.php(33): getContextValue('languages')
#23 F:\xampp\htdocs\modesy-2.6.2\system\Router\RouteCollection.php(339): require('F:\\xampp\\htdocs...')
#24 F:\xampp\htdocs\modesy-2.6.2\system\CodeIgniter.php(821): CodeIgniter\Router\RouteCollection->loadRoutes()
#25 F:\xampp\htdocs\modesy-2.6.2\system\CodeIgniter.php(455): CodeIgniter\CodeIgniter->tryToRouteIt(NULL)
#26 F:\xampp\htdocs\modesy-2.6.2\system\CodeIgniter.php(354): CodeIgniter\CodeIgniter->handleRequest(NULL, Object(Config\Cache), false)
#27 F:\xampp\htdocs\modesy-2.6.2\system\Boot.php(363): CodeIgniter\CodeIgniter->run()
#28 F:\xampp\htdocs\modesy-2.6.2\system\Boot.php(68): CodeIgniter\Boot::runCodeIgniter(Object(CodeIgniter\CodeIgniter))
#29 F:\xampp\htdocs\modesy-2.6.2\index.php(59): CodeIgniter\Boot::bootWeb(Object(Config\Paths))
#30 {main}

Next CodeIgniter\Database\Exceptions\DatabaseException: Host 'localhost' is not allowed to connect to this MariaDB server in F:\xampp\htdocs\modesy-2.6.2\system\Database\MySQLi\Connection.php:246
Stack trace:
#0 F:\xampp\htdocs\modesy-2.6.2\system\Database\BaseConnection.php(419): CodeIgniter\Database\MySQLi\Connection->connect(false)
#1 F:\xampp\htdocs\modesy-2.6.2\system\Session\Handlers\DatabaseHandler.php(100): CodeIgniter\Database\BaseConnection->initialize()
#2 [internal function]: CodeIgniter\Session\Handlers\DatabaseHandler->open('ci_sessions', 'mds_session')
#3 F:\xampp\htdocs\modesy-2.6.2\system\Session\Session.php(912): session_start()
#4 F:\xampp\htdocs\modesy-2.6.2\system\Session\Session.php(243): CodeIgniter\Session\Session->startSession()
#5 F:\xampp\htdocs\modesy-2.6.2\system\Config\Services.php(715): CodeIgniter\Session\Session->start()
#6 F:\xampp\htdocs\modesy-2.6.2\system\Config\BaseService.php(312): CodeIgniter\Config\Services::session(Object(Config\Session), false)
#7 F:\xampp\htdocs\modesy-2.6.2\system\Config\BaseService.php(251): CodeIgniter\Config\BaseService::__callStatic('session', Array)
#8 F:\xampp\htdocs\modesy-2.6.2\system\Config\Services.php(668): CodeIgniter\Config\BaseService::getSharedInstance('session', NULL)
#9 F:\xampp\htdocs\modesy-2.6.2\system\Config\BaseService.php(321): CodeIgniter\Config\Services::session()
#10 F:\xampp\htdocs\modesy-2.6.2\system\Config\BaseService.php(202): CodeIgniter\Config\BaseService::__callStatic('session', Array)
#11 F:\xampp\htdocs\modesy-2.6.2\system\Common.php(1031): CodeIgniter\Config\BaseService::get('session')
#12 F:\xampp\htdocs\modesy-2.6.2\system\Common.php(1004): service('session')
#13 F:\xampp\htdocs\modesy-2.6.2\app\Services\AppContextService.php(37): session()
#14 F:\xampp\htdocs\modesy-2.6.2\app\Config\Services.php(29): App\Services\AppContextService->__construct()
#15 F:\xampp\htdocs\modesy-2.6.2\system\Config\BaseService.php(251): Config\Services::appContext(false)
#16 F:\xampp\htdocs\modesy-2.6.2\app\Config\Services.php(26): CodeIgniter\Config\BaseService::getSharedInstance('appcontext')
#17 F:\xampp\htdocs\modesy-2.6.2\system\Config\BaseService.php(321): Config\Services::appContext()
#18 F:\xampp\htdocs\modesy-2.6.2\system\Config\BaseService.php(202): CodeIgniter\Config\BaseService::__callStatic('appContext', Array)
#19 F:\xampp\htdocs\modesy-2.6.2\system\Common.php(1031): CodeIgniter\Config\BaseService::get('appContext')
#20 F:\xampp\htdocs\modesy-2.6.2\app\Common.php(20): service('appContext')
#21 F:\xampp\htdocs\modesy-2.6.2\app\Config\Routes.php(33): getContextValue('languages')
#22 F:\xampp\htdocs\modesy-2.6.2\system\Router\RouteCollection.php(339): require('F:\\xampp\\htdocs...')
#23 F:\xampp\htdocs\modesy-2.6.2\system\CodeIgniter.php(821): CodeIgniter\Router\RouteCollection->loadRoutes()
#24 F:\xampp\htdocs\modesy-2.6.2\system\CodeIgniter.php(455): CodeIgniter\CodeIgniter->tryToRouteIt(NULL)
#25 F:\xampp\htdocs\modesy-2.6.2\system\CodeIgniter.php(354): CodeIgniter\CodeIgniter->handleRequest(NULL, Object(Config\Cache), false)
#26 F:\xampp\htdocs\modesy-2.6.2\system\Boot.php(363): CodeIgniter\CodeIgniter->run()
#27 F:\xampp\htdocs\modesy-2.6.2\system\Boot.php(68): CodeIgniter\Boot::runCodeIgniter(Object(CodeIgniter\CodeIgniter))
#28 F:\xampp\htdocs\modesy-2.6.2\index.php(59): CodeIgniter\Boot::bootWeb(Object(Config\Paths))
#29 {main}
CRITICAL - 2025-11-26 06:09:33 --> CodeIgniter\Database\Exceptions\DatabaseException: Unable to connect to the database.
Main connection [MySQLi]: Host 'localhost' is not allowed to connect to this MariaDB server
[Method: GET, Route: /]
in SYSTEMPATH\Database\BaseConnection.php on line 465.
 1 SYSTEMPATH\Session\Handlers\DatabaseHandler.php(100): CodeIgniter\Database\BaseConnection->initialize()
 2 [internal function]: CodeIgniter\Session\Handlers\DatabaseHandler->open('ci_sessions', 'mds_session')
 3 SYSTEMPATH\Session\Session.php(912): session_start()
 4 SYSTEMPATH\Session\Session.php(243): CodeIgniter\Session\Session->startSession()
 5 SYSTEMPATH\Config\Services.php(715): CodeIgniter\Session\Session->start()
 6 SYSTEMPATH\Config\BaseService.php(312): CodeIgniter\Config\Services::session(Object(Config\Session), false)
 7 SYSTEMPATH\Config\BaseService.php(251): CodeIgniter\Config\BaseService::__callStatic('session', [...])
 8 SYSTEMPATH\Config\Services.php(668): CodeIgniter\Config\BaseService::getSharedInstance('session', null)
 9 SYSTEMPATH\Config\BaseService.php(321): CodeIgniter\Config\Services::session()
10 SYSTEMPATH\Config\BaseService.php(202): CodeIgniter\Config\BaseService::__callStatic('session', [])
11 SYSTEMPATH\Common.php(1031): CodeIgniter\Config\BaseService::get('session')
12 SYSTEMPATH\Common.php(1004): service('session')
13 APPPATH\Services\AppContextService.php(37): session()
14 APPPATH\Config\Services.php(29): App\Services\AppContextService->__construct()
15 SYSTEMPATH\Config\BaseService.php(251): Config\Services::appContext(false)
16 APPPATH\Config\Services.php(26): CodeIgniter\Config\BaseService::getSharedInstance('appcontext')
17 SYSTEMPATH\Config\BaseService.php(321): Config\Services::appContext()
18 SYSTEMPATH\Config\BaseService.php(202): CodeIgniter\Config\BaseService::__callStatic('appContext', [])
19 SYSTEMPATH\Common.php(1031): CodeIgniter\Config\BaseService::get('appContext')
20 APPPATH\Common.php(20): service('appContext')
21 APPPATH\Config\Routes.php(33): getContextValue('languages')
22 SYSTEMPATH\Router\RouteCollection.php(339): require('F:\\xampp\\htdocs\\modesy-2.6.2\\app\\Config\\Routes.php')
23 SYSTEMPATH\CodeIgniter.php(821): CodeIgniter\Router\RouteCollection->loadRoutes()
24 SYSTEMPATH\CodeIgniter.php(455): CodeIgniter\CodeIgniter->tryToRouteIt(null)
25 SYSTEMPATH\CodeIgniter.php(354): CodeIgniter\CodeIgniter->handleRequest(null, Object(Config\Cache), false)
26 SYSTEMPATH\Boot.php(363): CodeIgniter\CodeIgniter->run()
27 SYSTEMPATH\Boot.php(68): CodeIgniter\Boot::runCodeIgniter(Object(CodeIgniter\CodeIgniter))
28 FCPATH\index.php(59): CodeIgniter\Boot::bootWeb(Object(Config\Paths))
ERROR - 2025-11-26 06:09:34 --> Error connecting to the database: mysqli_sql_exception: Host 'localhost' is not allowed to connect to this MariaDB server in F:\xampp\htdocs\modesy-2.6.2\system\Database\MySQLi\Connection.php:201
Stack trace:
#0 F:\xampp\htdocs\modesy-2.6.2\system\Database\MySQLi\Connection.php(201): mysqli->real_connect('localhost', 'root', Object(SensitiveParameterValue), 'desibazar', 3306, '', 0)
#1 F:\xampp\htdocs\modesy-2.6.2\system\Database\BaseConnection.php(419): CodeIgniter\Database\MySQLi\Connection->connect(false)
#2 F:\xampp\htdocs\modesy-2.6.2\system\Session\Handlers\DatabaseHandler.php(100): CodeIgniter\Database\BaseConnection->initialize()
#3 [internal function]: CodeIgniter\Session\Handlers\DatabaseHandler->open('ci_sessions', 'mds_session')
#4 F:\xampp\htdocs\modesy-2.6.2\system\Session\Session.php(912): session_start()
#5 F:\xampp\htdocs\modesy-2.6.2\system\Session\Session.php(243): CodeIgniter\Session\Session->startSession()
#6 F:\xampp\htdocs\modesy-2.6.2\system\Config\Services.php(715): CodeIgniter\Session\Session->start()
#7 F:\xampp\htdocs\modesy-2.6.2\system\Config\BaseService.php(312): CodeIgniter\Config\Services::session(Object(Config\Session), false)
#8 F:\xampp\htdocs\modesy-2.6.2\system\Config\BaseService.php(251): CodeIgniter\Config\BaseService::__callStatic('session', Array)
#9 F:\xampp\htdocs\modesy-2.6.2\system\Config\Services.php(668): CodeIgniter\Config\BaseService::getSharedInstance('session', NULL)
#10 F:\xampp\htdocs\modesy-2.6.2\system\Config\BaseService.php(321): CodeIgniter\Config\Services::session()
#11 F:\xampp\htdocs\modesy-2.6.2\system\Config\BaseService.php(202): CodeIgniter\Config\BaseService::__callStatic('session', Array)
#12 F:\xampp\htdocs\modesy-2.6.2\system\Common.php(1031): CodeIgniter\Config\BaseService::get('session')
#13 F:\xampp\htdocs\modesy-2.6.2\system\Common.php(1004): service('session')
#14 F:\xampp\htdocs\modesy-2.6.2\app\Services\AppContextService.php(37): session()
#15 F:\xampp\htdocs\modesy-2.6.2\app\Config\Services.php(29): App\Services\AppContextService->__construct()
#16 F:\xampp\htdocs\modesy-2.6.2\system\Config\BaseService.php(251): Config\Services::appContext(false)
#17 F:\xampp\htdocs\modesy-2.6.2\app\Config\Services.php(26): CodeIgniter\Config\BaseService::getSharedInstance('appcontext')
#18 F:\xampp\htdocs\modesy-2.6.2\system\Config\BaseService.php(321): Config\Services::appContext()
#19 F:\xampp\htdocs\modesy-2.6.2\system\Config\BaseService.php(202): CodeIgniter\Config\BaseService::__callStatic('appContext', Array)
#20 F:\xampp\htdocs\modesy-2.6.2\system\Common.php(1031): CodeIgniter\Config\BaseService::get('appContext')
#21 F:\xampp\htdocs\modesy-2.6.2\app\Common.php(20): service('appContext')
#22 F:\xampp\htdocs\modesy-2.6.2\app\Config\Routes.php(33): getContextValue('languages')
#23 F:\xampp\htdocs\modesy-2.6.2\system\Router\RouteCollection.php(339): require('F:\\xampp\\htdocs...')
#24 F:\xampp\htdocs\modesy-2.6.2\system\CodeIgniter.php(821): CodeIgniter\Router\RouteCollection->loadRoutes()
#25 F:\xampp\htdocs\modesy-2.6.2\system\CodeIgniter.php(455): CodeIgniter\CodeIgniter->tryToRouteIt(NULL)
#26 F:\xampp\htdocs\modesy-2.6.2\system\CodeIgniter.php(354): CodeIgniter\CodeIgniter->handleRequest(NULL, Object(Config\Cache), false)
#27 F:\xampp\htdocs\modesy-2.6.2\system\Boot.php(363): CodeIgniter\CodeIgniter->run()
#28 F:\xampp\htdocs\modesy-2.6.2\system\Boot.php(68): CodeIgniter\Boot::runCodeIgniter(Object(CodeIgniter\CodeIgniter))
#29 F:\xampp\htdocs\modesy-2.6.2\index.php(59): CodeIgniter\Boot::bootWeb(Object(Config\Paths))
#30 {main}

Next CodeIgniter\Database\Exceptions\DatabaseException: Host 'localhost' is not allowed to connect to this MariaDB server in F:\xampp\htdocs\modesy-2.6.2\system\Database\MySQLi\Connection.php:246
Stack trace:
#0 F:\xampp\htdocs\modesy-2.6.2\system\Database\BaseConnection.php(419): CodeIgniter\Database\MySQLi\Connection->connect(false)
#1 F:\xampp\htdocs\modesy-2.6.2\system\Session\Handlers\DatabaseHandler.php(100): CodeIgniter\Database\BaseConnection->initialize()
#2 [internal function]: CodeIgniter\Session\Handlers\DatabaseHandler->open('ci_sessions', 'mds_session')
#3 F:\xampp\htdocs\modesy-2.6.2\system\Session\Session.php(912): session_start()
#4 F:\xampp\htdocs\modesy-2.6.2\system\Session\Session.php(243): CodeIgniter\Session\Session->startSession()
#5 F:\xampp\htdocs\modesy-2.6.2\system\Config\Services.php(715): CodeIgniter\Session\Session->start()
#6 F:\xampp\htdocs\modesy-2.6.2\system\Config\BaseService.php(312): CodeIgniter\Config\Services::session(Object(Config\Session), false)
#7 F:\xampp\htdocs\modesy-2.6.2\system\Config\BaseService.php(251): CodeIgniter\Config\BaseService::__callStatic('session', Array)
#8 F:\xampp\htdocs\modesy-2.6.2\system\Config\Services.php(668): CodeIgniter\Config\BaseService::getSharedInstance('session', NULL)
#9 F:\xampp\htdocs\modesy-2.6.2\system\Config\BaseService.php(321): CodeIgniter\Config\Services::session()
#10 F:\xampp\htdocs\modesy-2.6.2\system\Config\BaseService.php(202): CodeIgniter\Config\BaseService::__callStatic('session', Array)
#11 F:\xampp\htdocs\modesy-2.6.2\system\Common.php(1031): CodeIgniter\Config\BaseService::get('session')
#12 F:\xampp\htdocs\modesy-2.6.2\system\Common.php(1004): service('session')
#13 F:\xampp\htdocs\modesy-2.6.2\app\Services\AppContextService.php(37): session()
#14 F:\xampp\htdocs\modesy-2.6.2\app\Config\Services.php(29): App\Services\AppContextService->__construct()
#15 F:\xampp\htdocs\modesy-2.6.2\system\Config\BaseService.php(251): Config\Services::appContext(false)
#16 F:\xampp\htdocs\modesy-2.6.2\app\Config\Services.php(26): CodeIgniter\Config\BaseService::getSharedInstance('appcontext')
#17 F:\xampp\htdocs\modesy-2.6.2\system\Config\BaseService.php(321): Config\Services::appContext()
#18 F:\xampp\htdocs\modesy-2.6.2\system\Config\BaseService.php(202): CodeIgniter\Config\BaseService::__callStatic('appContext', Array)
#19 F:\xampp\htdocs\modesy-2.6.2\system\Common.php(1031): CodeIgniter\Config\BaseService::get('appContext')
#20 F:\xampp\htdocs\modesy-2.6.2\app\Common.php(20): service('appContext')
#21 F:\xampp\htdocs\modesy-2.6.2\app\Config\Routes.php(33): getContextValue('languages')
#22 F:\xampp\htdocs\modesy-2.6.2\system\Router\RouteCollection.php(339): require('F:\\xampp\\htdocs...')
#23 F:\xampp\htdocs\modesy-2.6.2\system\CodeIgniter.php(821): CodeIgniter\Router\RouteCollection->loadRoutes()
#24 F:\xampp\htdocs\modesy-2.6.2\system\CodeIgniter.php(455): CodeIgniter\CodeIgniter->tryToRouteIt(NULL)
#25 F:\xampp\htdocs\modesy-2.6.2\system\CodeIgniter.php(354): CodeIgniter\CodeIgniter->handleRequest(NULL, Object(Config\Cache), false)
#26 F:\xampp\htdocs\modesy-2.6.2\system\Boot.php(363): CodeIgniter\CodeIgniter->run()
#27 F:\xampp\htdocs\modesy-2.6.2\system\Boot.php(68): CodeIgniter\Boot::runCodeIgniter(Object(CodeIgniter\CodeIgniter))
#28 F:\xampp\htdocs\modesy-2.6.2\index.php(59): CodeIgniter\Boot::bootWeb(Object(Config\Paths))
#29 {main}
CRITICAL - 2025-11-26 06:09:34 --> CodeIgniter\Database\Exceptions\DatabaseException: Unable to connect to the database.
Main connection [MySQLi]: Host 'localhost' is not allowed to connect to this MariaDB server
[Method: GET, Route: /]
in SYSTEMPATH\Database\BaseConnection.php on line 465.
 1 SYSTEMPATH\Session\Handlers\DatabaseHandler.php(100): CodeIgniter\Database\BaseConnection->initialize()
 2 [internal function]: CodeIgniter\Session\Handlers\DatabaseHandler->open('ci_sessions', 'mds_session')
 3 SYSTEMPATH\Session\Session.php(912): session_start()
 4 SYSTEMPATH\Session\Session.php(243): CodeIgniter\Session\Session->startSession()
 5 SYSTEMPATH\Config\Services.php(715): CodeIgniter\Session\Session->start()
 6 SYSTEMPATH\Config\BaseService.php(312): CodeIgniter\Config\Services::session(Object(Config\Session), false)
 7 SYSTEMPATH\Config\BaseService.php(251): CodeIgniter\Config\BaseService::__callStatic('session', [...])
 8 SYSTEMPATH\Config\Services.php(668): CodeIgniter\Config\BaseService::getSharedInstance('session', null)
 9 SYSTEMPATH\Config\BaseService.php(321): CodeIgniter\Config\Services::session()
10 SYSTEMPATH\Config\BaseService.php(202): CodeIgniter\Config\BaseService::__callStatic('session', [])
11 SYSTEMPATH\Common.php(1031): CodeIgniter\Config\BaseService::get('session')
12 SYSTEMPATH\Common.php(1004): service('session')
13 APPPATH\Services\AppContextService.php(37): session()
14 APPPATH\Config\Services.php(29): App\Services\AppContextService->__construct()
15 SYSTEMPATH\Config\BaseService.php(251): Config\Services::appContext(false)
16 APPPATH\Config\Services.php(26): CodeIgniter\Config\BaseService::getSharedInstance('appcontext')
17 SYSTEMPATH\Config\BaseService.php(321): Config\Services::appContext()
18 SYSTEMPATH\Config\BaseService.php(202): CodeIgniter\Config\BaseService::__callStatic('appContext', [])
19 SYSTEMPATH\Common.php(1031): CodeIgniter\Config\BaseService::get('appContext')
20 APPPATH\Common.php(20): service('appContext')
21 APPPATH\Config\Routes.php(33): getContextValue('languages')
22 SYSTEMPATH\Router\RouteCollection.php(339): require('F:\\xampp\\htdocs\\modesy-2.6.2\\app\\Config\\Routes.php')
23 SYSTEMPATH\CodeIgniter.php(821): CodeIgniter\Router\RouteCollection->loadRoutes()
24 SYSTEMPATH\CodeIgniter.php(455): CodeIgniter\CodeIgniter->tryToRouteIt(null)
25 SYSTEMPATH\CodeIgniter.php(354): CodeIgniter\CodeIgniter->handleRequest(null, Object(Config\Cache), false)
26 SYSTEMPATH\Boot.php(363): CodeIgniter\CodeIgniter->run()
27 SYSTEMPATH\Boot.php(68): CodeIgniter\Boot::runCodeIgniter(Object(CodeIgniter\CodeIgniter))
28 FCPATH\index.php(59): CodeIgniter\Boot::bootWeb(Object(Config\Paths))
ERROR - 2025-11-26 14:21:39 --> mysqli_sql_exception: Duplicate entry '0' for key 'PRIMARY' in F:\xampp\htdocs\modesy-2.6.2\system\Database\MySQLi\Connection.php:327
Stack trace:
#0 F:\xampp\htdocs\modesy-2.6.2\system\Database\MySQLi\Connection.php(327): mysqli->query('INSERT INTO `co...', 0)
#1 F:\xampp\htdocs\modesy-2.6.2\system\Database\BaseConnection.php(729): CodeIgniter\Database\MySQLi\Connection->execute('INSERT INTO `co...')
#2 F:\xampp\htdocs\modesy-2.6.2\system\Database\BaseConnection.php(646): CodeIgniter\Database\BaseConnection->simpleQuery('INSERT INTO `co...')
#3 F:\xampp\htdocs\modesy-2.6.2\system\Database\BaseBuilder.php(1841): CodeIgniter\Database\BaseConnection->query('INSERT INTO `co...', NULL, false)
#4 F:\xampp\htdocs\modesy-2.6.2\system\Database\BaseBuilder.php(2230): CodeIgniter\Database\BaseBuilder->batchExecute('_insertBatch', 100)
#5 F:\xampp\htdocs\modesy-2.6.2\app\Models\CouponModel.php(241): CodeIgniter\Database\BaseBuilder->insertBatch(Array)
#6 F:\xampp\htdocs\modesy-2.6.2\app\Controllers\AjaxController.php(261): App\Models\CouponModel->setCouponCategories(Object(stdClass), '9', 'add')
#7 F:\xampp\htdocs\modesy-2.6.2\system\CodeIgniter.php(933): App\Controllers\AjaxController->selectCouponCategoryPost()
#8 F:\xampp\htdocs\modesy-2.6.2\system\CodeIgniter.php(507): CodeIgniter\CodeIgniter->runController(Object(App\Controllers\AjaxController))
#9 F:\xampp\htdocs\modesy-2.6.2\system\CodeIgniter.php(354): CodeIgniter\CodeIgniter->handleRequest(NULL, Object(Config\Cache), false)
#10 F:\xampp\htdocs\modesy-2.6.2\system\Boot.php(363): CodeIgniter\CodeIgniter->run()
#11 F:\xampp\htdocs\modesy-2.6.2\system\Boot.php(68): CodeIgniter\Boot::runCodeIgniter(Object(CodeIgniter\CodeIgniter))
#12 F:\xampp\htdocs\modesy-2.6.2\index.php(59): CodeIgniter\Boot::bootWeb(Object(Config\Paths))
#13 {main}
CRITICAL - 2025-11-26 14:21:39 --> CodeIgniter\Database\Exceptions\DatabaseException: Duplicate entry '0' for key 'PRIMARY'
[Method: POST, Route: Ajax/selectCouponCategoryPost]
in SYSTEMPATH\Database\BaseConnection.php on line 684.
 1 SYSTEMPATH\Database\BaseBuilder.php(1841): CodeIgniter\Database\BaseConnection->query('INSERT INTO `coupon_products` (`coupon_id`, `product_id`)
VALUES (\'0\',\'41\')', null, false)
 2 SYSTEMPATH\Database\BaseBuilder.php(2230): CodeIgniter\Database\BaseBuilder->batchExecute('_insertBatch', 100)
 3 APPPATH\Models\CouponModel.php(241): CodeIgniter\Database\BaseBuilder->insertBatch([...])
 4 APPPATH\Controllers\AjaxController.php(261): App\Models\CouponModel->setCouponCategories(Object(stdClass), '9', 'add')
 5 SYSTEMPATH\CodeIgniter.php(933): App\Controllers\AjaxController->selectCouponCategoryPost()
 6 SYSTEMPATH\CodeIgniter.php(507): CodeIgniter\CodeIgniter->runController(Object(App\Controllers\AjaxController))
 7 SYSTEMPATH\CodeIgniter.php(354): CodeIgniter\CodeIgniter->handleRequest(null, Object(Config\Cache), false)
 8 SYSTEMPATH\Boot.php(363): CodeIgniter\CodeIgniter->run()
 9 SYSTEMPATH\Boot.php(68): CodeIgniter\Boot::runCodeIgniter(Object(CodeIgniter\CodeIgniter))
10 FCPATH\index.php(59): CodeIgniter\Boot::bootWeb(Object(Config\Paths))
CRITICAL - 2025-11-26 14:21:39 --> [Caused by] CodeIgniter\Database\Exceptions\DatabaseException: Duplicate entry '0' for key 'PRIMARY'
in SYSTEMPATH\Database\MySQLi\Connection.php on line 332.
 1 SYSTEMPATH\Database\BaseConnection.php(729): CodeIgniter\Database\MySQLi\Connection->execute('INSERT INTO `coupon_products` (`coupon_id`, `product_id`)
VALUES (\'0\',\'41\')')
 2 SYSTEMPATH\Database\BaseConnection.php(646): CodeIgniter\Database\BaseConnection->simpleQuery('INSERT INTO `coupon_products` (`coupon_id`, `product_id`)
VALUES (\'0\',\'41\')')
 3 SYSTEMPATH\Database\BaseBuilder.php(1841): CodeIgniter\Database\BaseConnection->query('INSERT INTO `coupon_products` (`coupon_id`, `product_id`)
VALUES (\'0\',\'41\')', null, false)
 4 SYSTEMPATH\Database\BaseBuilder.php(2230): CodeIgniter\Database\BaseBuilder->batchExecute('_insertBatch', 100)
 5 APPPATH\Models\CouponModel.php(241): CodeIgniter\Database\BaseBuilder->insertBatch([...])
 6 APPPATH\Controllers\AjaxController.php(261): App\Models\CouponModel->setCouponCategories(Object(stdClass), '9', 'add')
 7 SYSTEMPATH\CodeIgniter.php(933): App\Controllers\AjaxController->selectCouponCategoryPost()
 8 SYSTEMPATH\CodeIgniter.php(507): CodeIgniter\CodeIgniter->runController(Object(App\Controllers\AjaxController))
 9 SYSTEMPATH\CodeIgniter.php(354): CodeIgniter\CodeIgniter->handleRequest(null, Object(Config\Cache), false)
10 SYSTEMPATH\Boot.php(363): CodeIgniter\CodeIgniter->run()
11 SYSTEMPATH\Boot.php(68): CodeIgniter\Boot::runCodeIgniter(Object(CodeIgniter\CodeIgniter))
12 FCPATH\index.php(59): CodeIgniter\Boot::bootWeb(Object(Config\Paths))
CRITICAL - 2025-11-26 14:21:39 --> [Caused by] mysqli_sql_exception: Duplicate entry '0' for key 'PRIMARY'
in SYSTEMPATH\Database\MySQLi\Connection.php on line 327.
 1 SYSTEMPATH\Database\MySQLi\Connection.php(327): mysqli->query('INSERT INTO `coupon_products` (`coupon_id`, `product_id`)
VALUES (\'0\',\'41\')', 0)
 2 SYSTEMPATH\Database\BaseConnection.php(729): CodeIgniter\Database\MySQLi\Connection->execute('INSERT INTO `coupon_products` (`coupon_id`, `product_id`)
VALUES (\'0\',\'41\')')
 3 SYSTEMPATH\Database\BaseConnection.php(646): CodeIgniter\Database\BaseConnection->simpleQuery('INSERT INTO `coupon_products` (`coupon_id`, `product_id`)
VALUES (\'0\',\'41\')')
 4 SYSTEMPATH\Database\BaseBuilder.php(1841): CodeIgniter\Database\BaseConnection->query('INSERT INTO `coupon_products` (`coupon_id`, `product_id`)
VALUES (\'0\',\'41\')', null, false)
 5 SYSTEMPATH\Database\BaseBuilder.php(2230): CodeIgniter\Database\BaseBuilder->batchExecute('_insertBatch', 100)
 6 APPPATH\Models\CouponModel.php(241): CodeIgniter\Database\BaseBuilder->insertBatch([...])
 7 APPPATH\Controllers\AjaxController.php(261): App\Models\CouponModel->setCouponCategories(Object(stdClass), '9', 'add')
 8 SYSTEMPATH\CodeIgniter.php(933): App\Controllers\AjaxController->selectCouponCategoryPost()
 9 SYSTEMPATH\CodeIgniter.php(507): CodeIgniter\CodeIgniter->runController(Object(App\Controllers\AjaxController))
10 SYSTEMPATH\CodeIgniter.php(354): CodeIgniter\CodeIgniter->handleRequest(null, Object(Config\Cache), false)
11 SYSTEMPATH\Boot.php(363): CodeIgniter\CodeIgniter->run()
12 SYSTEMPATH\Boot.php(68): CodeIgniter\Boot::runCodeIgniter(Object(CodeIgniter\CodeIgniter))
13 FCPATH\index.php(59): CodeIgniter\Boot::bootWeb(Object(Config\Paths))
ERROR - 2025-11-26 14:21:59 --> mysqli_sql_exception: Duplicate entry '0' for key 'PRIMARY' in F:\xampp\htdocs\modesy-2.6.2\system\Database\MySQLi\Connection.php:327
Stack trace:
#0 F:\xampp\htdocs\modesy-2.6.2\system\Database\MySQLi\Connection.php(327): mysqli->query('INSERT INTO `co...', 0)
#1 F:\xampp\htdocs\modesy-2.6.2\system\Database\BaseConnection.php(729): CodeIgniter\Database\MySQLi\Connection->execute('INSERT INTO `co...')
#2 F:\xampp\htdocs\modesy-2.6.2\system\Database\BaseConnection.php(646): CodeIgniter\Database\BaseConnection->simpleQuery('INSERT INTO `co...')
#3 F:\xampp\htdocs\modesy-2.6.2\system\Database\BaseBuilder.php(2345): CodeIgniter\Database\BaseConnection->query('INSERT INTO `co...', Array, false)
#4 F:\xampp\htdocs\modesy-2.6.2\app\Models\CouponModel.php(255): CodeIgniter\Database\BaseBuilder->insert(Array)
#5 F:\xampp\htdocs\modesy-2.6.2\app\Controllers\AjaxController.php(282): App\Models\CouponModel->addRemoveCouponProduct(Object(stdClass), Object(stdClass), 'add')
#6 F:\xampp\htdocs\modesy-2.6.2\system\CodeIgniter.php(933): App\Controllers\AjaxController->selectCouponProductPost()
#7 F:\xampp\htdocs\modesy-2.6.2\system\CodeIgniter.php(507): CodeIgniter\CodeIgniter->runController(Object(App\Controllers\AjaxController))
#8 F:\xampp\htdocs\modesy-2.6.2\system\CodeIgniter.php(354): CodeIgniter\CodeIgniter->handleRequest(NULL, Object(Config\Cache), false)
#9 F:\xampp\htdocs\modesy-2.6.2\system\Boot.php(363): CodeIgniter\CodeIgniter->run()
#10 F:\xampp\htdocs\modesy-2.6.2\system\Boot.php(68): CodeIgniter\Boot::runCodeIgniter(Object(CodeIgniter\CodeIgniter))
#11 F:\xampp\htdocs\modesy-2.6.2\index.php(59): CodeIgniter\Boot::bootWeb(Object(Config\Paths))
#12 {main}
CRITICAL - 2025-11-26 14:21:59 --> CodeIgniter\Database\Exceptions\DatabaseException: Duplicate entry '0' for key 'PRIMARY'
[Method: POST, Route: Ajax/selectCouponProductPost]
in SYSTEMPATH\Database\BaseConnection.php on line 684.
 1 SYSTEMPATH\Database\BaseBuilder.php(2345): CodeIgniter\Database\BaseConnection->query('INSERT INTO `coupon_products` (`coupon_id`, `product_id`) VALUES (:coupon_id:, :product_id:)', [...], false)
 2 APPPATH\Models\CouponModel.php(255): CodeIgniter\Database\BaseBuilder->insert([...])
 3 APPPATH\Controllers\AjaxController.php(282): App\Models\CouponModel->addRemoveCouponProduct(Object(stdClass), Object(stdClass), 'add')
 4 SYSTEMPATH\CodeIgniter.php(933): App\Controllers\AjaxController->selectCouponProductPost()
 5 SYSTEMPATH\CodeIgniter.php(507): CodeIgniter\CodeIgniter->runController(Object(App\Controllers\AjaxController))
 6 SYSTEMPATH\CodeIgniter.php(354): CodeIgniter\CodeIgniter->handleRequest(null, Object(Config\Cache), false)
 7 SYSTEMPATH\Boot.php(363): CodeIgniter\CodeIgniter->run()
 8 SYSTEMPATH\Boot.php(68): CodeIgniter\Boot::runCodeIgniter(Object(CodeIgniter\CodeIgniter))
 9 FCPATH\index.php(59): CodeIgniter\Boot::bootWeb(Object(Config\Paths))
CRITICAL - 2025-11-26 14:21:59 --> [Caused by] CodeIgniter\Database\Exceptions\DatabaseException: Duplicate entry '0' for key 'PRIMARY'
in SYSTEMPATH\Database\MySQLi\Connection.php on line 332.
 1 SYSTEMPATH\Database\BaseConnection.php(729): CodeIgniter\Database\MySQLi\Connection->execute('INSERT INTO `coupon_products` (`coupon_id`, `product_id`) VALUES (\'0\', \'41\')')
 2 SYSTEMPATH\Database\BaseConnection.php(646): CodeIgniter\Database\BaseConnection->simpleQuery('INSERT INTO `coupon_products` (`coupon_id`, `product_id`) VALUES (\'0\', \'41\')')
 3 SYSTEMPATH\Database\BaseBuilder.php(2345): CodeIgniter\Database\BaseConnection->query('INSERT INTO `coupon_products` (`coupon_id`, `product_id`) VALUES (:coupon_id:, :product_id:)', [...], false)
 4 APPPATH\Models\CouponModel.php(255): CodeIgniter\Database\BaseBuilder->insert([...])
 5 APPPATH\Controllers\AjaxController.php(282): App\Models\CouponModel->addRemoveCouponProduct(Object(stdClass), Object(stdClass), 'add')
 6 SYSTEMPATH\CodeIgniter.php(933): App\Controllers\AjaxController->selectCouponProductPost()
 7 SYSTEMPATH\CodeIgniter.php(507): CodeIgniter\CodeIgniter->runController(Object(App\Controllers\AjaxController))
 8 SYSTEMPATH\CodeIgniter.php(354): CodeIgniter\CodeIgniter->handleRequest(null, Object(Config\Cache), false)
 9 SYSTEMPATH\Boot.php(363): CodeIgniter\CodeIgniter->run()
10 SYSTEMPATH\Boot.php(68): CodeIgniter\Boot::runCodeIgniter(Object(CodeIgniter\CodeIgniter))
11 FCPATH\index.php(59): CodeIgniter\Boot::bootWeb(Object(Config\Paths))
CRITICAL - 2025-11-26 14:21:59 --> [Caused by] mysqli_sql_exception: Duplicate entry '0' for key 'PRIMARY'
in SYSTEMPATH\Database\MySQLi\Connection.php on line 327.
 1 SYSTEMPATH\Database\MySQLi\Connection.php(327): mysqli->query('INSERT INTO `coupon_products` (`coupon_id`, `product_id`) VALUES (\'0\', \'41\')', 0)
 2 SYSTEMPATH\Database\BaseConnection.php(729): CodeIgniter\Database\MySQLi\Connection->execute('INSERT INTO `coupon_products` (`coupon_id`, `product_id`) VALUES (\'0\', \'41\')')
 3 SYSTEMPATH\Database\BaseConnection.php(646): CodeIgniter\Database\BaseConnection->simpleQuery('INSERT INTO `coupon_products` (`coupon_id`, `product_id`) VALUES (\'0\', \'41\')')
 4 SYSTEMPATH\Database\BaseBuilder.php(2345): CodeIgniter\Database\BaseConnection->query('INSERT INTO `coupon_products` (`coupon_id`, `product_id`) VALUES (:coupon_id:, :product_id:)', [...], false)
 5 APPPATH\Models\CouponModel.php(255): CodeIgniter\Database\BaseBuilder->insert([...])
 6 APPPATH\Controllers\AjaxController.php(282): App\Models\CouponModel->addRemoveCouponProduct(Object(stdClass), Object(stdClass), 'add')
 7 SYSTEMPATH\CodeIgniter.php(933): App\Controllers\AjaxController->selectCouponProductPost()
 8 SYSTEMPATH\CodeIgniter.php(507): CodeIgniter\CodeIgniter->runController(Object(App\Controllers\AjaxController))
 9 SYSTEMPATH\CodeIgniter.php(354): CodeIgniter\CodeIgniter->handleRequest(null, Object(Config\Cache), false)
10 SYSTEMPATH\Boot.php(363): CodeIgniter\CodeIgniter->run()
11 SYSTEMPATH\Boot.php(68): CodeIgniter\Boot::runCodeIgniter(Object(CodeIgniter\CodeIgniter))
12 FCPATH\index.php(59): CodeIgniter\Boot::bootWeb(Object(Config\Paths))
ERROR - 2025-11-26 14:22:26 --> mysqli_sql_exception: Duplicate entry '0' for key 'PRIMARY' in F:\xampp\htdocs\modesy-2.6.2\system\Database\MySQLi\Connection.php:327
Stack trace:
#0 F:\xampp\htdocs\modesy-2.6.2\system\Database\MySQLi\Connection.php(327): mysqli->query('INSERT INTO `co...', 0)
#1 F:\xampp\htdocs\modesy-2.6.2\system\Database\BaseConnection.php(729): CodeIgniter\Database\MySQLi\Connection->execute('INSERT INTO `co...')
#2 F:\xampp\htdocs\modesy-2.6.2\system\Database\BaseConnection.php(646): CodeIgniter\Database\BaseConnection->simpleQuery('INSERT INTO `co...')
#3 F:\xampp\htdocs\modesy-2.6.2\system\Database\BaseBuilder.php(2345): CodeIgniter\Database\BaseConnection->query('INSERT INTO `co...', Array, false)
#4 F:\xampp\htdocs\modesy-2.6.2\app\Models\CouponModel.php(255): CodeIgniter\Database\BaseBuilder->insert(Array)
#5 F:\xampp\htdocs\modesy-2.6.2\app\Controllers\AjaxController.php(282): App\Models\CouponModel->addRemoveCouponProduct(Object(stdClass), Object(stdClass), 'add')
#6 F:\xampp\htdocs\modesy-2.6.2\system\CodeIgniter.php(933): App\Controllers\AjaxController->selectCouponProductPost()
#7 F:\xampp\htdocs\modesy-2.6.2\system\CodeIgniter.php(507): CodeIgniter\CodeIgniter->runController(Object(App\Controllers\AjaxController))
#8 F:\xampp\htdocs\modesy-2.6.2\system\CodeIgniter.php(354): CodeIgniter\CodeIgniter->handleRequest(NULL, Object(Config\Cache), false)
#9 F:\xampp\htdocs\modesy-2.6.2\system\Boot.php(363): CodeIgniter\CodeIgniter->run()
#10 F:\xampp\htdocs\modesy-2.6.2\system\Boot.php(68): CodeIgniter\Boot::runCodeIgniter(Object(CodeIgniter\CodeIgniter))
#11 F:\xampp\htdocs\modesy-2.6.2\index.php(59): CodeIgniter\Boot::bootWeb(Object(Config\Paths))
#12 {main}
CRITICAL - 2025-11-26 14:22:26 --> CodeIgniter\Database\Exceptions\DatabaseException: Duplicate entry '0' for key 'PRIMARY'
[Method: POST, Route: Ajax/selectCouponProductPost]
in SYSTEMPATH\Database\BaseConnection.php on line 684.
 1 SYSTEMPATH\Database\BaseBuilder.php(2345): CodeIgniter\Database\BaseConnection->query('INSERT INTO `coupon_products` (`coupon_id`, `product_id`) VALUES (:coupon_id:, :product_id:)', [...], false)
 2 APPPATH\Models\CouponModel.php(255): CodeIgniter\Database\BaseBuilder->insert([...])
 3 APPPATH\Controllers\AjaxController.php(282): App\Models\CouponModel->addRemoveCouponProduct(Object(stdClass), Object(stdClass), 'add')
 4 SYSTEMPATH\CodeIgniter.php(933): App\Controllers\AjaxController->selectCouponProductPost()
 5 SYSTEMPATH\CodeIgniter.php(507): CodeIgniter\CodeIgniter->runController(Object(App\Controllers\AjaxController))
 6 SYSTEMPATH\CodeIgniter.php(354): CodeIgniter\CodeIgniter->handleRequest(null, Object(Config\Cache), false)
 7 SYSTEMPATH\Boot.php(363): CodeIgniter\CodeIgniter->run()
 8 SYSTEMPATH\Boot.php(68): CodeIgniter\Boot::runCodeIgniter(Object(CodeIgniter\CodeIgniter))
 9 FCPATH\index.php(59): CodeIgniter\Boot::bootWeb(Object(Config\Paths))
CRITICAL - 2025-11-26 14:22:26 --> [Caused by] CodeIgniter\Database\Exceptions\DatabaseException: Duplicate entry '0' for key 'PRIMARY'
in SYSTEMPATH\Database\MySQLi\Connection.php on line 332.
 1 SYSTEMPATH\Database\BaseConnection.php(729): CodeIgniter\Database\MySQLi\Connection->execute('INSERT INTO `coupon_products` (`coupon_id`, `product_id`) VALUES (\'0\', \'41\')')
 2 SYSTEMPATH\Database\BaseConnection.php(646): CodeIgniter\Database\BaseConnection->simpleQuery('INSERT INTO `coupon_products` (`coupon_id`, `product_id`) VALUES (\'0\', \'41\')')
 3 SYSTEMPATH\Database\BaseBuilder.php(2345): CodeIgniter\Database\BaseConnection->query('INSERT INTO `coupon_products` (`coupon_id`, `product_id`) VALUES (:coupon_id:, :product_id:)', [...], false)
 4 APPPATH\Models\CouponModel.php(255): CodeIgniter\Database\BaseBuilder->insert([...])
 5 APPPATH\Controllers\AjaxController.php(282): App\Models\CouponModel->addRemoveCouponProduct(Object(stdClass), Object(stdClass), 'add')
 6 SYSTEMPATH\CodeIgniter.php(933): App\Controllers\AjaxController->selectCouponProductPost()
 7 SYSTEMPATH\CodeIgniter.php(507): CodeIgniter\CodeIgniter->runController(Object(App\Controllers\AjaxController))
 8 SYSTEMPATH\CodeIgniter.php(354): CodeIgniter\CodeIgniter->handleRequest(null, Object(Config\Cache), false)
 9 SYSTEMPATH\Boot.php(363): CodeIgniter\CodeIgniter->run()
10 SYSTEMPATH\Boot.php(68): CodeIgniter\Boot::runCodeIgniter(Object(CodeIgniter\CodeIgniter))
11 FCPATH\index.php(59): CodeIgniter\Boot::bootWeb(Object(Config\Paths))
CRITICAL - 2025-11-26 14:22:26 --> [Caused by] mysqli_sql_exception: Duplicate entry '0' for key 'PRIMARY'
in SYSTEMPATH\Database\MySQLi\Connection.php on line 327.
 1 SYSTEMPATH\Database\MySQLi\Connection.php(327): mysqli->query('INSERT INTO `coupon_products` (`coupon_id`, `product_id`) VALUES (\'0\', \'41\')', 0)
 2 SYSTEMPATH\Database\BaseConnection.php(729): CodeIgniter\Database\MySQLi\Connection->execute('INSERT INTO `coupon_products` (`coupon_id`, `product_id`) VALUES (\'0\', \'41\')')
 3 SYSTEMPATH\Database\BaseConnection.php(646): CodeIgniter\Database\BaseConnection->simpleQuery('INSERT INTO `coupon_products` (`coupon_id`, `product_id`) VALUES (\'0\', \'41\')')
 4 SYSTEMPATH\Database\BaseBuilder.php(2345): CodeIgniter\Database\BaseConnection->query('INSERT INTO `coupon_products` (`coupon_id`, `product_id`) VALUES (:coupon_id:, :product_id:)', [...], false)
 5 APPPATH\Models\CouponModel.php(255): CodeIgniter\Database\BaseBuilder->insert([...])
 6 APPPATH\Controllers\AjaxController.php(282): App\Models\CouponModel->addRemoveCouponProduct(Object(stdClass), Object(stdClass), 'add')
 7 SYSTEMPATH\CodeIgniter.php(933): App\Controllers\AjaxController->selectCouponProductPost()
 8 SYSTEMPATH\CodeIgniter.php(507): CodeIgniter\CodeIgniter->runController(Object(App\Controllers\AjaxController))
 9 SYSTEMPATH\CodeIgniter.php(354): CodeIgniter\CodeIgniter->handleRequest(null, Object(Config\Cache), false)
10 SYSTEMPATH\Boot.php(363): CodeIgniter\CodeIgniter->run()
11 SYSTEMPATH\Boot.php(68): CodeIgniter\Boot::runCodeIgniter(Object(CodeIgniter\CodeIgniter))
12 FCPATH\index.php(59): CodeIgniter\Boot::bootWeb(Object(Config\Paths))
ERROR - 2025-11-26 14:22:34 --> mysqli_sql_exception: Duplicate entry '0' for key 'PRIMARY' in F:\xampp\htdocs\modesy-2.6.2\system\Database\MySQLi\Connection.php:327
Stack trace:
#0 F:\xampp\htdocs\modesy-2.6.2\system\Database\MySQLi\Connection.php(327): mysqli->query('INSERT INTO `co...', 0)
#1 F:\xampp\htdocs\modesy-2.6.2\system\Database\BaseConnection.php(729): CodeIgniter\Database\MySQLi\Connection->execute('INSERT INTO `co...')
#2 F:\xampp\htdocs\modesy-2.6.2\system\Database\BaseConnection.php(646): CodeIgniter\Database\BaseConnection->simpleQuery('INSERT INTO `co...')
#3 F:\xampp\htdocs\modesy-2.6.2\system\Database\BaseBuilder.php(1841): CodeIgniter\Database\BaseConnection->query('INSERT INTO `co...', NULL, false)
#4 F:\xampp\htdocs\modesy-2.6.2\system\Database\BaseBuilder.php(2230): CodeIgniter\Database\BaseBuilder->batchExecute('_insertBatch', 100)
#5 F:\xampp\htdocs\modesy-2.6.2\app\Models\CouponModel.php(241): CodeIgniter\Database\BaseBuilder->insertBatch(Array)
#6 F:\xampp\htdocs\modesy-2.6.2\app\Controllers\AjaxController.php(261): App\Models\CouponModel->setCouponCategories(Object(stdClass), '9', 'add')
#7 F:\xampp\htdocs\modesy-2.6.2\system\CodeIgniter.php(933): App\Controllers\AjaxController->selectCouponCategoryPost()
#8 F:\xampp\htdocs\modesy-2.6.2\system\CodeIgniter.php(507): CodeIgniter\CodeIgniter->runController(Object(App\Controllers\AjaxController))
#9 F:\xampp\htdocs\modesy-2.6.2\system\CodeIgniter.php(354): CodeIgniter\CodeIgniter->handleRequest(NULL, Object(Config\Cache), false)
#10 F:\xampp\htdocs\modesy-2.6.2\system\Boot.php(363): CodeIgniter\CodeIgniter->run()
#11 F:\xampp\htdocs\modesy-2.6.2\system\Boot.php(68): CodeIgniter\Boot::runCodeIgniter(Object(CodeIgniter\CodeIgniter))
#12 F:\xampp\htdocs\modesy-2.6.2\index.php(59): CodeIgniter\Boot::bootWeb(Object(Config\Paths))
#13 {main}
CRITICAL - 2025-11-26 14:22:34 --> CodeIgniter\Database\Exceptions\DatabaseException: Duplicate entry '0' for key 'PRIMARY'
[Method: POST, Route: Ajax/selectCouponCategoryPost]
in SYSTEMPATH\Database\BaseConnection.php on line 684.
 1 SYSTEMPATH\Database\BaseBuilder.php(1841): CodeIgniter\Database\BaseConnection->query('INSERT INTO `coupon_products` (`coupon_id`, `product_id`)
VALUES (\'0\',\'41\')', null, false)
 2 SYSTEMPATH\Database\BaseBuilder.php(2230): CodeIgniter\Database\BaseBuilder->batchExecute('_insertBatch', 100)
 3 APPPATH\Models\CouponModel.php(241): CodeIgniter\Database\BaseBuilder->insertBatch([...])
 4 APPPATH\Controllers\AjaxController.php(261): App\Models\CouponModel->setCouponCategories(Object(stdClass), '9', 'add')
 5 SYSTEMPATH\CodeIgniter.php(933): App\Controllers\AjaxController->selectCouponCategoryPost()
 6 SYSTEMPATH\CodeIgniter.php(507): CodeIgniter\CodeIgniter->runController(Object(App\Controllers\AjaxController))
 7 SYSTEMPATH\CodeIgniter.php(354): CodeIgniter\CodeIgniter->handleRequest(null, Object(Config\Cache), false)
 8 SYSTEMPATH\Boot.php(363): CodeIgniter\CodeIgniter->run()
 9 SYSTEMPATH\Boot.php(68): CodeIgniter\Boot::runCodeIgniter(Object(CodeIgniter\CodeIgniter))
10 FCPATH\index.php(59): CodeIgniter\Boot::bootWeb(Object(Config\Paths))
CRITICAL - 2025-11-26 14:22:34 --> [Caused by] CodeIgniter\Database\Exceptions\DatabaseException: Duplicate entry '0' for key 'PRIMARY'
in SYSTEMPATH\Database\MySQLi\Connection.php on line 332.
 1 SYSTEMPATH\Database\BaseConnection.php(729): CodeIgniter\Database\MySQLi\Connection->execute('INSERT INTO `coupon_products` (`coupon_id`, `product_id`)
VALUES (\'0\',\'41\')')
 2 SYSTEMPATH\Database\BaseConnection.php(646): CodeIgniter\Database\BaseConnection->simpleQuery('INSERT INTO `coupon_products` (`coupon_id`, `product_id`)
VALUES (\'0\',\'41\')')
 3 SYSTEMPATH\Database\BaseBuilder.php(1841): CodeIgniter\Database\BaseConnection->query('INSERT INTO `coupon_products` (`coupon_id`, `product_id`)
VALUES (\'0\',\'41\')', null, false)
 4 SYSTEMPATH\Database\BaseBuilder.php(2230): CodeIgniter\Database\BaseBuilder->batchExecute('_insertBatch', 100)
 5 APPPATH\Models\CouponModel.php(241): CodeIgniter\Database\BaseBuilder->insertBatch([...])
 6 APPPATH\Controllers\AjaxController.php(261): App\Models\CouponModel->setCouponCategories(Object(stdClass), '9', 'add')
 7 SYSTEMPATH\CodeIgniter.php(933): App\Controllers\AjaxController->selectCouponCategoryPost()
 8 SYSTEMPATH\CodeIgniter.php(507): CodeIgniter\CodeIgniter->runController(Object(App\Controllers\AjaxController))
 9 SYSTEMPATH\CodeIgniter.php(354): CodeIgniter\CodeIgniter->handleRequest(null, Object(Config\Cache), false)
10 SYSTEMPATH\Boot.php(363): CodeIgniter\CodeIgniter->run()
11 SYSTEMPATH\Boot.php(68): CodeIgniter\Boot::runCodeIgniter(Object(CodeIgniter\CodeIgniter))
12 FCPATH\index.php(59): CodeIgniter\Boot::bootWeb(Object(Config\Paths))
CRITICAL - 2025-11-26 14:22:34 --> [Caused by] mysqli_sql_exception: Duplicate entry '0' for key 'PRIMARY'
in SYSTEMPATH\Database\MySQLi\Connection.php on line 327.
 1 SYSTEMPATH\Database\MySQLi\Connection.php(327): mysqli->query('INSERT INTO `coupon_products` (`coupon_id`, `product_id`)
VALUES (\'0\',\'41\')', 0)
 2 SYSTEMPATH\Database\BaseConnection.php(729): CodeIgniter\Database\MySQLi\Connection->execute('INSERT INTO `coupon_products` (`coupon_id`, `product_id`)
VALUES (\'0\',\'41\')')
 3 SYSTEMPATH\Database\BaseConnection.php(646): CodeIgniter\Database\BaseConnection->simpleQuery('INSERT INTO `coupon_products` (`coupon_id`, `product_id`)
VALUES (\'0\',\'41\')')
 4 SYSTEMPATH\Database\BaseBuilder.php(1841): CodeIgniter\Database\BaseConnection->query('INSERT INTO `coupon_products` (`coupon_id`, `product_id`)
VALUES (\'0\',\'41\')', null, false)
 5 SYSTEMPATH\Database\BaseBuilder.php(2230): CodeIgniter\Database\BaseBuilder->batchExecute('_insertBatch', 100)
 6 APPPATH\Models\CouponModel.php(241): CodeIgniter\Database\BaseBuilder->insertBatch([...])
 7 APPPATH\Controllers\AjaxController.php(261): App\Models\CouponModel->setCouponCategories(Object(stdClass), '9', 'add')
 8 SYSTEMPATH\CodeIgniter.php(933): App\Controllers\AjaxController->selectCouponCategoryPost()
 9 SYSTEMPATH\CodeIgniter.php(507): CodeIgniter\CodeIgniter->runController(Object(App\Controllers\AjaxController))
10 SYSTEMPATH\CodeIgniter.php(354): CodeIgniter\CodeIgniter->handleRequest(null, Object(Config\Cache), false)
11 SYSTEMPATH\Boot.php(363): CodeIgniter\CodeIgniter->run()
12 SYSTEMPATH\Boot.php(68): CodeIgniter\Boot::runCodeIgniter(Object(CodeIgniter\CodeIgniter))
13 FCPATH\index.php(59): CodeIgniter\Boot::bootWeb(Object(Config\Paths))
ERROR - 2025-11-26 14:22:56 --> mysqli_sql_exception: Duplicate entry '0' for key 'PRIMARY' in F:\xampp\htdocs\modesy-2.6.2\system\Database\MySQLi\Connection.php:327
Stack trace:
#0 F:\xampp\htdocs\modesy-2.6.2\system\Database\MySQLi\Connection.php(327): mysqli->query('INSERT INTO `co...', 0)
#1 F:\xampp\htdocs\modesy-2.6.2\system\Database\BaseConnection.php(729): CodeIgniter\Database\MySQLi\Connection->execute('INSERT INTO `co...')
#2 F:\xampp\htdocs\modesy-2.6.2\system\Database\BaseConnection.php(646): CodeIgniter\Database\BaseConnection->simpleQuery('INSERT INTO `co...')
#3 F:\xampp\htdocs\modesy-2.6.2\system\Database\BaseBuilder.php(1841): CodeIgniter\Database\BaseConnection->query('INSERT INTO `co...', NULL, false)
#4 F:\xampp\htdocs\modesy-2.6.2\system\Database\BaseBuilder.php(2230): CodeIgniter\Database\BaseBuilder->batchExecute('_insertBatch', 100)
#5 F:\xampp\htdocs\modesy-2.6.2\app\Models\CouponModel.php(241): CodeIgniter\Database\BaseBuilder->insertBatch(Array)
#6 F:\xampp\htdocs\modesy-2.6.2\app\Controllers\AjaxController.php(261): App\Models\CouponModel->setCouponCategories(Object(stdClass), '9', 'add')
#7 F:\xampp\htdocs\modesy-2.6.2\system\CodeIgniter.php(933): App\Controllers\AjaxController->selectCouponCategoryPost()
#8 F:\xampp\htdocs\modesy-2.6.2\system\CodeIgniter.php(507): CodeIgniter\CodeIgniter->runController(Object(App\Controllers\AjaxController))
#9 F:\xampp\htdocs\modesy-2.6.2\system\CodeIgniter.php(354): CodeIgniter\CodeIgniter->handleRequest(NULL, Object(Config\Cache), false)
#10 F:\xampp\htdocs\modesy-2.6.2\system\Boot.php(363): CodeIgniter\CodeIgniter->run()
#11 F:\xampp\htdocs\modesy-2.6.2\system\Boot.php(68): CodeIgniter\Boot::runCodeIgniter(Object(CodeIgniter\CodeIgniter))
#12 F:\xampp\htdocs\modesy-2.6.2\index.php(59): CodeIgniter\Boot::bootWeb(Object(Config\Paths))
#13 {main}
CRITICAL - 2025-11-26 14:22:56 --> CodeIgniter\Database\Exceptions\DatabaseException: Duplicate entry '0' for key 'PRIMARY'
[Method: POST, Route: Ajax/selectCouponCategoryPost]
in SYSTEMPATH\Database\BaseConnection.php on line 684.
 1 SYSTEMPATH\Database\BaseBuilder.php(1841): CodeIgniter\Database\BaseConnection->query('INSERT INTO `coupon_products` (`coupon_id`, `product_id`)
VALUES (\'0\',\'41\')', null, false)
 2 SYSTEMPATH\Database\BaseBuilder.php(2230): CodeIgniter\Database\BaseBuilder->batchExecute('_insertBatch', 100)
 3 APPPATH\Models\CouponModel.php(241): CodeIgniter\Database\BaseBuilder->insertBatch([...])
 4 APPPATH\Controllers\AjaxController.php(261): App\Models\CouponModel->setCouponCategories(Object(stdClass), '9', 'add')
 5 SYSTEMPATH\CodeIgniter.php(933): App\Controllers\AjaxController->selectCouponCategoryPost()
 6 SYSTEMPATH\CodeIgniter.php(507): CodeIgniter\CodeIgniter->runController(Object(App\Controllers\AjaxController))
 7 SYSTEMPATH\CodeIgniter.php(354): CodeIgniter\CodeIgniter->handleRequest(null, Object(Config\Cache), false)
 8 SYSTEMPATH\Boot.php(363): CodeIgniter\CodeIgniter->run()
 9 SYSTEMPATH\Boot.php(68): CodeIgniter\Boot::runCodeIgniter(Object(CodeIgniter\CodeIgniter))
10 FCPATH\index.php(59): CodeIgniter\Boot::bootWeb(Object(Config\Paths))
CRITICAL - 2025-11-26 14:22:56 --> [Caused by] CodeIgniter\Database\Exceptions\DatabaseException: Duplicate entry '0' for key 'PRIMARY'
in SYSTEMPATH\Database\MySQLi\Connection.php on line 332.
 1 SYSTEMPATH\Database\BaseConnection.php(729): CodeIgniter\Database\MySQLi\Connection->execute('INSERT INTO `coupon_products` (`coupon_id`, `product_id`)
VALUES (\'0\',\'41\')')
 2 SYSTEMPATH\Database\BaseConnection.php(646): CodeIgniter\Database\BaseConnection->simpleQuery('INSERT INTO `coupon_products` (`coupon_id`, `product_id`)
VALUES (\'0\',\'41\')')
 3 SYSTEMPATH\Database\BaseBuilder.php(1841): CodeIgniter\Database\BaseConnection->query('INSERT INTO `coupon_products` (`coupon_id`, `product_id`)
VALUES (\'0\',\'41\')', null, false)
 4 SYSTEMPATH\Database\BaseBuilder.php(2230): CodeIgniter\Database\BaseBuilder->batchExecute('_insertBatch', 100)
 5 APPPATH\Models\CouponModel.php(241): CodeIgniter\Database\BaseBuilder->insertBatch([...])
 6 APPPATH\Controllers\AjaxController.php(261): App\Models\CouponModel->setCouponCategories(Object(stdClass), '9', 'add')
 7 SYSTEMPATH\CodeIgniter.php(933): App\Controllers\AjaxController->selectCouponCategoryPost()
 8 SYSTEMPATH\CodeIgniter.php(507): CodeIgniter\CodeIgniter->runController(Object(App\Controllers\AjaxController))
 9 SYSTEMPATH\CodeIgniter.php(354): CodeIgniter\CodeIgniter->handleRequest(null, Object(Config\Cache), false)
10 SYSTEMPATH\Boot.php(363): CodeIgniter\CodeIgniter->run()
11 SYSTEMPATH\Boot.php(68): CodeIgniter\Boot::runCodeIgniter(Object(CodeIgniter\CodeIgniter))
12 FCPATH\index.php(59): CodeIgniter\Boot::bootWeb(Object(Config\Paths))
CRITICAL - 2025-11-26 14:22:56 --> [Caused by] mysqli_sql_exception: Duplicate entry '0' for key 'PRIMARY'
in SYSTEMPATH\Database\MySQLi\Connection.php on line 327.
 1 SYSTEMPATH\Database\MySQLi\Connection.php(327): mysqli->query('INSERT INTO `coupon_products` (`coupon_id`, `product_id`)
VALUES (\'0\',\'41\')', 0)
 2 SYSTEMPATH\Database\BaseConnection.php(729): CodeIgniter\Database\MySQLi\Connection->execute('INSERT INTO `coupon_products` (`coupon_id`, `product_id`)
VALUES (\'0\',\'41\')')
 3 SYSTEMPATH\Database\BaseConnection.php(646): CodeIgniter\Database\BaseConnection->simpleQuery('INSERT INTO `coupon_products` (`coupon_id`, `product_id`)
VALUES (\'0\',\'41\')')
 4 SYSTEMPATH\Database\BaseBuilder.php(1841): CodeIgniter\Database\BaseConnection->query('INSERT INTO `coupon_products` (`coupon_id`, `product_id`)
VALUES (\'0\',\'41\')', null, false)
 5 SYSTEMPATH\Database\BaseBuilder.php(2230): CodeIgniter\Database\BaseBuilder->batchExecute('_insertBatch', 100)
 6 APPPATH\Models\CouponModel.php(241): CodeIgniter\Database\BaseBuilder->insertBatch([...])
 7 APPPATH\Controllers\AjaxController.php(261): App\Models\CouponModel->setCouponCategories(Object(stdClass), '9', 'add')
 8 SYSTEMPATH\CodeIgniter.php(933): App\Controllers\AjaxController->selectCouponCategoryPost()
 9 SYSTEMPATH\CodeIgniter.php(507): CodeIgniter\CodeIgniter->runController(Object(App\Controllers\AjaxController))
10 SYSTEMPATH\CodeIgniter.php(354): CodeIgniter\CodeIgniter->handleRequest(null, Object(Config\Cache), false)
11 SYSTEMPATH\Boot.php(363): CodeIgniter\CodeIgniter->run()
12 SYSTEMPATH\Boot.php(68): CodeIgniter\Boot::runCodeIgniter(Object(CodeIgniter\CodeIgniter))
13 FCPATH\index.php(59): CodeIgniter\Boot::bootWeb(Object(Config\Paths))
