ERROR - 2026-01-19 04:19:01 --> mysqli_sql_exception: Key 'idx_active_user_products' doesn't exist in table 'products' in F:\xampp\htdocs\modesy-2.6.2\system\Database\MySQLi\Connection.php:327
Stack trace:
#0 F:\xampp\htdocs\modesy-2.6.2\system\Database\MySQLi\Connection.php(327): mysqli->query('SELECT `comment...', 0)
#1 F:\xampp\htdocs\modesy-2.6.2\system\Database\BaseConnection.php(729): CodeIgniter\Database\MySQLi\Connection->execute('SELECT `comment...')
#2 F:\xampp\htdocs\modesy-2.6.2\system\Database\BaseConnection.php(646): CodeIgniter\Database\BaseConnection->simpleQuery('SELECT `comment...')
#3 F:\xampp\htdocs\modesy-2.6.2\system\Database\BaseBuilder.php(1649): CodeIgniter\Database\BaseConnection->query('SELECT `comment...', Array, false)
#4 F:\xampp\htdocs\modesy-2.6.2\app\Models\CommonModel.php(791): CodeIgniter\Database\BaseBuilder->get()
#5 F:\xampp\htdocs\modesy-2.6.2\app\Controllers\DashboardController.php(84): App\Models\CommonModel->getVendorCommentsPaginated('1', 6, 0)
#6 F:\xampp\htdocs\modesy-2.6.2\system\CodeIgniter.php(933): App\Controllers\DashboardController->index()
#7 F:\xampp\htdocs\modesy-2.6.2\system\CodeIgniter.php(507): CodeIgniter\CodeIgniter->runController(Object(App\Controllers\DashboardController))
#8 F:\xampp\htdocs\modesy-2.6.2\system\CodeIgniter.php(354): CodeIgniter\CodeIgniter->handleRequest(NULL, Object(Config\Cache), false)
#9 F:\xampp\htdocs\modesy-2.6.2\system\Boot.php(363): CodeIgniter\CodeIgniter->run()
#10 F:\xampp\htdocs\modesy-2.6.2\system\Boot.php(68): CodeIgniter\Boot::runCodeIgniter(Object(CodeIgniter\CodeIgniter))
#11 F:\xampp\htdocs\modesy-2.6.2\index.php(59): CodeIgniter\Boot::bootWeb(Object(Config\Paths))
#12 {main}
CRITICAL - 2026-01-19 04:19:01 --> CodeIgniter\Database\Exceptions\DatabaseException: Key 'idx_active_user_products' doesn't exist in table 'products'
[Method: GET, Route: dashboard]
in SYSTEMPATH\Database\BaseConnection.php on line 684.
 1 SYSTEMPATH\Database\BaseBuilder.php(1649): CodeIgniter\Database\BaseConnection->query('SELECT `comments`.*, `products`.`slug` AS `product_slug`, (SELECT users.slug FROM users WHERE comments.user_id = users.id LIMIT 1) AS user_slug, (SELECT title FROM product_details WHERE product_details.product_id = products.id AND product_details.lang_id = \'1\' LIMIT 1) AS title
FROM `comments`
JOIN products USE INDEX (idx_active_user_products) ON `comments`.`product_id` = `products`.`id`
WHERE `products`.`user_id` = :products.user_id:
AND `products`.`is_active` = :products.is_active:
ORDER BY `comments`.`id` DESC
 LIMIT 6', [...], false)
 2 APPPATH\Models\CommonModel.php(791): CodeIgniter\Database\BaseBuilder->get()
 3 APPPATH\Controllers\DashboardController.php(84): App\Models\CommonModel->getVendorCommentsPaginated('1', 6, 0)
 4 SYSTEMPATH\CodeIgniter.php(933): App\Controllers\DashboardController->index()
 5 SYSTEMPATH\CodeIgniter.php(507): CodeIgniter\CodeIgniter->runController(Object(App\Controllers\DashboardController))
 6 SYSTEMPATH\CodeIgniter.php(354): CodeIgniter\CodeIgniter->handleRequest(null, Object(Config\Cache), false)
 7 SYSTEMPATH\Boot.php(363): CodeIgniter\CodeIgniter->run()
 8 SYSTEMPATH\Boot.php(68): CodeIgniter\Boot::runCodeIgniter(Object(CodeIgniter\CodeIgniter))
 9 FCPATH\index.php(59): CodeIgniter\Boot::bootWeb(Object(Config\Paths))
CRITICAL - 2026-01-19 04:19:01 --> [Caused by] CodeIgniter\Database\Exceptions\DatabaseException: Key 'idx_active_user_products' doesn't exist in table 'products'
in SYSTEMPATH\Database\MySQLi\Connection.php on line 332.
 1 SYSTEMPATH\Database\BaseConnection.php(729): CodeIgniter\Database\MySQLi\Connection->execute('SELECT `comments`.*, `products`.`slug` AS `product_slug`, (SELECT users.slug FROM users WHERE comments.user_id = users.id LIMIT 1) AS user_slug, (SELECT title FROM product_details WHERE product_details.product_id = products.id AND product_details.lang_id = \'1\' LIMIT 1) AS title
FROM `comments`
JOIN products USE INDEX (idx_active_user_products) ON `comments`.`product_id` = `products`.`id`
WHERE `products`.`user_id` = 1
AND `products`.`is_active` = 1
ORDER BY `comments`.`id` DESC
 LIMIT 6')
 2 SYSTEMPATH\Database\BaseConnection.php(646): CodeIgniter\Database\BaseConnection->simpleQuery('SELECT `comments`.*, `products`.`slug` AS `product_slug`, (SELECT users.slug FROM users WHERE comments.user_id = users.id LIMIT 1) AS user_slug, (SELECT title FROM product_details WHERE product_details.product_id = products.id AND product_details.lang_id = \'1\' LIMIT 1) AS title
FROM `comments`
JOIN products USE INDEX (idx_active_user_products) ON `comments`.`product_id` = `products`.`id`
WHERE `products`.`user_id` = 1
AND `products`.`is_active` = 1
ORDER BY `comments`.`id` DESC
 LIMIT 6')
 3 SYSTEMPATH\Database\BaseBuilder.php(1649): CodeIgniter\Database\BaseConnection->query('SELECT `comments`.*, `products`.`slug` AS `product_slug`, (SELECT users.slug FROM users WHERE comments.user_id = users.id LIMIT 1) AS user_slug, (SELECT title FROM product_details WHERE product_details.product_id = products.id AND product_details.lang_id = \'1\' LIMIT 1) AS title
FROM `comments`
JOIN products USE INDEX (idx_active_user_products) ON `comments`.`product_id` = `products`.`id`
WHERE `products`.`user_id` = :products.user_id:
AND `products`.`is_active` = :products.is_active:
ORDER BY `comments`.`id` DESC
 LIMIT 6', [...], false)
 4 APPPATH\Models\CommonModel.php(791): CodeIgniter\Database\BaseBuilder->get()
 5 APPPATH\Controllers\DashboardController.php(84): App\Models\CommonModel->getVendorCommentsPaginated('1', 6, 0)
 6 SYSTEMPATH\CodeIgniter.php(933): App\Controllers\DashboardController->index()
 7 SYSTEMPATH\CodeIgniter.php(507): CodeIgniter\CodeIgniter->runController(Object(App\Controllers\DashboardController))
 8 SYSTEMPATH\CodeIgniter.php(354): CodeIgniter\CodeIgniter->handleRequest(null, Object(Config\Cache), false)
 9 SYSTEMPATH\Boot.php(363): CodeIgniter\CodeIgniter->run()
10 SYSTEMPATH\Boot.php(68): CodeIgniter\Boot::runCodeIgniter(Object(CodeIgniter\CodeIgniter))
11 FCPATH\index.php(59): CodeIgniter\Boot::bootWeb(Object(Config\Paths))
CRITICAL - 2026-01-19 04:19:01 --> [Caused by] mysqli_sql_exception: Key 'idx_active_user_products' doesn't exist in table 'products'
in SYSTEMPATH\Database\MySQLi\Connection.php on line 327.
 1 SYSTEMPATH\Database\MySQLi\Connection.php(327): mysqli->query('SELECT `comments`.*, `products`.`slug` AS `product_slug`, (SELECT users.slug FROM users WHERE comments.user_id = users.id LIMIT 1) AS user_slug, (SELECT title FROM product_details WHERE product_details.product_id = products.id AND product_details.lang_id = \'1\' LIMIT 1) AS title
FROM `comments`
JOIN products USE INDEX (idx_active_user_products) ON `comments`.`product_id` = `products`.`id`
WHERE `products`.`user_id` = 1
AND `products`.`is_active` = 1
ORDER BY `comments`.`id` DESC
 LIMIT 6', 0)
 2 SYSTEMPATH\Database\BaseConnection.php(729): CodeIgniter\Database\MySQLi\Connection->execute('SELECT `comments`.*, `products`.`slug` AS `product_slug`, (SELECT users.slug FROM users WHERE comments.user_id = users.id LIMIT 1) AS user_slug, (SELECT title FROM product_details WHERE product_details.product_id = products.id AND product_details.lang_id = \'1\' LIMIT 1) AS title
FROM `comments`
JOIN products USE INDEX (idx_active_user_products) ON `comments`.`product_id` = `products`.`id`
WHERE `products`.`user_id` = 1
AND `products`.`is_active` = 1
ORDER BY `comments`.`id` DESC
 LIMIT 6')
 3 SYSTEMPATH\Database\BaseConnection.php(646): CodeIgniter\Database\BaseConnection->simpleQuery('SELECT `comments`.*, `products`.`slug` AS `product_slug`, (SELECT users.slug FROM users WHERE comments.user_id = users.id LIMIT 1) AS user_slug, (SELECT title FROM product_details WHERE product_details.product_id = products.id AND product_details.lang_id = \'1\' LIMIT 1) AS title
FROM `comments`
JOIN products USE INDEX (idx_active_user_products) ON `comments`.`product_id` = `products`.`id`
WHERE `products`.`user_id` = 1
AND `products`.`is_active` = 1
ORDER BY `comments`.`id` DESC
 LIMIT 6')
 4 SYSTEMPATH\Database\BaseBuilder.php(1649): CodeIgniter\Database\BaseConnection->query('SELECT `comments`.*, `products`.`slug` AS `product_slug`, (SELECT users.slug FROM users WHERE comments.user_id = users.id LIMIT 1) AS user_slug, (SELECT title FROM product_details WHERE product_details.product_id = products.id AND product_details.lang_id = \'1\' LIMIT 1) AS title
FROM `comments`
JOIN products USE INDEX (idx_active_user_products) ON `comments`.`product_id` = `products`.`id`
WHERE `products`.`user_id` = :products.user_id:
AND `products`.`is_active` = :products.is_active:
ORDER BY `comments`.`id` DESC
 LIMIT 6', [...], false)
 5 APPPATH\Models\CommonModel.php(791): CodeIgniter\Database\BaseBuilder->get()
 6 APPPATH\Controllers\DashboardController.php(84): App\Models\CommonModel->getVendorCommentsPaginated('1', 6, 0)
 7 SYSTEMPATH\CodeIgniter.php(933): App\Controllers\DashboardController->index()
 8 SYSTEMPATH\CodeIgniter.php(507): CodeIgniter\CodeIgniter->runController(Object(App\Controllers\DashboardController))
 9 SYSTEMPATH\CodeIgniter.php(354): CodeIgniter\CodeIgniter->handleRequest(null, Object(Config\Cache), false)
10 SYSTEMPATH\Boot.php(363): CodeIgniter\CodeIgniter->run()
11 SYSTEMPATH\Boot.php(68): CodeIgniter\Boot::runCodeIgniter(Object(CodeIgniter\CodeIgniter))
12 FCPATH\index.php(59): CodeIgniter\Boot::bootWeb(Object(Config\Paths))
ERROR - 2026-01-19 04:45:50 --> mysqli_sql_exception: Key 'idx_active_user_products' doesn't exist in table 'products' in F:\xampp\htdocs\modesy-2.6.2\system\Database\MySQLi\Connection.php:327
Stack trace:
#0 F:\xampp\htdocs\modesy-2.6.2\system\Database\MySQLi\Connection.php(327): mysqli->query('SELECT `comment...', 0)
#1 F:\xampp\htdocs\modesy-2.6.2\system\Database\BaseConnection.php(729): CodeIgniter\Database\MySQLi\Connection->execute('SELECT `comment...')
#2 F:\xampp\htdocs\modesy-2.6.2\system\Database\BaseConnection.php(646): CodeIgniter\Database\BaseConnection->simpleQuery('SELECT `comment...')
#3 F:\xampp\htdocs\modesy-2.6.2\system\Database\BaseBuilder.php(1649): CodeIgniter\Database\BaseConnection->query('SELECT `comment...', Array, false)
#4 F:\xampp\htdocs\modesy-2.6.2\app\Models\CommonModel.php(791): CodeIgniter\Database\BaseBuilder->get()
#5 F:\xampp\htdocs\modesy-2.6.2\app\Controllers\DashboardController.php(84): App\Models\CommonModel->getVendorCommentsPaginated('1', 6, 0)
#6 F:\xampp\htdocs\modesy-2.6.2\system\CodeIgniter.php(933): App\Controllers\DashboardController->index()
#7 F:\xampp\htdocs\modesy-2.6.2\system\CodeIgniter.php(507): CodeIgniter\CodeIgniter->runController(Object(App\Controllers\DashboardController))
#8 F:\xampp\htdocs\modesy-2.6.2\system\CodeIgniter.php(354): CodeIgniter\CodeIgniter->handleRequest(NULL, Object(Config\Cache), false)
#9 F:\xampp\htdocs\modesy-2.6.2\system\Boot.php(363): CodeIgniter\CodeIgniter->run()
#10 F:\xampp\htdocs\modesy-2.6.2\system\Boot.php(68): CodeIgniter\Boot::runCodeIgniter(Object(CodeIgniter\CodeIgniter))
#11 F:\xampp\htdocs\modesy-2.6.2\index.php(59): CodeIgniter\Boot::bootWeb(Object(Config\Paths))
#12 {main}
CRITICAL - 2026-01-19 04:45:50 --> CodeIgniter\Database\Exceptions\DatabaseException: Key 'idx_active_user_products' doesn't exist in table 'products'
[Method: GET, Route: dashboard]
in SYSTEMPATH\Database\BaseConnection.php on line 684.
 1 SYSTEMPATH\Database\BaseBuilder.php(1649): CodeIgniter\Database\BaseConnection->query('SELECT `comments`.*, `products`.`slug` AS `product_slug`, (SELECT users.slug FROM users WHERE comments.user_id = users.id LIMIT 1) AS user_slug, (SELECT title FROM product_details WHERE product_details.product_id = products.id AND product_details.lang_id = \'1\' LIMIT 1) AS title
FROM `comments`
JOIN products USE INDEX (idx_active_user_products) ON `comments`.`product_id` = `products`.`id`
WHERE `products`.`user_id` = :products.user_id:
AND `products`.`is_active` = :products.is_active:
ORDER BY `comments`.`id` DESC
 LIMIT 6', [...], false)
 2 APPPATH\Models\CommonModel.php(791): CodeIgniter\Database\BaseBuilder->get()
 3 APPPATH\Controllers\DashboardController.php(84): App\Models\CommonModel->getVendorCommentsPaginated('1', 6, 0)
 4 SYSTEMPATH\CodeIgniter.php(933): App\Controllers\DashboardController->index()
 5 SYSTEMPATH\CodeIgniter.php(507): CodeIgniter\CodeIgniter->runController(Object(App\Controllers\DashboardController))
 6 SYSTEMPATH\CodeIgniter.php(354): CodeIgniter\CodeIgniter->handleRequest(null, Object(Config\Cache), false)
 7 SYSTEMPATH\Boot.php(363): CodeIgniter\CodeIgniter->run()
 8 SYSTEMPATH\Boot.php(68): CodeIgniter\Boot::runCodeIgniter(Object(CodeIgniter\CodeIgniter))
 9 FCPATH\index.php(59): CodeIgniter\Boot::bootWeb(Object(Config\Paths))
CRITICAL - 2026-01-19 04:45:50 --> [Caused by] CodeIgniter\Database\Exceptions\DatabaseException: Key 'idx_active_user_products' doesn't exist in table 'products'
in SYSTEMPATH\Database\MySQLi\Connection.php on line 332.
 1 SYSTEMPATH\Database\BaseConnection.php(729): CodeIgniter\Database\MySQLi\Connection->execute('SELECT `comments`.*, `products`.`slug` AS `product_slug`, (SELECT users.slug FROM users WHERE comments.user_id = users.id LIMIT 1) AS user_slug, (SELECT title FROM product_details WHERE product_details.product_id = products.id AND product_details.lang_id = \'1\' LIMIT 1) AS title
FROM `comments`
JOIN products USE INDEX (idx_active_user_products) ON `comments`.`product_id` = `products`.`id`
WHERE `products`.`user_id` = 1
AND `products`.`is_active` = 1
ORDER BY `comments`.`id` DESC
 LIMIT 6')
 2 SYSTEMPATH\Database\BaseConnection.php(646): CodeIgniter\Database\BaseConnection->simpleQuery('SELECT `comments`.*, `products`.`slug` AS `product_slug`, (SELECT users.slug FROM users WHERE comments.user_id = users.id LIMIT 1) AS user_slug, (SELECT title FROM product_details WHERE product_details.product_id = products.id AND product_details.lang_id = \'1\' LIMIT 1) AS title
FROM `comments`
JOIN products USE INDEX (idx_active_user_products) ON `comments`.`product_id` = `products`.`id`
WHERE `products`.`user_id` = 1
AND `products`.`is_active` = 1
ORDER BY `comments`.`id` DESC
 LIMIT 6')
 3 SYSTEMPATH\Database\BaseBuilder.php(1649): CodeIgniter\Database\BaseConnection->query('SELECT `comments`.*, `products`.`slug` AS `product_slug`, (SELECT users.slug FROM users WHERE comments.user_id = users.id LIMIT 1) AS user_slug, (SELECT title FROM product_details WHERE product_details.product_id = products.id AND product_details.lang_id = \'1\' LIMIT 1) AS title
FROM `comments`
JOIN products USE INDEX (idx_active_user_products) ON `comments`.`product_id` = `products`.`id`
WHERE `products`.`user_id` = :products.user_id:
AND `products`.`is_active` = :products.is_active:
ORDER BY `comments`.`id` DESC
 LIMIT 6', [...], false)
 4 APPPATH\Models\CommonModel.php(791): CodeIgniter\Database\BaseBuilder->get()
 5 APPPATH\Controllers\DashboardController.php(84): App\Models\CommonModel->getVendorCommentsPaginated('1', 6, 0)
 6 SYSTEMPATH\CodeIgniter.php(933): App\Controllers\DashboardController->index()
 7 SYSTEMPATH\CodeIgniter.php(507): CodeIgniter\CodeIgniter->runController(Object(App\Controllers\DashboardController))
 8 SYSTEMPATH\CodeIgniter.php(354): CodeIgniter\CodeIgniter->handleRequest(null, Object(Config\Cache), false)
 9 SYSTEMPATH\Boot.php(363): CodeIgniter\CodeIgniter->run()
10 SYSTEMPATH\Boot.php(68): CodeIgniter\Boot::runCodeIgniter(Object(CodeIgniter\CodeIgniter))
11 FCPATH\index.php(59): CodeIgniter\Boot::bootWeb(Object(Config\Paths))
CRITICAL - 2026-01-19 04:45:50 --> [Caused by] mysqli_sql_exception: Key 'idx_active_user_products' doesn't exist in table 'products'
in SYSTEMPATH\Database\MySQLi\Connection.php on line 327.
 1 SYSTEMPATH\Database\MySQLi\Connection.php(327): mysqli->query('SELECT `comments`.*, `products`.`slug` AS `product_slug`, (SELECT users.slug FROM users WHERE comments.user_id = users.id LIMIT 1) AS user_slug, (SELECT title FROM product_details WHERE product_details.product_id = products.id AND product_details.lang_id = \'1\' LIMIT 1) AS title
FROM `comments`
JOIN products USE INDEX (idx_active_user_products) ON `comments`.`product_id` = `products`.`id`
WHERE `products`.`user_id` = 1
AND `products`.`is_active` = 1
ORDER BY `comments`.`id` DESC
 LIMIT 6', 0)
 2 SYSTEMPATH\Database\BaseConnection.php(729): CodeIgniter\Database\MySQLi\Connection->execute('SELECT `comments`.*, `products`.`slug` AS `product_slug`, (SELECT users.slug FROM users WHERE comments.user_id = users.id LIMIT 1) AS user_slug, (SELECT title FROM product_details WHERE product_details.product_id = products.id AND product_details.lang_id = \'1\' LIMIT 1) AS title
FROM `comments`
JOIN products USE INDEX (idx_active_user_products) ON `comments`.`product_id` = `products`.`id`
WHERE `products`.`user_id` = 1
AND `products`.`is_active` = 1
ORDER BY `comments`.`id` DESC
 LIMIT 6')
 3 SYSTEMPATH\Database\BaseConnection.php(646): CodeIgniter\Database\BaseConnection->simpleQuery('SELECT `comments`.*, `products`.`slug` AS `product_slug`, (SELECT users.slug FROM users WHERE comments.user_id = users.id LIMIT 1) AS user_slug, (SELECT title FROM product_details WHERE product_details.product_id = products.id AND product_details.lang_id = \'1\' LIMIT 1) AS title
FROM `comments`
JOIN products USE INDEX (idx_active_user_products) ON `comments`.`product_id` = `products`.`id`
WHERE `products`.`user_id` = 1
AND `products`.`is_active` = 1
ORDER BY `comments`.`id` DESC
 LIMIT 6')
 4 SYSTEMPATH\Database\BaseBuilder.php(1649): CodeIgniter\Database\BaseConnection->query('SELECT `comments`.*, `products`.`slug` AS `product_slug`, (SELECT users.slug FROM users WHERE comments.user_id = users.id LIMIT 1) AS user_slug, (SELECT title FROM product_details WHERE product_details.product_id = products.id AND product_details.lang_id = \'1\' LIMIT 1) AS title
FROM `comments`
JOIN products USE INDEX (idx_active_user_products) ON `comments`.`product_id` = `products`.`id`
WHERE `products`.`user_id` = :products.user_id:
AND `products`.`is_active` = :products.is_active:
ORDER BY `comments`.`id` DESC
 LIMIT 6', [...], false)
 5 APPPATH\Models\CommonModel.php(791): CodeIgniter\Database\BaseBuilder->get()
 6 APPPATH\Controllers\DashboardController.php(84): App\Models\CommonModel->getVendorCommentsPaginated('1', 6, 0)
 7 SYSTEMPATH\CodeIgniter.php(933): App\Controllers\DashboardController->index()
 8 SYSTEMPATH\CodeIgniter.php(507): CodeIgniter\CodeIgniter->runController(Object(App\Controllers\DashboardController))
 9 SYSTEMPATH\CodeIgniter.php(354): CodeIgniter\CodeIgniter->handleRequest(null, Object(Config\Cache), false)
10 SYSTEMPATH\Boot.php(363): CodeIgniter\CodeIgniter->run()
11 SYSTEMPATH\Boot.php(68): CodeIgniter\Boot::runCodeIgniter(Object(CodeIgniter\CodeIgniter))
12 FCPATH\index.php(59): CodeIgniter\Boot::bootWeb(Object(Config\Paths))
ERROR - 2026-01-19 05:10:44 --> mysqli_sql_exception: Key 'idx_active_user_products' doesn't exist in table 'products' in F:\xampp\htdocs\modesy-2.6.2\system\Database\MySQLi\Connection.php:327
Stack trace:
#0 F:\xampp\htdocs\modesy-2.6.2\system\Database\MySQLi\Connection.php(327): mysqli->query('SELECT `comment...', 0)
#1 F:\xampp\htdocs\modesy-2.6.2\system\Database\BaseConnection.php(729): CodeIgniter\Database\MySQLi\Connection->execute('SELECT `comment...')
#2 F:\xampp\htdocs\modesy-2.6.2\system\Database\BaseConnection.php(646): CodeIgniter\Database\BaseConnection->simpleQuery('SELECT `comment...')
#3 F:\xampp\htdocs\modesy-2.6.2\system\Database\BaseBuilder.php(1649): CodeIgniter\Database\BaseConnection->query('SELECT `comment...', Array, false)
#4 F:\xampp\htdocs\modesy-2.6.2\app\Models\CommonModel.php(791): CodeIgniter\Database\BaseBuilder->get()
#5 F:\xampp\htdocs\modesy-2.6.2\app\Controllers\DashboardController.php(84): App\Models\CommonModel->getVendorCommentsPaginated('2', 6, 0)
#6 F:\xampp\htdocs\modesy-2.6.2\system\CodeIgniter.php(933): App\Controllers\DashboardController->index()
#7 F:\xampp\htdocs\modesy-2.6.2\system\CodeIgniter.php(507): CodeIgniter\CodeIgniter->runController(Object(App\Controllers\DashboardController))
#8 F:\xampp\htdocs\modesy-2.6.2\system\CodeIgniter.php(354): CodeIgniter\CodeIgniter->handleRequest(NULL, Object(Config\Cache), false)
#9 F:\xampp\htdocs\modesy-2.6.2\system\Boot.php(363): CodeIgniter\CodeIgniter->run()
#10 F:\xampp\htdocs\modesy-2.6.2\system\Boot.php(68): CodeIgniter\Boot::runCodeIgniter(Object(CodeIgniter\CodeIgniter))
#11 F:\xampp\htdocs\modesy-2.6.2\index.php(59): CodeIgniter\Boot::bootWeb(Object(Config\Paths))
#12 {main}
CRITICAL - 2026-01-19 05:10:44 --> CodeIgniter\Database\Exceptions\DatabaseException: Key 'idx_active_user_products' doesn't exist in table 'products'
[Method: GET, Route: dashboard]
in SYSTEMPATH\Database\BaseConnection.php on line 684.
 1 SYSTEMPATH\Database\BaseBuilder.php(1649): CodeIgniter\Database\BaseConnection->query('SELECT `comments`.*, `products`.`slug` AS `product_slug`, (SELECT users.slug FROM users WHERE comments.user_id = users.id LIMIT 1) AS user_slug, (SELECT title FROM product_details WHERE product_details.product_id = products.id AND product_details.lang_id = \'1\' LIMIT 1) AS title
FROM `comments`
JOIN products USE INDEX (idx_active_user_products) ON `comments`.`product_id` = `products`.`id`
WHERE `products`.`user_id` = :products.user_id:
AND `products`.`is_active` = :products.is_active:
ORDER BY `comments`.`id` DESC
 LIMIT 6', [...], false)
 2 APPPATH\Models\CommonModel.php(791): CodeIgniter\Database\BaseBuilder->get()
 3 APPPATH\Controllers\DashboardController.php(84): App\Models\CommonModel->getVendorCommentsPaginated('2', 6, 0)
 4 SYSTEMPATH\CodeIgniter.php(933): App\Controllers\DashboardController->index()
 5 SYSTEMPATH\CodeIgniter.php(507): CodeIgniter\CodeIgniter->runController(Object(App\Controllers\DashboardController))
 6 SYSTEMPATH\CodeIgniter.php(354): CodeIgniter\CodeIgniter->handleRequest(null, Object(Config\Cache), false)
 7 SYSTEMPATH\Boot.php(363): CodeIgniter\CodeIgniter->run()
 8 SYSTEMPATH\Boot.php(68): CodeIgniter\Boot::runCodeIgniter(Object(CodeIgniter\CodeIgniter))
 9 FCPATH\index.php(59): CodeIgniter\Boot::bootWeb(Object(Config\Paths))
CRITICAL - 2026-01-19 05:10:44 --> [Caused by] CodeIgniter\Database\Exceptions\DatabaseException: Key 'idx_active_user_products' doesn't exist in table 'products'
in SYSTEMPATH\Database\MySQLi\Connection.php on line 332.
 1 SYSTEMPATH\Database\BaseConnection.php(729): CodeIgniter\Database\MySQLi\Connection->execute('SELECT `comments`.*, `products`.`slug` AS `product_slug`, (SELECT users.slug FROM users WHERE comments.user_id = users.id LIMIT 1) AS user_slug, (SELECT title FROM product_details WHERE product_details.product_id = products.id AND product_details.lang_id = \'1\' LIMIT 1) AS title
FROM `comments`
JOIN products USE INDEX (idx_active_user_products) ON `comments`.`product_id` = `products`.`id`
WHERE `products`.`user_id` = 2
AND `products`.`is_active` = 1
ORDER BY `comments`.`id` DESC
 LIMIT 6')
 2 SYSTEMPATH\Database\BaseConnection.php(646): CodeIgniter\Database\BaseConnection->simpleQuery('SELECT `comments`.*, `products`.`slug` AS `product_slug`, (SELECT users.slug FROM users WHERE comments.user_id = users.id LIMIT 1) AS user_slug, (SELECT title FROM product_details WHERE product_details.product_id = products.id AND product_details.lang_id = \'1\' LIMIT 1) AS title
FROM `comments`
JOIN products USE INDEX (idx_active_user_products) ON `comments`.`product_id` = `products`.`id`
WHERE `products`.`user_id` = 2
AND `products`.`is_active` = 1
ORDER BY `comments`.`id` DESC
 LIMIT 6')
 3 SYSTEMPATH\Database\BaseBuilder.php(1649): CodeIgniter\Database\BaseConnection->query('SELECT `comments`.*, `products`.`slug` AS `product_slug`, (SELECT users.slug FROM users WHERE comments.user_id = users.id LIMIT 1) AS user_slug, (SELECT title FROM product_details WHERE product_details.product_id = products.id AND product_details.lang_id = \'1\' LIMIT 1) AS title
FROM `comments`
JOIN products USE INDEX (idx_active_user_products) ON `comments`.`product_id` = `products`.`id`
WHERE `products`.`user_id` = :products.user_id:
AND `products`.`is_active` = :products.is_active:
ORDER BY `comments`.`id` DESC
 LIMIT 6', [...], false)
 4 APPPATH\Models\CommonModel.php(791): CodeIgniter\Database\BaseBuilder->get()
 5 APPPATH\Controllers\DashboardController.php(84): App\Models\CommonModel->getVendorCommentsPaginated('2', 6, 0)
 6 SYSTEMPATH\CodeIgniter.php(933): App\Controllers\DashboardController->index()
 7 SYSTEMPATH\CodeIgniter.php(507): CodeIgniter\CodeIgniter->runController(Object(App\Controllers\DashboardController))
 8 SYSTEMPATH\CodeIgniter.php(354): CodeIgniter\CodeIgniter->handleRequest(null, Object(Config\Cache), false)
 9 SYSTEMPATH\Boot.php(363): CodeIgniter\CodeIgniter->run()
10 SYSTEMPATH\Boot.php(68): CodeIgniter\Boot::runCodeIgniter(Object(CodeIgniter\CodeIgniter))
11 FCPATH\index.php(59): CodeIgniter\Boot::bootWeb(Object(Config\Paths))
CRITICAL - 2026-01-19 05:10:44 --> [Caused by] mysqli_sql_exception: Key 'idx_active_user_products' doesn't exist in table 'products'
in SYSTEMPATH\Database\MySQLi\Connection.php on line 327.
 1 SYSTEMPATH\Database\MySQLi\Connection.php(327): mysqli->query('SELECT `comments`.*, `products`.`slug` AS `product_slug`, (SELECT users.slug FROM users WHERE comments.user_id = users.id LIMIT 1) AS user_slug, (SELECT title FROM product_details WHERE product_details.product_id = products.id AND product_details.lang_id = \'1\' LIMIT 1) AS title
FROM `comments`
JOIN products USE INDEX (idx_active_user_products) ON `comments`.`product_id` = `products`.`id`
WHERE `products`.`user_id` = 2
AND `products`.`is_active` = 1
ORDER BY `comments`.`id` DESC
 LIMIT 6', 0)
 2 SYSTEMPATH\Database\BaseConnection.php(729): CodeIgniter\Database\MySQLi\Connection->execute('SELECT `comments`.*, `products`.`slug` AS `product_slug`, (SELECT users.slug FROM users WHERE comments.user_id = users.id LIMIT 1) AS user_slug, (SELECT title FROM product_details WHERE product_details.product_id = products.id AND product_details.lang_id = \'1\' LIMIT 1) AS title
FROM `comments`
JOIN products USE INDEX (idx_active_user_products) ON `comments`.`product_id` = `products`.`id`
WHERE `products`.`user_id` = 2
AND `products`.`is_active` = 1
ORDER BY `comments`.`id` DESC
 LIMIT 6')
 3 SYSTEMPATH\Database\BaseConnection.php(646): CodeIgniter\Database\BaseConnection->simpleQuery('SELECT `comments`.*, `products`.`slug` AS `product_slug`, (SELECT users.slug FROM users WHERE comments.user_id = users.id LIMIT 1) AS user_slug, (SELECT title FROM product_details WHERE product_details.product_id = products.id AND product_details.lang_id = \'1\' LIMIT 1) AS title
FROM `comments`
JOIN products USE INDEX (idx_active_user_products) ON `comments`.`product_id` = `products`.`id`
WHERE `products`.`user_id` = 2
AND `products`.`is_active` = 1
ORDER BY `comments`.`id` DESC
 LIMIT 6')
 4 SYSTEMPATH\Database\BaseBuilder.php(1649): CodeIgniter\Database\BaseConnection->query('SELECT `comments`.*, `products`.`slug` AS `product_slug`, (SELECT users.slug FROM users WHERE comments.user_id = users.id LIMIT 1) AS user_slug, (SELECT title FROM product_details WHERE product_details.product_id = products.id AND product_details.lang_id = \'1\' LIMIT 1) AS title
FROM `comments`
JOIN products USE INDEX (idx_active_user_products) ON `comments`.`product_id` = `products`.`id`
WHERE `products`.`user_id` = :products.user_id:
AND `products`.`is_active` = :products.is_active:
ORDER BY `comments`.`id` DESC
 LIMIT 6', [...], false)
 5 APPPATH\Models\CommonModel.php(791): CodeIgniter\Database\BaseBuilder->get()
 6 APPPATH\Controllers\DashboardController.php(84): App\Models\CommonModel->getVendorCommentsPaginated('2', 6, 0)
 7 SYSTEMPATH\CodeIgniter.php(933): App\Controllers\DashboardController->index()
 8 SYSTEMPATH\CodeIgniter.php(507): CodeIgniter\CodeIgniter->runController(Object(App\Controllers\DashboardController))
 9 SYSTEMPATH\CodeIgniter.php(354): CodeIgniter\CodeIgniter->handleRequest(null, Object(Config\Cache), false)
10 SYSTEMPATH\Boot.php(363): CodeIgniter\CodeIgniter->run()
11 SYSTEMPATH\Boot.php(68): CodeIgniter\Boot::runCodeIgniter(Object(CodeIgniter\CodeIgniter))
12 FCPATH\index.php(59): CodeIgniter\Boot::bootWeb(Object(Config\Paths))
ERROR - 2026-01-19 07:57:37 --> mysqli_sql_exception: Key 'idx_active_user_products' doesn't exist in table 'products' in F:\xampp\htdocs\modesy-2.6.2\system\Database\MySQLi\Connection.php:327
Stack trace:
#0 F:\xampp\htdocs\modesy-2.6.2\system\Database\MySQLi\Connection.php(327): mysqli->query('SELECT `comment...', 0)
#1 F:\xampp\htdocs\modesy-2.6.2\system\Database\BaseConnection.php(729): CodeIgniter\Database\MySQLi\Connection->execute('SELECT `comment...')
#2 F:\xampp\htdocs\modesy-2.6.2\system\Database\BaseConnection.php(646): CodeIgniter\Database\BaseConnection->simpleQuery('SELECT `comment...')
#3 F:\xampp\htdocs\modesy-2.6.2\system\Database\BaseBuilder.php(1649): CodeIgniter\Database\BaseConnection->query('SELECT `comment...', Array, false)
#4 F:\xampp\htdocs\modesy-2.6.2\app\Models\CommonModel.php(791): CodeIgniter\Database\BaseBuilder->get()
#5 F:\xampp\htdocs\modesy-2.6.2\app\Controllers\DashboardController.php(84): App\Models\CommonModel->getVendorCommentsPaginated('2', 6, 0)
#6 F:\xampp\htdocs\modesy-2.6.2\system\CodeIgniter.php(933): App\Controllers\DashboardController->index()
#7 F:\xampp\htdocs\modesy-2.6.2\system\CodeIgniter.php(507): CodeIgniter\CodeIgniter->runController(Object(App\Controllers\DashboardController))
#8 F:\xampp\htdocs\modesy-2.6.2\system\CodeIgniter.php(354): CodeIgniter\CodeIgniter->handleRequest(NULL, Object(Config\Cache), false)
#9 F:\xampp\htdocs\modesy-2.6.2\system\Boot.php(363): CodeIgniter\CodeIgniter->run()
#10 F:\xampp\htdocs\modesy-2.6.2\system\Boot.php(68): CodeIgniter\Boot::runCodeIgniter(Object(CodeIgniter\CodeIgniter))
#11 F:\xampp\htdocs\modesy-2.6.2\index.php(59): CodeIgniter\Boot::bootWeb(Object(Config\Paths))
#12 {main}
CRITICAL - 2026-01-19 07:57:37 --> CodeIgniter\Database\Exceptions\DatabaseException: Key 'idx_active_user_products' doesn't exist in table 'products'
[Method: GET, Route: dashboard]
in SYSTEMPATH\Database\BaseConnection.php on line 684.
 1 SYSTEMPATH\Database\BaseBuilder.php(1649): CodeIgniter\Database\BaseConnection->query('SELECT `comments`.*, `products`.`slug` AS `product_slug`, (SELECT users.slug FROM users WHERE comments.user_id = users.id LIMIT 1) AS user_slug, (SELECT title FROM product_details WHERE product_details.product_id = products.id AND product_details.lang_id = \'1\' LIMIT 1) AS title
FROM `comments`
JOIN products USE INDEX (idx_active_user_products) ON `comments`.`product_id` = `products`.`id`
WHERE `products`.`user_id` = :products.user_id:
AND `products`.`is_active` = :products.is_active:
ORDER BY `comments`.`id` DESC
 LIMIT 6', [...], false)
 2 APPPATH\Models\CommonModel.php(791): CodeIgniter\Database\BaseBuilder->get()
 3 APPPATH\Controllers\DashboardController.php(84): App\Models\CommonModel->getVendorCommentsPaginated('2', 6, 0)
 4 SYSTEMPATH\CodeIgniter.php(933): App\Controllers\DashboardController->index()
 5 SYSTEMPATH\CodeIgniter.php(507): CodeIgniter\CodeIgniter->runController(Object(App\Controllers\DashboardController))
 6 SYSTEMPATH\CodeIgniter.php(354): CodeIgniter\CodeIgniter->handleRequest(null, Object(Config\Cache), false)
 7 SYSTEMPATH\Boot.php(363): CodeIgniter\CodeIgniter->run()
 8 SYSTEMPATH\Boot.php(68): CodeIgniter\Boot::runCodeIgniter(Object(CodeIgniter\CodeIgniter))
 9 FCPATH\index.php(59): CodeIgniter\Boot::bootWeb(Object(Config\Paths))
CRITICAL - 2026-01-19 07:57:37 --> [Caused by] CodeIgniter\Database\Exceptions\DatabaseException: Key 'idx_active_user_products' doesn't exist in table 'products'
in SYSTEMPATH\Database\MySQLi\Connection.php on line 332.
 1 SYSTEMPATH\Database\BaseConnection.php(729): CodeIgniter\Database\MySQLi\Connection->execute('SELECT `comments`.*, `products`.`slug` AS `product_slug`, (SELECT users.slug FROM users WHERE comments.user_id = users.id LIMIT 1) AS user_slug, (SELECT title FROM product_details WHERE product_details.product_id = products.id AND product_details.lang_id = \'1\' LIMIT 1) AS title
FROM `comments`
JOIN products USE INDEX (idx_active_user_products) ON `comments`.`product_id` = `products`.`id`
WHERE `products`.`user_id` = 2
AND `products`.`is_active` = 1
ORDER BY `comments`.`id` DESC
 LIMIT 6')
 2 SYSTEMPATH\Database\BaseConnection.php(646): CodeIgniter\Database\BaseConnection->simpleQuery('SELECT `comments`.*, `products`.`slug` AS `product_slug`, (SELECT users.slug FROM users WHERE comments.user_id = users.id LIMIT 1) AS user_slug, (SELECT title FROM product_details WHERE product_details.product_id = products.id AND product_details.lang_id = \'1\' LIMIT 1) AS title
FROM `comments`
JOIN products USE INDEX (idx_active_user_products) ON `comments`.`product_id` = `products`.`id`
WHERE `products`.`user_id` = 2
AND `products`.`is_active` = 1
ORDER BY `comments`.`id` DESC
 LIMIT 6')
 3 SYSTEMPATH\Database\BaseBuilder.php(1649): CodeIgniter\Database\BaseConnection->query('SELECT `comments`.*, `products`.`slug` AS `product_slug`, (SELECT users.slug FROM users WHERE comments.user_id = users.id LIMIT 1) AS user_slug, (SELECT title FROM product_details WHERE product_details.product_id = products.id AND product_details.lang_id = \'1\' LIMIT 1) AS title
FROM `comments`
JOIN products USE INDEX (idx_active_user_products) ON `comments`.`product_id` = `products`.`id`
WHERE `products`.`user_id` = :products.user_id:
AND `products`.`is_active` = :products.is_active:
ORDER BY `comments`.`id` DESC
 LIMIT 6', [...], false)
 4 APPPATH\Models\CommonModel.php(791): CodeIgniter\Database\BaseBuilder->get()
 5 APPPATH\Controllers\DashboardController.php(84): App\Models\CommonModel->getVendorCommentsPaginated('2', 6, 0)
 6 SYSTEMPATH\CodeIgniter.php(933): App\Controllers\DashboardController->index()
 7 SYSTEMPATH\CodeIgniter.php(507): CodeIgniter\CodeIgniter->runController(Object(App\Controllers\DashboardController))
 8 SYSTEMPATH\CodeIgniter.php(354): CodeIgniter\CodeIgniter->handleRequest(null, Object(Config\Cache), false)
 9 SYSTEMPATH\Boot.php(363): CodeIgniter\CodeIgniter->run()
10 SYSTEMPATH\Boot.php(68): CodeIgniter\Boot::runCodeIgniter(Object(CodeIgniter\CodeIgniter))
11 FCPATH\index.php(59): CodeIgniter\Boot::bootWeb(Object(Config\Paths))
CRITICAL - 2026-01-19 07:57:37 --> [Caused by] mysqli_sql_exception: Key 'idx_active_user_products' doesn't exist in table 'products'
in SYSTEMPATH\Database\MySQLi\Connection.php on line 327.
 1 SYSTEMPATH\Database\MySQLi\Connection.php(327): mysqli->query('SELECT `comments`.*, `products`.`slug` AS `product_slug`, (SELECT users.slug FROM users WHERE comments.user_id = users.id LIMIT 1) AS user_slug, (SELECT title FROM product_details WHERE product_details.product_id = products.id AND product_details.lang_id = \'1\' LIMIT 1) AS title
FROM `comments`
JOIN products USE INDEX (idx_active_user_products) ON `comments`.`product_id` = `products`.`id`
WHERE `products`.`user_id` = 2
AND `products`.`is_active` = 1
ORDER BY `comments`.`id` DESC
 LIMIT 6', 0)
 2 SYSTEMPATH\Database\BaseConnection.php(729): CodeIgniter\Database\MySQLi\Connection->execute('SELECT `comments`.*, `products`.`slug` AS `product_slug`, (SELECT users.slug FROM users WHERE comments.user_id = users.id LIMIT 1) AS user_slug, (SELECT title FROM product_details WHERE product_details.product_id = products.id AND product_details.lang_id = \'1\' LIMIT 1) AS title
FROM `comments`
JOIN products USE INDEX (idx_active_user_products) ON `comments`.`product_id` = `products`.`id`
WHERE `products`.`user_id` = 2
AND `products`.`is_active` = 1
ORDER BY `comments`.`id` DESC
 LIMIT 6')
 3 SYSTEMPATH\Database\BaseConnection.php(646): CodeIgniter\Database\BaseConnection->simpleQuery('SELECT `comments`.*, `products`.`slug` AS `product_slug`, (SELECT users.slug FROM users WHERE comments.user_id = users.id LIMIT 1) AS user_slug, (SELECT title FROM product_details WHERE product_details.product_id = products.id AND product_details.lang_id = \'1\' LIMIT 1) AS title
FROM `comments`
JOIN products USE INDEX (idx_active_user_products) ON `comments`.`product_id` = `products`.`id`
WHERE `products`.`user_id` = 2
AND `products`.`is_active` = 1
ORDER BY `comments`.`id` DESC
 LIMIT 6')
 4 SYSTEMPATH\Database\BaseBuilder.php(1649): CodeIgniter\Database\BaseConnection->query('SELECT `comments`.*, `products`.`slug` AS `product_slug`, (SELECT users.slug FROM users WHERE comments.user_id = users.id LIMIT 1) AS user_slug, (SELECT title FROM product_details WHERE product_details.product_id = products.id AND product_details.lang_id = \'1\' LIMIT 1) AS title
FROM `comments`
JOIN products USE INDEX (idx_active_user_products) ON `comments`.`product_id` = `products`.`id`
WHERE `products`.`user_id` = :products.user_id:
AND `products`.`is_active` = :products.is_active:
ORDER BY `comments`.`id` DESC
 LIMIT 6', [...], false)
 5 APPPATH\Models\CommonModel.php(791): CodeIgniter\Database\BaseBuilder->get()
 6 APPPATH\Controllers\DashboardController.php(84): App\Models\CommonModel->getVendorCommentsPaginated('2', 6, 0)
 7 SYSTEMPATH\CodeIgniter.php(933): App\Controllers\DashboardController->index()
 8 SYSTEMPATH\CodeIgniter.php(507): CodeIgniter\CodeIgniter->runController(Object(App\Controllers\DashboardController))
 9 SYSTEMPATH\CodeIgniter.php(354): CodeIgniter\CodeIgniter->handleRequest(null, Object(Config\Cache), false)
10 SYSTEMPATH\Boot.php(363): CodeIgniter\CodeIgniter->run()
11 SYSTEMPATH\Boot.php(68): CodeIgniter\Boot::runCodeIgniter(Object(CodeIgniter\CodeIgniter))
12 FCPATH\index.php(59): CodeIgniter\Boot::bootWeb(Object(Config\Paths))
