ERROR - 2025-11-27 11:46:23 --> mysqli_sql_exception: Unknown column 'coupon_redeem_placeholder' in 'field list' in F:\xampp\htdocs\modesy-2.6.2\system\Database\MySQLi\Connection.php:327
Stack trace:
#0 F:\xampp\htdocs\modesy-2.6.2\system\Database\MySQLi\Connection.php(327): mysqli->query('INSERT INTO `pr...', 0)
#1 F:\xampp\htdocs\modesy-2.6.2\system\Database\BaseConnection.php(729): CodeIgniter\Database\MySQLi\Connection->execute('INSERT INTO `pr...')
#2 F:\xampp\htdocs\modesy-2.6.2\system\Database\BaseConnection.php(646): CodeIgniter\Database\BaseConnection->simpleQuery('INSERT INTO `pr...')
#3 F:\xampp\htdocs\modesy-2.6.2\system\Database\BaseBuilder.php(2345): CodeIgniter\Database\BaseConnection->query('INSERT INTO `pr...', Array, false)
#4 F:\xampp\htdocs\modesy-2.6.2\app\Models\ProductModel.php(87): CodeIgniter\Database\BaseBuilder->insert(Array)
#5 F:\xampp\htdocs\modesy-2.6.2\app\Controllers\DashboardController.php(130): App\Models\ProductModel->addProduct()
#6 F:\xampp\htdocs\modesy-2.6.2\system\CodeIgniter.php(933): App\Controllers\DashboardController->addProductPost()
#7 F:\xampp\htdocs\modesy-2.6.2\system\CodeIgniter.php(507): CodeIgniter\CodeIgniter->runController(Object(App\Controllers\DashboardController))
#8 F:\xampp\htdocs\modesy-2.6.2\system\CodeIgniter.php(354): CodeIgniter\CodeIgniter->handleRequest(NULL, Object(Config\Cache), false)
#9 F:\xampp\htdocs\modesy-2.6.2\system\Boot.php(363): CodeIgniter\CodeIgniter->run()
#10 F:\xampp\htdocs\modesy-2.6.2\system\Boot.php(68): CodeIgniter\Boot::runCodeIgniter(Object(CodeIgniter\CodeIgniter))
#11 F:\xampp\htdocs\modesy-2.6.2\index.php(59): CodeIgniter\Boot::bootWeb(Object(Config\Paths))
#12 {main}
CRITICAL - 2025-11-27 11:46:23 --> CodeIgniter\Database\Exceptions\DatabaseException: Unknown column 'coupon_redeem_placeholder' in 'field list'
[Method: POST, Route: add-product-post]
in SYSTEMPATH\Database\BaseConnection.php on line 684.
 1 SYSTEMPATH\Database\BaseBuilder.php(2345): CodeIgniter\Database\BaseConnection->query('INSERT INTO `products` (`slug`, `product_type`, `listing_type`, `sku`, `price`, `price_discounted`, `currency`, `discount_rate`, `vat_rate`, `user_id`, `status`, `is_promoted`, `promote_start_date`, `promote_end_date`, `promote_plan`, `promote_day`, `visibility`, `rating`, `pageviews`, `demo_url`, `external_link`, `files_included`, `stock`, `shipping_delivery_time_id`, `multiple_sale`, `digital_file_download_link`, `is_deleted`, `is_draft`, `is_free_product`, `country_id`, `state_id`, `city_id`, `address`, `zip_code`, `is_active`, `updated_at`, `created_at`, `coupon_redeem_placeholder`, `coupon_contact`, `coupon_map_link`, `coupon_description`, `coupon_expiry`, `category_id`) VALUES (:slug:, :product_type:, :listing_type:, :sku:, :price:, :price_discounted:, :currency:, :discount_rate:, :vat_rate:, :user_id:, :status:, :is_promoted:, :promote_start_date:, :promote_end_date:, :promote_plan:, :promote_day:, :visibility:, :rating:, :pageviews:, :demo_url:, :external_link:, :files_included:, :stock:, :shipping_delivery_time_id:, :multiple_sale:, :digital_file_download_link:, :is_deleted:, :is_draft:, :is_free_product:, :country_id:, :state_id:, :city_id:, :address:, :zip_code:, :is_active:, :updated_at:, :created_at:, :coupon_redeem_placeholder:, :coupon_contact:, :coupon_map_link:, :coupon_description:, :coupon_expiry:, :category_id:)', [...], false)
 2 APPPATH\Models\ProductModel.php(87): CodeIgniter\Database\BaseBuilder->insert([...])
 3 APPPATH\Controllers\DashboardController.php(130): App\Models\ProductModel->addProduct()
 4 SYSTEMPATH\CodeIgniter.php(933): App\Controllers\DashboardController->addProductPost()
 5 SYSTEMPATH\CodeIgniter.php(507): CodeIgniter\CodeIgniter->runController(Object(App\Controllers\DashboardController))
 6 SYSTEMPATH\CodeIgniter.php(354): CodeIgniter\CodeIgniter->handleRequest(null, Object(Config\Cache), false)
 7 SYSTEMPATH\Boot.php(363): CodeIgniter\CodeIgniter->run()
 8 SYSTEMPATH\Boot.php(68): CodeIgniter\Boot::runCodeIgniter(Object(CodeIgniter\CodeIgniter))
 9 FCPATH\index.php(59): CodeIgniter\Boot::bootWeb(Object(Config\Paths))
CRITICAL - 2025-11-27 11:46:23 --> [Caused by] CodeIgniter\Database\Exceptions\DatabaseException: Unknown column 'coupon_redeem_placeholder' in 'field list'
in SYSTEMPATH\Database\MySQLi\Connection.php on line 332.
 1 SYSTEMPATH\Database\BaseConnection.php(729): CodeIgniter\Database\MySQLi\Connection->execute('INSERT INTO `products` (`slug`, `product_type`, `listing_type`, `sku`, `price`, `price_discounted`, `currency`, `discount_rate`, `vat_rate`, `user_id`, `status`, `is_promoted`, `promote_start_date`, `promote_end_date`, `promote_plan`, `promote_day`, `visibility`, `rating`, `pageviews`, `demo_url`, `external_link`, `files_included`, `stock`, `shipping_delivery_time_id`, `multiple_sale`, `digital_file_download_link`, `is_deleted`, `is_draft`, `is_free_product`, `country_id`, `state_id`, `city_id`, `address`, `zip_code`, `is_active`, `updated_at`, `created_at`, `coupon_redeem_placeholder`, `coupon_contact`, `coupon_map_link`, `coupon_description`, `coupon_expiry`, `category_id`) VALUES (\'colorful-women\', \'physical\', \'sell_on_site\', \'\', 0, 0, \'\', 0, 0, \'1\', 0, 0, NULL, NULL, \'none\', 0, 1, 0, 0, \'\', \'\', \'\', 1, 0, 1, \'\', 0, 1, 0, 0, 0, 0, \'\', \'\', 0, NULL, \'2025-11-27 11:46:23\', \'\', \'\', \'\', \'\', \'2025-11-27 11:46:23\', \'6\')')
 2 SYSTEMPATH\Database\BaseConnection.php(646): CodeIgniter\Database\BaseConnection->simpleQuery('INSERT INTO `products` (`slug`, `product_type`, `listing_type`, `sku`, `price`, `price_discounted`, `currency`, `discount_rate`, `vat_rate`, `user_id`, `status`, `is_promoted`, `promote_start_date`, `promote_end_date`, `promote_plan`, `promote_day`, `visibility`, `rating`, `pageviews`, `demo_url`, `external_link`, `files_included`, `stock`, `shipping_delivery_time_id`, `multiple_sale`, `digital_file_download_link`, `is_deleted`, `is_draft`, `is_free_product`, `country_id`, `state_id`, `city_id`, `address`, `zip_code`, `is_active`, `updated_at`, `created_at`, `coupon_redeem_placeholder`, `coupon_contact`, `coupon_map_link`, `coupon_description`, `coupon_expiry`, `category_id`) VALUES (\'colorful-women\', \'physical\', \'sell_on_site\', \'\', 0, 0, \'\', 0, 0, \'1\', 0, 0, NULL, NULL, \'none\', 0, 1, 0, 0, \'\', \'\', \'\', 1, 0, 1, \'\', 0, 1, 0, 0, 0, 0, \'\', \'\', 0, NULL, \'2025-11-27 11:46:23\', \'\', \'\', \'\', \'\', \'2025-11-27 11:46:23\', \'6\')')
 3 SYSTEMPATH\Database\BaseBuilder.php(2345): CodeIgniter\Database\BaseConnection->query('INSERT INTO `products` (`slug`, `product_type`, `listing_type`, `sku`, `price`, `price_discounted`, `currency`, `discount_rate`, `vat_rate`, `user_id`, `status`, `is_promoted`, `promote_start_date`, `promote_end_date`, `promote_plan`, `promote_day`, `visibility`, `rating`, `pageviews`, `demo_url`, `external_link`, `files_included`, `stock`, `shipping_delivery_time_id`, `multiple_sale`, `digital_file_download_link`, `is_deleted`, `is_draft`, `is_free_product`, `country_id`, `state_id`, `city_id`, `address`, `zip_code`, `is_active`, `updated_at`, `created_at`, `coupon_redeem_placeholder`, `coupon_contact`, `coupon_map_link`, `coupon_description`, `coupon_expiry`, `category_id`) VALUES (:slug:, :product_type:, :listing_type:, :sku:, :price:, :price_discounted:, :currency:, :discount_rate:, :vat_rate:, :user_id:, :status:, :is_promoted:, :promote_start_date:, :promote_end_date:, :promote_plan:, :promote_day:, :visibility:, :rating:, :pageviews:, :demo_url:, :external_link:, :files_included:, :stock:, :shipping_delivery_time_id:, :multiple_sale:, :digital_file_download_link:, :is_deleted:, :is_draft:, :is_free_product:, :country_id:, :state_id:, :city_id:, :address:, :zip_code:, :is_active:, :updated_at:, :created_at:, :coupon_redeem_placeholder:, :coupon_contact:, :coupon_map_link:, :coupon_description:, :coupon_expiry:, :category_id:)', [...], false)
 4 APPPATH\Models\ProductModel.php(87): CodeIgniter\Database\BaseBuilder->insert([...])
 5 APPPATH\Controllers\DashboardController.php(130): App\Models\ProductModel->addProduct()
 6 SYSTEMPATH\CodeIgniter.php(933): App\Controllers\DashboardController->addProductPost()
 7 SYSTEMPATH\CodeIgniter.php(507): CodeIgniter\CodeIgniter->runController(Object(App\Controllers\DashboardController))
 8 SYSTEMPATH\CodeIgniter.php(354): CodeIgniter\CodeIgniter->handleRequest(null, Object(Config\Cache), false)
 9 SYSTEMPATH\Boot.php(363): CodeIgniter\CodeIgniter->run()
10 SYSTEMPATH\Boot.php(68): CodeIgniter\Boot::runCodeIgniter(Object(CodeIgniter\CodeIgniter))
11 FCPATH\index.php(59): CodeIgniter\Boot::bootWeb(Object(Config\Paths))
CRITICAL - 2025-11-27 11:46:23 --> [Caused by] mysqli_sql_exception: Unknown column 'coupon_redeem_placeholder' in 'field list'
in SYSTEMPATH\Database\MySQLi\Connection.php on line 327.
 1 SYSTEMPATH\Database\MySQLi\Connection.php(327): mysqli->query('INSERT INTO `products` (`slug`, `product_type`, `listing_type`, `sku`, `price`, `price_discounted`, `currency`, `discount_rate`, `vat_rate`, `user_id`, `status`, `is_promoted`, `promote_start_date`, `promote_end_date`, `promote_plan`, `promote_day`, `visibility`, `rating`, `pageviews`, `demo_url`, `external_link`, `files_included`, `stock`, `shipping_delivery_time_id`, `multiple_sale`, `digital_file_download_link`, `is_deleted`, `is_draft`, `is_free_product`, `country_id`, `state_id`, `city_id`, `address`, `zip_code`, `is_active`, `updated_at`, `created_at`, `coupon_redeem_placeholder`, `coupon_contact`, `coupon_map_link`, `coupon_description`, `coupon_expiry`, `category_id`) VALUES (\'colorful-women\', \'physical\', \'sell_on_site\', \'\', 0, 0, \'\', 0, 0, \'1\', 0, 0, NULL, NULL, \'none\', 0, 1, 0, 0, \'\', \'\', \'\', 1, 0, 1, \'\', 0, 1, 0, 0, 0, 0, \'\', \'\', 0, NULL, \'2025-11-27 11:46:23\', \'\', \'\', \'\', \'\', \'2025-11-27 11:46:23\', \'6\')', 0)
 2 SYSTEMPATH\Database\BaseConnection.php(729): CodeIgniter\Database\MySQLi\Connection->execute('INSERT INTO `products` (`slug`, `product_type`, `listing_type`, `sku`, `price`, `price_discounted`, `currency`, `discount_rate`, `vat_rate`, `user_id`, `status`, `is_promoted`, `promote_start_date`, `promote_end_date`, `promote_plan`, `promote_day`, `visibility`, `rating`, `pageviews`, `demo_url`, `external_link`, `files_included`, `stock`, `shipping_delivery_time_id`, `multiple_sale`, `digital_file_download_link`, `is_deleted`, `is_draft`, `is_free_product`, `country_id`, `state_id`, `city_id`, `address`, `zip_code`, `is_active`, `updated_at`, `created_at`, `coupon_redeem_placeholder`, `coupon_contact`, `coupon_map_link`, `coupon_description`, `coupon_expiry`, `category_id`) VALUES (\'colorful-women\', \'physical\', \'sell_on_site\', \'\', 0, 0, \'\', 0, 0, \'1\', 0, 0, NULL, NULL, \'none\', 0, 1, 0, 0, \'\', \'\', \'\', 1, 0, 1, \'\', 0, 1, 0, 0, 0, 0, \'\', \'\', 0, NULL, \'2025-11-27 11:46:23\', \'\', \'\', \'\', \'\', \'2025-11-27 11:46:23\', \'6\')')
 3 SYSTEMPATH\Database\BaseConnection.php(646): CodeIgniter\Database\BaseConnection->simpleQuery('INSERT INTO `products` (`slug`, `product_type`, `listing_type`, `sku`, `price`, `price_discounted`, `currency`, `discount_rate`, `vat_rate`, `user_id`, `status`, `is_promoted`, `promote_start_date`, `promote_end_date`, `promote_plan`, `promote_day`, `visibility`, `rating`, `pageviews`, `demo_url`, `external_link`, `files_included`, `stock`, `shipping_delivery_time_id`, `multiple_sale`, `digital_file_download_link`, `is_deleted`, `is_draft`, `is_free_product`, `country_id`, `state_id`, `city_id`, `address`, `zip_code`, `is_active`, `updated_at`, `created_at`, `coupon_redeem_placeholder`, `coupon_contact`, `coupon_map_link`, `coupon_description`, `coupon_expiry`, `category_id`) VALUES (\'colorful-women\', \'physical\', \'sell_on_site\', \'\', 0, 0, \'\', 0, 0, \'1\', 0, 0, NULL, NULL, \'none\', 0, 1, 0, 0, \'\', \'\', \'\', 1, 0, 1, \'\', 0, 1, 0, 0, 0, 0, \'\', \'\', 0, NULL, \'2025-11-27 11:46:23\', \'\', \'\', \'\', \'\', \'2025-11-27 11:46:23\', \'6\')')
 4 SYSTEMPATH\Database\BaseBuilder.php(2345): CodeIgniter\Database\BaseConnection->query('INSERT INTO `products` (`slug`, `product_type`, `listing_type`, `sku`, `price`, `price_discounted`, `currency`, `discount_rate`, `vat_rate`, `user_id`, `status`, `is_promoted`, `promote_start_date`, `promote_end_date`, `promote_plan`, `promote_day`, `visibility`, `rating`, `pageviews`, `demo_url`, `external_link`, `files_included`, `stock`, `shipping_delivery_time_id`, `multiple_sale`, `digital_file_download_link`, `is_deleted`, `is_draft`, `is_free_product`, `country_id`, `state_id`, `city_id`, `address`, `zip_code`, `is_active`, `updated_at`, `created_at`, `coupon_redeem_placeholder`, `coupon_contact`, `coupon_map_link`, `coupon_description`, `coupon_expiry`, `category_id`) VALUES (:slug:, :product_type:, :listing_type:, :sku:, :price:, :price_discounted:, :currency:, :discount_rate:, :vat_rate:, :user_id:, :status:, :is_promoted:, :promote_start_date:, :promote_end_date:, :promote_plan:, :promote_day:, :visibility:, :rating:, :pageviews:, :demo_url:, :external_link:, :files_included:, :stock:, :shipping_delivery_time_id:, :multiple_sale:, :digital_file_download_link:, :is_deleted:, :is_draft:, :is_free_product:, :country_id:, :state_id:, :city_id:, :address:, :zip_code:, :is_active:, :updated_at:, :created_at:, :coupon_redeem_placeholder:, :coupon_contact:, :coupon_map_link:, :coupon_description:, :coupon_expiry:, :category_id:)', [...], false)
 5 APPPATH\Models\ProductModel.php(87): CodeIgniter\Database\BaseBuilder->insert([...])
 6 APPPATH\Controllers\DashboardController.php(130): App\Models\ProductModel->addProduct()
 7 SYSTEMPATH\CodeIgniter.php(933): App\Controllers\DashboardController->addProductPost()
 8 SYSTEMPATH\CodeIgniter.php(507): CodeIgniter\CodeIgniter->runController(Object(App\Controllers\DashboardController))
 9 SYSTEMPATH\CodeIgniter.php(354): CodeIgniter\CodeIgniter->handleRequest(null, Object(Config\Cache), false)
10 SYSTEMPATH\Boot.php(363): CodeIgniter\CodeIgniter->run()
11 SYSTEMPATH\Boot.php(68): CodeIgniter\Boot::runCodeIgniter(Object(CodeIgniter\CodeIgniter))
12 FCPATH\index.php(59): CodeIgniter\Boot::bootWeb(Object(Config\Paths))
