ERROR - 2026-03-18 03:07:08 --> mysqli_sql_exception: Can't find FULLTEXT index matching the column list in F:\xampp\htdocs\modesy-2.6.2\system\Database\MySQLi\Connection.php:327
Stack trace:
#0 F:\xampp\htdocs\modesy-2.6.2\system\Database\MySQLi\Connection.php(327): mysqli->query('SELECT COUNT(*)...', 0)
#1 F:\xampp\htdocs\modesy-2.6.2\system\Database\BaseConnection.php(729): CodeIgniter\Database\MySQLi\Connection->execute('SELECT COUNT(*)...')
#2 F:\xampp\htdocs\modesy-2.6.2\system\Database\BaseConnection.php(646): CodeIgniter\Database\BaseConnection->simpleQuery('SELECT COUNT(*)...')
#3 F:\xampp\htdocs\modesy-2.6.2\system\Database\BaseBuilder.php(1733): CodeIgniter\Database\BaseConnection->query('SELECT COUNT(*)...', Array, false)
#4 F:\xampp\htdocs\modesy-2.6.2\app\Models\ProductAdminModel.php(84): CodeIgniter\Database\BaseBuilder->countAllResults()
#5 F:\xampp\htdocs\modesy-2.6.2\app\Controllers\ProductController.php(56): App\Models\ProductAdminModel->getFilteredProductCount('products')
#6 F:\xampp\htdocs\modesy-2.6.2\system\CodeIgniter.php(933): App\Controllers\ProductController->products()
#7 F:\xampp\htdocs\modesy-2.6.2\system\CodeIgniter.php(507): CodeIgniter\CodeIgniter->runController(Object(App\Controllers\ProductController))
#8 F:\xampp\htdocs\modesy-2.6.2\system\CodeIgniter.php(354): CodeIgniter\CodeIgniter->handleRequest(NULL, Object(Config\Cache), false)
#9 F:\xampp\htdocs\modesy-2.6.2\system\Boot.php(363): CodeIgniter\CodeIgniter->run()
#10 F:\xampp\htdocs\modesy-2.6.2\system\Boot.php(68): CodeIgniter\Boot::runCodeIgniter(Object(CodeIgniter\CodeIgniter))
#11 F:\xampp\htdocs\modesy-2.6.2\index.php(59): CodeIgniter\Boot::bootWeb(Object(Config\Paths))
#12 {main}
CRITICAL - 2026-03-18 03:07:08 --> CodeIgniter\Database\Exceptions\DatabaseException: Can't find FULLTEXT index matching the column list
[Method: GET, Route: admin/products]
in SYSTEMPATH\Database\BaseConnection.php on line 684.
 1 SYSTEMPATH\Database\BaseBuilder.php(1733): CodeIgniter\Database\BaseConnection->query('SELECT COUNT(*) AS `numrows`
FROM `products`
JOIN `users` ON `users`.`id` = `products`.`user_id` AND `users`.`banned` = 0
JOIN `product_search_indexes` `psi` ON `psi`.`product_id` = `products`.`id` AND `psi`.`lang_id` = 1
WHERE `users`.`is_membership_plan_expired` = 0
AND MATCH(psi.search_index) AGAINST(\'Stylish navy blue sneakers Stylish navy blue sneakers\' IN NATURAL LANGUAGE MODE)
AND `products`.`is_deleted` = :products.is_deleted:
AND `products`.`is_draft` = :products.is_draft:
AND `products`.`status` = :products.status:
AND `products`.`visibility` = :products.visibility:', [...], false)
 2 APPPATH\Models\ProductAdminModel.php(84): CodeIgniter\Database\BaseBuilder->countAllResults()
 3 APPPATH\Controllers\ProductController.php(56): App\Models\ProductAdminModel->getFilteredProductCount('products')
 4 SYSTEMPATH\CodeIgniter.php(933): App\Controllers\ProductController->products()
 5 SYSTEMPATH\CodeIgniter.php(507): CodeIgniter\CodeIgniter->runController(Object(App\Controllers\ProductController))
 6 SYSTEMPATH\CodeIgniter.php(354): CodeIgniter\CodeIgniter->handleRequest(null, Object(Config\Cache), false)
 7 SYSTEMPATH\Boot.php(363): CodeIgniter\CodeIgniter->run()
 8 SYSTEMPATH\Boot.php(68): CodeIgniter\Boot::runCodeIgniter(Object(CodeIgniter\CodeIgniter))
 9 FCPATH\index.php(59): CodeIgniter\Boot::bootWeb(Object(Config\Paths))
CRITICAL - 2026-03-18 03:07:08 --> [Caused by] CodeIgniter\Database\Exceptions\DatabaseException: Can't find FULLTEXT index matching the column list
in SYSTEMPATH\Database\MySQLi\Connection.php on line 332.
 1 SYSTEMPATH\Database\BaseConnection.php(729): CodeIgniter\Database\MySQLi\Connection->execute('SELECT COUNT(*) AS `numrows`
FROM `products`
JOIN `users` ON `users`.`id` = `products`.`user_id` AND `users`.`banned` = 0
JOIN `product_search_indexes` `psi` ON `psi`.`product_id` = `products`.`id` AND `psi`.`lang_id` = 1
WHERE `users`.`is_membership_plan_expired` = 0
AND MATCH(psi.search_index) AGAINST(\'Stylish navy blue sneakers Stylish navy blue sneakers\' IN NATURAL LANGUAGE MODE)
AND `products`.`is_deleted` = 0
AND `products`.`is_draft` = 0
AND `products`.`status` = 1
AND `products`.`visibility` = 1')
 2 SYSTEMPATH\Database\BaseConnection.php(646): CodeIgniter\Database\BaseConnection->simpleQuery('SELECT COUNT(*) AS `numrows`
FROM `products`
JOIN `users` ON `users`.`id` = `products`.`user_id` AND `users`.`banned` = 0
JOIN `product_search_indexes` `psi` ON `psi`.`product_id` = `products`.`id` AND `psi`.`lang_id` = 1
WHERE `users`.`is_membership_plan_expired` = 0
AND MATCH(psi.search_index) AGAINST(\'Stylish navy blue sneakers Stylish navy blue sneakers\' IN NATURAL LANGUAGE MODE)
AND `products`.`is_deleted` = 0
AND `products`.`is_draft` = 0
AND `products`.`status` = 1
AND `products`.`visibility` = 1')
 3 SYSTEMPATH\Database\BaseBuilder.php(1733): CodeIgniter\Database\BaseConnection->query('SELECT COUNT(*) AS `numrows`
FROM `products`
JOIN `users` ON `users`.`id` = `products`.`user_id` AND `users`.`banned` = 0
JOIN `product_search_indexes` `psi` ON `psi`.`product_id` = `products`.`id` AND `psi`.`lang_id` = 1
WHERE `users`.`is_membership_plan_expired` = 0
AND MATCH(psi.search_index) AGAINST(\'Stylish navy blue sneakers Stylish navy blue sneakers\' IN NATURAL LANGUAGE MODE)
AND `products`.`is_deleted` = :products.is_deleted:
AND `products`.`is_draft` = :products.is_draft:
AND `products`.`status` = :products.status:
AND `products`.`visibility` = :products.visibility:', [...], false)
 4 APPPATH\Models\ProductAdminModel.php(84): CodeIgniter\Database\BaseBuilder->countAllResults()
 5 APPPATH\Controllers\ProductController.php(56): App\Models\ProductAdminModel->getFilteredProductCount('products')
 6 SYSTEMPATH\CodeIgniter.php(933): App\Controllers\ProductController->products()
 7 SYSTEMPATH\CodeIgniter.php(507): CodeIgniter\CodeIgniter->runController(Object(App\Controllers\ProductController))
 8 SYSTEMPATH\CodeIgniter.php(354): CodeIgniter\CodeIgniter->handleRequest(null, Object(Config\Cache), false)
 9 SYSTEMPATH\Boot.php(363): CodeIgniter\CodeIgniter->run()
10 SYSTEMPATH\Boot.php(68): CodeIgniter\Boot::runCodeIgniter(Object(CodeIgniter\CodeIgniter))
11 FCPATH\index.php(59): CodeIgniter\Boot::bootWeb(Object(Config\Paths))
CRITICAL - 2026-03-18 03:07:08 --> [Caused by] mysqli_sql_exception: Can't find FULLTEXT index matching the column list
in SYSTEMPATH\Database\MySQLi\Connection.php on line 327.
 1 SYSTEMPATH\Database\MySQLi\Connection.php(327): mysqli->query('SELECT COUNT(*) AS `numrows`
FROM `products`
JOIN `users` ON `users`.`id` = `products`.`user_id` AND `users`.`banned` = 0
JOIN `product_search_indexes` `psi` ON `psi`.`product_id` = `products`.`id` AND `psi`.`lang_id` = 1
WHERE `users`.`is_membership_plan_expired` = 0
AND MATCH(psi.search_index) AGAINST(\'Stylish navy blue sneakers Stylish navy blue sneakers\' IN NATURAL LANGUAGE MODE)
AND `products`.`is_deleted` = 0
AND `products`.`is_draft` = 0
AND `products`.`status` = 1
AND `products`.`visibility` = 1', 0)
 2 SYSTEMPATH\Database\BaseConnection.php(729): CodeIgniter\Database\MySQLi\Connection->execute('SELECT COUNT(*) AS `numrows`
FROM `products`
JOIN `users` ON `users`.`id` = `products`.`user_id` AND `users`.`banned` = 0
JOIN `product_search_indexes` `psi` ON `psi`.`product_id` = `products`.`id` AND `psi`.`lang_id` = 1
WHERE `users`.`is_membership_plan_expired` = 0
AND MATCH(psi.search_index) AGAINST(\'Stylish navy blue sneakers Stylish navy blue sneakers\' IN NATURAL LANGUAGE MODE)
AND `products`.`is_deleted` = 0
AND `products`.`is_draft` = 0
AND `products`.`status` = 1
AND `products`.`visibility` = 1')
 3 SYSTEMPATH\Database\BaseConnection.php(646): CodeIgniter\Database\BaseConnection->simpleQuery('SELECT COUNT(*) AS `numrows`
FROM `products`
JOIN `users` ON `users`.`id` = `products`.`user_id` AND `users`.`banned` = 0
JOIN `product_search_indexes` `psi` ON `psi`.`product_id` = `products`.`id` AND `psi`.`lang_id` = 1
WHERE `users`.`is_membership_plan_expired` = 0
AND MATCH(psi.search_index) AGAINST(\'Stylish navy blue sneakers Stylish navy blue sneakers\' IN NATURAL LANGUAGE MODE)
AND `products`.`is_deleted` = 0
AND `products`.`is_draft` = 0
AND `products`.`status` = 1
AND `products`.`visibility` = 1')
 4 SYSTEMPATH\Database\BaseBuilder.php(1733): CodeIgniter\Database\BaseConnection->query('SELECT COUNT(*) AS `numrows`
FROM `products`
JOIN `users` ON `users`.`id` = `products`.`user_id` AND `users`.`banned` = 0
JOIN `product_search_indexes` `psi` ON `psi`.`product_id` = `products`.`id` AND `psi`.`lang_id` = 1
WHERE `users`.`is_membership_plan_expired` = 0
AND MATCH(psi.search_index) AGAINST(\'Stylish navy blue sneakers Stylish navy blue sneakers\' IN NATURAL LANGUAGE MODE)
AND `products`.`is_deleted` = :products.is_deleted:
AND `products`.`is_draft` = :products.is_draft:
AND `products`.`status` = :products.status:
AND `products`.`visibility` = :products.visibility:', [...], false)
 5 APPPATH\Models\ProductAdminModel.php(84): CodeIgniter\Database\BaseBuilder->countAllResults()
 6 APPPATH\Controllers\ProductController.php(56): App\Models\ProductAdminModel->getFilteredProductCount('products')
 7 SYSTEMPATH\CodeIgniter.php(933): App\Controllers\ProductController->products()
 8 SYSTEMPATH\CodeIgniter.php(507): CodeIgniter\CodeIgniter->runController(Object(App\Controllers\ProductController))
 9 SYSTEMPATH\CodeIgniter.php(354): CodeIgniter\CodeIgniter->handleRequest(null, Object(Config\Cache), false)
10 SYSTEMPATH\Boot.php(363): CodeIgniter\CodeIgniter->run()
11 SYSTEMPATH\Boot.php(68): CodeIgniter\Boot::runCodeIgniter(Object(CodeIgniter\CodeIgniter))
12 FCPATH\index.php(59): CodeIgniter\Boot::bootWeb(Object(Config\Paths))
