ERROR - 2026-01-03 04:33:19 --> mysqli_sql_exception: Duplicate entry '0' for key 'PRIMARY' in F:\xampp\htdocs\modesy-2.6.2\system\Database\MySQLi\Connection.php:327
Stack trace:
#0 F:\xampp\htdocs\modesy-2.6.2\system\Database\MySQLi\Connection.php(327): mysqli->query('INSERT INTO `ca...', 0)
#1 F:\xampp\htdocs\modesy-2.6.2\system\Database\BaseConnection.php(729): CodeIgniter\Database\MySQLi\Connection->execute('INSERT INTO `ca...')
#2 F:\xampp\htdocs\modesy-2.6.2\system\Database\BaseConnection.php(646): CodeIgniter\Database\BaseConnection->simpleQuery('INSERT INTO `ca...')
#3 F:\xampp\htdocs\modesy-2.6.2\system\Database\BaseBuilder.php(1841): CodeIgniter\Database\BaseConnection->query('INSERT INTO `ca...', NULL, false)
#4 F:\xampp\htdocs\modesy-2.6.2\system\Database\BaseBuilder.php(2230): CodeIgniter\Database\BaseBuilder->batchExecute('_insertBatch', 100)
#5 F:\xampp\htdocs\modesy-2.6.2\app\Models\CategoryModel.php(883): CodeIgniter\Database\BaseBuilder->insertBatch(Array)
#6 F:\xampp\htdocs\modesy-2.6.2\app\Controllers\BulkController.php(183): App\Models\CategoryModel->rebuildCategoryPaths()
#7 F:\xampp\htdocs\modesy-2.6.2\system\CodeIgniter.php(933): App\Controllers\BulkController->processCsvChunk()
#8 F:\xampp\htdocs\modesy-2.6.2\system\CodeIgniter.php(507): CodeIgniter\CodeIgniter->runController(Object(App\Controllers\BulkController))
#9 F:\xampp\htdocs\modesy-2.6.2\system\CodeIgniter.php(354): CodeIgniter\CodeIgniter->handleRequest(NULL, Object(Config\Cache), false)
#10 F:\xampp\htdocs\modesy-2.6.2\system\Boot.php(363): CodeIgniter\CodeIgniter->run()
#11 F:\xampp\htdocs\modesy-2.6.2\system\Boot.php(68): CodeIgniter\Boot::runCodeIgniter(Object(CodeIgniter\CodeIgniter))
#12 F:\xampp\htdocs\modesy-2.6.2\index.php(59): CodeIgniter\Boot::bootWeb(Object(Config\Paths))
#13 {main}
ERROR - 2026-01-03 04:33:19 --> mysqli_sql_exception: Duplicate entry '0' for key 'PRIMARY' in F:\xampp\htdocs\modesy-2.6.2\system\Database\MySQLi\Connection.php:327
Stack trace:
#0 F:\xampp\htdocs\modesy-2.6.2\system\Database\MySQLi\Connection.php(327): mysqli->query('INSERT INTO `ca...', 0)
#1 F:\xampp\htdocs\modesy-2.6.2\system\Database\BaseConnection.php(729): CodeIgniter\Database\MySQLi\Connection->execute('INSERT INTO `ca...')
#2 F:\xampp\htdocs\modesy-2.6.2\system\Database\BaseConnection.php(646): CodeIgniter\Database\BaseConnection->simpleQuery('INSERT INTO `ca...')
#3 F:\xampp\htdocs\modesy-2.6.2\system\Database\BaseBuilder.php(1841): CodeIgniter\Database\BaseConnection->query('INSERT INTO `ca...', NULL, false)
#4 F:\xampp\htdocs\modesy-2.6.2\system\Database\BaseBuilder.php(2230): CodeIgniter\Database\BaseBuilder->batchExecute('_insertBatch', 100)
#5 F:\xampp\htdocs\modesy-2.6.2\app\Models\CategoryModel.php(883): CodeIgniter\Database\BaseBuilder->insertBatch(Array)
#6 F:\xampp\htdocs\modesy-2.6.2\app\Controllers\BulkController.php(183): App\Models\CategoryModel->rebuildCategoryPaths()
#7 F:\xampp\htdocs\modesy-2.6.2\system\CodeIgniter.php(933): App\Controllers\BulkController->processCsvChunk()
#8 F:\xampp\htdocs\modesy-2.6.2\system\CodeIgniter.php(507): CodeIgniter\CodeIgniter->runController(Object(App\Controllers\BulkController))
#9 F:\xampp\htdocs\modesy-2.6.2\system\CodeIgniter.php(354): CodeIgniter\CodeIgniter->handleRequest(NULL, Object(Config\Cache), false)
#10 F:\xampp\htdocs\modesy-2.6.2\system\Boot.php(363): CodeIgniter\CodeIgniter->run()
#11 F:\xampp\htdocs\modesy-2.6.2\system\Boot.php(68): CodeIgniter\Boot::runCodeIgniter(Object(CodeIgniter\CodeIgniter))
#12 F:\xampp\htdocs\modesy-2.6.2\index.php(59): CodeIgniter\Boot::bootWeb(Object(Config\Paths))
#13 {main}
ERROR - 2026-01-03 10:14:48 --> mysqli_sql_exception: Table 'desi.ci_sessions' doesn't exist in F:\xampp\htdocs\modesy-2.6.2\system\Database\MySQLi\Connection.php:327
Stack trace:
#0 F:\xampp\htdocs\modesy-2.6.2\system\Database\MySQLi\Connection.php(327): mysqli->query('SELECT `data`\nF...', 0)
#1 F:\xampp\htdocs\modesy-2.6.2\system\Database\BaseConnection.php(729): CodeIgniter\Database\MySQLi\Connection->execute('SELECT `data`\nF...')
#2 F:\xampp\htdocs\modesy-2.6.2\system\Database\BaseConnection.php(646): CodeIgniter\Database\BaseConnection->simpleQuery('SELECT `data`\nF...')
#3 F:\xampp\htdocs\modesy-2.6.2\system\Database\BaseBuilder.php(1649): CodeIgniter\Database\BaseConnection->query('SELECT `data`\nF...', Array, false)
#4 F:\xampp\htdocs\modesy-2.6.2\system\Session\Handlers\DatabaseHandler.php(135): CodeIgniter\Database\BaseBuilder->get()
#5 [internal function]: CodeIgniter\Session\Handlers\DatabaseHandler->read('5024d722a5b10dd...')
#6 F:\xampp\htdocs\modesy-2.6.2\system\Session\Session.php(912): session_start()
#7 F:\xampp\htdocs\modesy-2.6.2\system\Session\Session.php(243): CodeIgniter\Session\Session->startSession()
#8 F:\xampp\htdocs\modesy-2.6.2\system\Config\Services.php(715): CodeIgniter\Session\Session->start()
#9 F:\xampp\htdocs\modesy-2.6.2\system\Config\BaseService.php(312): CodeIgniter\Config\Services::session(Object(Config\Session), false)
#10 F:\xampp\htdocs\modesy-2.6.2\system\Config\BaseService.php(251): CodeIgniter\Config\BaseService::__callStatic('session', Array)
#11 F:\xampp\htdocs\modesy-2.6.2\system\Config\Services.php(668): CodeIgniter\Config\BaseService::getSharedInstance('session', NULL)
#12 F:\xampp\htdocs\modesy-2.6.2\system\Config\BaseService.php(321): CodeIgniter\Config\Services::session()
#13 F:\xampp\htdocs\modesy-2.6.2\system\Config\BaseService.php(202): CodeIgniter\Config\BaseService::__callStatic('session', Array)
#14 F:\xampp\htdocs\modesy-2.6.2\system\Common.php(1031): CodeIgniter\Config\BaseService::get('session')
#15 F:\xampp\htdocs\modesy-2.6.2\system\Common.php(1004): service('session')
#16 F:\xampp\htdocs\modesy-2.6.2\app\Services\AppContextService.php(37): session()
#17 F:\xampp\htdocs\modesy-2.6.2\app\Config\Services.php(29): App\Services\AppContextService->__construct()
#18 F:\xampp\htdocs\modesy-2.6.2\system\Config\BaseService.php(251): Config\Services::appContext(false)
#19 F:\xampp\htdocs\modesy-2.6.2\app\Config\Services.php(26): CodeIgniter\Config\BaseService::getSharedInstance('appcontext')
#20 F:\xampp\htdocs\modesy-2.6.2\system\Config\BaseService.php(321): Config\Services::appContext()
#21 F:\xampp\htdocs\modesy-2.6.2\system\Config\BaseService.php(202): CodeIgniter\Config\BaseService::__callStatic('appContext', Array)
#22 F:\xampp\htdocs\modesy-2.6.2\system\Common.php(1031): CodeIgniter\Config\BaseService::get('appContext')
#23 F:\xampp\htdocs\modesy-2.6.2\app\Common.php(20): service('appContext')
#24 F:\xampp\htdocs\modesy-2.6.2\app\Config\Routes.php(33): getContextValue('languages')
#25 F:\xampp\htdocs\modesy-2.6.2\system\Router\RouteCollection.php(339): require('F:\\xampp\\htdocs...')
#26 F:\xampp\htdocs\modesy-2.6.2\system\CodeIgniter.php(821): CodeIgniter\Router\RouteCollection->loadRoutes()
#27 F:\xampp\htdocs\modesy-2.6.2\system\CodeIgniter.php(455): CodeIgniter\CodeIgniter->tryToRouteIt(NULL)
#28 F:\xampp\htdocs\modesy-2.6.2\system\CodeIgniter.php(354): CodeIgniter\CodeIgniter->handleRequest(NULL, Object(Config\Cache), false)
#29 F:\xampp\htdocs\modesy-2.6.2\system\Boot.php(363): CodeIgniter\CodeIgniter->run()
#30 F:\xampp\htdocs\modesy-2.6.2\system\Boot.php(68): CodeIgniter\Boot::runCodeIgniter(Object(CodeIgniter\CodeIgniter))
#31 F:\xampp\htdocs\modesy-2.6.2\index.php(59): CodeIgniter\Boot::bootWeb(Object(Config\Paths))
#32 {main}
CRITICAL - 2026-01-03 10:14:48 --> CodeIgniter\Database\Exceptions\DatabaseException: Table 'desi.ci_sessions' doesn't exist
[Method: GET, Route: admin/forums-categories]
in SYSTEMPATH\Database\BaseConnection.php on line 684.
 1 SYSTEMPATH\Database\BaseBuilder.php(1649): CodeIgniter\Database\BaseConnection->query('SELECT `data`
FROM `ci_sessions`
WHERE `id` = :id:', [...], false)
 2 SYSTEMPATH\Session\Handlers\DatabaseHandler.php(135): CodeIgniter\Database\BaseBuilder->get()
 3 [internal function]: CodeIgniter\Session\Handlers\DatabaseHandler->read('5024d722a5b10dd0107c18dc88c39ca0')
 4 SYSTEMPATH\Session\Session.php(912): session_start()
 5 SYSTEMPATH\Session\Session.php(243): CodeIgniter\Session\Session->startSession()
 6 SYSTEMPATH\Config\Services.php(715): CodeIgniter\Session\Session->start()
 7 SYSTEMPATH\Config\BaseService.php(312): CodeIgniter\Config\Services::session(Object(Config\Session), false)
 8 SYSTEMPATH\Config\BaseService.php(251): CodeIgniter\Config\BaseService::__callStatic('session', [...])
 9 SYSTEMPATH\Config\Services.php(668): CodeIgniter\Config\BaseService::getSharedInstance('session', null)
10 SYSTEMPATH\Config\BaseService.php(321): CodeIgniter\Config\Services::session()
11 SYSTEMPATH\Config\BaseService.php(202): CodeIgniter\Config\BaseService::__callStatic('session', [])
12 SYSTEMPATH\Common.php(1031): CodeIgniter\Config\BaseService::get('session')
13 SYSTEMPATH\Common.php(1004): service('session')
14 APPPATH\Services\AppContextService.php(37): session()
15 APPPATH\Config\Services.php(29): App\Services\AppContextService->__construct()
16 SYSTEMPATH\Config\BaseService.php(251): Config\Services::appContext(false)
17 APPPATH\Config\Services.php(26): CodeIgniter\Config\BaseService::getSharedInstance('appcontext')
18 SYSTEMPATH\Config\BaseService.php(321): Config\Services::appContext()
19 SYSTEMPATH\Config\BaseService.php(202): CodeIgniter\Config\BaseService::__callStatic('appContext', [])
20 SYSTEMPATH\Common.php(1031): CodeIgniter\Config\BaseService::get('appContext')
21 APPPATH\Common.php(20): service('appContext')
22 APPPATH\Config\Routes.php(33): getContextValue('languages')
23 SYSTEMPATH\Router\RouteCollection.php(339): require('F:\\xampp\\htdocs\\modesy-2.6.2\\app\\Config\\Routes.php')
24 SYSTEMPATH\CodeIgniter.php(821): CodeIgniter\Router\RouteCollection->loadRoutes()
25 SYSTEMPATH\CodeIgniter.php(455): CodeIgniter\CodeIgniter->tryToRouteIt(null)
26 SYSTEMPATH\CodeIgniter.php(354): CodeIgniter\CodeIgniter->handleRequest(null, Object(Config\Cache), false)
27 SYSTEMPATH\Boot.php(363): CodeIgniter\CodeIgniter->run()
28 SYSTEMPATH\Boot.php(68): CodeIgniter\Boot::runCodeIgniter(Object(CodeIgniter\CodeIgniter))
29 FCPATH\index.php(59): CodeIgniter\Boot::bootWeb(Object(Config\Paths))
CRITICAL - 2026-01-03 10:14:48 --> [Caused by] CodeIgniter\Database\Exceptions\DatabaseException: Table 'desi.ci_sessions' doesn't exist
in SYSTEMPATH\Database\MySQLi\Connection.php on line 332.
 1 SYSTEMPATH\Database\BaseConnection.php(729): CodeIgniter\Database\MySQLi\Connection->execute('SELECT `data`
FROM `ci_sessions`
WHERE `id` = \'mds_session:5024d722a5b10dd0107c18dc88c39ca0\'')
 2 SYSTEMPATH\Database\BaseConnection.php(646): CodeIgniter\Database\BaseConnection->simpleQuery('SELECT `data`
FROM `ci_sessions`
WHERE `id` = \'mds_session:5024d722a5b10dd0107c18dc88c39ca0\'')
 3 SYSTEMPATH\Database\BaseBuilder.php(1649): CodeIgniter\Database\BaseConnection->query('SELECT `data`
FROM `ci_sessions`
WHERE `id` = :id:', [...], false)
 4 SYSTEMPATH\Session\Handlers\DatabaseHandler.php(135): CodeIgniter\Database\BaseBuilder->get()
 5 [internal function]: CodeIgniter\Session\Handlers\DatabaseHandler->read('5024d722a5b10dd0107c18dc88c39ca0')
 6 SYSTEMPATH\Session\Session.php(912): session_start()
 7 SYSTEMPATH\Session\Session.php(243): CodeIgniter\Session\Session->startSession()
 8 SYSTEMPATH\Config\Services.php(715): CodeIgniter\Session\Session->start()
 9 SYSTEMPATH\Config\BaseService.php(312): CodeIgniter\Config\Services::session(Object(Config\Session), false)
10 SYSTEMPATH\Config\BaseService.php(251): CodeIgniter\Config\BaseService::__callStatic('session', [...])
11 SYSTEMPATH\Config\Services.php(668): CodeIgniter\Config\BaseService::getSharedInstance('session', null)
12 SYSTEMPATH\Config\BaseService.php(321): CodeIgniter\Config\Services::session()
13 SYSTEMPATH\Config\BaseService.php(202): CodeIgniter\Config\BaseService::__callStatic('session', [])
14 SYSTEMPATH\Common.php(1031): CodeIgniter\Config\BaseService::get('session')
15 SYSTEMPATH\Common.php(1004): service('session')
16 APPPATH\Services\AppContextService.php(37): session()
17 APPPATH\Config\Services.php(29): App\Services\AppContextService->__construct()
18 SYSTEMPATH\Config\BaseService.php(251): Config\Services::appContext(false)
19 APPPATH\Config\Services.php(26): CodeIgniter\Config\BaseService::getSharedInstance('appcontext')
20 SYSTEMPATH\Config\BaseService.php(321): Config\Services::appContext()
21 SYSTEMPATH\Config\BaseService.php(202): CodeIgniter\Config\BaseService::__callStatic('appContext', [])
22 SYSTEMPATH\Common.php(1031): CodeIgniter\Config\BaseService::get('appContext')
23 APPPATH\Common.php(20): service('appContext')
24 APPPATH\Config\Routes.php(33): getContextValue('languages')
25 SYSTEMPATH\Router\RouteCollection.php(339): require('F:\\xampp\\htdocs\\modesy-2.6.2\\app\\Config\\Routes.php')
26 SYSTEMPATH\CodeIgniter.php(821): CodeIgniter\Router\RouteCollection->loadRoutes()
27 SYSTEMPATH\CodeIgniter.php(455): CodeIgniter\CodeIgniter->tryToRouteIt(null)
28 SYSTEMPATH\CodeIgniter.php(354): CodeIgniter\CodeIgniter->handleRequest(null, Object(Config\Cache), false)
29 SYSTEMPATH\Boot.php(363): CodeIgniter\CodeIgniter->run()
30 SYSTEMPATH\Boot.php(68): CodeIgniter\Boot::runCodeIgniter(Object(CodeIgniter\CodeIgniter))
31 FCPATH\index.php(59): CodeIgniter\Boot::bootWeb(Object(Config\Paths))
CRITICAL - 2026-01-03 10:14:48 --> [Caused by] mysqli_sql_exception: Table 'desi.ci_sessions' doesn't exist
in SYSTEMPATH\Database\MySQLi\Connection.php on line 327.
 1 SYSTEMPATH\Database\MySQLi\Connection.php(327): mysqli->query('SELECT `data`
FROM `ci_sessions`
WHERE `id` = \'mds_session:5024d722a5b10dd0107c18dc88c39ca0\'', 0)
 2 SYSTEMPATH\Database\BaseConnection.php(729): CodeIgniter\Database\MySQLi\Connection->execute('SELECT `data`
FROM `ci_sessions`
WHERE `id` = \'mds_session:5024d722a5b10dd0107c18dc88c39ca0\'')
 3 SYSTEMPATH\Database\BaseConnection.php(646): CodeIgniter\Database\BaseConnection->simpleQuery('SELECT `data`
FROM `ci_sessions`
WHERE `id` = \'mds_session:5024d722a5b10dd0107c18dc88c39ca0\'')
 4 SYSTEMPATH\Database\BaseBuilder.php(1649): CodeIgniter\Database\BaseConnection->query('SELECT `data`
FROM `ci_sessions`
WHERE `id` = :id:', [...], false)
 5 SYSTEMPATH\Session\Handlers\DatabaseHandler.php(135): CodeIgniter\Database\BaseBuilder->get()
 6 [internal function]: CodeIgniter\Session\Handlers\DatabaseHandler->read('5024d722a5b10dd0107c18dc88c39ca0')
 7 SYSTEMPATH\Session\Session.php(912): session_start()
 8 SYSTEMPATH\Session\Session.php(243): CodeIgniter\Session\Session->startSession()
 9 SYSTEMPATH\Config\Services.php(715): CodeIgniter\Session\Session->start()
10 SYSTEMPATH\Config\BaseService.php(312): CodeIgniter\Config\Services::session(Object(Config\Session), false)
11 SYSTEMPATH\Config\BaseService.php(251): CodeIgniter\Config\BaseService::__callStatic('session', [...])
12 SYSTEMPATH\Config\Services.php(668): CodeIgniter\Config\BaseService::getSharedInstance('session', null)
13 SYSTEMPATH\Config\BaseService.php(321): CodeIgniter\Config\Services::session()
14 SYSTEMPATH\Config\BaseService.php(202): CodeIgniter\Config\BaseService::__callStatic('session', [])
15 SYSTEMPATH\Common.php(1031): CodeIgniter\Config\BaseService::get('session')
16 SYSTEMPATH\Common.php(1004): service('session')
17 APPPATH\Services\AppContextService.php(37): session()
18 APPPATH\Config\Services.php(29): App\Services\AppContextService->__construct()
19 SYSTEMPATH\Config\BaseService.php(251): Config\Services::appContext(false)
20 APPPATH\Config\Services.php(26): CodeIgniter\Config\BaseService::getSharedInstance('appcontext')
21 SYSTEMPATH\Config\BaseService.php(321): Config\Services::appContext()
22 SYSTEMPATH\Config\BaseService.php(202): CodeIgniter\Config\BaseService::__callStatic('appContext', [])
23 SYSTEMPATH\Common.php(1031): CodeIgniter\Config\BaseService::get('appContext')
24 APPPATH\Common.php(20): service('appContext')
25 APPPATH\Config\Routes.php(33): getContextValue('languages')
26 SYSTEMPATH\Router\RouteCollection.php(339): require('F:\\xampp\\htdocs\\modesy-2.6.2\\app\\Config\\Routes.php')
27 SYSTEMPATH\CodeIgniter.php(821): CodeIgniter\Router\RouteCollection->loadRoutes()
28 SYSTEMPATH\CodeIgniter.php(455): CodeIgniter\CodeIgniter->tryToRouteIt(null)
29 SYSTEMPATH\CodeIgniter.php(354): CodeIgniter\CodeIgniter->handleRequest(null, Object(Config\Cache), false)
30 SYSTEMPATH\Boot.php(363): CodeIgniter\CodeIgniter->run()
31 SYSTEMPATH\Boot.php(68): CodeIgniter\Boot::runCodeIgniter(Object(CodeIgniter\CodeIgniter))
32 FCPATH\index.php(59): CodeIgniter\Boot::bootWeb(Object(Config\Paths))
ERROR - 2026-01-03 10:14:53 --> mysqli_sql_exception: Table 'desi.ci_sessions' doesn't exist in F:\xampp\htdocs\modesy-2.6.2\system\Database\MySQLi\Connection.php:327
Stack trace:
#0 F:\xampp\htdocs\modesy-2.6.2\system\Database\MySQLi\Connection.php(327): mysqli->query('SELECT `data`\nF...', 0)
#1 F:\xampp\htdocs\modesy-2.6.2\system\Database\BaseConnection.php(729): CodeIgniter\Database\MySQLi\Connection->execute('SELECT `data`\nF...')
#2 F:\xampp\htdocs\modesy-2.6.2\system\Database\BaseConnection.php(646): CodeIgniter\Database\BaseConnection->simpleQuery('SELECT `data`\nF...')
#3 F:\xampp\htdocs\modesy-2.6.2\system\Database\BaseBuilder.php(1649): CodeIgniter\Database\BaseConnection->query('SELECT `data`\nF...', Array, false)
#4 F:\xampp\htdocs\modesy-2.6.2\system\Session\Handlers\DatabaseHandler.php(135): CodeIgniter\Database\BaseBuilder->get()
#5 [internal function]: CodeIgniter\Session\Handlers\DatabaseHandler->read('5024d722a5b10dd...')
#6 F:\xampp\htdocs\modesy-2.6.2\system\Session\Session.php(912): session_start()
#7 F:\xampp\htdocs\modesy-2.6.2\system\Session\Session.php(243): CodeIgniter\Session\Session->startSession()
#8 F:\xampp\htdocs\modesy-2.6.2\system\Config\Services.php(715): CodeIgniter\Session\Session->start()
#9 F:\xampp\htdocs\modesy-2.6.2\system\Config\BaseService.php(312): CodeIgniter\Config\Services::session(Object(Config\Session), false)
#10 F:\xampp\htdocs\modesy-2.6.2\system\Config\BaseService.php(251): CodeIgniter\Config\BaseService::__callStatic('session', Array)
#11 F:\xampp\htdocs\modesy-2.6.2\system\Config\Services.php(668): CodeIgniter\Config\BaseService::getSharedInstance('session', NULL)
#12 F:\xampp\htdocs\modesy-2.6.2\system\Config\BaseService.php(321): CodeIgniter\Config\Services::session()
#13 F:\xampp\htdocs\modesy-2.6.2\system\Config\BaseService.php(202): CodeIgniter\Config\BaseService::__callStatic('session', Array)
#14 F:\xampp\htdocs\modesy-2.6.2\system\Common.php(1031): CodeIgniter\Config\BaseService::get('session')
#15 F:\xampp\htdocs\modesy-2.6.2\system\Common.php(1004): service('session')
#16 F:\xampp\htdocs\modesy-2.6.2\app\Services\AppContextService.php(37): session()
#17 F:\xampp\htdocs\modesy-2.6.2\app\Config\Services.php(29): App\Services\AppContextService->__construct()
#18 F:\xampp\htdocs\modesy-2.6.2\system\Config\BaseService.php(251): Config\Services::appContext(false)
#19 F:\xampp\htdocs\modesy-2.6.2\app\Config\Services.php(26): CodeIgniter\Config\BaseService::getSharedInstance('appcontext')
#20 F:\xampp\htdocs\modesy-2.6.2\system\Config\BaseService.php(321): Config\Services::appContext()
#21 F:\xampp\htdocs\modesy-2.6.2\system\Config\BaseService.php(202): CodeIgniter\Config\BaseService::__callStatic('appContext', Array)
#22 F:\xampp\htdocs\modesy-2.6.2\system\Common.php(1031): CodeIgniter\Config\BaseService::get('appContext')
#23 F:\xampp\htdocs\modesy-2.6.2\app\Common.php(20): service('appContext')
#24 F:\xampp\htdocs\modesy-2.6.2\app\Config\Routes.php(33): getContextValue('languages')
#25 F:\xampp\htdocs\modesy-2.6.2\system\Router\RouteCollection.php(339): require('F:\\xampp\\htdocs...')
#26 F:\xampp\htdocs\modesy-2.6.2\system\CodeIgniter.php(821): CodeIgniter\Router\RouteCollection->loadRoutes()
#27 F:\xampp\htdocs\modesy-2.6.2\system\CodeIgniter.php(455): CodeIgniter\CodeIgniter->tryToRouteIt(NULL)
#28 F:\xampp\htdocs\modesy-2.6.2\system\CodeIgniter.php(354): CodeIgniter\CodeIgniter->handleRequest(NULL, Object(Config\Cache), false)
#29 F:\xampp\htdocs\modesy-2.6.2\system\Boot.php(363): CodeIgniter\CodeIgniter->run()
#30 F:\xampp\htdocs\modesy-2.6.2\system\Boot.php(68): CodeIgniter\Boot::runCodeIgniter(Object(CodeIgniter\CodeIgniter))
#31 F:\xampp\htdocs\modesy-2.6.2\index.php(59): CodeIgniter\Boot::bootWeb(Object(Config\Paths))
#32 {main}
CRITICAL - 2026-01-03 10:14:53 --> CodeIgniter\Database\Exceptions\DatabaseException: Table 'desi.ci_sessions' doesn't exist
[Method: GET, Route: admin/bulk-category-upload]
in SYSTEMPATH\Database\BaseConnection.php on line 684.
 1 SYSTEMPATH\Database\BaseBuilder.php(1649): CodeIgniter\Database\BaseConnection->query('SELECT `data`
FROM `ci_sessions`
WHERE `id` = :id:', [...], false)
 2 SYSTEMPATH\Session\Handlers\DatabaseHandler.php(135): CodeIgniter\Database\BaseBuilder->get()
 3 [internal function]: CodeIgniter\Session\Handlers\DatabaseHandler->read('5024d722a5b10dd0107c18dc88c39ca0')
 4 SYSTEMPATH\Session\Session.php(912): session_start()
 5 SYSTEMPATH\Session\Session.php(243): CodeIgniter\Session\Session->startSession()
 6 SYSTEMPATH\Config\Services.php(715): CodeIgniter\Session\Session->start()
 7 SYSTEMPATH\Config\BaseService.php(312): CodeIgniter\Config\Services::session(Object(Config\Session), false)
 8 SYSTEMPATH\Config\BaseService.php(251): CodeIgniter\Config\BaseService::__callStatic('session', [...])
 9 SYSTEMPATH\Config\Services.php(668): CodeIgniter\Config\BaseService::getSharedInstance('session', null)
10 SYSTEMPATH\Config\BaseService.php(321): CodeIgniter\Config\Services::session()
11 SYSTEMPATH\Config\BaseService.php(202): CodeIgniter\Config\BaseService::__callStatic('session', [])
12 SYSTEMPATH\Common.php(1031): CodeIgniter\Config\BaseService::get('session')
13 SYSTEMPATH\Common.php(1004): service('session')
14 APPPATH\Services\AppContextService.php(37): session()
15 APPPATH\Config\Services.php(29): App\Services\AppContextService->__construct()
16 SYSTEMPATH\Config\BaseService.php(251): Config\Services::appContext(false)
17 APPPATH\Config\Services.php(26): CodeIgniter\Config\BaseService::getSharedInstance('appcontext')
18 SYSTEMPATH\Config\BaseService.php(321): Config\Services::appContext()
19 SYSTEMPATH\Config\BaseService.php(202): CodeIgniter\Config\BaseService::__callStatic('appContext', [])
20 SYSTEMPATH\Common.php(1031): CodeIgniter\Config\BaseService::get('appContext')
21 APPPATH\Common.php(20): service('appContext')
22 APPPATH\Config\Routes.php(33): getContextValue('languages')
23 SYSTEMPATH\Router\RouteCollection.php(339): require('F:\\xampp\\htdocs\\modesy-2.6.2\\app\\Config\\Routes.php')
24 SYSTEMPATH\CodeIgniter.php(821): CodeIgniter\Router\RouteCollection->loadRoutes()
25 SYSTEMPATH\CodeIgniter.php(455): CodeIgniter\CodeIgniter->tryToRouteIt(null)
26 SYSTEMPATH\CodeIgniter.php(354): CodeIgniter\CodeIgniter->handleRequest(null, Object(Config\Cache), false)
27 SYSTEMPATH\Boot.php(363): CodeIgniter\CodeIgniter->run()
28 SYSTEMPATH\Boot.php(68): CodeIgniter\Boot::runCodeIgniter(Object(CodeIgniter\CodeIgniter))
29 FCPATH\index.php(59): CodeIgniter\Boot::bootWeb(Object(Config\Paths))
CRITICAL - 2026-01-03 10:14:53 --> [Caused by] CodeIgniter\Database\Exceptions\DatabaseException: Table 'desi.ci_sessions' doesn't exist
in SYSTEMPATH\Database\MySQLi\Connection.php on line 332.
 1 SYSTEMPATH\Database\BaseConnection.php(729): CodeIgniter\Database\MySQLi\Connection->execute('SELECT `data`
FROM `ci_sessions`
WHERE `id` = \'mds_session:5024d722a5b10dd0107c18dc88c39ca0\'')
 2 SYSTEMPATH\Database\BaseConnection.php(646): CodeIgniter\Database\BaseConnection->simpleQuery('SELECT `data`
FROM `ci_sessions`
WHERE `id` = \'mds_session:5024d722a5b10dd0107c18dc88c39ca0\'')
 3 SYSTEMPATH\Database\BaseBuilder.php(1649): CodeIgniter\Database\BaseConnection->query('SELECT `data`
FROM `ci_sessions`
WHERE `id` = :id:', [...], false)
 4 SYSTEMPATH\Session\Handlers\DatabaseHandler.php(135): CodeIgniter\Database\BaseBuilder->get()
 5 [internal function]: CodeIgniter\Session\Handlers\DatabaseHandler->read('5024d722a5b10dd0107c18dc88c39ca0')
 6 SYSTEMPATH\Session\Session.php(912): session_start()
 7 SYSTEMPATH\Session\Session.php(243): CodeIgniter\Session\Session->startSession()
 8 SYSTEMPATH\Config\Services.php(715): CodeIgniter\Session\Session->start()
 9 SYSTEMPATH\Config\BaseService.php(312): CodeIgniter\Config\Services::session(Object(Config\Session), false)
10 SYSTEMPATH\Config\BaseService.php(251): CodeIgniter\Config\BaseService::__callStatic('session', [...])
11 SYSTEMPATH\Config\Services.php(668): CodeIgniter\Config\BaseService::getSharedInstance('session', null)
12 SYSTEMPATH\Config\BaseService.php(321): CodeIgniter\Config\Services::session()
13 SYSTEMPATH\Config\BaseService.php(202): CodeIgniter\Config\BaseService::__callStatic('session', [])
14 SYSTEMPATH\Common.php(1031): CodeIgniter\Config\BaseService::get('session')
15 SYSTEMPATH\Common.php(1004): service('session')
16 APPPATH\Services\AppContextService.php(37): session()
17 APPPATH\Config\Services.php(29): App\Services\AppContextService->__construct()
18 SYSTEMPATH\Config\BaseService.php(251): Config\Services::appContext(false)
19 APPPATH\Config\Services.php(26): CodeIgniter\Config\BaseService::getSharedInstance('appcontext')
20 SYSTEMPATH\Config\BaseService.php(321): Config\Services::appContext()
21 SYSTEMPATH\Config\BaseService.php(202): CodeIgniter\Config\BaseService::__callStatic('appContext', [])
22 SYSTEMPATH\Common.php(1031): CodeIgniter\Config\BaseService::get('appContext')
23 APPPATH\Common.php(20): service('appContext')
24 APPPATH\Config\Routes.php(33): getContextValue('languages')
25 SYSTEMPATH\Router\RouteCollection.php(339): require('F:\\xampp\\htdocs\\modesy-2.6.2\\app\\Config\\Routes.php')
26 SYSTEMPATH\CodeIgniter.php(821): CodeIgniter\Router\RouteCollection->loadRoutes()
27 SYSTEMPATH\CodeIgniter.php(455): CodeIgniter\CodeIgniter->tryToRouteIt(null)
28 SYSTEMPATH\CodeIgniter.php(354): CodeIgniter\CodeIgniter->handleRequest(null, Object(Config\Cache), false)
29 SYSTEMPATH\Boot.php(363): CodeIgniter\CodeIgniter->run()
30 SYSTEMPATH\Boot.php(68): CodeIgniter\Boot::runCodeIgniter(Object(CodeIgniter\CodeIgniter))
31 FCPATH\index.php(59): CodeIgniter\Boot::bootWeb(Object(Config\Paths))
CRITICAL - 2026-01-03 10:14:53 --> [Caused by] mysqli_sql_exception: Table 'desi.ci_sessions' doesn't exist
in SYSTEMPATH\Database\MySQLi\Connection.php on line 327.
 1 SYSTEMPATH\Database\MySQLi\Connection.php(327): mysqli->query('SELECT `data`
FROM `ci_sessions`
WHERE `id` = \'mds_session:5024d722a5b10dd0107c18dc88c39ca0\'', 0)
 2 SYSTEMPATH\Database\BaseConnection.php(729): CodeIgniter\Database\MySQLi\Connection->execute('SELECT `data`
FROM `ci_sessions`
WHERE `id` = \'mds_session:5024d722a5b10dd0107c18dc88c39ca0\'')
 3 SYSTEMPATH\Database\BaseConnection.php(646): CodeIgniter\Database\BaseConnection->simpleQuery('SELECT `data`
FROM `ci_sessions`
WHERE `id` = \'mds_session:5024d722a5b10dd0107c18dc88c39ca0\'')
 4 SYSTEMPATH\Database\BaseBuilder.php(1649): CodeIgniter\Database\BaseConnection->query('SELECT `data`
FROM `ci_sessions`
WHERE `id` = :id:', [...], false)
 5 SYSTEMPATH\Session\Handlers\DatabaseHandler.php(135): CodeIgniter\Database\BaseBuilder->get()
 6 [internal function]: CodeIgniter\Session\Handlers\DatabaseHandler->read('5024d722a5b10dd0107c18dc88c39ca0')
 7 SYSTEMPATH\Session\Session.php(912): session_start()
 8 SYSTEMPATH\Session\Session.php(243): CodeIgniter\Session\Session->startSession()
 9 SYSTEMPATH\Config\Services.php(715): CodeIgniter\Session\Session->start()
10 SYSTEMPATH\Config\BaseService.php(312): CodeIgniter\Config\Services::session(Object(Config\Session), false)
11 SYSTEMPATH\Config\BaseService.php(251): CodeIgniter\Config\BaseService::__callStatic('session', [...])
12 SYSTEMPATH\Config\Services.php(668): CodeIgniter\Config\BaseService::getSharedInstance('session', null)
13 SYSTEMPATH\Config\BaseService.php(321): CodeIgniter\Config\Services::session()
14 SYSTEMPATH\Config\BaseService.php(202): CodeIgniter\Config\BaseService::__callStatic('session', [])
15 SYSTEMPATH\Common.php(1031): CodeIgniter\Config\BaseService::get('session')
16 SYSTEMPATH\Common.php(1004): service('session')
17 APPPATH\Services\AppContextService.php(37): session()
18 APPPATH\Config\Services.php(29): App\Services\AppContextService->__construct()
19 SYSTEMPATH\Config\BaseService.php(251): Config\Services::appContext(false)
20 APPPATH\Config\Services.php(26): CodeIgniter\Config\BaseService::getSharedInstance('appcontext')
21 SYSTEMPATH\Config\BaseService.php(321): Config\Services::appContext()
22 SYSTEMPATH\Config\BaseService.php(202): CodeIgniter\Config\BaseService::__callStatic('appContext', [])
23 SYSTEMPATH\Common.php(1031): CodeIgniter\Config\BaseService::get('appContext')
24 APPPATH\Common.php(20): service('appContext')
25 APPPATH\Config\Routes.php(33): getContextValue('languages')
26 SYSTEMPATH\Router\RouteCollection.php(339): require('F:\\xampp\\htdocs\\modesy-2.6.2\\app\\Config\\Routes.php')
27 SYSTEMPATH\CodeIgniter.php(821): CodeIgniter\Router\RouteCollection->loadRoutes()
28 SYSTEMPATH\CodeIgniter.php(455): CodeIgniter\CodeIgniter->tryToRouteIt(null)
29 SYSTEMPATH\CodeIgniter.php(354): CodeIgniter\CodeIgniter->handleRequest(null, Object(Config\Cache), false)
30 SYSTEMPATH\Boot.php(363): CodeIgniter\CodeIgniter->run()
31 SYSTEMPATH\Boot.php(68): CodeIgniter\Boot::runCodeIgniter(Object(CodeIgniter\CodeIgniter))
32 FCPATH\index.php(59): CodeIgniter\Boot::bootWeb(Object(Config\Paths))
ERROR - 2026-01-03 10:15:18 --> mysqli_sql_exception: Table 'desi.ci_sessions' doesn't exist in F:\xampp\htdocs\modesy-2.6.2\system\Database\MySQLi\Connection.php:327
Stack trace:
#0 F:\xampp\htdocs\modesy-2.6.2\system\Database\MySQLi\Connection.php(327): mysqli->query('SELECT `data`\nF...', 0)
#1 F:\xampp\htdocs\modesy-2.6.2\system\Database\BaseConnection.php(729): CodeIgniter\Database\MySQLi\Connection->execute('SELECT `data`\nF...')
#2 F:\xampp\htdocs\modesy-2.6.2\system\Database\BaseConnection.php(646): CodeIgniter\Database\BaseConnection->simpleQuery('SELECT `data`\nF...')
#3 F:\xampp\htdocs\modesy-2.6.2\system\Database\BaseBuilder.php(1649): CodeIgniter\Database\BaseConnection->query('SELECT `data`\nF...', Array, false)
#4 F:\xampp\htdocs\modesy-2.6.2\system\Session\Handlers\DatabaseHandler.php(135): CodeIgniter\Database\BaseBuilder->get()
#5 [internal function]: CodeIgniter\Session\Handlers\DatabaseHandler->read('5024d722a5b10dd...')
#6 F:\xampp\htdocs\modesy-2.6.2\system\Session\Session.php(912): session_start()
#7 F:\xampp\htdocs\modesy-2.6.2\system\Session\Session.php(243): CodeIgniter\Session\Session->startSession()
#8 F:\xampp\htdocs\modesy-2.6.2\system\Config\Services.php(715): CodeIgniter\Session\Session->start()
#9 F:\xampp\htdocs\modesy-2.6.2\system\Config\BaseService.php(312): CodeIgniter\Config\Services::session(Object(Config\Session), false)
#10 F:\xampp\htdocs\modesy-2.6.2\system\Config\BaseService.php(251): CodeIgniter\Config\BaseService::__callStatic('session', Array)
#11 F:\xampp\htdocs\modesy-2.6.2\system\Config\Services.php(668): CodeIgniter\Config\BaseService::getSharedInstance('session', NULL)
#12 F:\xampp\htdocs\modesy-2.6.2\system\Config\BaseService.php(321): CodeIgniter\Config\Services::session()
#13 F:\xampp\htdocs\modesy-2.6.2\system\Config\BaseService.php(202): CodeIgniter\Config\BaseService::__callStatic('session', Array)
#14 F:\xampp\htdocs\modesy-2.6.2\system\Common.php(1031): CodeIgniter\Config\BaseService::get('session')
#15 F:\xampp\htdocs\modesy-2.6.2\system\Common.php(1004): service('session')
#16 F:\xampp\htdocs\modesy-2.6.2\app\Services\AppContextService.php(37): session()
#17 F:\xampp\htdocs\modesy-2.6.2\app\Config\Services.php(29): App\Services\AppContextService->__construct()
#18 F:\xampp\htdocs\modesy-2.6.2\system\Config\BaseService.php(251): Config\Services::appContext(false)
#19 F:\xampp\htdocs\modesy-2.6.2\app\Config\Services.php(26): CodeIgniter\Config\BaseService::getSharedInstance('appcontext')
#20 F:\xampp\htdocs\modesy-2.6.2\system\Config\BaseService.php(321): Config\Services::appContext()
#21 F:\xampp\htdocs\modesy-2.6.2\system\Config\BaseService.php(202): CodeIgniter\Config\BaseService::__callStatic('appContext', Array)
#22 F:\xampp\htdocs\modesy-2.6.2\system\Common.php(1031): CodeIgniter\Config\BaseService::get('appContext')
#23 F:\xampp\htdocs\modesy-2.6.2\app\Common.php(20): service('appContext')
#24 F:\xampp\htdocs\modesy-2.6.2\app\Config\Routes.php(33): getContextValue('languages')
#25 F:\xampp\htdocs\modesy-2.6.2\system\Router\RouteCollection.php(339): require('F:\\xampp\\htdocs...')
#26 F:\xampp\htdocs\modesy-2.6.2\system\CodeIgniter.php(821): CodeIgniter\Router\RouteCollection->loadRoutes()
#27 F:\xampp\htdocs\modesy-2.6.2\system\CodeIgniter.php(455): CodeIgniter\CodeIgniter->tryToRouteIt(NULL)
#28 F:\xampp\htdocs\modesy-2.6.2\system\CodeIgniter.php(354): CodeIgniter\CodeIgniter->handleRequest(NULL, Object(Config\Cache), false)
#29 F:\xampp\htdocs\modesy-2.6.2\system\Boot.php(363): CodeIgniter\CodeIgniter->run()
#30 F:\xampp\htdocs\modesy-2.6.2\system\Boot.php(68): CodeIgniter\Boot::runCodeIgniter(Object(CodeIgniter\CodeIgniter))
#31 F:\xampp\htdocs\modesy-2.6.2\index.php(59): CodeIgniter\Boot::bootWeb(Object(Config\Paths))
#32 {main}
CRITICAL - 2026-01-03 10:15:18 --> CodeIgniter\Database\Exceptions\DatabaseException: Table 'desi.ci_sessions' doesn't exist
[Method: GET, Route: admin/bulk-category-upload]
in SYSTEMPATH\Database\BaseConnection.php on line 684.
 1 SYSTEMPATH\Database\BaseBuilder.php(1649): CodeIgniter\Database\BaseConnection->query('SELECT `data`
FROM `ci_sessions`
WHERE `id` = :id:', [...], false)
 2 SYSTEMPATH\Session\Handlers\DatabaseHandler.php(135): CodeIgniter\Database\BaseBuilder->get()
 3 [internal function]: CodeIgniter\Session\Handlers\DatabaseHandler->read('5024d722a5b10dd0107c18dc88c39ca0')
 4 SYSTEMPATH\Session\Session.php(912): session_start()
 5 SYSTEMPATH\Session\Session.php(243): CodeIgniter\Session\Session->startSession()
 6 SYSTEMPATH\Config\Services.php(715): CodeIgniter\Session\Session->start()
 7 SYSTEMPATH\Config\BaseService.php(312): CodeIgniter\Config\Services::session(Object(Config\Session), false)
 8 SYSTEMPATH\Config\BaseService.php(251): CodeIgniter\Config\BaseService::__callStatic('session', [...])
 9 SYSTEMPATH\Config\Services.php(668): CodeIgniter\Config\BaseService::getSharedInstance('session', null)
10 SYSTEMPATH\Config\BaseService.php(321): CodeIgniter\Config\Services::session()
11 SYSTEMPATH\Config\BaseService.php(202): CodeIgniter\Config\BaseService::__callStatic('session', [])
12 SYSTEMPATH\Common.php(1031): CodeIgniter\Config\BaseService::get('session')
13 SYSTEMPATH\Common.php(1004): service('session')
14 APPPATH\Services\AppContextService.php(37): session()
15 APPPATH\Config\Services.php(29): App\Services\AppContextService->__construct()
16 SYSTEMPATH\Config\BaseService.php(251): Config\Services::appContext(false)
17 APPPATH\Config\Services.php(26): CodeIgniter\Config\BaseService::getSharedInstance('appcontext')
18 SYSTEMPATH\Config\BaseService.php(321): Config\Services::appContext()
19 SYSTEMPATH\Config\BaseService.php(202): CodeIgniter\Config\BaseService::__callStatic('appContext', [])
20 SYSTEMPATH\Common.php(1031): CodeIgniter\Config\BaseService::get('appContext')
21 APPPATH\Common.php(20): service('appContext')
22 APPPATH\Config\Routes.php(33): getContextValue('languages')
23 SYSTEMPATH\Router\RouteCollection.php(339): require('F:\\xampp\\htdocs\\modesy-2.6.2\\app\\Config\\Routes.php')
24 SYSTEMPATH\CodeIgniter.php(821): CodeIgniter\Router\RouteCollection->loadRoutes()
25 SYSTEMPATH\CodeIgniter.php(455): CodeIgniter\CodeIgniter->tryToRouteIt(null)
26 SYSTEMPATH\CodeIgniter.php(354): CodeIgniter\CodeIgniter->handleRequest(null, Object(Config\Cache), false)
27 SYSTEMPATH\Boot.php(363): CodeIgniter\CodeIgniter->run()
28 SYSTEMPATH\Boot.php(68): CodeIgniter\Boot::runCodeIgniter(Object(CodeIgniter\CodeIgniter))
29 FCPATH\index.php(59): CodeIgniter\Boot::bootWeb(Object(Config\Paths))
CRITICAL - 2026-01-03 10:15:18 --> [Caused by] CodeIgniter\Database\Exceptions\DatabaseException: Table 'desi.ci_sessions' doesn't exist
in SYSTEMPATH\Database\MySQLi\Connection.php on line 332.
 1 SYSTEMPATH\Database\BaseConnection.php(729): CodeIgniter\Database\MySQLi\Connection->execute('SELECT `data`
FROM `ci_sessions`
WHERE `id` = \'mds_session:5024d722a5b10dd0107c18dc88c39ca0\'')
 2 SYSTEMPATH\Database\BaseConnection.php(646): CodeIgniter\Database\BaseConnection->simpleQuery('SELECT `data`
FROM `ci_sessions`
WHERE `id` = \'mds_session:5024d722a5b10dd0107c18dc88c39ca0\'')
 3 SYSTEMPATH\Database\BaseBuilder.php(1649): CodeIgniter\Database\BaseConnection->query('SELECT `data`
FROM `ci_sessions`
WHERE `id` = :id:', [...], false)
 4 SYSTEMPATH\Session\Handlers\DatabaseHandler.php(135): CodeIgniter\Database\BaseBuilder->get()
 5 [internal function]: CodeIgniter\Session\Handlers\DatabaseHandler->read('5024d722a5b10dd0107c18dc88c39ca0')
 6 SYSTEMPATH\Session\Session.php(912): session_start()
 7 SYSTEMPATH\Session\Session.php(243): CodeIgniter\Session\Session->startSession()
 8 SYSTEMPATH\Config\Services.php(715): CodeIgniter\Session\Session->start()
 9 SYSTEMPATH\Config\BaseService.php(312): CodeIgniter\Config\Services::session(Object(Config\Session), false)
10 SYSTEMPATH\Config\BaseService.php(251): CodeIgniter\Config\BaseService::__callStatic('session', [...])
11 SYSTEMPATH\Config\Services.php(668): CodeIgniter\Config\BaseService::getSharedInstance('session', null)
12 SYSTEMPATH\Config\BaseService.php(321): CodeIgniter\Config\Services::session()
13 SYSTEMPATH\Config\BaseService.php(202): CodeIgniter\Config\BaseService::__callStatic('session', [])
14 SYSTEMPATH\Common.php(1031): CodeIgniter\Config\BaseService::get('session')
15 SYSTEMPATH\Common.php(1004): service('session')
16 APPPATH\Services\AppContextService.php(37): session()
17 APPPATH\Config\Services.php(29): App\Services\AppContextService->__construct()
18 SYSTEMPATH\Config\BaseService.php(251): Config\Services::appContext(false)
19 APPPATH\Config\Services.php(26): CodeIgniter\Config\BaseService::getSharedInstance('appcontext')
20 SYSTEMPATH\Config\BaseService.php(321): Config\Services::appContext()
21 SYSTEMPATH\Config\BaseService.php(202): CodeIgniter\Config\BaseService::__callStatic('appContext', [])
22 SYSTEMPATH\Common.php(1031): CodeIgniter\Config\BaseService::get('appContext')
23 APPPATH\Common.php(20): service('appContext')
24 APPPATH\Config\Routes.php(33): getContextValue('languages')
25 SYSTEMPATH\Router\RouteCollection.php(339): require('F:\\xampp\\htdocs\\modesy-2.6.2\\app\\Config\\Routes.php')
26 SYSTEMPATH\CodeIgniter.php(821): CodeIgniter\Router\RouteCollection->loadRoutes()
27 SYSTEMPATH\CodeIgniter.php(455): CodeIgniter\CodeIgniter->tryToRouteIt(null)
28 SYSTEMPATH\CodeIgniter.php(354): CodeIgniter\CodeIgniter->handleRequest(null, Object(Config\Cache), false)
29 SYSTEMPATH\Boot.php(363): CodeIgniter\CodeIgniter->run()
30 SYSTEMPATH\Boot.php(68): CodeIgniter\Boot::runCodeIgniter(Object(CodeIgniter\CodeIgniter))
31 FCPATH\index.php(59): CodeIgniter\Boot::bootWeb(Object(Config\Paths))
CRITICAL - 2026-01-03 10:15:18 --> [Caused by] mysqli_sql_exception: Table 'desi.ci_sessions' doesn't exist
in SYSTEMPATH\Database\MySQLi\Connection.php on line 327.
 1 SYSTEMPATH\Database\MySQLi\Connection.php(327): mysqli->query('SELECT `data`
FROM `ci_sessions`
WHERE `id` = \'mds_session:5024d722a5b10dd0107c18dc88c39ca0\'', 0)
 2 SYSTEMPATH\Database\BaseConnection.php(729): CodeIgniter\Database\MySQLi\Connection->execute('SELECT `data`
FROM `ci_sessions`
WHERE `id` = \'mds_session:5024d722a5b10dd0107c18dc88c39ca0\'')
 3 SYSTEMPATH\Database\BaseConnection.php(646): CodeIgniter\Database\BaseConnection->simpleQuery('SELECT `data`
FROM `ci_sessions`
WHERE `id` = \'mds_session:5024d722a5b10dd0107c18dc88c39ca0\'')
 4 SYSTEMPATH\Database\BaseBuilder.php(1649): CodeIgniter\Database\BaseConnection->query('SELECT `data`
FROM `ci_sessions`
WHERE `id` = :id:', [...], false)
 5 SYSTEMPATH\Session\Handlers\DatabaseHandler.php(135): CodeIgniter\Database\BaseBuilder->get()
 6 [internal function]: CodeIgniter\Session\Handlers\DatabaseHandler->read('5024d722a5b10dd0107c18dc88c39ca0')
 7 SYSTEMPATH\Session\Session.php(912): session_start()
 8 SYSTEMPATH\Session\Session.php(243): CodeIgniter\Session\Session->startSession()
 9 SYSTEMPATH\Config\Services.php(715): CodeIgniter\Session\Session->start()
10 SYSTEMPATH\Config\BaseService.php(312): CodeIgniter\Config\Services::session(Object(Config\Session), false)
11 SYSTEMPATH\Config\BaseService.php(251): CodeIgniter\Config\BaseService::__callStatic('session', [...])
12 SYSTEMPATH\Config\Services.php(668): CodeIgniter\Config\BaseService::getSharedInstance('session', null)
13 SYSTEMPATH\Config\BaseService.php(321): CodeIgniter\Config\Services::session()
14 SYSTEMPATH\Config\BaseService.php(202): CodeIgniter\Config\BaseService::__callStatic('session', [])
15 SYSTEMPATH\Common.php(1031): CodeIgniter\Config\BaseService::get('session')
16 SYSTEMPATH\Common.php(1004): service('session')
17 APPPATH\Services\AppContextService.php(37): session()
18 APPPATH\Config\Services.php(29): App\Services\AppContextService->__construct()
19 SYSTEMPATH\Config\BaseService.php(251): Config\Services::appContext(false)
20 APPPATH\Config\Services.php(26): CodeIgniter\Config\BaseService::getSharedInstance('appcontext')
21 SYSTEMPATH\Config\BaseService.php(321): Config\Services::appContext()
22 SYSTEMPATH\Config\BaseService.php(202): CodeIgniter\Config\BaseService::__callStatic('appContext', [])
23 SYSTEMPATH\Common.php(1031): CodeIgniter\Config\BaseService::get('appContext')
24 APPPATH\Common.php(20): service('appContext')
25 APPPATH\Config\Routes.php(33): getContextValue('languages')
26 SYSTEMPATH\Router\RouteCollection.php(339): require('F:\\xampp\\htdocs\\modesy-2.6.2\\app\\Config\\Routes.php')
27 SYSTEMPATH\CodeIgniter.php(821): CodeIgniter\Router\RouteCollection->loadRoutes()
28 SYSTEMPATH\CodeIgniter.php(455): CodeIgniter\CodeIgniter->tryToRouteIt(null)
29 SYSTEMPATH\CodeIgniter.php(354): CodeIgniter\CodeIgniter->handleRequest(null, Object(Config\Cache), false)
30 SYSTEMPATH\Boot.php(363): CodeIgniter\CodeIgniter->run()
31 SYSTEMPATH\Boot.php(68): CodeIgniter\Boot::runCodeIgniter(Object(CodeIgniter\CodeIgniter))
32 FCPATH\index.php(59): CodeIgniter\Boot::bootWeb(Object(Config\Paths))
ERROR - 2026-01-03 10:15:20 --> mysqli_sql_exception: Table 'desi.ci_sessions' doesn't exist in F:\xampp\htdocs\modesy-2.6.2\system\Database\MySQLi\Connection.php:327
Stack trace:
#0 F:\xampp\htdocs\modesy-2.6.2\system\Database\MySQLi\Connection.php(327): mysqli->query('SELECT `data`\nF...', 0)
#1 F:\xampp\htdocs\modesy-2.6.2\system\Database\BaseConnection.php(729): CodeIgniter\Database\MySQLi\Connection->execute('SELECT `data`\nF...')
#2 F:\xampp\htdocs\modesy-2.6.2\system\Database\BaseConnection.php(646): CodeIgniter\Database\BaseConnection->simpleQuery('SELECT `data`\nF...')
#3 F:\xampp\htdocs\modesy-2.6.2\system\Database\BaseBuilder.php(1649): CodeIgniter\Database\BaseConnection->query('SELECT `data`\nF...', Array, false)
#4 F:\xampp\htdocs\modesy-2.6.2\system\Session\Handlers\DatabaseHandler.php(135): CodeIgniter\Database\BaseBuilder->get()
#5 [internal function]: CodeIgniter\Session\Handlers\DatabaseHandler->read('5024d722a5b10dd...')
#6 F:\xampp\htdocs\modesy-2.6.2\system\Session\Session.php(912): session_start()
#7 F:\xampp\htdocs\modesy-2.6.2\system\Session\Session.php(243): CodeIgniter\Session\Session->startSession()
#8 F:\xampp\htdocs\modesy-2.6.2\system\Config\Services.php(715): CodeIgniter\Session\Session->start()
#9 F:\xampp\htdocs\modesy-2.6.2\system\Config\BaseService.php(312): CodeIgniter\Config\Services::session(Object(Config\Session), false)
#10 F:\xampp\htdocs\modesy-2.6.2\system\Config\BaseService.php(251): CodeIgniter\Config\BaseService::__callStatic('session', Array)
#11 F:\xampp\htdocs\modesy-2.6.2\system\Config\Services.php(668): CodeIgniter\Config\BaseService::getSharedInstance('session', NULL)
#12 F:\xampp\htdocs\modesy-2.6.2\system\Config\BaseService.php(321): CodeIgniter\Config\Services::session()
#13 F:\xampp\htdocs\modesy-2.6.2\system\Config\BaseService.php(202): CodeIgniter\Config\BaseService::__callStatic('session', Array)
#14 F:\xampp\htdocs\modesy-2.6.2\system\Common.php(1031): CodeIgniter\Config\BaseService::get('session')
#15 F:\xampp\htdocs\modesy-2.6.2\system\Common.php(1004): service('session')
#16 F:\xampp\htdocs\modesy-2.6.2\app\Services\AppContextService.php(37): session()
#17 F:\xampp\htdocs\modesy-2.6.2\app\Config\Services.php(29): App\Services\AppContextService->__construct()
#18 F:\xampp\htdocs\modesy-2.6.2\system\Config\BaseService.php(251): Config\Services::appContext(false)
#19 F:\xampp\htdocs\modesy-2.6.2\app\Config\Services.php(26): CodeIgniter\Config\BaseService::getSharedInstance('appcontext')
#20 F:\xampp\htdocs\modesy-2.6.2\system\Config\BaseService.php(321): Config\Services::appContext()
#21 F:\xampp\htdocs\modesy-2.6.2\system\Config\BaseService.php(202): CodeIgniter\Config\BaseService::__callStatic('appContext', Array)
#22 F:\xampp\htdocs\modesy-2.6.2\system\Common.php(1031): CodeIgniter\Config\BaseService::get('appContext')
#23 F:\xampp\htdocs\modesy-2.6.2\app\Common.php(20): service('appContext')
#24 F:\xampp\htdocs\modesy-2.6.2\app\Config\Routes.php(33): getContextValue('languages')
#25 F:\xampp\htdocs\modesy-2.6.2\system\Router\RouteCollection.php(339): require('F:\\xampp\\htdocs...')
#26 F:\xampp\htdocs\modesy-2.6.2\system\CodeIgniter.php(821): CodeIgniter\Router\RouteCollection->loadRoutes()
#27 F:\xampp\htdocs\modesy-2.6.2\system\CodeIgniter.php(455): CodeIgniter\CodeIgniter->tryToRouteIt(NULL)
#28 F:\xampp\htdocs\modesy-2.6.2\system\CodeIgniter.php(354): CodeIgniter\CodeIgniter->handleRequest(NULL, Object(Config\Cache), false)
#29 F:\xampp\htdocs\modesy-2.6.2\system\Boot.php(363): CodeIgniter\CodeIgniter->run()
#30 F:\xampp\htdocs\modesy-2.6.2\system\Boot.php(68): CodeIgniter\Boot::runCodeIgniter(Object(CodeIgniter\CodeIgniter))
#31 F:\xampp\htdocs\modesy-2.6.2\index.php(59): CodeIgniter\Boot::bootWeb(Object(Config\Paths))
#32 {main}
CRITICAL - 2026-01-03 10:15:20 --> CodeIgniter\Database\Exceptions\DatabaseException: Table 'desi.ci_sessions' doesn't exist
[Method: GET, Route: admin/categories]
in SYSTEMPATH\Database\BaseConnection.php on line 684.
 1 SYSTEMPATH\Database\BaseBuilder.php(1649): CodeIgniter\Database\BaseConnection->query('SELECT `data`
FROM `ci_sessions`
WHERE `id` = :id:', [...], false)
 2 SYSTEMPATH\Session\Handlers\DatabaseHandler.php(135): CodeIgniter\Database\BaseBuilder->get()
 3 [internal function]: CodeIgniter\Session\Handlers\DatabaseHandler->read('5024d722a5b10dd0107c18dc88c39ca0')
 4 SYSTEMPATH\Session\Session.php(912): session_start()
 5 SYSTEMPATH\Session\Session.php(243): CodeIgniter\Session\Session->startSession()
 6 SYSTEMPATH\Config\Services.php(715): CodeIgniter\Session\Session->start()
 7 SYSTEMPATH\Config\BaseService.php(312): CodeIgniter\Config\Services::session(Object(Config\Session), false)
 8 SYSTEMPATH\Config\BaseService.php(251): CodeIgniter\Config\BaseService::__callStatic('session', [...])
 9 SYSTEMPATH\Config\Services.php(668): CodeIgniter\Config\BaseService::getSharedInstance('session', null)
10 SYSTEMPATH\Config\BaseService.php(321): CodeIgniter\Config\Services::session()
11 SYSTEMPATH\Config\BaseService.php(202): CodeIgniter\Config\BaseService::__callStatic('session', [])
12 SYSTEMPATH\Common.php(1031): CodeIgniter\Config\BaseService::get('session')
13 SYSTEMPATH\Common.php(1004): service('session')
14 APPPATH\Services\AppContextService.php(37): session()
15 APPPATH\Config\Services.php(29): App\Services\AppContextService->__construct()
16 SYSTEMPATH\Config\BaseService.php(251): Config\Services::appContext(false)
17 APPPATH\Config\Services.php(26): CodeIgniter\Config\BaseService::getSharedInstance('appcontext')
18 SYSTEMPATH\Config\BaseService.php(321): Config\Services::appContext()
19 SYSTEMPATH\Config\BaseService.php(202): CodeIgniter\Config\BaseService::__callStatic('appContext', [])
20 SYSTEMPATH\Common.php(1031): CodeIgniter\Config\BaseService::get('appContext')
21 APPPATH\Common.php(20): service('appContext')
22 APPPATH\Config\Routes.php(33): getContextValue('languages')
23 SYSTEMPATH\Router\RouteCollection.php(339): require('F:\\xampp\\htdocs\\modesy-2.6.2\\app\\Config\\Routes.php')
24 SYSTEMPATH\CodeIgniter.php(821): CodeIgniter\Router\RouteCollection->loadRoutes()
25 SYSTEMPATH\CodeIgniter.php(455): CodeIgniter\CodeIgniter->tryToRouteIt(null)
26 SYSTEMPATH\CodeIgniter.php(354): CodeIgniter\CodeIgniter->handleRequest(null, Object(Config\Cache), false)
27 SYSTEMPATH\Boot.php(363): CodeIgniter\CodeIgniter->run()
28 SYSTEMPATH\Boot.php(68): CodeIgniter\Boot::runCodeIgniter(Object(CodeIgniter\CodeIgniter))
29 FCPATH\index.php(59): CodeIgniter\Boot::bootWeb(Object(Config\Paths))
CRITICAL - 2026-01-03 10:15:20 --> [Caused by] CodeIgniter\Database\Exceptions\DatabaseException: Table 'desi.ci_sessions' doesn't exist
in SYSTEMPATH\Database\MySQLi\Connection.php on line 332.
 1 SYSTEMPATH\Database\BaseConnection.php(729): CodeIgniter\Database\MySQLi\Connection->execute('SELECT `data`
FROM `ci_sessions`
WHERE `id` = \'mds_session:5024d722a5b10dd0107c18dc88c39ca0\'')
 2 SYSTEMPATH\Database\BaseConnection.php(646): CodeIgniter\Database\BaseConnection->simpleQuery('SELECT `data`
FROM `ci_sessions`
WHERE `id` = \'mds_session:5024d722a5b10dd0107c18dc88c39ca0\'')
 3 SYSTEMPATH\Database\BaseBuilder.php(1649): CodeIgniter\Database\BaseConnection->query('SELECT `data`
FROM `ci_sessions`
WHERE `id` = :id:', [...], false)
 4 SYSTEMPATH\Session\Handlers\DatabaseHandler.php(135): CodeIgniter\Database\BaseBuilder->get()
 5 [internal function]: CodeIgniter\Session\Handlers\DatabaseHandler->read('5024d722a5b10dd0107c18dc88c39ca0')
 6 SYSTEMPATH\Session\Session.php(912): session_start()
 7 SYSTEMPATH\Session\Session.php(243): CodeIgniter\Session\Session->startSession()
 8 SYSTEMPATH\Config\Services.php(715): CodeIgniter\Session\Session->start()
 9 SYSTEMPATH\Config\BaseService.php(312): CodeIgniter\Config\Services::session(Object(Config\Session), false)
10 SYSTEMPATH\Config\BaseService.php(251): CodeIgniter\Config\BaseService::__callStatic('session', [...])
11 SYSTEMPATH\Config\Services.php(668): CodeIgniter\Config\BaseService::getSharedInstance('session', null)
12 SYSTEMPATH\Config\BaseService.php(321): CodeIgniter\Config\Services::session()
13 SYSTEMPATH\Config\BaseService.php(202): CodeIgniter\Config\BaseService::__callStatic('session', [])
14 SYSTEMPATH\Common.php(1031): CodeIgniter\Config\BaseService::get('session')
15 SYSTEMPATH\Common.php(1004): service('session')
16 APPPATH\Services\AppContextService.php(37): session()
17 APPPATH\Config\Services.php(29): App\Services\AppContextService->__construct()
18 SYSTEMPATH\Config\BaseService.php(251): Config\Services::appContext(false)
19 APPPATH\Config\Services.php(26): CodeIgniter\Config\BaseService::getSharedInstance('appcontext')
20 SYSTEMPATH\Config\BaseService.php(321): Config\Services::appContext()
21 SYSTEMPATH\Config\BaseService.php(202): CodeIgniter\Config\BaseService::__callStatic('appContext', [])
22 SYSTEMPATH\Common.php(1031): CodeIgniter\Config\BaseService::get('appContext')
23 APPPATH\Common.php(20): service('appContext')
24 APPPATH\Config\Routes.php(33): getContextValue('languages')
25 SYSTEMPATH\Router\RouteCollection.php(339): require('F:\\xampp\\htdocs\\modesy-2.6.2\\app\\Config\\Routes.php')
26 SYSTEMPATH\CodeIgniter.php(821): CodeIgniter\Router\RouteCollection->loadRoutes()
27 SYSTEMPATH\CodeIgniter.php(455): CodeIgniter\CodeIgniter->tryToRouteIt(null)
28 SYSTEMPATH\CodeIgniter.php(354): CodeIgniter\CodeIgniter->handleRequest(null, Object(Config\Cache), false)
29 SYSTEMPATH\Boot.php(363): CodeIgniter\CodeIgniter->run()
30 SYSTEMPATH\Boot.php(68): CodeIgniter\Boot::runCodeIgniter(Object(CodeIgniter\CodeIgniter))
31 FCPATH\index.php(59): CodeIgniter\Boot::bootWeb(Object(Config\Paths))
CRITICAL - 2026-01-03 10:15:20 --> [Caused by] mysqli_sql_exception: Table 'desi.ci_sessions' doesn't exist
in SYSTEMPATH\Database\MySQLi\Connection.php on line 327.
 1 SYSTEMPATH\Database\MySQLi\Connection.php(327): mysqli->query('SELECT `data`
FROM `ci_sessions`
WHERE `id` = \'mds_session:5024d722a5b10dd0107c18dc88c39ca0\'', 0)
 2 SYSTEMPATH\Database\BaseConnection.php(729): CodeIgniter\Database\MySQLi\Connection->execute('SELECT `data`
FROM `ci_sessions`
WHERE `id` = \'mds_session:5024d722a5b10dd0107c18dc88c39ca0\'')
 3 SYSTEMPATH\Database\BaseConnection.php(646): CodeIgniter\Database\BaseConnection->simpleQuery('SELECT `data`
FROM `ci_sessions`
WHERE `id` = \'mds_session:5024d722a5b10dd0107c18dc88c39ca0\'')
 4 SYSTEMPATH\Database\BaseBuilder.php(1649): CodeIgniter\Database\BaseConnection->query('SELECT `data`
FROM `ci_sessions`
WHERE `id` = :id:', [...], false)
 5 SYSTEMPATH\Session\Handlers\DatabaseHandler.php(135): CodeIgniter\Database\BaseBuilder->get()
 6 [internal function]: CodeIgniter\Session\Handlers\DatabaseHandler->read('5024d722a5b10dd0107c18dc88c39ca0')
 7 SYSTEMPATH\Session\Session.php(912): session_start()
 8 SYSTEMPATH\Session\Session.php(243): CodeIgniter\Session\Session->startSession()
 9 SYSTEMPATH\Config\Services.php(715): CodeIgniter\Session\Session->start()
10 SYSTEMPATH\Config\BaseService.php(312): CodeIgniter\Config\Services::session(Object(Config\Session), false)
11 SYSTEMPATH\Config\BaseService.php(251): CodeIgniter\Config\BaseService::__callStatic('session', [...])
12 SYSTEMPATH\Config\Services.php(668): CodeIgniter\Config\BaseService::getSharedInstance('session', null)
13 SYSTEMPATH\Config\BaseService.php(321): CodeIgniter\Config\Services::session()
14 SYSTEMPATH\Config\BaseService.php(202): CodeIgniter\Config\BaseService::__callStatic('session', [])
15 SYSTEMPATH\Common.php(1031): CodeIgniter\Config\BaseService::get('session')
16 SYSTEMPATH\Common.php(1004): service('session')
17 APPPATH\Services\AppContextService.php(37): session()
18 APPPATH\Config\Services.php(29): App\Services\AppContextService->__construct()
19 SYSTEMPATH\Config\BaseService.php(251): Config\Services::appContext(false)
20 APPPATH\Config\Services.php(26): CodeIgniter\Config\BaseService::getSharedInstance('appcontext')
21 SYSTEMPATH\Config\BaseService.php(321): Config\Services::appContext()
22 SYSTEMPATH\Config\BaseService.php(202): CodeIgniter\Config\BaseService::__callStatic('appContext', [])
23 SYSTEMPATH\Common.php(1031): CodeIgniter\Config\BaseService::get('appContext')
24 APPPATH\Common.php(20): service('appContext')
25 APPPATH\Config\Routes.php(33): getContextValue('languages')
26 SYSTEMPATH\Router\RouteCollection.php(339): require('F:\\xampp\\htdocs\\modesy-2.6.2\\app\\Config\\Routes.php')
27 SYSTEMPATH\CodeIgniter.php(821): CodeIgniter\Router\RouteCollection->loadRoutes()
28 SYSTEMPATH\CodeIgniter.php(455): CodeIgniter\CodeIgniter->tryToRouteIt(null)
29 SYSTEMPATH\CodeIgniter.php(354): CodeIgniter\CodeIgniter->handleRequest(null, Object(Config\Cache), false)
30 SYSTEMPATH\Boot.php(363): CodeIgniter\CodeIgniter->run()
31 SYSTEMPATH\Boot.php(68): CodeIgniter\Boot::runCodeIgniter(Object(CodeIgniter\CodeIgniter))
32 FCPATH\index.php(59): CodeIgniter\Boot::bootWeb(Object(Config\Paths))
ERROR - 2026-01-03 05:25:22 --> mysqli_sql_exception: Duplicate entry '0' for key 'PRIMARY' in F:\xampp\htdocs\modesy-2.6.2\system\Database\MySQLi\Connection.php:327
Stack trace:
#0 F:\xampp\htdocs\modesy-2.6.2\system\Database\MySQLi\Connection.php(327): mysqli->query('INSERT INTO `ca...', 0)
#1 F:\xampp\htdocs\modesy-2.6.2\system\Database\BaseConnection.php(729): CodeIgniter\Database\MySQLi\Connection->execute('INSERT INTO `ca...')
#2 F:\xampp\htdocs\modesy-2.6.2\system\Database\BaseConnection.php(646): CodeIgniter\Database\BaseConnection->simpleQuery('INSERT INTO `ca...')
#3 F:\xampp\htdocs\modesy-2.6.2\system\Database\BaseBuilder.php(2345): CodeIgniter\Database\BaseConnection->query('INSERT INTO `ca...', Array, false)
#4 F:\xampp\htdocs\modesy-2.6.2\app\Models\CategoryModel.php(613): CodeIgniter\Database\BaseBuilder->insert(Array)
#5 F:\xampp\htdocs\modesy-2.6.2\app\Controllers\BulkController.php(161): App\Models\CategoryModel->insertCSVItem(Array)
#6 F:\xampp\htdocs\modesy-2.6.2\system\CodeIgniter.php(933): App\Controllers\BulkController->processCsvChunk()
#7 F:\xampp\htdocs\modesy-2.6.2\system\CodeIgniter.php(507): CodeIgniter\CodeIgniter->runController(Object(App\Controllers\BulkController))
#8 F:\xampp\htdocs\modesy-2.6.2\system\CodeIgniter.php(354): CodeIgniter\CodeIgniter->handleRequest(NULL, Object(Config\Cache), false)
#9 F:\xampp\htdocs\modesy-2.6.2\system\Boot.php(363): CodeIgniter\CodeIgniter->run()
#10 F:\xampp\htdocs\modesy-2.6.2\system\Boot.php(68): CodeIgniter\Boot::runCodeIgniter(Object(CodeIgniter\CodeIgniter))
#11 F:\xampp\htdocs\modesy-2.6.2\index.php(59): CodeIgniter\Boot::bootWeb(Object(Config\Paths))
#12 {main}
CRITICAL - 2026-01-03 05:25:22 --> CodeIgniter\Database\Exceptions\DatabaseException: Duplicate entry '0' for key 'PRIMARY'
[Method: POST, Route: Bulk/processCsvChunk]
in SYSTEMPATH\Database\BaseConnection.php on line 684.
 1 SYSTEMPATH\Database\BaseBuilder.php(2345): CodeIgniter\Database\BaseConnection->query('INSERT INTO `category_lang` (`category_id`, `lang_id`, `name`, `meta_title`, `meta_description`, `meta_keywords`) VALUES (:category_id:, :lang_id:, :name:, :meta_title:, :meta_description:, :meta_keywords:)', [...], false)
 2 APPPATH\Models\CategoryModel.php(613): CodeIgniter\Database\BaseBuilder->insert([...])
 3 APPPATH\Controllers\BulkController.php(161): App\Models\CategoryModel->insertCSVItem([...])
 4 SYSTEMPATH\CodeIgniter.php(933): App\Controllers\BulkController->processCsvChunk()
 5 SYSTEMPATH\CodeIgniter.php(507): CodeIgniter\CodeIgniter->runController(Object(App\Controllers\BulkController))
 6 SYSTEMPATH\CodeIgniter.php(354): CodeIgniter\CodeIgniter->handleRequest(null, Object(Config\Cache), false)
 7 SYSTEMPATH\Boot.php(363): CodeIgniter\CodeIgniter->run()
 8 SYSTEMPATH\Boot.php(68): CodeIgniter\Boot::runCodeIgniter(Object(CodeIgniter\CodeIgniter))
 9 FCPATH\index.php(59): CodeIgniter\Boot::bootWeb(Object(Config\Paths))
CRITICAL - 2026-01-03 05:25:22 --> [Caused by] CodeIgniter\Database\Exceptions\DatabaseException: Duplicate entry '0' for key 'PRIMARY'
in SYSTEMPATH\Database\MySQLi\Connection.php on line 332.
 1 SYSTEMPATH\Database\BaseConnection.php(729): CodeIgniter\Database\MySQLi\Connection->execute('INSERT INTO `category_lang` (`category_id`, `lang_id`, `name`, `meta_title`, `meta_description`, `meta_keywords`) VALUES (14, \'1\', \'Boots & Booties\', \'Boots & Booties\', \'Boots & Booties\', \'Boots,  Booties\')')
 2 SYSTEMPATH\Database\BaseConnection.php(646): CodeIgniter\Database\BaseConnection->simpleQuery('INSERT INTO `category_lang` (`category_id`, `lang_id`, `name`, `meta_title`, `meta_description`, `meta_keywords`) VALUES (14, \'1\', \'Boots & Booties\', \'Boots & Booties\', \'Boots & Booties\', \'Boots,  Booties\')')
 3 SYSTEMPATH\Database\BaseBuilder.php(2345): CodeIgniter\Database\BaseConnection->query('INSERT INTO `category_lang` (`category_id`, `lang_id`, `name`, `meta_title`, `meta_description`, `meta_keywords`) VALUES (:category_id:, :lang_id:, :name:, :meta_title:, :meta_description:, :meta_keywords:)', [...], false)
 4 APPPATH\Models\CategoryModel.php(613): CodeIgniter\Database\BaseBuilder->insert([...])
 5 APPPATH\Controllers\BulkController.php(161): App\Models\CategoryModel->insertCSVItem([...])
 6 SYSTEMPATH\CodeIgniter.php(933): App\Controllers\BulkController->processCsvChunk()
 7 SYSTEMPATH\CodeIgniter.php(507): CodeIgniter\CodeIgniter->runController(Object(App\Controllers\BulkController))
 8 SYSTEMPATH\CodeIgniter.php(354): CodeIgniter\CodeIgniter->handleRequest(null, Object(Config\Cache), false)
 9 SYSTEMPATH\Boot.php(363): CodeIgniter\CodeIgniter->run()
10 SYSTEMPATH\Boot.php(68): CodeIgniter\Boot::runCodeIgniter(Object(CodeIgniter\CodeIgniter))
11 FCPATH\index.php(59): CodeIgniter\Boot::bootWeb(Object(Config\Paths))
CRITICAL - 2026-01-03 05:25:22 --> [Caused by] mysqli_sql_exception: Duplicate entry '0' for key 'PRIMARY'
in SYSTEMPATH\Database\MySQLi\Connection.php on line 327.
 1 SYSTEMPATH\Database\MySQLi\Connection.php(327): mysqli->query('INSERT INTO `category_lang` (`category_id`, `lang_id`, `name`, `meta_title`, `meta_description`, `meta_keywords`) VALUES (14, \'1\', \'Boots & Booties\', \'Boots & Booties\', \'Boots & Booties\', \'Boots,  Booties\')', 0)
 2 SYSTEMPATH\Database\BaseConnection.php(729): CodeIgniter\Database\MySQLi\Connection->execute('INSERT INTO `category_lang` (`category_id`, `lang_id`, `name`, `meta_title`, `meta_description`, `meta_keywords`) VALUES (14, \'1\', \'Boots & Booties\', \'Boots & Booties\', \'Boots & Booties\', \'Boots,  Booties\')')
 3 SYSTEMPATH\Database\BaseConnection.php(646): CodeIgniter\Database\BaseConnection->simpleQuery('INSERT INTO `category_lang` (`category_id`, `lang_id`, `name`, `meta_title`, `meta_description`, `meta_keywords`) VALUES (14, \'1\', \'Boots & Booties\', \'Boots & Booties\', \'Boots & Booties\', \'Boots,  Booties\')')
 4 SYSTEMPATH\Database\BaseBuilder.php(2345): CodeIgniter\Database\BaseConnection->query('INSERT INTO `category_lang` (`category_id`, `lang_id`, `name`, `meta_title`, `meta_description`, `meta_keywords`) VALUES (:category_id:, :lang_id:, :name:, :meta_title:, :meta_description:, :meta_keywords:)', [...], false)
 5 APPPATH\Models\CategoryModel.php(613): CodeIgniter\Database\BaseBuilder->insert([...])
 6 APPPATH\Controllers\BulkController.php(161): App\Models\CategoryModel->insertCSVItem([...])
 7 SYSTEMPATH\CodeIgniter.php(933): App\Controllers\BulkController->processCsvChunk()
 8 SYSTEMPATH\CodeIgniter.php(507): CodeIgniter\CodeIgniter->runController(Object(App\Controllers\BulkController))
 9 SYSTEMPATH\CodeIgniter.php(354): CodeIgniter\CodeIgniter->handleRequest(null, Object(Config\Cache), false)
10 SYSTEMPATH\Boot.php(363): CodeIgniter\CodeIgniter->run()
11 SYSTEMPATH\Boot.php(68): CodeIgniter\Boot::runCodeIgniter(Object(CodeIgniter\CodeIgniter))
12 FCPATH\index.php(59): CodeIgniter\Boot::bootWeb(Object(Config\Paths))
