CRITICAL - 2026-01-07 01:29:30 --> ErrorException: Undefined variable $vendor
[Method: GET, Route: elegant-white-lace-fabric-4-44]
in APPPATH\Views\product\details\product.php on line 73.
 1 APPPATH\Views\product\details\product.php(73): CodeIgniter\Debug\Exceptions->errorHandler(2, 'Undefined variable $vendor', 'F:\\xampp\\htdocs\\modesy-2.6.2\\app\\Views\\product\\details\\product.php', 73)
 2 SYSTEMPATH\View\View.php(226): include('F:\\xampp\\htdocs\\modesy-2.6.2\\app\\Views\\product\\details\\product.php')
 3 SYSTEMPATH\View\View.php(229): CodeIgniter\View\View->CodeIgniter\View\{closure}()
 4 SYSTEMPATH\Common.php(1203): CodeIgniter\View\View->render('product/details/product', [], true)
 5 APPPATH\Controllers\HomeController.php(437): view('product/details/product', [...])
 6 APPPATH\Controllers\HomeController.php(99): App\Controllers\HomeController->product('elegant-white-lace-fabric-4-44')
 7 SYSTEMPATH\CodeIgniter.php(933): App\Controllers\HomeController->any('elegant-white-lace-fabric-4-44')
 8 SYSTEMPATH\CodeIgniter.php(507): CodeIgniter\CodeIgniter->runController(Object(App\Controllers\HomeController))
 9 SYSTEMPATH\CodeIgniter.php(354): CodeIgniter\CodeIgniter->handleRequest(null, Object(Config\Cache), false)
10 SYSTEMPATH\Boot.php(363): CodeIgniter\CodeIgniter->run()
11 SYSTEMPATH\Boot.php(68): CodeIgniter\Boot::runCodeIgniter(Object(CodeIgniter\CodeIgniter))
12 FCPATH\index.php(59): CodeIgniter\Boot::bootWeb(Object(Config\Paths))
ERROR - 2026-01-07 02:23:10 --> mysqli_sql_exception: Unknown column 'updated_at' in 'order clause' in F:\xampp\htdocs\modesy-2.6.2\system\Database\MySQLi\Connection.php:327
Stack trace:
#0 F:\xampp\htdocs\modesy-2.6.2\system\Database\MySQLi\Connection.php(327): mysqli->query('SELECT *\nFROM `...', 0)
#1 F:\xampp\htdocs\modesy-2.6.2\system\Database\BaseConnection.php(729): CodeIgniter\Database\MySQLi\Connection->execute('SELECT *\nFROM `...')
#2 F:\xampp\htdocs\modesy-2.6.2\system\Database\BaseConnection.php(646): CodeIgniter\Database\BaseConnection->simpleQuery('SELECT *\nFROM `...')
#3 F:\xampp\htdocs\modesy-2.6.2\system\Database\BaseBuilder.php(1649): CodeIgniter\Database\BaseConnection->query('SELECT *\nFROM `...', Array, false)
#4 F:\xampp\htdocs\modesy-2.6.2\app\Models\EarningsModel.php(598): CodeIgniter\Database\BaseBuilder->get()
#5 F:\xampp\htdocs\modesy-2.6.2\app\Controllers\ProfileController.php(282): App\Models\EarningsModel->getRedeemLoyaltyPaginated('4', 15, 0)
#6 F:\xampp\htdocs\modesy-2.6.2\system\CodeIgniter.php(933): App\Controllers\ProfileController->wallet()
#7 F:\xampp\htdocs\modesy-2.6.2\system\CodeIgniter.php(507): CodeIgniter\CodeIgniter->runController(Object(App\Controllers\ProfileController))
#8 F:\xampp\htdocs\modesy-2.6.2\system\CodeIgniter.php(354): CodeIgniter\CodeIgniter->handleRequest(NULL, Object(Config\Cache), false)
#9 F:\xampp\htdocs\modesy-2.6.2\system\Boot.php(363): CodeIgniter\CodeIgniter->run()
#10 F:\xampp\htdocs\modesy-2.6.2\system\Boot.php(68): CodeIgniter\Boot::runCodeIgniter(Object(CodeIgniter\CodeIgniter))
#11 F:\xampp\htdocs\modesy-2.6.2\index.php(59): CodeIgniter\Boot::bootWeb(Object(Config\Paths))
#12 {main}
CRITICAL - 2026-01-07 02:23:10 --> CodeIgniter\Database\Exceptions\DatabaseException: Unknown column 'updated_at' in 'order clause'
[Method: GET, Route: wallet]
in SYSTEMPATH\Database\BaseConnection.php on line 684.
 1 SYSTEMPATH\Database\BaseBuilder.php(1649): CodeIgniter\Database\BaseConnection->query('SELECT *
FROM `loyalty_point_transactions`
WHERE `user_id` = :user_id:
AND `type` = :type:
ORDER BY `updated_at` DESC
 LIMIT 15', [...], false)
 2 APPPATH\Models\EarningsModel.php(598): CodeIgniter\Database\BaseBuilder->get()
 3 APPPATH\Controllers\ProfileController.php(282): App\Models\EarningsModel->getRedeemLoyaltyPaginated('4', 15, 0)
 4 SYSTEMPATH\CodeIgniter.php(933): App\Controllers\ProfileController->wallet()
 5 SYSTEMPATH\CodeIgniter.php(507): CodeIgniter\CodeIgniter->runController(Object(App\Controllers\ProfileController))
 6 SYSTEMPATH\CodeIgniter.php(354): CodeIgniter\CodeIgniter->handleRequest(null, Object(Config\Cache), false)
 7 SYSTEMPATH\Boot.php(363): CodeIgniter\CodeIgniter->run()
 8 SYSTEMPATH\Boot.php(68): CodeIgniter\Boot::runCodeIgniter(Object(CodeIgniter\CodeIgniter))
 9 FCPATH\index.php(59): CodeIgniter\Boot::bootWeb(Object(Config\Paths))
CRITICAL - 2026-01-07 02:23:10 --> [Caused by] CodeIgniter\Database\Exceptions\DatabaseException: Unknown column 'updated_at' in 'order clause'
in SYSTEMPATH\Database\MySQLi\Connection.php on line 332.
 1 SYSTEMPATH\Database\BaseConnection.php(729): CodeIgniter\Database\MySQLi\Connection->execute('SELECT *
FROM `loyalty_point_transactions`
WHERE `user_id` = \'4\'
AND `type` = \'redeem\'
ORDER BY `updated_at` DESC
 LIMIT 15')
 2 SYSTEMPATH\Database\BaseConnection.php(646): CodeIgniter\Database\BaseConnection->simpleQuery('SELECT *
FROM `loyalty_point_transactions`
WHERE `user_id` = \'4\'
AND `type` = \'redeem\'
ORDER BY `updated_at` DESC
 LIMIT 15')
 3 SYSTEMPATH\Database\BaseBuilder.php(1649): CodeIgniter\Database\BaseConnection->query('SELECT *
FROM `loyalty_point_transactions`
WHERE `user_id` = :user_id:
AND `type` = :type:
ORDER BY `updated_at` DESC
 LIMIT 15', [...], false)
 4 APPPATH\Models\EarningsModel.php(598): CodeIgniter\Database\BaseBuilder->get()
 5 APPPATH\Controllers\ProfileController.php(282): App\Models\EarningsModel->getRedeemLoyaltyPaginated('4', 15, 0)
 6 SYSTEMPATH\CodeIgniter.php(933): App\Controllers\ProfileController->wallet()
 7 SYSTEMPATH\CodeIgniter.php(507): CodeIgniter\CodeIgniter->runController(Object(App\Controllers\ProfileController))
 8 SYSTEMPATH\CodeIgniter.php(354): CodeIgniter\CodeIgniter->handleRequest(null, Object(Config\Cache), false)
 9 SYSTEMPATH\Boot.php(363): CodeIgniter\CodeIgniter->run()
10 SYSTEMPATH\Boot.php(68): CodeIgniter\Boot::runCodeIgniter(Object(CodeIgniter\CodeIgniter))
11 FCPATH\index.php(59): CodeIgniter\Boot::bootWeb(Object(Config\Paths))
CRITICAL - 2026-01-07 02:23:10 --> [Caused by] mysqli_sql_exception: Unknown column 'updated_at' in 'order clause'
in SYSTEMPATH\Database\MySQLi\Connection.php on line 327.
 1 SYSTEMPATH\Database\MySQLi\Connection.php(327): mysqli->query('SELECT *
FROM `loyalty_point_transactions`
WHERE `user_id` = \'4\'
AND `type` = \'redeem\'
ORDER BY `updated_at` DESC
 LIMIT 15', 0)
 2 SYSTEMPATH\Database\BaseConnection.php(729): CodeIgniter\Database\MySQLi\Connection->execute('SELECT *
FROM `loyalty_point_transactions`
WHERE `user_id` = \'4\'
AND `type` = \'redeem\'
ORDER BY `updated_at` DESC
 LIMIT 15')
 3 SYSTEMPATH\Database\BaseConnection.php(646): CodeIgniter\Database\BaseConnection->simpleQuery('SELECT *
FROM `loyalty_point_transactions`
WHERE `user_id` = \'4\'
AND `type` = \'redeem\'
ORDER BY `updated_at` DESC
 LIMIT 15')
 4 SYSTEMPATH\Database\BaseBuilder.php(1649): CodeIgniter\Database\BaseConnection->query('SELECT *
FROM `loyalty_point_transactions`
WHERE `user_id` = :user_id:
AND `type` = :type:
ORDER BY `updated_at` DESC
 LIMIT 15', [...], false)
 5 APPPATH\Models\EarningsModel.php(598): CodeIgniter\Database\BaseBuilder->get()
 6 APPPATH\Controllers\ProfileController.php(282): App\Models\EarningsModel->getRedeemLoyaltyPaginated('4', 15, 0)
 7 SYSTEMPATH\CodeIgniter.php(933): App\Controllers\ProfileController->wallet()
 8 SYSTEMPATH\CodeIgniter.php(507): CodeIgniter\CodeIgniter->runController(Object(App\Controllers\ProfileController))
 9 SYSTEMPATH\CodeIgniter.php(354): CodeIgniter\CodeIgniter->handleRequest(null, Object(Config\Cache), false)
10 SYSTEMPATH\Boot.php(363): CodeIgniter\CodeIgniter->run()
11 SYSTEMPATH\Boot.php(68): CodeIgniter\Boot::runCodeIgniter(Object(CodeIgniter\CodeIgniter))
12 FCPATH\index.php(59): CodeIgniter\Boot::bootWeb(Object(Config\Paths))
ERROR - 2026-01-07 05:44:52 --> mysqli_sql_exception: Unknown column 'updated_at' in 'order clause' in F:\xampp\htdocs\modesy-2.6.2\system\Database\MySQLi\Connection.php:327
Stack trace:
#0 F:\xampp\htdocs\modesy-2.6.2\system\Database\MySQLi\Connection.php(327): mysqli->query('SELECT *\nFROM `...', 0)
#1 F:\xampp\htdocs\modesy-2.6.2\system\Database\BaseConnection.php(729): CodeIgniter\Database\MySQLi\Connection->execute('SELECT *\nFROM `...')
#2 F:\xampp\htdocs\modesy-2.6.2\system\Database\BaseConnection.php(646): CodeIgniter\Database\BaseConnection->simpleQuery('SELECT *\nFROM `...')
#3 F:\xampp\htdocs\modesy-2.6.2\system\Database\BaseBuilder.php(1649): CodeIgniter\Database\BaseConnection->query('SELECT *\nFROM `...', Array, false)
#4 F:\xampp\htdocs\modesy-2.6.2\app\Models\EarningsModel.php(598): CodeIgniter\Database\BaseBuilder->get()
#5 F:\xampp\htdocs\modesy-2.6.2\app\Controllers\ProfileController.php(282): App\Models\EarningsModel->getRedeemLoyaltyPaginated('2', 15, 0)
#6 F:\xampp\htdocs\modesy-2.6.2\system\CodeIgniter.php(933): App\Controllers\ProfileController->wallet()
#7 F:\xampp\htdocs\modesy-2.6.2\system\CodeIgniter.php(507): CodeIgniter\CodeIgniter->runController(Object(App\Controllers\ProfileController))
#8 F:\xampp\htdocs\modesy-2.6.2\system\CodeIgniter.php(354): CodeIgniter\CodeIgniter->handleRequest(NULL, Object(Config\Cache), false)
#9 F:\xampp\htdocs\modesy-2.6.2\system\Boot.php(363): CodeIgniter\CodeIgniter->run()
#10 F:\xampp\htdocs\modesy-2.6.2\system\Boot.php(68): CodeIgniter\Boot::runCodeIgniter(Object(CodeIgniter\CodeIgniter))
#11 F:\xampp\htdocs\modesy-2.6.2\index.php(59): CodeIgniter\Boot::bootWeb(Object(Config\Paths))
#12 {main}
CRITICAL - 2026-01-07 05:44:52 --> CodeIgniter\Database\Exceptions\DatabaseException: Unknown column 'updated_at' in 'order clause'
[Method: GET, Route: wallet]
in SYSTEMPATH\Database\BaseConnection.php on line 684.
 1 SYSTEMPATH\Database\BaseBuilder.php(1649): CodeIgniter\Database\BaseConnection->query('SELECT *
FROM `loyalty_point_transactions`
WHERE `user_id` = :user_id:
AND `type` = :type:
ORDER BY `updated_at` DESC
 LIMIT 15', [...], false)
 2 APPPATH\Models\EarningsModel.php(598): CodeIgniter\Database\BaseBuilder->get()
 3 APPPATH\Controllers\ProfileController.php(282): App\Models\EarningsModel->getRedeemLoyaltyPaginated('2', 15, 0)
 4 SYSTEMPATH\CodeIgniter.php(933): App\Controllers\ProfileController->wallet()
 5 SYSTEMPATH\CodeIgniter.php(507): CodeIgniter\CodeIgniter->runController(Object(App\Controllers\ProfileController))
 6 SYSTEMPATH\CodeIgniter.php(354): CodeIgniter\CodeIgniter->handleRequest(null, Object(Config\Cache), false)
 7 SYSTEMPATH\Boot.php(363): CodeIgniter\CodeIgniter->run()
 8 SYSTEMPATH\Boot.php(68): CodeIgniter\Boot::runCodeIgniter(Object(CodeIgniter\CodeIgniter))
 9 FCPATH\index.php(59): CodeIgniter\Boot::bootWeb(Object(Config\Paths))
CRITICAL - 2026-01-07 05:44:52 --> [Caused by] CodeIgniter\Database\Exceptions\DatabaseException: Unknown column 'updated_at' in 'order clause'
in SYSTEMPATH\Database\MySQLi\Connection.php on line 332.
 1 SYSTEMPATH\Database\BaseConnection.php(729): CodeIgniter\Database\MySQLi\Connection->execute('SELECT *
FROM `loyalty_point_transactions`
WHERE `user_id` = \'2\'
AND `type` = \'redeem\'
ORDER BY `updated_at` DESC
 LIMIT 15')
 2 SYSTEMPATH\Database\BaseConnection.php(646): CodeIgniter\Database\BaseConnection->simpleQuery('SELECT *
FROM `loyalty_point_transactions`
WHERE `user_id` = \'2\'
AND `type` = \'redeem\'
ORDER BY `updated_at` DESC
 LIMIT 15')
 3 SYSTEMPATH\Database\BaseBuilder.php(1649): CodeIgniter\Database\BaseConnection->query('SELECT *
FROM `loyalty_point_transactions`
WHERE `user_id` = :user_id:
AND `type` = :type:
ORDER BY `updated_at` DESC
 LIMIT 15', [...], false)
 4 APPPATH\Models\EarningsModel.php(598): CodeIgniter\Database\BaseBuilder->get()
 5 APPPATH\Controllers\ProfileController.php(282): App\Models\EarningsModel->getRedeemLoyaltyPaginated('2', 15, 0)
 6 SYSTEMPATH\CodeIgniter.php(933): App\Controllers\ProfileController->wallet()
 7 SYSTEMPATH\CodeIgniter.php(507): CodeIgniter\CodeIgniter->runController(Object(App\Controllers\ProfileController))
 8 SYSTEMPATH\CodeIgniter.php(354): CodeIgniter\CodeIgniter->handleRequest(null, Object(Config\Cache), false)
 9 SYSTEMPATH\Boot.php(363): CodeIgniter\CodeIgniter->run()
10 SYSTEMPATH\Boot.php(68): CodeIgniter\Boot::runCodeIgniter(Object(CodeIgniter\CodeIgniter))
11 FCPATH\index.php(59): CodeIgniter\Boot::bootWeb(Object(Config\Paths))
CRITICAL - 2026-01-07 05:44:52 --> [Caused by] mysqli_sql_exception: Unknown column 'updated_at' in 'order clause'
in SYSTEMPATH\Database\MySQLi\Connection.php on line 327.
 1 SYSTEMPATH\Database\MySQLi\Connection.php(327): mysqli->query('SELECT *
FROM `loyalty_point_transactions`
WHERE `user_id` = \'2\'
AND `type` = \'redeem\'
ORDER BY `updated_at` DESC
 LIMIT 15', 0)
 2 SYSTEMPATH\Database\BaseConnection.php(729): CodeIgniter\Database\MySQLi\Connection->execute('SELECT *
FROM `loyalty_point_transactions`
WHERE `user_id` = \'2\'
AND `type` = \'redeem\'
ORDER BY `updated_at` DESC
 LIMIT 15')
 3 SYSTEMPATH\Database\BaseConnection.php(646): CodeIgniter\Database\BaseConnection->simpleQuery('SELECT *
FROM `loyalty_point_transactions`
WHERE `user_id` = \'2\'
AND `type` = \'redeem\'
ORDER BY `updated_at` DESC
 LIMIT 15')
 4 SYSTEMPATH\Database\BaseBuilder.php(1649): CodeIgniter\Database\BaseConnection->query('SELECT *
FROM `loyalty_point_transactions`
WHERE `user_id` = :user_id:
AND `type` = :type:
ORDER BY `updated_at` DESC
 LIMIT 15', [...], false)
 5 APPPATH\Models\EarningsModel.php(598): CodeIgniter\Database\BaseBuilder->get()
 6 APPPATH\Controllers\ProfileController.php(282): App\Models\EarningsModel->getRedeemLoyaltyPaginated('2', 15, 0)
 7 SYSTEMPATH\CodeIgniter.php(933): App\Controllers\ProfileController->wallet()
 8 SYSTEMPATH\CodeIgniter.php(507): CodeIgniter\CodeIgniter->runController(Object(App\Controllers\ProfileController))
 9 SYSTEMPATH\CodeIgniter.php(354): CodeIgniter\CodeIgniter->handleRequest(null, Object(Config\Cache), false)
10 SYSTEMPATH\Boot.php(363): CodeIgniter\CodeIgniter->run()
11 SYSTEMPATH\Boot.php(68): CodeIgniter\Boot::runCodeIgniter(Object(CodeIgniter\CodeIgniter))
12 FCPATH\index.php(59): CodeIgniter\Boot::bootWeb(Object(Config\Paths))
WARNING - 2026-01-07 07:52:40 --> [DEPRECATED] trim(): Passing null to parameter #1 ($string) of type string is deprecated in APPPATH\Controllers\AdminForumController.php on line 61.
 1 APPPATH\Controllers\AdminForumController.php(61): trim(null)
 2 SYSTEMPATH\CodeIgniter.php(933): App\Controllers\AdminForumController->threads()
 3 SYSTEMPATH\CodeIgniter.php(507): CodeIgniter\CodeIgniter->runController(Object(App\Controllers\AdminForumController))
 4 SYSTEMPATH\CodeIgniter.php(354): CodeIgniter\CodeIgniter->handleRequest(null, Object(Config\Cache), false)
 5 SYSTEMPATH\Boot.php(363): CodeIgniter\CodeIgniter->run()
 6 SYSTEMPATH\Boot.php(68): CodeIgniter\Boot::runCodeIgniter(Object(CodeIgniter\CodeIgniter))
 7 FCPATH\index.php(59): CodeIgniter\Boot::bootWeb(Object(Config\Paths))
WARNING - 2026-01-07 07:52:40 --> [DEPRECATED] trim(): Passing null to parameter #1 ($string) of type string is deprecated in APPPATH\Controllers\AdminForumController.php on line 62.
 1 APPPATH\Controllers\AdminForumController.php(62): trim(null)
 2 SYSTEMPATH\CodeIgniter.php(933): App\Controllers\AdminForumController->threads()
 3 SYSTEMPATH\CodeIgniter.php(507): CodeIgniter\CodeIgniter->runController(Object(App\Controllers\AdminForumController))
 4 SYSTEMPATH\CodeIgniter.php(354): CodeIgniter\CodeIgniter->handleRequest(null, Object(Config\Cache), false)
 5 SYSTEMPATH\Boot.php(363): CodeIgniter\CodeIgniter->run()
 6 SYSTEMPATH\Boot.php(68): CodeIgniter\Boot::runCodeIgniter(Object(CodeIgniter\CodeIgniter))
 7 FCPATH\index.php(59): CodeIgniter\Boot::bootWeb(Object(Config\Paths))
WARNING - 2026-01-07 07:52:40 --> [DEPRECATED] trim(): Passing null to parameter #1 ($string) of type string is deprecated in APPPATH\Controllers\AdminForumController.php on line 63.
 1 APPPATH\Controllers\AdminForumController.php(63): trim(null)
 2 SYSTEMPATH\CodeIgniter.php(933): App\Controllers\AdminForumController->threads()
 3 SYSTEMPATH\CodeIgniter.php(507): CodeIgniter\CodeIgniter->runController(Object(App\Controllers\AdminForumController))
 4 SYSTEMPATH\CodeIgniter.php(354): CodeIgniter\CodeIgniter->handleRequest(null, Object(Config\Cache), false)
 5 SYSTEMPATH\Boot.php(363): CodeIgniter\CodeIgniter->run()
 6 SYSTEMPATH\Boot.php(68): CodeIgniter\Boot::runCodeIgniter(Object(CodeIgniter\CodeIgniter))
 7 FCPATH\index.php(59): CodeIgniter\Boot::bootWeb(Object(Config\Paths))
WARNING - 2026-01-07 07:52:49 --> [DEPRECATED] trim(): Passing null to parameter #1 ($string) of type string is deprecated in APPPATH\Controllers\AdminForumController.php on line 61.
 1 APPPATH\Controllers\AdminForumController.php(61): trim(null)
 2 SYSTEMPATH\CodeIgniter.php(933): App\Controllers\AdminForumController->threads()
 3 SYSTEMPATH\CodeIgniter.php(507): CodeIgniter\CodeIgniter->runController(Object(App\Controllers\AdminForumController))
 4 SYSTEMPATH\CodeIgniter.php(354): CodeIgniter\CodeIgniter->handleRequest(null, Object(Config\Cache), false)
 5 SYSTEMPATH\Boot.php(363): CodeIgniter\CodeIgniter->run()
 6 SYSTEMPATH\Boot.php(68): CodeIgniter\Boot::runCodeIgniter(Object(CodeIgniter\CodeIgniter))
 7 FCPATH\index.php(59): CodeIgniter\Boot::bootWeb(Object(Config\Paths))
WARNING - 2026-01-07 07:52:49 --> [DEPRECATED] trim(): Passing null to parameter #1 ($string) of type string is deprecated in APPPATH\Controllers\AdminForumController.php on line 62.
 1 APPPATH\Controllers\AdminForumController.php(62): trim(null)
 2 SYSTEMPATH\CodeIgniter.php(933): App\Controllers\AdminForumController->threads()
 3 SYSTEMPATH\CodeIgniter.php(507): CodeIgniter\CodeIgniter->runController(Object(App\Controllers\AdminForumController))
 4 SYSTEMPATH\CodeIgniter.php(354): CodeIgniter\CodeIgniter->handleRequest(null, Object(Config\Cache), false)
 5 SYSTEMPATH\Boot.php(363): CodeIgniter\CodeIgniter->run()
 6 SYSTEMPATH\Boot.php(68): CodeIgniter\Boot::runCodeIgniter(Object(CodeIgniter\CodeIgniter))
 7 FCPATH\index.php(59): CodeIgniter\Boot::bootWeb(Object(Config\Paths))
WARNING - 2026-01-07 07:52:49 --> [DEPRECATED] trim(): Passing null to parameter #1 ($string) of type string is deprecated in APPPATH\Controllers\AdminForumController.php on line 63.
 1 APPPATH\Controllers\AdminForumController.php(63): trim(null)
 2 SYSTEMPATH\CodeIgniter.php(933): App\Controllers\AdminForumController->threads()
 3 SYSTEMPATH\CodeIgniter.php(507): CodeIgniter\CodeIgniter->runController(Object(App\Controllers\AdminForumController))
 4 SYSTEMPATH\CodeIgniter.php(354): CodeIgniter\CodeIgniter->handleRequest(null, Object(Config\Cache), false)
 5 SYSTEMPATH\Boot.php(363): CodeIgniter\CodeIgniter->run()
 6 SYSTEMPATH\Boot.php(68): CodeIgniter\Boot::runCodeIgniter(Object(CodeIgniter\CodeIgniter))
 7 FCPATH\index.php(59): CodeIgniter\Boot::bootWeb(Object(Config\Paths))
