ERROR - 2026-01-06 01:39:10 --> TEST CONVERT | Points: 20 | Wallet Add: 16.67
CRITICAL - 2026-01-06 02:48:17 --> CodeIgniter\Exceptions\BadMethodCallException: Call to undefined method App\Models\EarningsModel::getLoyaltyTransactionsCount
[Method: GET, Route: wallet]
in SYSTEMPATH/Model.php on line 927.
 1 APPPATH/Controllers/ProfileController.php(280): CodeIgniter\Model->__call()
 2 SYSTEMPATH/CodeIgniter.php(933): App\Controllers\ProfileController->wallet()
 3 SYSTEMPATH/CodeIgniter.php(507): CodeIgniter\CodeIgniter->runController()
 4 SYSTEMPATH/CodeIgniter.php(354): CodeIgniter\CodeIgniter->handleRequest()
 5 SYSTEMPATH/Boot.php(363): CodeIgniter\CodeIgniter->run()
 6 SYSTEMPATH/Boot.php(68): CodeIgniter\Boot::runCodeIgniter()
 7 FCPATH/index.php(59): CodeIgniter\Boot::bootWeb()
CRITICAL - 2026-01-06 02:49:17 --> CodeIgniter\Exceptions\BadMethodCallException: Call to undefined method App\Models\EarningsModel::getLoyaltyTransactionsCount
[Method: GET, Route: wallet]
in SYSTEMPATH/Model.php on line 927.
 1 APPPATH/Controllers/ProfileController.php(280): CodeIgniter\Model->__call()
 2 SYSTEMPATH/CodeIgniter.php(933): App\Controllers\ProfileController->wallet()
 3 SYSTEMPATH/CodeIgniter.php(507): CodeIgniter\CodeIgniter->runController()
 4 SYSTEMPATH/CodeIgniter.php(354): CodeIgniter\CodeIgniter->handleRequest()
 5 SYSTEMPATH/Boot.php(363): CodeIgniter\CodeIgniter->run()
 6 SYSTEMPATH/Boot.php(68): CodeIgniter\Boot::runCodeIgniter()
 7 FCPATH/index.php(59): CodeIgniter\Boot::bootWeb()
ERROR - 2026-01-06 03:36:48 --> REDEEM ROWS: 15
ERROR - 2026-01-06 03:36:48 --> PER PAGE: 15
ERROR - 2026-01-06 03:37:50 --> REDEEM ROWS: 15
ERROR - 2026-01-06 03:37:50 --> PER PAGE: 15
ERROR - 2026-01-06 03:47:17 --> REDEEM ROWS: 15
ERROR - 2026-01-06 03:47:17 --> PER PAGE: 15
ERROR - 2026-01-06 08:01:39 --> mysqli_sql_exception: Unknown column 'updated_at' in 'order clause' in F:\xampp\htdocs\modesy-2.6.2\system\Database\MySQLi\Connection.php:327
Stack trace:
#0 F:\xampp\htdocs\modesy-2.6.2\system\Database\MySQLi\Connection.php(327): mysqli->query('SELECT *\nFROM `...', 0)
#1 F:\xampp\htdocs\modesy-2.6.2\system\Database\BaseConnection.php(729): CodeIgniter\Database\MySQLi\Connection->execute('SELECT *\nFROM `...')
#2 F:\xampp\htdocs\modesy-2.6.2\system\Database\BaseConnection.php(646): CodeIgniter\Database\BaseConnection->simpleQuery('SELECT *\nFROM `...')
#3 F:\xampp\htdocs\modesy-2.6.2\system\Database\BaseBuilder.php(1649): CodeIgniter\Database\BaseConnection->query('SELECT *\nFROM `...', Array, false)
#4 F:\xampp\htdocs\modesy-2.6.2\app\Models\EarningsModel.php(598): CodeIgniter\Database\BaseBuilder->get()
#5 F:\xampp\htdocs\modesy-2.6.2\app\Controllers\ProfileController.php(282): App\Models\EarningsModel->getRedeemLoyaltyPaginated('1', 15, 0)
#6 F:\xampp\htdocs\modesy-2.6.2\system\CodeIgniter.php(933): App\Controllers\ProfileController->wallet()
#7 F:\xampp\htdocs\modesy-2.6.2\system\CodeIgniter.php(507): CodeIgniter\CodeIgniter->runController(Object(App\Controllers\ProfileController))
#8 F:\xampp\htdocs\modesy-2.6.2\system\CodeIgniter.php(354): CodeIgniter\CodeIgniter->handleRequest(NULL, Object(Config\Cache), false)
#9 F:\xampp\htdocs\modesy-2.6.2\system\Boot.php(363): CodeIgniter\CodeIgniter->run()
#10 F:\xampp\htdocs\modesy-2.6.2\system\Boot.php(68): CodeIgniter\Boot::runCodeIgniter(Object(CodeIgniter\CodeIgniter))
#11 F:\xampp\htdocs\modesy-2.6.2\index.php(59): CodeIgniter\Boot::bootWeb(Object(Config\Paths))
#12 {main}
CRITICAL - 2026-01-06 08:01:39 --> CodeIgniter\Database\Exceptions\DatabaseException: Unknown column 'updated_at' in 'order clause'
[Method: GET, Route: wallet]
in SYSTEMPATH\Database\BaseConnection.php on line 684.
 1 SYSTEMPATH\Database\BaseBuilder.php(1649): CodeIgniter\Database\BaseConnection->query('SELECT *
FROM `loyalty_point_transactions`
WHERE `user_id` = :user_id:
AND `type` = :type:
ORDER BY `updated_at` DESC
 LIMIT 15', [...], false)
 2 APPPATH\Models\EarningsModel.php(598): CodeIgniter\Database\BaseBuilder->get()
 3 APPPATH\Controllers\ProfileController.php(282): App\Models\EarningsModel->getRedeemLoyaltyPaginated('1', 15, 0)
 4 SYSTEMPATH\CodeIgniter.php(933): App\Controllers\ProfileController->wallet()
 5 SYSTEMPATH\CodeIgniter.php(507): CodeIgniter\CodeIgniter->runController(Object(App\Controllers\ProfileController))
 6 SYSTEMPATH\CodeIgniter.php(354): CodeIgniter\CodeIgniter->handleRequest(null, Object(Config\Cache), false)
 7 SYSTEMPATH\Boot.php(363): CodeIgniter\CodeIgniter->run()
 8 SYSTEMPATH\Boot.php(68): CodeIgniter\Boot::runCodeIgniter(Object(CodeIgniter\CodeIgniter))
 9 FCPATH\index.php(59): CodeIgniter\Boot::bootWeb(Object(Config\Paths))
CRITICAL - 2026-01-06 08:01:39 --> [Caused by] CodeIgniter\Database\Exceptions\DatabaseException: Unknown column 'updated_at' in 'order clause'
in SYSTEMPATH\Database\MySQLi\Connection.php on line 332.
 1 SYSTEMPATH\Database\BaseConnection.php(729): CodeIgniter\Database\MySQLi\Connection->execute('SELECT *
FROM `loyalty_point_transactions`
WHERE `user_id` = \'1\'
AND `type` = \'redeem\'
ORDER BY `updated_at` DESC
 LIMIT 15')
 2 SYSTEMPATH\Database\BaseConnection.php(646): CodeIgniter\Database\BaseConnection->simpleQuery('SELECT *
FROM `loyalty_point_transactions`
WHERE `user_id` = \'1\'
AND `type` = \'redeem\'
ORDER BY `updated_at` DESC
 LIMIT 15')
 3 SYSTEMPATH\Database\BaseBuilder.php(1649): CodeIgniter\Database\BaseConnection->query('SELECT *
FROM `loyalty_point_transactions`
WHERE `user_id` = :user_id:
AND `type` = :type:
ORDER BY `updated_at` DESC
 LIMIT 15', [...], false)
 4 APPPATH\Models\EarningsModel.php(598): CodeIgniter\Database\BaseBuilder->get()
 5 APPPATH\Controllers\ProfileController.php(282): App\Models\EarningsModel->getRedeemLoyaltyPaginated('1', 15, 0)
 6 SYSTEMPATH\CodeIgniter.php(933): App\Controllers\ProfileController->wallet()
 7 SYSTEMPATH\CodeIgniter.php(507): CodeIgniter\CodeIgniter->runController(Object(App\Controllers\ProfileController))
 8 SYSTEMPATH\CodeIgniter.php(354): CodeIgniter\CodeIgniter->handleRequest(null, Object(Config\Cache), false)
 9 SYSTEMPATH\Boot.php(363): CodeIgniter\CodeIgniter->run()
10 SYSTEMPATH\Boot.php(68): CodeIgniter\Boot::runCodeIgniter(Object(CodeIgniter\CodeIgniter))
11 FCPATH\index.php(59): CodeIgniter\Boot::bootWeb(Object(Config\Paths))
CRITICAL - 2026-01-06 08:01:39 --> [Caused by] mysqli_sql_exception: Unknown column 'updated_at' in 'order clause'
in SYSTEMPATH\Database\MySQLi\Connection.php on line 327.
 1 SYSTEMPATH\Database\MySQLi\Connection.php(327): mysqli->query('SELECT *
FROM `loyalty_point_transactions`
WHERE `user_id` = \'1\'
AND `type` = \'redeem\'
ORDER BY `updated_at` DESC
 LIMIT 15', 0)
 2 SYSTEMPATH\Database\BaseConnection.php(729): CodeIgniter\Database\MySQLi\Connection->execute('SELECT *
FROM `loyalty_point_transactions`
WHERE `user_id` = \'1\'
AND `type` = \'redeem\'
ORDER BY `updated_at` DESC
 LIMIT 15')
 3 SYSTEMPATH\Database\BaseConnection.php(646): CodeIgniter\Database\BaseConnection->simpleQuery('SELECT *
FROM `loyalty_point_transactions`
WHERE `user_id` = \'1\'
AND `type` = \'redeem\'
ORDER BY `updated_at` DESC
 LIMIT 15')
 4 SYSTEMPATH\Database\BaseBuilder.php(1649): CodeIgniter\Database\BaseConnection->query('SELECT *
FROM `loyalty_point_transactions`
WHERE `user_id` = :user_id:
AND `type` = :type:
ORDER BY `updated_at` DESC
 LIMIT 15', [...], false)
 5 APPPATH\Models\EarningsModel.php(598): CodeIgniter\Database\BaseBuilder->get()
 6 APPPATH\Controllers\ProfileController.php(282): App\Models\EarningsModel->getRedeemLoyaltyPaginated('1', 15, 0)
 7 SYSTEMPATH\CodeIgniter.php(933): App\Controllers\ProfileController->wallet()
 8 SYSTEMPATH\CodeIgniter.php(507): CodeIgniter\CodeIgniter->runController(Object(App\Controllers\ProfileController))
 9 SYSTEMPATH\CodeIgniter.php(354): CodeIgniter\CodeIgniter->handleRequest(null, Object(Config\Cache), false)
10 SYSTEMPATH\Boot.php(363): CodeIgniter\CodeIgniter->run()
11 SYSTEMPATH\Boot.php(68): CodeIgniter\Boot::runCodeIgniter(Object(CodeIgniter\CodeIgniter))
12 FCPATH\index.php(59): CodeIgniter\Boot::bootWeb(Object(Config\Paths))
