CRITICAL - 2026-04-20 01:50:13 --> Error: Class "HTMLPurifier_Config" not found
[Method: POST, Route: add-product-post]
in APPPATH/Models/ProductModel.php on line 136.
 1 APPPATH/Controllers/DashboardController.php(138): App\Models\ProductModel->addProductTitleDesc()
 2 SYSTEMPATH/CodeIgniter.php(933): App\Controllers\DashboardController->addProductPost()
 3 SYSTEMPATH/CodeIgniter.php(507): CodeIgniter\CodeIgniter->runController()
 4 SYSTEMPATH/CodeIgniter.php(354): CodeIgniter\CodeIgniter->handleRequest()
 5 SYSTEMPATH/Boot.php(363): CodeIgniter\CodeIgniter->run()
 6 SYSTEMPATH/Boot.php(68): CodeIgniter\Boot::runCodeIgniter()
 7 FCPATH/index.php(59): CodeIgniter\Boot::bootWeb()
CRITICAL - 2026-04-20 01:50:52 --> Error: Class "HTMLPurifier_Config" not found
[Method: POST, Route: add-product-post]
in APPPATH/Models/ProductModel.php on line 136.
 1 APPPATH/Controllers/DashboardController.php(138): App\Models\ProductModel->addProductTitleDesc()
 2 SYSTEMPATH/CodeIgniter.php(933): App\Controllers\DashboardController->addProductPost()
 3 SYSTEMPATH/CodeIgniter.php(507): CodeIgniter\CodeIgniter->runController()
 4 SYSTEMPATH/CodeIgniter.php(354): CodeIgniter\CodeIgniter->handleRequest()
 5 SYSTEMPATH/Boot.php(363): CodeIgniter\CodeIgniter->run()
 6 SYSTEMPATH/Boot.php(68): CodeIgniter\Boot::runCodeIgniter()
 7 FCPATH/index.php(59): CodeIgniter\Boot::bootWeb()
CRITICAL - 2026-04-20 01:54:30 --> Error: Class "HTMLPurifier_Config" not found
[Method: POST, Route: add-product-post]
in APPPATH/Models/ProductModel.php on line 136.
 1 APPPATH/Controllers/DashboardController.php(138): App\Models\ProductModel->addProductTitleDesc()
 2 SYSTEMPATH/CodeIgniter.php(933): App\Controllers\DashboardController->addProductPost()
 3 SYSTEMPATH/CodeIgniter.php(507): CodeIgniter\CodeIgniter->runController()
 4 SYSTEMPATH/CodeIgniter.php(354): CodeIgniter\CodeIgniter->handleRequest()
 5 SYSTEMPATH/Boot.php(363): CodeIgniter\CodeIgniter->run()
 6 SYSTEMPATH/Boot.php(68): CodeIgniter\Boot::runCodeIgniter()
 7 FCPATH/index.php(59): CodeIgniter\Boot::bootWeb()
CRITICAL - 2026-04-20 02:04:55 --> Error: Class "HTMLPurifier_Config" not found
[Method: POST, Route: add-product-post]
in APPPATH/Models/ProductModel.php on line 128.
 1 APPPATH/Controllers/DashboardController.php(138): App\Models\ProductModel->addProductTitleDesc()
 2 SYSTEMPATH/CodeIgniter.php(933): App\Controllers\DashboardController->addProductPost()
 3 SYSTEMPATH/CodeIgniter.php(507): CodeIgniter\CodeIgniter->runController()
 4 SYSTEMPATH/CodeIgniter.php(354): CodeIgniter\CodeIgniter->handleRequest()
 5 SYSTEMPATH/Boot.php(363): CodeIgniter\CodeIgniter->run()
 6 SYSTEMPATH/Boot.php(68): CodeIgniter\Boot::runCodeIgniter()
 7 FCPATH/index.php(59): CodeIgniter\Boot::bootWeb()
CRITICAL - 2026-04-20 02:04:59 --> Error: Class "HTMLPurifier_Config" not found
[Method: POST, Route: add-product-post]
in APPPATH/Models/ProductModel.php on line 128.
 1 APPPATH/Controllers/DashboardController.php(138): App\Models\ProductModel->addProductTitleDesc()
 2 SYSTEMPATH/CodeIgniter.php(933): App\Controllers\DashboardController->addProductPost()
 3 SYSTEMPATH/CodeIgniter.php(507): CodeIgniter\CodeIgniter->runController()
 4 SYSTEMPATH/CodeIgniter.php(354): CodeIgniter\CodeIgniter->handleRequest()
 5 SYSTEMPATH/Boot.php(363): CodeIgniter\CodeIgniter->run()
 6 SYSTEMPATH/Boot.php(68): CodeIgniter\Boot::runCodeIgniter()
 7 FCPATH/index.php(59): CodeIgniter\Boot::bootWeb()
CRITICAL - 2026-04-20 02:06:19 --> Error: Class "HTMLPurifier_Config" not found
[Method: POST, Route: add-product-post]
in APPPATH/Models/ProductModel.php on line 136.
 1 APPPATH/Controllers/DashboardController.php(138): App\Models\ProductModel->addProductTitleDesc()
 2 SYSTEMPATH/CodeIgniter.php(933): App\Controllers\DashboardController->addProductPost()
 3 SYSTEMPATH/CodeIgniter.php(507): CodeIgniter\CodeIgniter->runController()
 4 SYSTEMPATH/CodeIgniter.php(354): CodeIgniter\CodeIgniter->handleRequest()
 5 SYSTEMPATH/Boot.php(363): CodeIgniter\CodeIgniter->run()
 6 SYSTEMPATH/Boot.php(68): CodeIgniter\Boot::runCodeIgniter()
 7 FCPATH/index.php(59): CodeIgniter\Boot::bootWeb()
CRITICAL - 2026-04-20 02:06:23 --> Error: Class "HTMLPurifier_Config" not found
[Method: POST, Route: add-product-post]
in APPPATH/Models/ProductModel.php on line 136.
 1 APPPATH/Controllers/DashboardController.php(138): App\Models\ProductModel->addProductTitleDesc()
 2 SYSTEMPATH/CodeIgniter.php(933): App\Controllers\DashboardController->addProductPost()
 3 SYSTEMPATH/CodeIgniter.php(507): CodeIgniter\CodeIgniter->runController()
 4 SYSTEMPATH/CodeIgniter.php(354): CodeIgniter\CodeIgniter->handleRequest()
 5 SYSTEMPATH/Boot.php(363): CodeIgniter\CodeIgniter->run()
 6 SYSTEMPATH/Boot.php(68): CodeIgniter\Boot::runCodeIgniter()
 7 FCPATH/index.php(59): CodeIgniter\Boot::bootWeb()
CRITICAL - 2026-04-20 04:55:08 --> CodeIgniter\Security\Exceptions\SecurityException: Attempted to send a secure cookie over a non-secure connection.
[Method: GET, Route: /]
in SYSTEMPATH\HTTP\ResponseTrait.php on line 679.
 1 SYSTEMPATH\HTTP\ResponseTrait.php(679): CodeIgniter\Security\Exceptions\SecurityException::forInsecureCookie()
 2 SYSTEMPATH\HTTP\ResponseTrait.php(669): CodeIgniter\HTTP\Response->dispatchCookies()
 3 SYSTEMPATH\HTTP\ResponseTrait.php(377): CodeIgniter\HTTP\Response->sendCookies()
 4 SYSTEMPATH\CodeIgniter.php(1107): CodeIgniter\HTTP\Response->send()
 5 SYSTEMPATH\CodeIgniter.php(377): CodeIgniter\CodeIgniter->sendResponse()
 6 SYSTEMPATH\Boot.php(363): CodeIgniter\CodeIgniter->run()
 7 SYSTEMPATH\Boot.php(68): CodeIgniter\Boot::runCodeIgniter(Object(CodeIgniter\CodeIgniter))
 8 FCPATH\index.php(59): CodeIgniter\Boot::bootWeb(Object(Config\Paths))
