CRITICAL - 2025-12-18 00:32:56 --> ErrorException: Undefined variable $forumCategories
[Method: GET, Route: /]
in APPPATH\Views\index.php on line 16.
 1 APPPATH\Views\index.php(16): CodeIgniter\Debug\Exceptions->errorHandler(2, 'Undefined variable $forumCategories', 'F:\\xampp\\htdocs\\modesy-2.6.2\\app\\Views\\index.php', 16)
 2 SYSTEMPATH\View\View.php(226): include('F:\\xampp\\htdocs\\modesy-2.6.2\\app\\Views\\index.php')
 3 SYSTEMPATH\View\View.php(229): CodeIgniter\View\View->CodeIgniter\View\{closure}()
 4 SYSTEMPATH\Common.php(1203): CodeIgniter\View\View->render('index', [], true)
 5 APPPATH\Controllers\HomeController.php(78): view('index', [...])
 6 SYSTEMPATH\CodeIgniter.php(933): App\Controllers\HomeController->index()
 7 SYSTEMPATH\CodeIgniter.php(507): CodeIgniter\CodeIgniter->runController(Object(App\Controllers\HomeController))
 8 SYSTEMPATH\CodeIgniter.php(354): CodeIgniter\CodeIgniter->handleRequest(null, Object(Config\Cache), false)
 9 SYSTEMPATH\Boot.php(363): CodeIgniter\CodeIgniter->run()
10 SYSTEMPATH\Boot.php(68): CodeIgniter\Boot::runCodeIgniter(Object(CodeIgniter\CodeIgniter))
11 FCPATH\index.php(59): CodeIgniter\Boot::bootWeb(Object(Config\Paths))
CRITICAL - 2025-12-18 00:37:39 --> ErrorException: Undefined variable $forumCategories
[Method: GET, Route: /]
in APPPATH\Views\index.php on line 16.
 1 APPPATH\Views\index.php(16): CodeIgniter\Debug\Exceptions->errorHandler(2, 'Undefined variable $forumCategories', 'F:\\xampp\\htdocs\\modesy-2.6.2\\app\\Views\\index.php', 16)
 2 SYSTEMPATH\View\View.php(226): include('F:\\xampp\\htdocs\\modesy-2.6.2\\app\\Views\\index.php')
 3 SYSTEMPATH\View\View.php(229): CodeIgniter\View\View->CodeIgniter\View\{closure}()
 4 SYSTEMPATH\Common.php(1203): CodeIgniter\View\View->render('index', [], true)
 5 APPPATH\Controllers\HomeController.php(78): view('index', [...])
 6 SYSTEMPATH\CodeIgniter.php(933): App\Controllers\HomeController->index()
 7 SYSTEMPATH\CodeIgniter.php(507): CodeIgniter\CodeIgniter->runController(Object(App\Controllers\HomeController))
 8 SYSTEMPATH\CodeIgniter.php(354): CodeIgniter\CodeIgniter->handleRequest(null, Object(Config\Cache), false)
 9 SYSTEMPATH\Boot.php(363): CodeIgniter\CodeIgniter->run()
10 SYSTEMPATH\Boot.php(68): CodeIgniter\Boot::runCodeIgniter(Object(CodeIgniter\CodeIgniter))
11 FCPATH\index.php(59): CodeIgniter\Boot::bootWeb(Object(Config\Paths))
WARNING - 2025-12-18 00:49:26 --> [DEPRECATED] trim(): Passing null to parameter #1 ($string) of type string is deprecated in APPPATH\Controllers\AdminForumController.php on line 25.
 1 APPPATH\Controllers\AdminForumController.php(25): trim(null)
 2 SYSTEMPATH\CodeIgniter.php(933): App\Controllers\AdminForumController->adminThreads()
 3 SYSTEMPATH\CodeIgniter.php(507): CodeIgniter\CodeIgniter->runController(Object(App\Controllers\AdminForumController))
 4 SYSTEMPATH\CodeIgniter.php(354): CodeIgniter\CodeIgniter->handleRequest(null, Object(Config\Cache), false)
 5 SYSTEMPATH\Boot.php(363): CodeIgniter\CodeIgniter->run()
 6 SYSTEMPATH\Boot.php(68): CodeIgniter\Boot::runCodeIgniter(Object(CodeIgniter\CodeIgniter))
 7 FCPATH\index.php(59): CodeIgniter\Boot::bootWeb(Object(Config\Paths))
WARNING - 2025-12-18 00:49:26 --> [DEPRECATED] trim(): Passing null to parameter #1 ($string) of type string is deprecated in APPPATH\Controllers\AdminForumController.php on line 26.
 1 APPPATH\Controllers\AdminForumController.php(26): trim(null)
 2 SYSTEMPATH\CodeIgniter.php(933): App\Controllers\AdminForumController->adminThreads()
 3 SYSTEMPATH\CodeIgniter.php(507): CodeIgniter\CodeIgniter->runController(Object(App\Controllers\AdminForumController))
 4 SYSTEMPATH\CodeIgniter.php(354): CodeIgniter\CodeIgniter->handleRequest(null, Object(Config\Cache), false)
 5 SYSTEMPATH\Boot.php(363): CodeIgniter\CodeIgniter->run()
 6 SYSTEMPATH\Boot.php(68): CodeIgniter\Boot::runCodeIgniter(Object(CodeIgniter\CodeIgniter))
 7 FCPATH\index.php(59): CodeIgniter\Boot::bootWeb(Object(Config\Paths))
WARNING - 2025-12-18 00:49:26 --> [DEPRECATED] trim(): Passing null to parameter #1 ($string) of type string is deprecated in APPPATH\Controllers\AdminForumController.php on line 27.
 1 APPPATH\Controllers\AdminForumController.php(27): trim(null)
 2 SYSTEMPATH\CodeIgniter.php(933): App\Controllers\AdminForumController->adminThreads()
 3 SYSTEMPATH\CodeIgniter.php(507): CodeIgniter\CodeIgniter->runController(Object(App\Controllers\AdminForumController))
 4 SYSTEMPATH\CodeIgniter.php(354): CodeIgniter\CodeIgniter->handleRequest(null, Object(Config\Cache), false)
 5 SYSTEMPATH\Boot.php(363): CodeIgniter\CodeIgniter->run()
 6 SYSTEMPATH\Boot.php(68): CodeIgniter\Boot::runCodeIgniter(Object(CodeIgniter\CodeIgniter))
 7 FCPATH\index.php(59): CodeIgniter\Boot::bootWeb(Object(Config\Paths))
WARNING - 2025-12-18 00:49:26 --> [DEPRECATED] trim(): Passing null to parameter #1 ($string) of type string is deprecated in APPPATH\Controllers\AdminForumController.php on line 28.
 1 APPPATH\Controllers\AdminForumController.php(28): trim(null)
 2 SYSTEMPATH\CodeIgniter.php(933): App\Controllers\AdminForumController->adminThreads()
 3 SYSTEMPATH\CodeIgniter.php(507): CodeIgniter\CodeIgniter->runController(Object(App\Controllers\AdminForumController))
 4 SYSTEMPATH\CodeIgniter.php(354): CodeIgniter\CodeIgniter->handleRequest(null, Object(Config\Cache), false)
 5 SYSTEMPATH\Boot.php(363): CodeIgniter\CodeIgniter->run()
 6 SYSTEMPATH\Boot.php(68): CodeIgniter\Boot::runCodeIgniter(Object(CodeIgniter\CodeIgniter))
 7 FCPATH\index.php(59): CodeIgniter\Boot::bootWeb(Object(Config\Paths))
WARNING - 2025-12-18 00:50:26 --> [DEPRECATED] trim(): Passing null to parameter #1 ($string) of type string is deprecated in APPPATH\Controllers\AdminForumController.php on line 25.
 1 APPPATH\Controllers\AdminForumController.php(25): trim(null)
 2 SYSTEMPATH\CodeIgniter.php(933): App\Controllers\AdminForumController->adminThreads()
 3 SYSTEMPATH\CodeIgniter.php(507): CodeIgniter\CodeIgniter->runController(Object(App\Controllers\AdminForumController))
 4 SYSTEMPATH\CodeIgniter.php(354): CodeIgniter\CodeIgniter->handleRequest(null, Object(Config\Cache), false)
 5 SYSTEMPATH\Boot.php(363): CodeIgniter\CodeIgniter->run()
 6 SYSTEMPATH\Boot.php(68): CodeIgniter\Boot::runCodeIgniter(Object(CodeIgniter\CodeIgniter))
 7 FCPATH\index.php(59): CodeIgniter\Boot::bootWeb(Object(Config\Paths))
WARNING - 2025-12-18 00:50:26 --> [DEPRECATED] trim(): Passing null to parameter #1 ($string) of type string is deprecated in APPPATH\Controllers\AdminForumController.php on line 26.
 1 APPPATH\Controllers\AdminForumController.php(26): trim(null)
 2 SYSTEMPATH\CodeIgniter.php(933): App\Controllers\AdminForumController->adminThreads()
 3 SYSTEMPATH\CodeIgniter.php(507): CodeIgniter\CodeIgniter->runController(Object(App\Controllers\AdminForumController))
 4 SYSTEMPATH\CodeIgniter.php(354): CodeIgniter\CodeIgniter->handleRequest(null, Object(Config\Cache), false)
 5 SYSTEMPATH\Boot.php(363): CodeIgniter\CodeIgniter->run()
 6 SYSTEMPATH\Boot.php(68): CodeIgniter\Boot::runCodeIgniter(Object(CodeIgniter\CodeIgniter))
 7 FCPATH\index.php(59): CodeIgniter\Boot::bootWeb(Object(Config\Paths))
WARNING - 2025-12-18 00:50:26 --> [DEPRECATED] trim(): Passing null to parameter #1 ($string) of type string is deprecated in APPPATH\Controllers\AdminForumController.php on line 27.
 1 APPPATH\Controllers\AdminForumController.php(27): trim(null)
 2 SYSTEMPATH\CodeIgniter.php(933): App\Controllers\AdminForumController->adminThreads()
 3 SYSTEMPATH\CodeIgniter.php(507): CodeIgniter\CodeIgniter->runController(Object(App\Controllers\AdminForumController))
 4 SYSTEMPATH\CodeIgniter.php(354): CodeIgniter\CodeIgniter->handleRequest(null, Object(Config\Cache), false)
 5 SYSTEMPATH\Boot.php(363): CodeIgniter\CodeIgniter->run()
 6 SYSTEMPATH\Boot.php(68): CodeIgniter\Boot::runCodeIgniter(Object(CodeIgniter\CodeIgniter))
 7 FCPATH\index.php(59): CodeIgniter\Boot::bootWeb(Object(Config\Paths))
WARNING - 2025-12-18 00:50:26 --> [DEPRECATED] trim(): Passing null to parameter #1 ($string) of type string is deprecated in APPPATH\Controllers\AdminForumController.php on line 28.
 1 APPPATH\Controllers\AdminForumController.php(28): trim(null)
 2 SYSTEMPATH\CodeIgniter.php(933): App\Controllers\AdminForumController->adminThreads()
 3 SYSTEMPATH\CodeIgniter.php(507): CodeIgniter\CodeIgniter->runController(Object(App\Controllers\AdminForumController))
 4 SYSTEMPATH\CodeIgniter.php(354): CodeIgniter\CodeIgniter->handleRequest(null, Object(Config\Cache), false)
 5 SYSTEMPATH\Boot.php(363): CodeIgniter\CodeIgniter->run()
 6 SYSTEMPATH\Boot.php(68): CodeIgniter\Boot::runCodeIgniter(Object(CodeIgniter\CodeIgniter))
 7 FCPATH\index.php(59): CodeIgniter\Boot::bootWeb(Object(Config\Paths))
WARNING - 2025-12-18 00:50:37 --> [DEPRECATED] trim(): Passing null to parameter #1 ($string) of type string is deprecated in APPPATH\Controllers\AdminForumController.php on line 25.
 1 APPPATH\Controllers\AdminForumController.php(25): trim(null)
 2 SYSTEMPATH\CodeIgniter.php(933): App\Controllers\AdminForumController->adminThreads()
 3 SYSTEMPATH\CodeIgniter.php(507): CodeIgniter\CodeIgniter->runController(Object(App\Controllers\AdminForumController))
 4 SYSTEMPATH\CodeIgniter.php(354): CodeIgniter\CodeIgniter->handleRequest(null, Object(Config\Cache), false)
 5 SYSTEMPATH\Boot.php(363): CodeIgniter\CodeIgniter->run()
 6 SYSTEMPATH\Boot.php(68): CodeIgniter\Boot::runCodeIgniter(Object(CodeIgniter\CodeIgniter))
 7 FCPATH\index.php(59): CodeIgniter\Boot::bootWeb(Object(Config\Paths))
WARNING - 2025-12-18 00:50:37 --> [DEPRECATED] trim(): Passing null to parameter #1 ($string) of type string is deprecated in APPPATH\Controllers\AdminForumController.php on line 26.
 1 APPPATH\Controllers\AdminForumController.php(26): trim(null)
 2 SYSTEMPATH\CodeIgniter.php(933): App\Controllers\AdminForumController->adminThreads()
 3 SYSTEMPATH\CodeIgniter.php(507): CodeIgniter\CodeIgniter->runController(Object(App\Controllers\AdminForumController))
 4 SYSTEMPATH\CodeIgniter.php(354): CodeIgniter\CodeIgniter->handleRequest(null, Object(Config\Cache), false)
 5 SYSTEMPATH\Boot.php(363): CodeIgniter\CodeIgniter->run()
 6 SYSTEMPATH\Boot.php(68): CodeIgniter\Boot::runCodeIgniter(Object(CodeIgniter\CodeIgniter))
 7 FCPATH\index.php(59): CodeIgniter\Boot::bootWeb(Object(Config\Paths))
WARNING - 2025-12-18 00:50:37 --> [DEPRECATED] trim(): Passing null to parameter #1 ($string) of type string is deprecated in APPPATH\Controllers\AdminForumController.php on line 27.
 1 APPPATH\Controllers\AdminForumController.php(27): trim(null)
 2 SYSTEMPATH\CodeIgniter.php(933): App\Controllers\AdminForumController->adminThreads()
 3 SYSTEMPATH\CodeIgniter.php(507): CodeIgniter\CodeIgniter->runController(Object(App\Controllers\AdminForumController))
 4 SYSTEMPATH\CodeIgniter.php(354): CodeIgniter\CodeIgniter->handleRequest(null, Object(Config\Cache), false)
 5 SYSTEMPATH\Boot.php(363): CodeIgniter\CodeIgniter->run()
 6 SYSTEMPATH\Boot.php(68): CodeIgniter\Boot::runCodeIgniter(Object(CodeIgniter\CodeIgniter))
 7 FCPATH\index.php(59): CodeIgniter\Boot::bootWeb(Object(Config\Paths))
WARNING - 2025-12-18 00:50:37 --> [DEPRECATED] trim(): Passing null to parameter #1 ($string) of type string is deprecated in APPPATH\Controllers\AdminForumController.php on line 28.
 1 APPPATH\Controllers\AdminForumController.php(28): trim(null)
 2 SYSTEMPATH\CodeIgniter.php(933): App\Controllers\AdminForumController->adminThreads()
 3 SYSTEMPATH\CodeIgniter.php(507): CodeIgniter\CodeIgniter->runController(Object(App\Controllers\AdminForumController))
 4 SYSTEMPATH\CodeIgniter.php(354): CodeIgniter\CodeIgniter->handleRequest(null, Object(Config\Cache), false)
 5 SYSTEMPATH\Boot.php(363): CodeIgniter\CodeIgniter->run()
 6 SYSTEMPATH\Boot.php(68): CodeIgniter\Boot::runCodeIgniter(Object(CodeIgniter\CodeIgniter))
 7 FCPATH\index.php(59): CodeIgniter\Boot::bootWeb(Object(Config\Paths))
WARNING - 2025-12-18 00:50:49 --> [DEPRECATED] trim(): Passing null to parameter #1 ($string) of type string is deprecated in APPPATH\Controllers\AdminForumController.php on line 61.
 1 APPPATH\Controllers\AdminForumController.php(61): trim(null)
 2 SYSTEMPATH\CodeIgniter.php(933): App\Controllers\AdminForumController->threads()
 3 SYSTEMPATH\CodeIgniter.php(507): CodeIgniter\CodeIgniter->runController(Object(App\Controllers\AdminForumController))
 4 SYSTEMPATH\CodeIgniter.php(354): CodeIgniter\CodeIgniter->handleRequest(null, Object(Config\Cache), false)
 5 SYSTEMPATH\Boot.php(363): CodeIgniter\CodeIgniter->run()
 6 SYSTEMPATH\Boot.php(68): CodeIgniter\Boot::runCodeIgniter(Object(CodeIgniter\CodeIgniter))
 7 FCPATH\index.php(59): CodeIgniter\Boot::bootWeb(Object(Config\Paths))
WARNING - 2025-12-18 00:50:49 --> [DEPRECATED] trim(): Passing null to parameter #1 ($string) of type string is deprecated in APPPATH\Controllers\AdminForumController.php on line 62.
 1 APPPATH\Controllers\AdminForumController.php(62): trim(null)
 2 SYSTEMPATH\CodeIgniter.php(933): App\Controllers\AdminForumController->threads()
 3 SYSTEMPATH\CodeIgniter.php(507): CodeIgniter\CodeIgniter->runController(Object(App\Controllers\AdminForumController))
 4 SYSTEMPATH\CodeIgniter.php(354): CodeIgniter\CodeIgniter->handleRequest(null, Object(Config\Cache), false)
 5 SYSTEMPATH\Boot.php(363): CodeIgniter\CodeIgniter->run()
 6 SYSTEMPATH\Boot.php(68): CodeIgniter\Boot::runCodeIgniter(Object(CodeIgniter\CodeIgniter))
 7 FCPATH\index.php(59): CodeIgniter\Boot::bootWeb(Object(Config\Paths))
WARNING - 2025-12-18 00:50:49 --> [DEPRECATED] trim(): Passing null to parameter #1 ($string) of type string is deprecated in APPPATH\Controllers\AdminForumController.php on line 63.
 1 APPPATH\Controllers\AdminForumController.php(63): trim(null)
 2 SYSTEMPATH\CodeIgniter.php(933): App\Controllers\AdminForumController->threads()
 3 SYSTEMPATH\CodeIgniter.php(507): CodeIgniter\CodeIgniter->runController(Object(App\Controllers\AdminForumController))
 4 SYSTEMPATH\CodeIgniter.php(354): CodeIgniter\CodeIgniter->handleRequest(null, Object(Config\Cache), false)
 5 SYSTEMPATH\Boot.php(363): CodeIgniter\CodeIgniter->run()
 6 SYSTEMPATH\Boot.php(68): CodeIgniter\Boot::runCodeIgniter(Object(CodeIgniter\CodeIgniter))
 7 FCPATH\index.php(59): CodeIgniter\Boot::bootWeb(Object(Config\Paths))
WARNING - 2025-12-18 00:50:56 --> [DEPRECATED] trim(): Passing null to parameter #1 ($string) of type string is deprecated in APPPATH\Controllers\AdminForumController.php on line 61.
 1 APPPATH\Controllers\AdminForumController.php(61): trim(null)
 2 SYSTEMPATH\CodeIgniter.php(933): App\Controllers\AdminForumController->threads()
 3 SYSTEMPATH\CodeIgniter.php(507): CodeIgniter\CodeIgniter->runController(Object(App\Controllers\AdminForumController))
 4 SYSTEMPATH\CodeIgniter.php(354): CodeIgniter\CodeIgniter->handleRequest(null, Object(Config\Cache), false)
 5 SYSTEMPATH\Boot.php(363): CodeIgniter\CodeIgniter->run()
 6 SYSTEMPATH\Boot.php(68): CodeIgniter\Boot::runCodeIgniter(Object(CodeIgniter\CodeIgniter))
 7 FCPATH\index.php(59): CodeIgniter\Boot::bootWeb(Object(Config\Paths))
WARNING - 2025-12-18 00:50:56 --> [DEPRECATED] trim(): Passing null to parameter #1 ($string) of type string is deprecated in APPPATH\Controllers\AdminForumController.php on line 62.
 1 APPPATH\Controllers\AdminForumController.php(62): trim(null)
 2 SYSTEMPATH\CodeIgniter.php(933): App\Controllers\AdminForumController->threads()
 3 SYSTEMPATH\CodeIgniter.php(507): CodeIgniter\CodeIgniter->runController(Object(App\Controllers\AdminForumController))
 4 SYSTEMPATH\CodeIgniter.php(354): CodeIgniter\CodeIgniter->handleRequest(null, Object(Config\Cache), false)
 5 SYSTEMPATH\Boot.php(363): CodeIgniter\CodeIgniter->run()
 6 SYSTEMPATH\Boot.php(68): CodeIgniter\Boot::runCodeIgniter(Object(CodeIgniter\CodeIgniter))
 7 FCPATH\index.php(59): CodeIgniter\Boot::bootWeb(Object(Config\Paths))
WARNING - 2025-12-18 00:50:56 --> [DEPRECATED] trim(): Passing null to parameter #1 ($string) of type string is deprecated in APPPATH\Controllers\AdminForumController.php on line 63.
 1 APPPATH\Controllers\AdminForumController.php(63): trim(null)
 2 SYSTEMPATH\CodeIgniter.php(933): App\Controllers\AdminForumController->threads()
 3 SYSTEMPATH\CodeIgniter.php(507): CodeIgniter\CodeIgniter->runController(Object(App\Controllers\AdminForumController))
 4 SYSTEMPATH\CodeIgniter.php(354): CodeIgniter\CodeIgniter->handleRequest(null, Object(Config\Cache), false)
 5 SYSTEMPATH\Boot.php(363): CodeIgniter\CodeIgniter->run()
 6 SYSTEMPATH\Boot.php(68): CodeIgniter\Boot::runCodeIgniter(Object(CodeIgniter\CodeIgniter))
 7 FCPATH\index.php(59): CodeIgniter\Boot::bootWeb(Object(Config\Paths))
WARNING - 2025-12-18 00:52:23 --> [DEPRECATED] trim(): Passing null to parameter #1 ($string) of type string is deprecated in APPPATH\Controllers\AdminForumController.php on line 61.
 1 APPPATH\Controllers\AdminForumController.php(61): trim(null)
 2 SYSTEMPATH\CodeIgniter.php(933): App\Controllers\AdminForumController->threads()
 3 SYSTEMPATH\CodeIgniter.php(507): CodeIgniter\CodeIgniter->runController(Object(App\Controllers\AdminForumController))
 4 SYSTEMPATH\CodeIgniter.php(354): CodeIgniter\CodeIgniter->handleRequest(null, Object(Config\Cache), false)
 5 SYSTEMPATH\Boot.php(363): CodeIgniter\CodeIgniter->run()
 6 SYSTEMPATH\Boot.php(68): CodeIgniter\Boot::runCodeIgniter(Object(CodeIgniter\CodeIgniter))
 7 FCPATH\index.php(59): CodeIgniter\Boot::bootWeb(Object(Config\Paths))
WARNING - 2025-12-18 00:52:23 --> [DEPRECATED] trim(): Passing null to parameter #1 ($string) of type string is deprecated in APPPATH\Controllers\AdminForumController.php on line 62.
 1 APPPATH\Controllers\AdminForumController.php(62): trim(null)
 2 SYSTEMPATH\CodeIgniter.php(933): App\Controllers\AdminForumController->threads()
 3 SYSTEMPATH\CodeIgniter.php(507): CodeIgniter\CodeIgniter->runController(Object(App\Controllers\AdminForumController))
 4 SYSTEMPATH\CodeIgniter.php(354): CodeIgniter\CodeIgniter->handleRequest(null, Object(Config\Cache), false)
 5 SYSTEMPATH\Boot.php(363): CodeIgniter\CodeIgniter->run()
 6 SYSTEMPATH\Boot.php(68): CodeIgniter\Boot::runCodeIgniter(Object(CodeIgniter\CodeIgniter))
 7 FCPATH\index.php(59): CodeIgniter\Boot::bootWeb(Object(Config\Paths))
WARNING - 2025-12-18 00:52:23 --> [DEPRECATED] trim(): Passing null to parameter #1 ($string) of type string is deprecated in APPPATH\Controllers\AdminForumController.php on line 63.
 1 APPPATH\Controllers\AdminForumController.php(63): trim(null)
 2 SYSTEMPATH\CodeIgniter.php(933): App\Controllers\AdminForumController->threads()
 3 SYSTEMPATH\CodeIgniter.php(507): CodeIgniter\CodeIgniter->runController(Object(App\Controllers\AdminForumController))
 4 SYSTEMPATH\CodeIgniter.php(354): CodeIgniter\CodeIgniter->handleRequest(null, Object(Config\Cache), false)
 5 SYSTEMPATH\Boot.php(363): CodeIgniter\CodeIgniter->run()
 6 SYSTEMPATH\Boot.php(68): CodeIgniter\Boot::runCodeIgniter(Object(CodeIgniter\CodeIgniter))
 7 FCPATH\index.php(59): CodeIgniter\Boot::bootWeb(Object(Config\Paths))
CRITICAL - 2025-12-18 00:52:23 --> ErrorException: Undefined array key "category_name"
[Method: GET, Route: dashboard/threads]
in APPPATH\Views\dashboard\forums\threads_list.php on line 83.
 1 APPPATH\Views\dashboard\forums\threads_list.php(83): CodeIgniter\Debug\Exceptions->errorHandler(2, 'Undefined array key "category_name"', 'F:\\xampp\\htdocs\\modesy-2.6.2\\app\\Views\\dashboard\\forums\\threads_list.php', 83)
 2 SYSTEMPATH\View\View.php(226): include('F:\\xampp\\htdocs\\modesy-2.6.2\\app\\Views\\dashboard\\forums\\threads_list.php')
 3 SYSTEMPATH\View\View.php(229): CodeIgniter\View\View->CodeIgniter\View\{closure}()
 4 SYSTEMPATH\Common.php(1203): CodeIgniter\View\View->render('dashboard/forums/threads_list', [], true)
 5 APPPATH\Controllers\AdminForumController.php(86): view('dashboard/forums/threads_list', [...])
 6 SYSTEMPATH\CodeIgniter.php(933): App\Controllers\AdminForumController->threads()
 7 SYSTEMPATH\CodeIgniter.php(507): CodeIgniter\CodeIgniter->runController(Object(App\Controllers\AdminForumController))
 8 SYSTEMPATH\CodeIgniter.php(354): CodeIgniter\CodeIgniter->handleRequest(null, Object(Config\Cache), false)
 9 SYSTEMPATH\Boot.php(363): CodeIgniter\CodeIgniter->run()
10 SYSTEMPATH\Boot.php(68): CodeIgniter\Boot::runCodeIgniter(Object(CodeIgniter\CodeIgniter))
11 FCPATH\index.php(59): CodeIgniter\Boot::bootWeb(Object(Config\Paths))
WARNING - 2025-12-18 00:52:45 --> [DEPRECATED] trim(): Passing null to parameter #1 ($string) of type string is deprecated in APPPATH\Controllers\AdminForumController.php on line 61.
 1 APPPATH\Controllers\AdminForumController.php(61): trim(null)
 2 SYSTEMPATH\CodeIgniter.php(933): App\Controllers\AdminForumController->threads()
 3 SYSTEMPATH\CodeIgniter.php(507): CodeIgniter\CodeIgniter->runController(Object(App\Controllers\AdminForumController))
 4 SYSTEMPATH\CodeIgniter.php(354): CodeIgniter\CodeIgniter->handleRequest(null, Object(Config\Cache), false)
 5 SYSTEMPATH\Boot.php(363): CodeIgniter\CodeIgniter->run()
 6 SYSTEMPATH\Boot.php(68): CodeIgniter\Boot::runCodeIgniter(Object(CodeIgniter\CodeIgniter))
 7 FCPATH\index.php(59): CodeIgniter\Boot::bootWeb(Object(Config\Paths))
WARNING - 2025-12-18 00:52:45 --> [DEPRECATED] trim(): Passing null to parameter #1 ($string) of type string is deprecated in APPPATH\Controllers\AdminForumController.php on line 62.
 1 APPPATH\Controllers\AdminForumController.php(62): trim(null)
 2 SYSTEMPATH\CodeIgniter.php(933): App\Controllers\AdminForumController->threads()
 3 SYSTEMPATH\CodeIgniter.php(507): CodeIgniter\CodeIgniter->runController(Object(App\Controllers\AdminForumController))
 4 SYSTEMPATH\CodeIgniter.php(354): CodeIgniter\CodeIgniter->handleRequest(null, Object(Config\Cache), false)
 5 SYSTEMPATH\Boot.php(363): CodeIgniter\CodeIgniter->run()
 6 SYSTEMPATH\Boot.php(68): CodeIgniter\Boot::runCodeIgniter(Object(CodeIgniter\CodeIgniter))
 7 FCPATH\index.php(59): CodeIgniter\Boot::bootWeb(Object(Config\Paths))
WARNING - 2025-12-18 00:52:45 --> [DEPRECATED] trim(): Passing null to parameter #1 ($string) of type string is deprecated in APPPATH\Controllers\AdminForumController.php on line 63.
 1 APPPATH\Controllers\AdminForumController.php(63): trim(null)
 2 SYSTEMPATH\CodeIgniter.php(933): App\Controllers\AdminForumController->threads()
 3 SYSTEMPATH\CodeIgniter.php(507): CodeIgniter\CodeIgniter->runController(Object(App\Controllers\AdminForumController))
 4 SYSTEMPATH\CodeIgniter.php(354): CodeIgniter\CodeIgniter->handleRequest(null, Object(Config\Cache), false)
 5 SYSTEMPATH\Boot.php(363): CodeIgniter\CodeIgniter->run()
 6 SYSTEMPATH\Boot.php(68): CodeIgniter\Boot::runCodeIgniter(Object(CodeIgniter\CodeIgniter))
 7 FCPATH\index.php(59): CodeIgniter\Boot::bootWeb(Object(Config\Paths))
WARNING - 2025-12-18 00:52:47 --> [DEPRECATED] trim(): Passing null to parameter #1 ($string) of type string is deprecated in APPPATH\Controllers\AdminForumController.php on line 61.
 1 APPPATH\Controllers\AdminForumController.php(61): trim(null)
 2 SYSTEMPATH\CodeIgniter.php(933): App\Controllers\AdminForumController->threads()
 3 SYSTEMPATH\CodeIgniter.php(507): CodeIgniter\CodeIgniter->runController(Object(App\Controllers\AdminForumController))
 4 SYSTEMPATH\CodeIgniter.php(354): CodeIgniter\CodeIgniter->handleRequest(null, Object(Config\Cache), false)
 5 SYSTEMPATH\Boot.php(363): CodeIgniter\CodeIgniter->run()
 6 SYSTEMPATH\Boot.php(68): CodeIgniter\Boot::runCodeIgniter(Object(CodeIgniter\CodeIgniter))
 7 FCPATH\index.php(59): CodeIgniter\Boot::bootWeb(Object(Config\Paths))
WARNING - 2025-12-18 00:52:47 --> [DEPRECATED] trim(): Passing null to parameter #1 ($string) of type string is deprecated in APPPATH\Controllers\AdminForumController.php on line 62.
 1 APPPATH\Controllers\AdminForumController.php(62): trim(null)
 2 SYSTEMPATH\CodeIgniter.php(933): App\Controllers\AdminForumController->threads()
 3 SYSTEMPATH\CodeIgniter.php(507): CodeIgniter\CodeIgniter->runController(Object(App\Controllers\AdminForumController))
 4 SYSTEMPATH\CodeIgniter.php(354): CodeIgniter\CodeIgniter->handleRequest(null, Object(Config\Cache), false)
 5 SYSTEMPATH\Boot.php(363): CodeIgniter\CodeIgniter->run()
 6 SYSTEMPATH\Boot.php(68): CodeIgniter\Boot::runCodeIgniter(Object(CodeIgniter\CodeIgniter))
 7 FCPATH\index.php(59): CodeIgniter\Boot::bootWeb(Object(Config\Paths))
WARNING - 2025-12-18 00:52:47 --> [DEPRECATED] trim(): Passing null to parameter #1 ($string) of type string is deprecated in APPPATH\Controllers\AdminForumController.php on line 63.
 1 APPPATH\Controllers\AdminForumController.php(63): trim(null)
 2 SYSTEMPATH\CodeIgniter.php(933): App\Controllers\AdminForumController->threads()
 3 SYSTEMPATH\CodeIgniter.php(507): CodeIgniter\CodeIgniter->runController(Object(App\Controllers\AdminForumController))
 4 SYSTEMPATH\CodeIgniter.php(354): CodeIgniter\CodeIgniter->handleRequest(null, Object(Config\Cache), false)
 5 SYSTEMPATH\Boot.php(363): CodeIgniter\CodeIgniter->run()
 6 SYSTEMPATH\Boot.php(68): CodeIgniter\Boot::runCodeIgniter(Object(CodeIgniter\CodeIgniter))
 7 FCPATH\index.php(59): CodeIgniter\Boot::bootWeb(Object(Config\Paths))
WARNING - 2025-12-18 00:52:50 --> [DEPRECATED] trim(): Passing null to parameter #1 ($string) of type string is deprecated in APPPATH\Controllers\AdminForumController.php on line 25.
 1 APPPATH\Controllers\AdminForumController.php(25): trim(null)
 2 SYSTEMPATH\CodeIgniter.php(933): App\Controllers\AdminForumController->adminThreads()
 3 SYSTEMPATH\CodeIgniter.php(507): CodeIgniter\CodeIgniter->runController(Object(App\Controllers\AdminForumController))
 4 SYSTEMPATH\CodeIgniter.php(354): CodeIgniter\CodeIgniter->handleRequest(null, Object(Config\Cache), false)
 5 SYSTEMPATH\Boot.php(363): CodeIgniter\CodeIgniter->run()
 6 SYSTEMPATH\Boot.php(68): CodeIgniter\Boot::runCodeIgniter(Object(CodeIgniter\CodeIgniter))
 7 FCPATH\index.php(59): CodeIgniter\Boot::bootWeb(Object(Config\Paths))
WARNING - 2025-12-18 00:52:50 --> [DEPRECATED] trim(): Passing null to parameter #1 ($string) of type string is deprecated in APPPATH\Controllers\AdminForumController.php on line 26.
 1 APPPATH\Controllers\AdminForumController.php(26): trim(null)
 2 SYSTEMPATH\CodeIgniter.php(933): App\Controllers\AdminForumController->adminThreads()
 3 SYSTEMPATH\CodeIgniter.php(507): CodeIgniter\CodeIgniter->runController(Object(App\Controllers\AdminForumController))
 4 SYSTEMPATH\CodeIgniter.php(354): CodeIgniter\CodeIgniter->handleRequest(null, Object(Config\Cache), false)
 5 SYSTEMPATH\Boot.php(363): CodeIgniter\CodeIgniter->run()
 6 SYSTEMPATH\Boot.php(68): CodeIgniter\Boot::runCodeIgniter(Object(CodeIgniter\CodeIgniter))
 7 FCPATH\index.php(59): CodeIgniter\Boot::bootWeb(Object(Config\Paths))
WARNING - 2025-12-18 00:52:50 --> [DEPRECATED] trim(): Passing null to parameter #1 ($string) of type string is deprecated in APPPATH\Controllers\AdminForumController.php on line 27.
 1 APPPATH\Controllers\AdminForumController.php(27): trim(null)
 2 SYSTEMPATH\CodeIgniter.php(933): App\Controllers\AdminForumController->adminThreads()
 3 SYSTEMPATH\CodeIgniter.php(507): CodeIgniter\CodeIgniter->runController(Object(App\Controllers\AdminForumController))
 4 SYSTEMPATH\CodeIgniter.php(354): CodeIgniter\CodeIgniter->handleRequest(null, Object(Config\Cache), false)
 5 SYSTEMPATH\Boot.php(363): CodeIgniter\CodeIgniter->run()
 6 SYSTEMPATH\Boot.php(68): CodeIgniter\Boot::runCodeIgniter(Object(CodeIgniter\CodeIgniter))
 7 FCPATH\index.php(59): CodeIgniter\Boot::bootWeb(Object(Config\Paths))
WARNING - 2025-12-18 00:52:50 --> [DEPRECATED] trim(): Passing null to parameter #1 ($string) of type string is deprecated in APPPATH\Controllers\AdminForumController.php on line 28.
 1 APPPATH\Controllers\AdminForumController.php(28): trim(null)
 2 SYSTEMPATH\CodeIgniter.php(933): App\Controllers\AdminForumController->adminThreads()
 3 SYSTEMPATH\CodeIgniter.php(507): CodeIgniter\CodeIgniter->runController(Object(App\Controllers\AdminForumController))
 4 SYSTEMPATH\CodeIgniter.php(354): CodeIgniter\CodeIgniter->handleRequest(null, Object(Config\Cache), false)
 5 SYSTEMPATH\Boot.php(363): CodeIgniter\CodeIgniter->run()
 6 SYSTEMPATH\Boot.php(68): CodeIgniter\Boot::runCodeIgniter(Object(CodeIgniter\CodeIgniter))
 7 FCPATH\index.php(59): CodeIgniter\Boot::bootWeb(Object(Config\Paths))
WARNING - 2025-12-18 00:59:00 --> [DEPRECATED] trim(): Passing null to parameter #1 ($string) of type string is deprecated in APPPATH\Controllers\AdminForumController.php on line 61.
 1 APPPATH\Controllers\AdminForumController.php(61): trim(null)
 2 SYSTEMPATH\CodeIgniter.php(933): App\Controllers\AdminForumController->threads()
 3 SYSTEMPATH\CodeIgniter.php(507): CodeIgniter\CodeIgniter->runController(Object(App\Controllers\AdminForumController))
 4 SYSTEMPATH\CodeIgniter.php(354): CodeIgniter\CodeIgniter->handleRequest(null, Object(Config\Cache), false)
 5 SYSTEMPATH\Boot.php(363): CodeIgniter\CodeIgniter->run()
 6 SYSTEMPATH\Boot.php(68): CodeIgniter\Boot::runCodeIgniter(Object(CodeIgniter\CodeIgniter))
 7 FCPATH\index.php(59): CodeIgniter\Boot::bootWeb(Object(Config\Paths))
WARNING - 2025-12-18 00:59:00 --> [DEPRECATED] trim(): Passing null to parameter #1 ($string) of type string is deprecated in APPPATH\Controllers\AdminForumController.php on line 62.
 1 APPPATH\Controllers\AdminForumController.php(62): trim(null)
 2 SYSTEMPATH\CodeIgniter.php(933): App\Controllers\AdminForumController->threads()
 3 SYSTEMPATH\CodeIgniter.php(507): CodeIgniter\CodeIgniter->runController(Object(App\Controllers\AdminForumController))
 4 SYSTEMPATH\CodeIgniter.php(354): CodeIgniter\CodeIgniter->handleRequest(null, Object(Config\Cache), false)
 5 SYSTEMPATH\Boot.php(363): CodeIgniter\CodeIgniter->run()
 6 SYSTEMPATH\Boot.php(68): CodeIgniter\Boot::runCodeIgniter(Object(CodeIgniter\CodeIgniter))
 7 FCPATH\index.php(59): CodeIgniter\Boot::bootWeb(Object(Config\Paths))
WARNING - 2025-12-18 00:59:00 --> [DEPRECATED] trim(): Passing null to parameter #1 ($string) of type string is deprecated in APPPATH\Controllers\AdminForumController.php on line 63.
 1 APPPATH\Controllers\AdminForumController.php(63): trim(null)
 2 SYSTEMPATH\CodeIgniter.php(933): App\Controllers\AdminForumController->threads()
 3 SYSTEMPATH\CodeIgniter.php(507): CodeIgniter\CodeIgniter->runController(Object(App\Controllers\AdminForumController))
 4 SYSTEMPATH\CodeIgniter.php(354): CodeIgniter\CodeIgniter->handleRequest(null, Object(Config\Cache), false)
 5 SYSTEMPATH\Boot.php(363): CodeIgniter\CodeIgniter->run()
 6 SYSTEMPATH\Boot.php(68): CodeIgniter\Boot::runCodeIgniter(Object(CodeIgniter\CodeIgniter))
 7 FCPATH\index.php(59): CodeIgniter\Boot::bootWeb(Object(Config\Paths))
ERROR - 2025-12-18 02:02:27 --> mysqli_sql_exception: Duplicate entry '0' for key 'PRIMARY' in F:\xampp\htdocs\modesy-2.6.2\system\Database\MySQLi\Connection.php:327
Stack trace:
#0 F:\xampp\htdocs\modesy-2.6.2\system\Database\MySQLi\Connection.php(327): mysqli->query('INSERT INTO `qu...', 0)
#1 F:\xampp\htdocs\modesy-2.6.2\system\Database\BaseConnection.php(729): CodeIgniter\Database\MySQLi\Connection->execute('INSERT INTO `qu...')
#2 F:\xampp\htdocs\modesy-2.6.2\system\Database\BaseConnection.php(646): CodeIgniter\Database\BaseConnection->simpleQuery('INSERT INTO `qu...')
#3 F:\xampp\htdocs\modesy-2.6.2\system\Database\BaseBuilder.php(2345): CodeIgniter\Database\BaseConnection->query('INSERT INTO `qu...', Array, false)
#4 F:\xampp\htdocs\modesy-2.6.2\app\Models\BiddingModel.php(97): CodeIgniter\Database\BaseBuilder->insert(Array)
#5 F:\xampp\htdocs\modesy-2.6.2\app\Controllers\OrderController.php(311): App\Models\BiddingModel->requestQuote(Object(stdClass), '1', '105', Array)
#6 F:\xampp\htdocs\modesy-2.6.2\system\CodeIgniter.php(933): App\Controllers\OrderController->requestQuotePost()
#7 F:\xampp\htdocs\modesy-2.6.2\system\CodeIgniter.php(507): CodeIgniter\CodeIgniter->runController(Object(App\Controllers\OrderController))
#8 F:\xampp\htdocs\modesy-2.6.2\system\CodeIgniter.php(354): CodeIgniter\CodeIgniter->handleRequest(NULL, Object(Config\Cache), false)
#9 F:\xampp\htdocs\modesy-2.6.2\system\Boot.php(363): CodeIgniter\CodeIgniter->run()
#10 F:\xampp\htdocs\modesy-2.6.2\system\Boot.php(68): CodeIgniter\Boot::runCodeIgniter(Object(CodeIgniter\CodeIgniter))
#11 F:\xampp\htdocs\modesy-2.6.2\index.php(59): CodeIgniter\Boot::bootWeb(Object(Config\Paths))
#12 {main}
CRITICAL - 2025-12-18 02:02:27 --> CodeIgniter\Database\Exceptions\DatabaseException: Duplicate entry '0' for key 'PRIMARY'
[Method: POST, Route: bidding/request-quote-post]
in SYSTEMPATH\Database\BaseConnection.php on line 684.
 1 SYSTEMPATH\Database\BaseBuilder.php(2345): CodeIgniter\Database\BaseConnection->query('INSERT INTO `quote_requests` (`product_id`, `product_title`, `product_quantity`, `seller_id`, `buyer_id`, `status`, `price_offered`, `price_currency`, `product_sku`, `variant_hash`, `extra_options`, `extra_options_hash`, `product_options_snapshot`, `product_options_summary`, `product_image_id`, `product_image_data`, `updated_at`, `created_at`) VALUES (:product_id:, :product_title:, :product_quantity:, :seller_id:, :buyer_id:, :status:, :price_offered:, :price_currency:, :product_sku:, :variant_hash:, :extra_options:, :extra_options_hash:, :product_options_snapshot:, :product_options_summary:, :product_image_id:, :product_image_data:, :updated_at:, :created_at:)', [...], false)
 2 APPPATH\Models\BiddingModel.php(97): CodeIgniter\Database\BaseBuilder->insert([...])
 3 APPPATH\Controllers\OrderController.php(311): App\Models\BiddingModel->requestQuote(Object(stdClass), '1', '105', [])
 4 SYSTEMPATH\CodeIgniter.php(933): App\Controllers\OrderController->requestQuotePost()
 5 SYSTEMPATH\CodeIgniter.php(507): CodeIgniter\CodeIgniter->runController(Object(App\Controllers\OrderController))
 6 SYSTEMPATH\CodeIgniter.php(354): CodeIgniter\CodeIgniter->handleRequest(null, Object(Config\Cache), false)
 7 SYSTEMPATH\Boot.php(363): CodeIgniter\CodeIgniter->run()
 8 SYSTEMPATH\Boot.php(68): CodeIgniter\Boot::runCodeIgniter(Object(CodeIgniter\CodeIgniter))
 9 FCPATH\index.php(59): CodeIgniter\Boot::bootWeb(Object(Config\Paths))
CRITICAL - 2025-12-18 02:02:27 --> [Caused by] CodeIgniter\Database\Exceptions\DatabaseException: Duplicate entry '0' for key 'PRIMARY'
in SYSTEMPATH\Database\MySQLi\Connection.php on line 332.
 1 SYSTEMPATH\Database\BaseConnection.php(729): CodeIgniter\Database\MySQLi\Connection->execute('INSERT INTO `quote_requests` (`product_id`, `product_title`, `product_quantity`, `seller_id`, `buyer_id`, `status`, `price_offered`, `price_currency`, `product_sku`, `variant_hash`, `extra_options`, `extra_options_hash`, `product_options_snapshot`, `product_options_summary`, `product_image_id`, `product_image_data`, `updated_at`, `created_at`) VALUES (\'55\', \'Fun Track Suit\', \'1\', \'2\', \'4\', \'new_quote_request\', 0, \'\', \'H1S2F1Q2E1L8-M\', \'3d63f1b9921d8adef0f4f9f8be6ba0e7460b34a3d675709d4277c0a9d37b7d3f\', NULL, \'{}\', \'{\\"variant_hash\\":\\"3d63f1b9921d8adef0f4f9f8be6ba0e7460b34a3d675709d4277c0a9d37b7d3f\\",\\"sku\\":\\"H1S2F1Q2E1L8-M\\",\\"price\\":165,\\"price_discounted\\":165,\\"discount_rate\\":0,\\"image_id\\":null,\\"color_code\\":null,\\"options\\":[{\\"optionNames\\":{\\"en\\":\\"Size\\"},\\"valueNames\\":{\\"en\\":\\"M\\"}}]}\', \'<div class=\\"option-item display-inline-block m-r-5\\"><strong>Size:</strong> M</div>\', \'27\', \'{\\"path\\":\\"202512/img_w480_6931df5cd14144-52425653.jpg\\",\\"storage\\":\\"local\\"}\', \'2025-12-18 02:02:27\', \'2025-12-18 02:02:27\')')
 2 SYSTEMPATH\Database\BaseConnection.php(646): CodeIgniter\Database\BaseConnection->simpleQuery('INSERT INTO `quote_requests` (`product_id`, `product_title`, `product_quantity`, `seller_id`, `buyer_id`, `status`, `price_offered`, `price_currency`, `product_sku`, `variant_hash`, `extra_options`, `extra_options_hash`, `product_options_snapshot`, `product_options_summary`, `product_image_id`, `product_image_data`, `updated_at`, `created_at`) VALUES (\'55\', \'Fun Track Suit\', \'1\', \'2\', \'4\', \'new_quote_request\', 0, \'\', \'H1S2F1Q2E1L8-M\', \'3d63f1b9921d8adef0f4f9f8be6ba0e7460b34a3d675709d4277c0a9d37b7d3f\', NULL, \'{}\', \'{\\"variant_hash\\":\\"3d63f1b9921d8adef0f4f9f8be6ba0e7460b34a3d675709d4277c0a9d37b7d3f\\",\\"sku\\":\\"H1S2F1Q2E1L8-M\\",\\"price\\":165,\\"price_discounted\\":165,\\"discount_rate\\":0,\\"image_id\\":null,\\"color_code\\":null,\\"options\\":[{\\"optionNames\\":{\\"en\\":\\"Size\\"},\\"valueNames\\":{\\"en\\":\\"M\\"}}]}\', \'<div class=\\"option-item display-inline-block m-r-5\\"><strong>Size:</strong> M</div>\', \'27\', \'{\\"path\\":\\"202512/img_w480_6931df5cd14144-52425653.jpg\\",\\"storage\\":\\"local\\"}\', \'2025-12-18 02:02:27\', \'2025-12-18 02:02:27\')')
 3 SYSTEMPATH\Database\BaseBuilder.php(2345): CodeIgniter\Database\BaseConnection->query('INSERT INTO `quote_requests` (`product_id`, `product_title`, `product_quantity`, `seller_id`, `buyer_id`, `status`, `price_offered`, `price_currency`, `product_sku`, `variant_hash`, `extra_options`, `extra_options_hash`, `product_options_snapshot`, `product_options_summary`, `product_image_id`, `product_image_data`, `updated_at`, `created_at`) VALUES (:product_id:, :product_title:, :product_quantity:, :seller_id:, :buyer_id:, :status:, :price_offered:, :price_currency:, :product_sku:, :variant_hash:, :extra_options:, :extra_options_hash:, :product_options_snapshot:, :product_options_summary:, :product_image_id:, :product_image_data:, :updated_at:, :created_at:)', [...], false)
 4 APPPATH\Models\BiddingModel.php(97): CodeIgniter\Database\BaseBuilder->insert([...])
 5 APPPATH\Controllers\OrderController.php(311): App\Models\BiddingModel->requestQuote(Object(stdClass), '1', '105', [])
 6 SYSTEMPATH\CodeIgniter.php(933): App\Controllers\OrderController->requestQuotePost()
 7 SYSTEMPATH\CodeIgniter.php(507): CodeIgniter\CodeIgniter->runController(Object(App\Controllers\OrderController))
 8 SYSTEMPATH\CodeIgniter.php(354): CodeIgniter\CodeIgniter->handleRequest(null, Object(Config\Cache), false)
 9 SYSTEMPATH\Boot.php(363): CodeIgniter\CodeIgniter->run()
10 SYSTEMPATH\Boot.php(68): CodeIgniter\Boot::runCodeIgniter(Object(CodeIgniter\CodeIgniter))
11 FCPATH\index.php(59): CodeIgniter\Boot::bootWeb(Object(Config\Paths))
CRITICAL - 2025-12-18 02:02:27 --> [Caused by] mysqli_sql_exception: Duplicate entry '0' for key 'PRIMARY'
in SYSTEMPATH\Database\MySQLi\Connection.php on line 327.
 1 SYSTEMPATH\Database\MySQLi\Connection.php(327): mysqli->query('INSERT INTO `quote_requests` (`product_id`, `product_title`, `product_quantity`, `seller_id`, `buyer_id`, `status`, `price_offered`, `price_currency`, `product_sku`, `variant_hash`, `extra_options`, `extra_options_hash`, `product_options_snapshot`, `product_options_summary`, `product_image_id`, `product_image_data`, `updated_at`, `created_at`) VALUES (\'55\', \'Fun Track Suit\', \'1\', \'2\', \'4\', \'new_quote_request\', 0, \'\', \'H1S2F1Q2E1L8-M\', \'3d63f1b9921d8adef0f4f9f8be6ba0e7460b34a3d675709d4277c0a9d37b7d3f\', NULL, \'{}\', \'{\\"variant_hash\\":\\"3d63f1b9921d8adef0f4f9f8be6ba0e7460b34a3d675709d4277c0a9d37b7d3f\\",\\"sku\\":\\"H1S2F1Q2E1L8-M\\",\\"price\\":165,\\"price_discounted\\":165,\\"discount_rate\\":0,\\"image_id\\":null,\\"color_code\\":null,\\"options\\":[{\\"optionNames\\":{\\"en\\":\\"Size\\"},\\"valueNames\\":{\\"en\\":\\"M\\"}}]}\', \'<div class=\\"option-item display-inline-block m-r-5\\"><strong>Size:</strong> M</div>\', \'27\', \'{\\"path\\":\\"202512/img_w480_6931df5cd14144-52425653.jpg\\",\\"storage\\":\\"local\\"}\', \'2025-12-18 02:02:27\', \'2025-12-18 02:02:27\')', 0)
 2 SYSTEMPATH\Database\BaseConnection.php(729): CodeIgniter\Database\MySQLi\Connection->execute('INSERT INTO `quote_requests` (`product_id`, `product_title`, `product_quantity`, `seller_id`, `buyer_id`, `status`, `price_offered`, `price_currency`, `product_sku`, `variant_hash`, `extra_options`, `extra_options_hash`, `product_options_snapshot`, `product_options_summary`, `product_image_id`, `product_image_data`, `updated_at`, `created_at`) VALUES (\'55\', \'Fun Track Suit\', \'1\', \'2\', \'4\', \'new_quote_request\', 0, \'\', \'H1S2F1Q2E1L8-M\', \'3d63f1b9921d8adef0f4f9f8be6ba0e7460b34a3d675709d4277c0a9d37b7d3f\', NULL, \'{}\', \'{\\"variant_hash\\":\\"3d63f1b9921d8adef0f4f9f8be6ba0e7460b34a3d675709d4277c0a9d37b7d3f\\",\\"sku\\":\\"H1S2F1Q2E1L8-M\\",\\"price\\":165,\\"price_discounted\\":165,\\"discount_rate\\":0,\\"image_id\\":null,\\"color_code\\":null,\\"options\\":[{\\"optionNames\\":{\\"en\\":\\"Size\\"},\\"valueNames\\":{\\"en\\":\\"M\\"}}]}\', \'<div class=\\"option-item display-inline-block m-r-5\\"><strong>Size:</strong> M</div>\', \'27\', \'{\\"path\\":\\"202512/img_w480_6931df5cd14144-52425653.jpg\\",\\"storage\\":\\"local\\"}\', \'2025-12-18 02:02:27\', \'2025-12-18 02:02:27\')')
 3 SYSTEMPATH\Database\BaseConnection.php(646): CodeIgniter\Database\BaseConnection->simpleQuery('INSERT INTO `quote_requests` (`product_id`, `product_title`, `product_quantity`, `seller_id`, `buyer_id`, `status`, `price_offered`, `price_currency`, `product_sku`, `variant_hash`, `extra_options`, `extra_options_hash`, `product_options_snapshot`, `product_options_summary`, `product_image_id`, `product_image_data`, `updated_at`, `created_at`) VALUES (\'55\', \'Fun Track Suit\', \'1\', \'2\', \'4\', \'new_quote_request\', 0, \'\', \'H1S2F1Q2E1L8-M\', \'3d63f1b9921d8adef0f4f9f8be6ba0e7460b34a3d675709d4277c0a9d37b7d3f\', NULL, \'{}\', \'{\\"variant_hash\\":\\"3d63f1b9921d8adef0f4f9f8be6ba0e7460b34a3d675709d4277c0a9d37b7d3f\\",\\"sku\\":\\"H1S2F1Q2E1L8-M\\",\\"price\\":165,\\"price_discounted\\":165,\\"discount_rate\\":0,\\"image_id\\":null,\\"color_code\\":null,\\"options\\":[{\\"optionNames\\":{\\"en\\":\\"Size\\"},\\"valueNames\\":{\\"en\\":\\"M\\"}}]}\', \'<div class=\\"option-item display-inline-block m-r-5\\"><strong>Size:</strong> M</div>\', \'27\', \'{\\"path\\":\\"202512/img_w480_6931df5cd14144-52425653.jpg\\",\\"storage\\":\\"local\\"}\', \'2025-12-18 02:02:27\', \'2025-12-18 02:02:27\')')
 4 SYSTEMPATH\Database\BaseBuilder.php(2345): CodeIgniter\Database\BaseConnection->query('INSERT INTO `quote_requests` (`product_id`, `product_title`, `product_quantity`, `seller_id`, `buyer_id`, `status`, `price_offered`, `price_currency`, `product_sku`, `variant_hash`, `extra_options`, `extra_options_hash`, `product_options_snapshot`, `product_options_summary`, `product_image_id`, `product_image_data`, `updated_at`, `created_at`) VALUES (:product_id:, :product_title:, :product_quantity:, :seller_id:, :buyer_id:, :status:, :price_offered:, :price_currency:, :product_sku:, :variant_hash:, :extra_options:, :extra_options_hash:, :product_options_snapshot:, :product_options_summary:, :product_image_id:, :product_image_data:, :updated_at:, :created_at:)', [...], false)
 5 APPPATH\Models\BiddingModel.php(97): CodeIgniter\Database\BaseBuilder->insert([...])
 6 APPPATH\Controllers\OrderController.php(311): App\Models\BiddingModel->requestQuote(Object(stdClass), '1', '105', [])
 7 SYSTEMPATH\CodeIgniter.php(933): App\Controllers\OrderController->requestQuotePost()
 8 SYSTEMPATH\CodeIgniter.php(507): CodeIgniter\CodeIgniter->runController(Object(App\Controllers\OrderController))
 9 SYSTEMPATH\CodeIgniter.php(354): CodeIgniter\CodeIgniter->handleRequest(null, Object(Config\Cache), false)
10 SYSTEMPATH\Boot.php(363): CodeIgniter\CodeIgniter->run()
11 SYSTEMPATH\Boot.php(68): CodeIgniter\Boot::runCodeIgniter(Object(CodeIgniter\CodeIgniter))
12 FCPATH\index.php(59): CodeIgniter\Boot::bootWeb(Object(Config\Paths))
ERROR - 2025-12-18 03:53:05 --> mysqli_sql_exception: Duplicate entry '0' for key 'PRIMARY' in F:\xampp\htdocs\modesy-2.6.2\system\Database\MySQLi\Connection.php:327
Stack trace:
#0 F:\xampp\htdocs\modesy-2.6.2\system\Database\MySQLi\Connection.php(327): mysqli->query('INSERT INTO `ca...', 0)
#1 F:\xampp\htdocs\modesy-2.6.2\system\Database\BaseConnection.php(729): CodeIgniter\Database\MySQLi\Connection->execute('INSERT INTO `ca...')
#2 F:\xampp\htdocs\modesy-2.6.2\system\Database\BaseConnection.php(646): CodeIgniter\Database\BaseConnection->simpleQuery('INSERT INTO `ca...')
#3 F:\xampp\htdocs\modesy-2.6.2\system\Database\BaseBuilder.php(2345): CodeIgniter\Database\BaseConnection->query('INSERT INTO `ca...', Array, false)
#4 F:\xampp\htdocs\modesy-2.6.2\app\Models\CartModel.php(70): CodeIgniter\Database\BaseBuilder->insert(Array)
#5 F:\xampp\htdocs\modesy-2.6.2\app\Models\CartModel.php(334): App\Models\CartModel->createCart()
#6 F:\xampp\htdocs\modesy-2.6.2\app\Controllers\CartController.php(112): App\Models\CartModel->addToCartQuote('4')
#7 F:\xampp\htdocs\modesy-2.6.2\system\CodeIgniter.php(933): App\Controllers\CartController->addToCartQuote()
#8 F:\xampp\htdocs\modesy-2.6.2\system\CodeIgniter.php(507): CodeIgniter\CodeIgniter->runController(Object(App\Controllers\CartController))
#9 F:\xampp\htdocs\modesy-2.6.2\system\CodeIgniter.php(354): CodeIgniter\CodeIgniter->handleRequest(NULL, Object(Config\Cache), false)
#10 F:\xampp\htdocs\modesy-2.6.2\system\Boot.php(363): CodeIgniter\CodeIgniter->run()
#11 F:\xampp\htdocs\modesy-2.6.2\system\Boot.php(68): CodeIgniter\Boot::runCodeIgniter(Object(CodeIgniter\CodeIgniter))
#12 F:\xampp\htdocs\modesy-2.6.2\index.php(59): CodeIgniter\Boot::bootWeb(Object(Config\Paths))
#13 {main}
CRITICAL - 2025-12-18 03:53:05 --> CodeIgniter\Database\Exceptions\DatabaseException: Duplicate entry '0' for key 'PRIMARY'
[Method: POST, Route: add-to-cart-quote]
in SYSTEMPATH\Database\BaseConnection.php on line 684.
 1 SYSTEMPATH\Database\BaseBuilder.php(2345): CodeIgniter\Database\BaseConnection->query('INSERT INTO `carts` (`user_id`, `session_id`, `currency_code`, `currency_code_base`, `exchange_rate`, `shipping_data`, `shipping_cost`, `shipping_cost_data`, `coupon_code`, `payment_method`, `location_country_id`, `location_state_id`, `updated_at`, `created_at`) VALUES (:user_id:, :session_id:, :currency_code:, :currency_code_base:, :exchange_rate:, :shipping_data:, :shipping_cost:, :shipping_cost_data:, :coupon_code:, :payment_method:, :location_country_id:, :location_state_id:, :updated_at:, :created_at:)', [...], false)
 2 APPPATH\Models\CartModel.php(70): CodeIgniter\Database\BaseBuilder->insert([...])
 3 APPPATH\Models\CartModel.php(334): App\Models\CartModel->createCart()
 4 APPPATH\Controllers\CartController.php(112): App\Models\CartModel->addToCartQuote('4')
 5 SYSTEMPATH\CodeIgniter.php(933): App\Controllers\CartController->addToCartQuote()
 6 SYSTEMPATH\CodeIgniter.php(507): CodeIgniter\CodeIgniter->runController(Object(App\Controllers\CartController))
 7 SYSTEMPATH\CodeIgniter.php(354): CodeIgniter\CodeIgniter->handleRequest(null, Object(Config\Cache), false)
 8 SYSTEMPATH\Boot.php(363): CodeIgniter\CodeIgniter->run()
 9 SYSTEMPATH\Boot.php(68): CodeIgniter\Boot::runCodeIgniter(Object(CodeIgniter\CodeIgniter))
10 FCPATH\index.php(59): CodeIgniter\Boot::bootWeb(Object(Config\Paths))
CRITICAL - 2025-12-18 03:53:05 --> [Caused by] CodeIgniter\Database\Exceptions\DatabaseException: Duplicate entry '0' for key 'PRIMARY'
in SYSTEMPATH\Database\MySQLi\Connection.php on line 332.
 1 SYSTEMPATH\Database\BaseConnection.php(729): CodeIgniter\Database\MySQLi\Connection->execute('INSERT INTO `carts` (`user_id`, `session_id`, `currency_code`, `currency_code_base`, `exchange_rate`, `shipping_data`, `shipping_cost`, `shipping_cost_data`, `coupon_code`, `payment_method`, `location_country_id`, `location_state_id`, `updated_at`, `created_at`) VALUES (\'4\', \'\', \'USD\', \'USD\', \'1\', \'\', 0, \'\', \'\', \'\', \'99\', \'1252\', \'2025-12-18 03:53:05\', \'2025-12-18 03:53:05\')')
 2 SYSTEMPATH\Database\BaseConnection.php(646): CodeIgniter\Database\BaseConnection->simpleQuery('INSERT INTO `carts` (`user_id`, `session_id`, `currency_code`, `currency_code_base`, `exchange_rate`, `shipping_data`, `shipping_cost`, `shipping_cost_data`, `coupon_code`, `payment_method`, `location_country_id`, `location_state_id`, `updated_at`, `created_at`) VALUES (\'4\', \'\', \'USD\', \'USD\', \'1\', \'\', 0, \'\', \'\', \'\', \'99\', \'1252\', \'2025-12-18 03:53:05\', \'2025-12-18 03:53:05\')')
 3 SYSTEMPATH\Database\BaseBuilder.php(2345): CodeIgniter\Database\BaseConnection->query('INSERT INTO `carts` (`user_id`, `session_id`, `currency_code`, `currency_code_base`, `exchange_rate`, `shipping_data`, `shipping_cost`, `shipping_cost_data`, `coupon_code`, `payment_method`, `location_country_id`, `location_state_id`, `updated_at`, `created_at`) VALUES (:user_id:, :session_id:, :currency_code:, :currency_code_base:, :exchange_rate:, :shipping_data:, :shipping_cost:, :shipping_cost_data:, :coupon_code:, :payment_method:, :location_country_id:, :location_state_id:, :updated_at:, :created_at:)', [...], false)
 4 APPPATH\Models\CartModel.php(70): CodeIgniter\Database\BaseBuilder->insert([...])
 5 APPPATH\Models\CartModel.php(334): App\Models\CartModel->createCart()
 6 APPPATH\Controllers\CartController.php(112): App\Models\CartModel->addToCartQuote('4')
 7 SYSTEMPATH\CodeIgniter.php(933): App\Controllers\CartController->addToCartQuote()
 8 SYSTEMPATH\CodeIgniter.php(507): CodeIgniter\CodeIgniter->runController(Object(App\Controllers\CartController))
 9 SYSTEMPATH\CodeIgniter.php(354): CodeIgniter\CodeIgniter->handleRequest(null, Object(Config\Cache), false)
10 SYSTEMPATH\Boot.php(363): CodeIgniter\CodeIgniter->run()
11 SYSTEMPATH\Boot.php(68): CodeIgniter\Boot::runCodeIgniter(Object(CodeIgniter\CodeIgniter))
12 FCPATH\index.php(59): CodeIgniter\Boot::bootWeb(Object(Config\Paths))
CRITICAL - 2025-12-18 03:53:05 --> [Caused by] mysqli_sql_exception: Duplicate entry '0' for key 'PRIMARY'
in SYSTEMPATH\Database\MySQLi\Connection.php on line 327.
 1 SYSTEMPATH\Database\MySQLi\Connection.php(327): mysqli->query('INSERT INTO `carts` (`user_id`, `session_id`, `currency_code`, `currency_code_base`, `exchange_rate`, `shipping_data`, `shipping_cost`, `shipping_cost_data`, `coupon_code`, `payment_method`, `location_country_id`, `location_state_id`, `updated_at`, `created_at`) VALUES (\'4\', \'\', \'USD\', \'USD\', \'1\', \'\', 0, \'\', \'\', \'\', \'99\', \'1252\', \'2025-12-18 03:53:05\', \'2025-12-18 03:53:05\')', 0)
 2 SYSTEMPATH\Database\BaseConnection.php(729): CodeIgniter\Database\MySQLi\Connection->execute('INSERT INTO `carts` (`user_id`, `session_id`, `currency_code`, `currency_code_base`, `exchange_rate`, `shipping_data`, `shipping_cost`, `shipping_cost_data`, `coupon_code`, `payment_method`, `location_country_id`, `location_state_id`, `updated_at`, `created_at`) VALUES (\'4\', \'\', \'USD\', \'USD\', \'1\', \'\', 0, \'\', \'\', \'\', \'99\', \'1252\', \'2025-12-18 03:53:05\', \'2025-12-18 03:53:05\')')
 3 SYSTEMPATH\Database\BaseConnection.php(646): CodeIgniter\Database\BaseConnection->simpleQuery('INSERT INTO `carts` (`user_id`, `session_id`, `currency_code`, `currency_code_base`, `exchange_rate`, `shipping_data`, `shipping_cost`, `shipping_cost_data`, `coupon_code`, `payment_method`, `location_country_id`, `location_state_id`, `updated_at`, `created_at`) VALUES (\'4\', \'\', \'USD\', \'USD\', \'1\', \'\', 0, \'\', \'\', \'\', \'99\', \'1252\', \'2025-12-18 03:53:05\', \'2025-12-18 03:53:05\')')
 4 SYSTEMPATH\Database\BaseBuilder.php(2345): CodeIgniter\Database\BaseConnection->query('INSERT INTO `carts` (`user_id`, `session_id`, `currency_code`, `currency_code_base`, `exchange_rate`, `shipping_data`, `shipping_cost`, `shipping_cost_data`, `coupon_code`, `payment_method`, `location_country_id`, `location_state_id`, `updated_at`, `created_at`) VALUES (:user_id:, :session_id:, :currency_code:, :currency_code_base:, :exchange_rate:, :shipping_data:, :shipping_cost:, :shipping_cost_data:, :coupon_code:, :payment_method:, :location_country_id:, :location_state_id:, :updated_at:, :created_at:)', [...], false)
 5 APPPATH\Models\CartModel.php(70): CodeIgniter\Database\BaseBuilder->insert([...])
 6 APPPATH\Models\CartModel.php(334): App\Models\CartModel->createCart()
 7 APPPATH\Controllers\CartController.php(112): App\Models\CartModel->addToCartQuote('4')
 8 SYSTEMPATH\CodeIgniter.php(933): App\Controllers\CartController->addToCartQuote()
 9 SYSTEMPATH\CodeIgniter.php(507): CodeIgniter\CodeIgniter->runController(Object(App\Controllers\CartController))
10 SYSTEMPATH\CodeIgniter.php(354): CodeIgniter\CodeIgniter->handleRequest(null, Object(Config\Cache), false)
11 SYSTEMPATH\Boot.php(363): CodeIgniter\CodeIgniter->run()
12 SYSTEMPATH\Boot.php(68): CodeIgniter\Boot::runCodeIgniter(Object(CodeIgniter\CodeIgniter))
13 FCPATH\index.php(59): CodeIgniter\Boot::bootWeb(Object(Config\Paths))
CRITICAL - 2025-12-18 03:55:26 --> ErrorException: Undefined property: stdClass::$product_option_variants_id
[Method: POST, Route: add-to-cart-quote]
in APPPATH\Models\CartModel.php on line 357.
 1 APPPATH\Models\CartModel.php(357): CodeIgniter\Debug\Exceptions->errorHandler(2, 'Undefined property: stdClass::$product_option_variants_id', 'F:\\xampp\\htdocs\\modesy-2.6.2\\app\\Models\\CartModel.php', 357)
 2 APPPATH\Controllers\CartController.php(112): App\Models\CartModel->addToCartQuote('4')
 3 SYSTEMPATH\CodeIgniter.php(933): App\Controllers\CartController->addToCartQuote()
 4 SYSTEMPATH\CodeIgniter.php(507): CodeIgniter\CodeIgniter->runController(Object(App\Controllers\CartController))
 5 SYSTEMPATH\CodeIgniter.php(354): CodeIgniter\CodeIgniter->handleRequest(null, Object(Config\Cache), false)
 6 SYSTEMPATH\Boot.php(363): CodeIgniter\CodeIgniter->run()
 7 SYSTEMPATH\Boot.php(68): CodeIgniter\Boot::runCodeIgniter(Object(CodeIgniter\CodeIgniter))
 8 FCPATH\index.php(59): CodeIgniter\Boot::bootWeb(Object(Config\Paths))
CRITICAL - 2025-12-18 03:56:00 --> ErrorException: Undefined property: stdClass::$product_option_variants_id
[Method: POST, Route: add-to-cart-quote]
in APPPATH\Models\CartModel.php on line 357.
 1 APPPATH\Models\CartModel.php(357): CodeIgniter\Debug\Exceptions->errorHandler(2, 'Undefined property: stdClass::$product_option_variants_id', 'F:\\xampp\\htdocs\\modesy-2.6.2\\app\\Models\\CartModel.php', 357)
 2 APPPATH\Controllers\CartController.php(112): App\Models\CartModel->addToCartQuote('4')
 3 SYSTEMPATH\CodeIgniter.php(933): App\Controllers\CartController->addToCartQuote()
 4 SYSTEMPATH\CodeIgniter.php(507): CodeIgniter\CodeIgniter->runController(Object(App\Controllers\CartController))
 5 SYSTEMPATH\CodeIgniter.php(354): CodeIgniter\CodeIgniter->handleRequest(null, Object(Config\Cache), false)
 6 SYSTEMPATH\Boot.php(363): CodeIgniter\CodeIgniter->run()
 7 SYSTEMPATH\Boot.php(68): CodeIgniter\Boot::runCodeIgniter(Object(CodeIgniter\CodeIgniter))
 8 FCPATH\index.php(59): CodeIgniter\Boot::bootWeb(Object(Config\Paths))
CRITICAL - 2025-12-18 03:56:05 --> ErrorException: Undefined property: stdClass::$product_option_variants_id
[Method: POST, Route: add-to-cart-quote]
in APPPATH\Models\CartModel.php on line 357.
 1 APPPATH\Models\CartModel.php(357): CodeIgniter\Debug\Exceptions->errorHandler(2, 'Undefined property: stdClass::$product_option_variants_id', 'F:\\xampp\\htdocs\\modesy-2.6.2\\app\\Models\\CartModel.php', 357)
 2 APPPATH\Controllers\CartController.php(112): App\Models\CartModel->addToCartQuote('4')
 3 SYSTEMPATH\CodeIgniter.php(933): App\Controllers\CartController->addToCartQuote()
 4 SYSTEMPATH\CodeIgniter.php(507): CodeIgniter\CodeIgniter->runController(Object(App\Controllers\CartController))
 5 SYSTEMPATH\CodeIgniter.php(354): CodeIgniter\CodeIgniter->handleRequest(null, Object(Config\Cache), false)
 6 SYSTEMPATH\Boot.php(363): CodeIgniter\CodeIgniter->run()
 7 SYSTEMPATH\Boot.php(68): CodeIgniter\Boot::runCodeIgniter(Object(CodeIgniter\CodeIgniter))
 8 FCPATH\index.php(59): CodeIgniter\Boot::bootWeb(Object(Config\Paths))
ERROR - 2025-12-18 05:10:37 --> moveToStorage() failed: copy(): The first argument to copy() function cannot be a directory
ERROR - 2025-12-18 05:10:37 --> moveToStorage() failed: copy(): The first argument to copy() function cannot be a directory
ERROR - 2025-12-18 05:10:37 --> moveToStorage() failed: copy(): The first argument to copy() function cannot be a directory
ERROR - 2025-12-18 05:10:37 --> mysqli_sql_exception: Duplicate entry '0' for key 'PRIMARY' in F:\xampp\htdocs\modesy-2.6.2\system\Database\MySQLi\Connection.php:327
Stack trace:
#0 F:\xampp\htdocs\modesy-2.6.2\system\Database\MySQLi\Connection.php(327): mysqli->query('INSERT INTO `im...', 0)
#1 F:\xampp\htdocs\modesy-2.6.2\system\Database\BaseConnection.php(729): CodeIgniter\Database\MySQLi\Connection->execute('INSERT INTO `im...')
#2 F:\xampp\htdocs\modesy-2.6.2\system\Database\BaseConnection.php(646): CodeIgniter\Database\BaseConnection->simpleQuery('INSERT INTO `im...')
#3 F:\xampp\htdocs\modesy-2.6.2\system\Database\BaseBuilder.php(2345): CodeIgniter\Database\BaseConnection->query('INSERT INTO `im...', Array, false)
#4 F:\xampp\htdocs\modesy-2.6.2\app\Models\FileModel.php(111): CodeIgniter\Database\BaseBuilder->insert(Array)
#5 F:\xampp\htdocs\modesy-2.6.2\app\Controllers\DashboardController.php(136): App\Models\FileModel->addProductImages(63)
#6 F:\xampp\htdocs\modesy-2.6.2\system\CodeIgniter.php(933): App\Controllers\DashboardController->addProductPost()
#7 F:\xampp\htdocs\modesy-2.6.2\system\CodeIgniter.php(507): CodeIgniter\CodeIgniter->runController(Object(App\Controllers\DashboardController))
#8 F:\xampp\htdocs\modesy-2.6.2\system\CodeIgniter.php(354): CodeIgniter\CodeIgniter->handleRequest(NULL, Object(Config\Cache), false)
#9 F:\xampp\htdocs\modesy-2.6.2\system\Boot.php(363): CodeIgniter\CodeIgniter->run()
#10 F:\xampp\htdocs\modesy-2.6.2\system\Boot.php(68): CodeIgniter\Boot::runCodeIgniter(Object(CodeIgniter\CodeIgniter))
#11 F:\xampp\htdocs\modesy-2.6.2\index.php(59): CodeIgniter\Boot::bootWeb(Object(Config\Paths))
#12 {main}
ERROR - 2025-12-18 05:10:37 --> addProductImages failed: Duplicate entry '0' for key 'PRIMARY'
ERROR - 2025-12-18 05:10:37 --> mysqli_sql_exception: Duplicate entry '0' for key 'PRIMARY' in F:\xampp\htdocs\modesy-2.6.2\system\Database\MySQLi\Connection.php:327
Stack trace:
#0 F:\xampp\htdocs\modesy-2.6.2\system\Database\MySQLi\Connection.php(327): mysqli->query('INSERT INTO `pr...', 0)
#1 F:\xampp\htdocs\modesy-2.6.2\system\Database\BaseConnection.php(729): CodeIgniter\Database\MySQLi\Connection->execute('INSERT INTO `pr...')
#2 F:\xampp\htdocs\modesy-2.6.2\system\Database\BaseConnection.php(646): CodeIgniter\Database\BaseConnection->simpleQuery('INSERT INTO `pr...')
#3 F:\xampp\htdocs\modesy-2.6.2\system\Database\BaseBuilder.php(1841): CodeIgniter\Database\BaseConnection->query('INSERT INTO `pr...', NULL, false)
#4 F:\xampp\htdocs\modesy-2.6.2\system\Database\BaseBuilder.php(2230): CodeIgniter\Database\BaseBuilder->batchExecute('_insertBatch', 100)
#5 F:\xampp\htdocs\modesy-2.6.2\app\Models\ProductModel.php(1145): CodeIgniter\Database\BaseBuilder->insertBatch(Array)
#6 F:\xampp\htdocs\modesy-2.6.2\app\Controllers\DashboardController.php(138): App\Models\ProductModel->syncProductSearchIndex(63)
#7 F:\xampp\htdocs\modesy-2.6.2\system\CodeIgniter.php(933): App\Controllers\DashboardController->addProductPost()
#8 F:\xampp\htdocs\modesy-2.6.2\system\CodeIgniter.php(507): CodeIgniter\CodeIgniter->runController(Object(App\Controllers\DashboardController))
#9 F:\xampp\htdocs\modesy-2.6.2\system\CodeIgniter.php(354): CodeIgniter\CodeIgniter->handleRequest(NULL, Object(Config\Cache), false)
#10 F:\xampp\htdocs\modesy-2.6.2\system\Boot.php(363): CodeIgniter\CodeIgniter->run()
#11 F:\xampp\htdocs\modesy-2.6.2\system\Boot.php(68): CodeIgniter\Boot::runCodeIgniter(Object(CodeIgniter\CodeIgniter))
#12 F:\xampp\htdocs\modesy-2.6.2\index.php(59): CodeIgniter\Boot::bootWeb(Object(Config\Paths))
#13 {main}
CRITICAL - 2025-12-18 05:10:37 --> CodeIgniter\Database\Exceptions\DatabaseException: Duplicate entry '0' for key 'PRIMARY'
[Method: POST, Route: add-product-post]
in SYSTEMPATH\Database\BaseConnection.php on line 684.
 1 SYSTEMPATH\Database\BaseBuilder.php(1841): CodeIgniter\Database\BaseConnection->query('INSERT INTO `product_search_indexes` (`lang_id`, `product_id`, `search_index`)
VALUES (\'1\',\'63\',\'colorful women\')', null, false)
 2 SYSTEMPATH\Database\BaseBuilder.php(2230): CodeIgniter\Database\BaseBuilder->batchExecute('_insertBatch', 100)
 3 APPPATH\Models\ProductModel.php(1145): CodeIgniter\Database\BaseBuilder->insertBatch([...])
 4 APPPATH\Controllers\DashboardController.php(138): App\Models\ProductModel->syncProductSearchIndex(63)
 5 SYSTEMPATH\CodeIgniter.php(933): App\Controllers\DashboardController->addProductPost()
 6 SYSTEMPATH\CodeIgniter.php(507): CodeIgniter\CodeIgniter->runController(Object(App\Controllers\DashboardController))
 7 SYSTEMPATH\CodeIgniter.php(354): CodeIgniter\CodeIgniter->handleRequest(null, Object(Config\Cache), false)
 8 SYSTEMPATH\Boot.php(363): CodeIgniter\CodeIgniter->run()
 9 SYSTEMPATH\Boot.php(68): CodeIgniter\Boot::runCodeIgniter(Object(CodeIgniter\CodeIgniter))
10 FCPATH\index.php(59): CodeIgniter\Boot::bootWeb(Object(Config\Paths))
CRITICAL - 2025-12-18 05:10:37 --> [Caused by] CodeIgniter\Database\Exceptions\DatabaseException: Duplicate entry '0' for key 'PRIMARY'
in SYSTEMPATH\Database\MySQLi\Connection.php on line 332.
 1 SYSTEMPATH\Database\BaseConnection.php(729): CodeIgniter\Database\MySQLi\Connection->execute('INSERT INTO `product_search_indexes` (`lang_id`, `product_id`, `search_index`)
VALUES (\'1\',\'63\',\'colorful women\')')
 2 SYSTEMPATH\Database\BaseConnection.php(646): CodeIgniter\Database\BaseConnection->simpleQuery('INSERT INTO `product_search_indexes` (`lang_id`, `product_id`, `search_index`)
VALUES (\'1\',\'63\',\'colorful women\')')
 3 SYSTEMPATH\Database\BaseBuilder.php(1841): CodeIgniter\Database\BaseConnection->query('INSERT INTO `product_search_indexes` (`lang_id`, `product_id`, `search_index`)
VALUES (\'1\',\'63\',\'colorful women\')', null, false)
 4 SYSTEMPATH\Database\BaseBuilder.php(2230): CodeIgniter\Database\BaseBuilder->batchExecute('_insertBatch', 100)
 5 APPPATH\Models\ProductModel.php(1145): CodeIgniter\Database\BaseBuilder->insertBatch([...])
 6 APPPATH\Controllers\DashboardController.php(138): App\Models\ProductModel->syncProductSearchIndex(63)
 7 SYSTEMPATH\CodeIgniter.php(933): App\Controllers\DashboardController->addProductPost()
 8 SYSTEMPATH\CodeIgniter.php(507): CodeIgniter\CodeIgniter->runController(Object(App\Controllers\DashboardController))
 9 SYSTEMPATH\CodeIgniter.php(354): CodeIgniter\CodeIgniter->handleRequest(null, Object(Config\Cache), false)
10 SYSTEMPATH\Boot.php(363): CodeIgniter\CodeIgniter->run()
11 SYSTEMPATH\Boot.php(68): CodeIgniter\Boot::runCodeIgniter(Object(CodeIgniter\CodeIgniter))
12 FCPATH\index.php(59): CodeIgniter\Boot::bootWeb(Object(Config\Paths))
CRITICAL - 2025-12-18 05:10:37 --> [Caused by] mysqli_sql_exception: Duplicate entry '0' for key 'PRIMARY'
in SYSTEMPATH\Database\MySQLi\Connection.php on line 327.
 1 SYSTEMPATH\Database\MySQLi\Connection.php(327): mysqli->query('INSERT INTO `product_search_indexes` (`lang_id`, `product_id`, `search_index`)
VALUES (\'1\',\'63\',\'colorful women\')', 0)
 2 SYSTEMPATH\Database\BaseConnection.php(729): CodeIgniter\Database\MySQLi\Connection->execute('INSERT INTO `product_search_indexes` (`lang_id`, `product_id`, `search_index`)
VALUES (\'1\',\'63\',\'colorful women\')')
 3 SYSTEMPATH\Database\BaseConnection.php(646): CodeIgniter\Database\BaseConnection->simpleQuery('INSERT INTO `product_search_indexes` (`lang_id`, `product_id`, `search_index`)
VALUES (\'1\',\'63\',\'colorful women\')')
 4 SYSTEMPATH\Database\BaseBuilder.php(1841): CodeIgniter\Database\BaseConnection->query('INSERT INTO `product_search_indexes` (`lang_id`, `product_id`, `search_index`)
VALUES (\'1\',\'63\',\'colorful women\')', null, false)
 5 SYSTEMPATH\Database\BaseBuilder.php(2230): CodeIgniter\Database\BaseBuilder->batchExecute('_insertBatch', 100)
 6 APPPATH\Models\ProductModel.php(1145): CodeIgniter\Database\BaseBuilder->insertBatch([...])
 7 APPPATH\Controllers\DashboardController.php(138): App\Models\ProductModel->syncProductSearchIndex(63)
 8 SYSTEMPATH\CodeIgniter.php(933): App\Controllers\DashboardController->addProductPost()
 9 SYSTEMPATH\CodeIgniter.php(507): CodeIgniter\CodeIgniter->runController(Object(App\Controllers\DashboardController))
10 SYSTEMPATH\CodeIgniter.php(354): CodeIgniter\CodeIgniter->handleRequest(null, Object(Config\Cache), false)
11 SYSTEMPATH\Boot.php(363): CodeIgniter\CodeIgniter->run()
12 SYSTEMPATH\Boot.php(68): CodeIgniter\Boot::runCodeIgniter(Object(CodeIgniter\CodeIgniter))
13 FCPATH\index.php(59): CodeIgniter\Boot::bootWeb(Object(Config\Paths))
