ERROR - 2026-03-03 06:34:02 --> mysqli_sql_exception: Duplicate entry '0' for key 'PRIMARY' in F:\xampp\htdocs\modesy-2.6.2\system\Database\MySQLi\Connection.php:327
Stack trace:
#0 F:\xampp\htdocs\modesy-2.6.2\system\Database\MySQLi\Connection.php(327): mysqli->query('INSERT INTO `em...', 0)
#1 F:\xampp\htdocs\modesy-2.6.2\system\Database\BaseConnection.php(729): CodeIgniter\Database\MySQLi\Connection->execute('INSERT INTO `em...')
#2 F:\xampp\htdocs\modesy-2.6.2\system\Database\BaseConnection.php(646): CodeIgniter\Database\BaseConnection->simpleQuery('INSERT INTO `em...')
#3 F:\xampp\htdocs\modesy-2.6.2\system\Database\BaseBuilder.php(2345): CodeIgniter\Database\BaseConnection->query('INSERT INTO `em...', Array, false)
#4 F:\xampp\htdocs\modesy-2.6.2\app\Models\EmailModel.php(40): CodeIgniter\Database\BaseBuilder->insert(Array)
#5 F:\xampp\htdocs\modesy-2.6.2\app\Helpers\app_helper.php(338): App\Models\EmailModel->addToEmailQueue(Array)
#6 F:\xampp\htdocs\modesy-2.6.2\app\Models\SupportModel.php(467): addToEmailQueue(Array)
#7 F:\xampp\htdocs\modesy-2.6.2\app\Models\SupportModel.php(288): App\Models\SupportModel->addSupportMessageEmail(false, Object(stdClass), 5)
#8 F:\xampp\htdocs\modesy-2.6.2\app\Models\SupportModel.php(233): App\Models\SupportModel->addSubTicket(5, false, '1')
#9 F:\xampp\htdocs\modesy-2.6.2\app\Controllers\SupportController.php(181): App\Models\SupportModel->addTicket(false)
#10 F:\xampp\htdocs\modesy-2.6.2\system\CodeIgniter.php(933): App\Controllers\SupportController->submitRequestPost()
#11 F:\xampp\htdocs\modesy-2.6.2\system\CodeIgniter.php(507): CodeIgniter\CodeIgniter->runController(Object(App\Controllers\SupportController))
#12 F:\xampp\htdocs\modesy-2.6.2\system\CodeIgniter.php(354): CodeIgniter\CodeIgniter->handleRequest(NULL, Object(Config\Cache), false)
#13 F:\xampp\htdocs\modesy-2.6.2\system\Boot.php(363): CodeIgniter\CodeIgniter->run()
#14 F:\xampp\htdocs\modesy-2.6.2\system\Boot.php(68): CodeIgniter\Boot::runCodeIgniter(Object(CodeIgniter\CodeIgniter))
#15 F:\xampp\htdocs\modesy-2.6.2\index.php(59): CodeIgniter\Boot::bootWeb(Object(Config\Paths))
#16 {main}
CRITICAL - 2026-03-03 06:34:02 --> CodeIgniter\Database\Exceptions\DatabaseException: Duplicate entry '0' for key 'PRIMARY'
[Method: POST, Route: submit-request-post]
in SYSTEMPATH\Database\BaseConnection.php on line 684.
 1 SYSTEMPATH\Database\BaseBuilder.php(2345): CodeIgniter\Database\BaseConnection->query('INSERT INTO `email_queue` (`email_type`, `email_address`, `email_subject`, `template_path`, `email_data`, `email_priority`, `created_at`) VALUES (:email_type:, :email_address:, :email_subject:, :template_path:, :email_data:, :email_priority:, :created_at:)', [...], false)
 2 APPPATH\Models\EmailModel.php(40): CodeIgniter\Database\BaseBuilder->insert([...])
 3 APPPATH\Helpers\app_helper.php(338): App\Models\EmailModel->addToEmailQueue([...])
 4 APPPATH\Models\SupportModel.php(467): addToEmailQueue([...])
 5 APPPATH\Models\SupportModel.php(288): App\Models\SupportModel->addSupportMessageEmail(false, Object(stdClass), 5)
 6 APPPATH\Models\SupportModel.php(233): App\Models\SupportModel->addSubTicket(5, false, '1')
 7 APPPATH\Controllers\SupportController.php(181): App\Models\SupportModel->addTicket(false)
 8 SYSTEMPATH\CodeIgniter.php(933): App\Controllers\SupportController->submitRequestPost()
 9 SYSTEMPATH\CodeIgniter.php(507): CodeIgniter\CodeIgniter->runController(Object(App\Controllers\SupportController))
10 SYSTEMPATH\CodeIgniter.php(354): CodeIgniter\CodeIgniter->handleRequest(null, Object(Config\Cache), false)
11 SYSTEMPATH\Boot.php(363): CodeIgniter\CodeIgniter->run()
12 SYSTEMPATH\Boot.php(68): CodeIgniter\Boot::runCodeIgniter(Object(CodeIgniter\CodeIgniter))
13 FCPATH\index.php(59): CodeIgniter\Boot::bootWeb(Object(Config\Paths))
CRITICAL - 2026-03-03 06:34:02 --> [Caused by] CodeIgniter\Database\Exceptions\DatabaseException: Duplicate entry '0' for key 'PRIMARY'
in SYSTEMPATH\Database\MySQLi\Connection.php on line 332.
 1 SYSTEMPATH\Database\BaseConnection.php(729): CodeIgniter\Database\MySQLi\Connection->execute('INSERT INTO `email_queue` (`email_type`, `email_address`, `email_subject`, `template_path`, `email_data`, `email_priority`, `created_at`) VALUES (\'support\', \'mamatha.gokarla@inducosolutions.com\', \'Your Support Message has been Received - Ticket #5\', \'email/main\', \'a:4:{s:9:\\"mailTitle\\";s:38:\\"Your Support Message has been Received\\";s:7:\\"content\\";s:109:\\"Thank you for reaching out to us. We have received your support message and will get back to you shortly.<br>\\";s:3:\\"url\\";s:50:\\"http://localhost/modesy-2.6.2/help-center/ticket/5\\";s:10:\\"buttonText\\";s:12:\\"View Details\\";}\', 2, \'2026-03-03 06:34:02\')')
 2 SYSTEMPATH\Database\BaseConnection.php(646): CodeIgniter\Database\BaseConnection->simpleQuery('INSERT INTO `email_queue` (`email_type`, `email_address`, `email_subject`, `template_path`, `email_data`, `email_priority`, `created_at`) VALUES (\'support\', \'mamatha.gokarla@inducosolutions.com\', \'Your Support Message has been Received - Ticket #5\', \'email/main\', \'a:4:{s:9:\\"mailTitle\\";s:38:\\"Your Support Message has been Received\\";s:7:\\"content\\";s:109:\\"Thank you for reaching out to us. We have received your support message and will get back to you shortly.<br>\\";s:3:\\"url\\";s:50:\\"http://localhost/modesy-2.6.2/help-center/ticket/5\\";s:10:\\"buttonText\\";s:12:\\"View Details\\";}\', 2, \'2026-03-03 06:34:02\')')
 3 SYSTEMPATH\Database\BaseBuilder.php(2345): CodeIgniter\Database\BaseConnection->query('INSERT INTO `email_queue` (`email_type`, `email_address`, `email_subject`, `template_path`, `email_data`, `email_priority`, `created_at`) VALUES (:email_type:, :email_address:, :email_subject:, :template_path:, :email_data:, :email_priority:, :created_at:)', [...], false)
 4 APPPATH\Models\EmailModel.php(40): CodeIgniter\Database\BaseBuilder->insert([...])
 5 APPPATH\Helpers\app_helper.php(338): App\Models\EmailModel->addToEmailQueue([...])
 6 APPPATH\Models\SupportModel.php(467): addToEmailQueue([...])
 7 APPPATH\Models\SupportModel.php(288): App\Models\SupportModel->addSupportMessageEmail(false, Object(stdClass), 5)
 8 APPPATH\Models\SupportModel.php(233): App\Models\SupportModel->addSubTicket(5, false, '1')
 9 APPPATH\Controllers\SupportController.php(181): App\Models\SupportModel->addTicket(false)
10 SYSTEMPATH\CodeIgniter.php(933): App\Controllers\SupportController->submitRequestPost()
11 SYSTEMPATH\CodeIgniter.php(507): CodeIgniter\CodeIgniter->runController(Object(App\Controllers\SupportController))
12 SYSTEMPATH\CodeIgniter.php(354): CodeIgniter\CodeIgniter->handleRequest(null, Object(Config\Cache), false)
13 SYSTEMPATH\Boot.php(363): CodeIgniter\CodeIgniter->run()
14 SYSTEMPATH\Boot.php(68): CodeIgniter\Boot::runCodeIgniter(Object(CodeIgniter\CodeIgniter))
15 FCPATH\index.php(59): CodeIgniter\Boot::bootWeb(Object(Config\Paths))
CRITICAL - 2026-03-03 06:34:02 --> [Caused by] mysqli_sql_exception: Duplicate entry '0' for key 'PRIMARY'
in SYSTEMPATH\Database\MySQLi\Connection.php on line 327.
 1 SYSTEMPATH\Database\MySQLi\Connection.php(327): mysqli->query('INSERT INTO `email_queue` (`email_type`, `email_address`, `email_subject`, `template_path`, `email_data`, `email_priority`, `created_at`) VALUES (\'support\', \'mamatha.gokarla@inducosolutions.com\', \'Your Support Message has been Received - Ticket #5\', \'email/main\', \'a:4:{s:9:\\"mailTitle\\";s:38:\\"Your Support Message has been Received\\";s:7:\\"content\\";s:109:\\"Thank you for reaching out to us. We have received your support message and will get back to you shortly.<br>\\";s:3:\\"url\\";s:50:\\"http://localhost/modesy-2.6.2/help-center/ticket/5\\";s:10:\\"buttonText\\";s:12:\\"View Details\\";}\', 2, \'2026-03-03 06:34:02\')', 0)
 2 SYSTEMPATH\Database\BaseConnection.php(729): CodeIgniter\Database\MySQLi\Connection->execute('INSERT INTO `email_queue` (`email_type`, `email_address`, `email_subject`, `template_path`, `email_data`, `email_priority`, `created_at`) VALUES (\'support\', \'mamatha.gokarla@inducosolutions.com\', \'Your Support Message has been Received - Ticket #5\', \'email/main\', \'a:4:{s:9:\\"mailTitle\\";s:38:\\"Your Support Message has been Received\\";s:7:\\"content\\";s:109:\\"Thank you for reaching out to us. We have received your support message and will get back to you shortly.<br>\\";s:3:\\"url\\";s:50:\\"http://localhost/modesy-2.6.2/help-center/ticket/5\\";s:10:\\"buttonText\\";s:12:\\"View Details\\";}\', 2, \'2026-03-03 06:34:02\')')
 3 SYSTEMPATH\Database\BaseConnection.php(646): CodeIgniter\Database\BaseConnection->simpleQuery('INSERT INTO `email_queue` (`email_type`, `email_address`, `email_subject`, `template_path`, `email_data`, `email_priority`, `created_at`) VALUES (\'support\', \'mamatha.gokarla@inducosolutions.com\', \'Your Support Message has been Received - Ticket #5\', \'email/main\', \'a:4:{s:9:\\"mailTitle\\";s:38:\\"Your Support Message has been Received\\";s:7:\\"content\\";s:109:\\"Thank you for reaching out to us. We have received your support message and will get back to you shortly.<br>\\";s:3:\\"url\\";s:50:\\"http://localhost/modesy-2.6.2/help-center/ticket/5\\";s:10:\\"buttonText\\";s:12:\\"View Details\\";}\', 2, \'2026-03-03 06:34:02\')')
 4 SYSTEMPATH\Database\BaseBuilder.php(2345): CodeIgniter\Database\BaseConnection->query('INSERT INTO `email_queue` (`email_type`, `email_address`, `email_subject`, `template_path`, `email_data`, `email_priority`, `created_at`) VALUES (:email_type:, :email_address:, :email_subject:, :template_path:, :email_data:, :email_priority:, :created_at:)', [...], false)
 5 APPPATH\Models\EmailModel.php(40): CodeIgniter\Database\BaseBuilder->insert([...])
 6 APPPATH\Helpers\app_helper.php(338): App\Models\EmailModel->addToEmailQueue([...])
 7 APPPATH\Models\SupportModel.php(467): addToEmailQueue([...])
 8 APPPATH\Models\SupportModel.php(288): App\Models\SupportModel->addSupportMessageEmail(false, Object(stdClass), 5)
 9 APPPATH\Models\SupportModel.php(233): App\Models\SupportModel->addSubTicket(5, false, '1')
10 APPPATH\Controllers\SupportController.php(181): App\Models\SupportModel->addTicket(false)
11 SYSTEMPATH\CodeIgniter.php(933): App\Controllers\SupportController->submitRequestPost()
12 SYSTEMPATH\CodeIgniter.php(507): CodeIgniter\CodeIgniter->runController(Object(App\Controllers\SupportController))
13 SYSTEMPATH\CodeIgniter.php(354): CodeIgniter\CodeIgniter->handleRequest(null, Object(Config\Cache), false)
14 SYSTEMPATH\Boot.php(363): CodeIgniter\CodeIgniter->run()
15 SYSTEMPATH\Boot.php(68): CodeIgniter\Boot::runCodeIgniter(Object(CodeIgniter\CodeIgniter))
16 FCPATH\index.php(59): CodeIgniter\Boot::bootWeb(Object(Config\Paths))
