ERROR - 2025-12-26 00:41:44 --> TEST LOG WORKING
ERROR - 2025-12-26 00:49:19 --> TEST LOG WORKING
ERROR - 2025-12-26 01:06:14 --> TEST LOG WORKING
ERROR - 2025-12-26 01:13:06 --> STEP 1: addOrder START
ERROR - 2025-12-26 01:13:06 --> STEP 2: isPendingPayment=NO
ERROR - 2025-12-26 01:13:06 --> STEP 2: has_physical_product=0
ERROR - 2025-12-26 01:17:33 --> STEP 1: addOrder START
ERROR - 2025-12-26 01:17:33 --> STEP 2: isPendingPayment=NO
ERROR - 2025-12-26 01:17:33 --> STEP 2: has_physical_product=0
ERROR - 2025-12-26 01:23:39 --> STEP 1: addOrder START
ERROR - 2025-12-26 01:23:39 --> STEP 2: isPendingPayment=NO
ERROR - 2025-12-26 01:23:39 --> STEP 2: has_physical_product=0
ERROR - 2025-12-26 01:26:49 --> STEP 1: addOrder START
ERROR - 2025-12-26 01:26:49 --> STEP 2: isPendingPayment=NO
ERROR - 2025-12-26 01:26:49 --> STEP 2: has_physical_product=0
ERROR - 2025-12-26 01:31:20 --> STEP 1: addOrder START
ERROR - 2025-12-26 01:31:20 --> STEP 2: isPendingPayment=NO
ERROR - 2025-12-26 01:31:20 --> STEP 2: has_physical_product=0
ERROR - 2025-12-26 01:31:56 --> STEP 1: addOrder START
ERROR - 2025-12-26 01:31:56 --> STEP 2: isPendingPayment=NO
ERROR - 2025-12-26 01:31:56 --> STEP 2: has_physical_product=0
ERROR - 2025-12-26 01:31:56 -->  CALLING processOrderCompletion
ERROR - 2025-12-26 01:31:56 --> STEP 4: processOrderCompletion START orderId=45
ERROR - 2025-12-26 01:38:27 --> STEP 1: addOrder START
ERROR - 2025-12-26 01:38:27 --> STEP 2: isPendingPayment=NO
ERROR - 2025-12-26 01:38:27 --> STEP 2: has_physical_product=0
ERROR - 2025-12-26 01:38:27 -->  CALLING processOrderCompletion
ERROR - 2025-12-26 01:38:27 --> STEP 4: processOrderCompletion START orderId=46
ERROR - 2025-12-26 01:38:27 --> STEP 5: order={"id":"46","order_number":"10046","buyer_id":"4","buyer_type":"registered","price_subtotal":"20.00","price_vat":"1.00","price_shipping":"15.00","price_total":"36.00","price_currency":"USD","coupon_code":"","coupon_products":"","coupon_discount":"0.00","coupon_discount_rate":"0","coupon_seller_id":"0","status":"0","transaction_fee_rate":"0","transaction_fee":"0.00","global_taxes_data":null,"payment_method":"bank_transfer","payment_status":"pending_payment","shipping":"O:8:\"stdClass\":29:{s:24:\"useSameAddressForBilling\";i:1;s:7:\"isGuest\";i:0;s:17:\"shippingAddressId\";s:1:\"2\";s:15:\"shippingStateId\";s:4:\"1252\";s:6:\"sTitle\";s:9:\"hyderabad\";s:10:\"sFirstName\";s:7:\"sharath\";s:9:\"sLastName\";s:5:\"adepu\";s:6:\"sEmail\";s:33:\"sharath.adepu@inducosolutions.com\";s:12:\"sPhoneNumber\";s:11:\"08328640637\";s:8:\"sAddress\";s:9:\"hyderabad\";s:10:\"sCountryId\";s:2:\"99\";s:8:\"sCountry\";s:5:\"India\";s:8:\"sStateId\";s:4:\"1252\";s:6:\"sState\";s:9:\"Telangana\";s:5:\"sCity\";s:9:\"hyderabad\";s:8:\"sZipCode\";s:6:\"500032\";s:16:\"billingAddressId\";i:0;s:6:\"bTitle\";s:9:\"hyderabad\";s:10:\"bFirstName\";s:7:\"sharath\";s:9:\"bLastName\";s:5:\"adepu\";s:6:\"bEmail\";s:33:\"sharath.adepu@inducosolutions.com\";s:12:\"bPhoneNumber\";s:11:\"08328640637\";s:8:\"bAddress\";s:9:\"hyderabad\";s:10:\"bCountryId\";s:2:\"99\";s:8:\"bCountry\";s:5:\"India\";s:8:\"bStateId\";s:4:\"1252\";s:6:\"bState\";s:9:\"Telangana\";s:5:\"bCity\";s:9:\"hyderabad\";s:8:\"bZipCode\";s:6:\"500032\";}","affiliate_data":null,"bank_transaction_number":"BTR-HE952CLNU2-17H9CND6","checkout_token":"ee75df58-31ed-44f2-9470-73f2270bd22f","updated_at":"2025-12-26 01:38:27","created_at":"2025-12-26 01:38:27","loyalty_given":"0"}
ERROR - 2025-12-26 01:38:27 --> STEP 6: order_status=0
ERROR - 2025-12-26 01:42:55 --> STEP 1: addOrder START
ERROR - 2025-12-26 01:42:55 --> STEP 2: isPendingPayment=NO
ERROR - 2025-12-26 01:42:55 --> STEP 2: has_physical_product=0
ERROR - 2025-12-26 01:52:22 --> STEP 1: addOrder START
ERROR - 2025-12-26 01:52:22 --> STEP 2: isPendingPayment=NO
ERROR - 2025-12-26 01:52:22 --> STEP 2: has_physical_product=0
ERROR - 2025-12-26 02:29:17 --> mysqli_sql_exception: Unknown column 'reference' in 'INSERT INTO' in /home/u476517538/domains/desibazars.com/public_html/system/Database/MySQLi/Connection.php:327
Stack trace:
#0 /home/u476517538/domains/desibazars.com/public_html/system/Database/MySQLi/Connection.php(327): mysqli->query()
#1 /home/u476517538/domains/desibazars.com/public_html/system/Database/BaseConnection.php(729): CodeIgniter\Database\MySQLi\Connection->execute()
#2 /home/u476517538/domains/desibazars.com/public_html/system/Database/BaseConnection.php(646): CodeIgniter\Database\BaseConnection->simpleQuery()
#3 /home/u476517538/domains/desibazars.com/public_html/system/Database/BaseBuilder.php(2345): CodeIgniter\Database\BaseConnection->query()
#4 /home/u476517538/domains/desibazars.com/public_html/app/Models/OrderModel.php(1147): CodeIgniter\Database\BaseBuilder->insert()
#5 /home/u476517538/domains/desibazars.com/public_html/app/Models/OrderAdminModel.php(138): App\Models\OrderModel->processOrderCompletion()
#6 /home/u476517538/domains/desibazars.com/public_html/app/Controllers/OrderAdminController.php(128): App\Models\OrderAdminModel->updateOrderStatusIfCompleted()
#7 /home/u476517538/domains/desibazars.com/public_html/system/CodeIgniter.php(933): App\Controllers\OrderAdminController->updateOrderProductStatusPost()
#8 /home/u476517538/domains/desibazars.com/public_html/system/CodeIgniter.php(507): CodeIgniter\CodeIgniter->runController()
#9 /home/u476517538/domains/desibazars.com/public_html/system/CodeIgniter.php(354): CodeIgniter\CodeIgniter->handleRequest()
#10 /home/u476517538/domains/desibazars.com/public_html/system/Boot.php(363): CodeIgniter\CodeIgniter->run()
#11 /home/u476517538/domains/desibazars.com/public_html/system/Boot.php(68): CodeIgniter\Boot::runCodeIgniter()
#12 /home/u476517538/domains/desibazars.com/public_html/index.php(59): CodeIgniter\Boot::bootWeb()
#13 {main}
CRITICAL - 2025-12-26 02:29:17 --> CodeIgniter\Database\Exceptions\DatabaseException: Unknown column 'reference' in 'INSERT INTO'
[Method: POST, Route: OrderAdmin/updateOrderProductStatusPost]
in SYSTEMPATH/Database/BaseConnection.php on line 684.
 1 SYSTEMPATH/Database/BaseBuilder.php(2345): CodeIgniter\Database\BaseConnection->query()
 2 APPPATH/Models/OrderModel.php(1147): CodeIgniter\Database\BaseBuilder->insert()
 3 APPPATH/Models/OrderAdminModel.php(138): App\Models\OrderModel->processOrderCompletion()
 4 APPPATH/Controllers/OrderAdminController.php(128): App\Models\OrderAdminModel->updateOrderStatusIfCompleted()
 5 SYSTEMPATH/CodeIgniter.php(933): App\Controllers\OrderAdminController->updateOrderProductStatusPost()
 6 SYSTEMPATH/CodeIgniter.php(507): CodeIgniter\CodeIgniter->runController()
 7 SYSTEMPATH/CodeIgniter.php(354): CodeIgniter\CodeIgniter->handleRequest()
 8 SYSTEMPATH/Boot.php(363): CodeIgniter\CodeIgniter->run()
 9 SYSTEMPATH/Boot.php(68): CodeIgniter\Boot::runCodeIgniter()
10 FCPATH/index.php(59): CodeIgniter\Boot::bootWeb()
CRITICAL - 2025-12-26 02:29:17 --> [Caused by] CodeIgniter\Database\Exceptions\DatabaseException: Unknown column 'reference' in 'INSERT INTO'
in SYSTEMPATH/Database/MySQLi/Connection.php on line 332.
 1 SYSTEMPATH/Database/BaseConnection.php(729): CodeIgniter\Database\MySQLi\Connection->execute()
 2 SYSTEMPATH/Database/BaseConnection.php(646): CodeIgniter\Database\BaseConnection->simpleQuery()
 3 SYSTEMPATH/Database/BaseBuilder.php(2345): CodeIgniter\Database\BaseConnection->query()
 4 APPPATH/Models/OrderModel.php(1147): CodeIgniter\Database\BaseBuilder->insert()
 5 APPPATH/Models/OrderAdminModel.php(138): App\Models\OrderModel->processOrderCompletion()
 6 APPPATH/Controllers/OrderAdminController.php(128): App\Models\OrderAdminModel->updateOrderStatusIfCompleted()
 7 SYSTEMPATH/CodeIgniter.php(933): App\Controllers\OrderAdminController->updateOrderProductStatusPost()
 8 SYSTEMPATH/CodeIgniter.php(507): CodeIgniter\CodeIgniter->runController()
 9 SYSTEMPATH/CodeIgniter.php(354): CodeIgniter\CodeIgniter->handleRequest()
10 SYSTEMPATH/Boot.php(363): CodeIgniter\CodeIgniter->run()
11 SYSTEMPATH/Boot.php(68): CodeIgniter\Boot::runCodeIgniter()
12 FCPATH/index.php(59): CodeIgniter\Boot::bootWeb()
CRITICAL - 2025-12-26 02:29:17 --> [Caused by] mysqli_sql_exception: Unknown column 'reference' in 'INSERT INTO'
in SYSTEMPATH/Database/MySQLi/Connection.php on line 327.
 1 SYSTEMPATH/Database/MySQLi/Connection.php(327): mysqli->query()
 2 SYSTEMPATH/Database/BaseConnection.php(729): CodeIgniter\Database\MySQLi\Connection->execute()
 3 SYSTEMPATH/Database/BaseConnection.php(646): CodeIgniter\Database\BaseConnection->simpleQuery()
 4 SYSTEMPATH/Database/BaseBuilder.php(2345): CodeIgniter\Database\BaseConnection->query()
 5 APPPATH/Models/OrderModel.php(1147): CodeIgniter\Database\BaseBuilder->insert()
 6 APPPATH/Models/OrderAdminModel.php(138): App\Models\OrderModel->processOrderCompletion()
 7 APPPATH/Controllers/OrderAdminController.php(128): App\Models\OrderAdminModel->updateOrderStatusIfCompleted()
 8 SYSTEMPATH/CodeIgniter.php(933): App\Controllers\OrderAdminController->updateOrderProductStatusPost()
 9 SYSTEMPATH/CodeIgniter.php(507): CodeIgniter\CodeIgniter->runController()
10 SYSTEMPATH/CodeIgniter.php(354): CodeIgniter\CodeIgniter->handleRequest()
11 SYSTEMPATH/Boot.php(363): CodeIgniter\CodeIgniter->run()
12 SYSTEMPATH/Boot.php(68): CodeIgniter\Boot::runCodeIgniter()
13 FCPATH/index.php(59): CodeIgniter\Boot::bootWeb()
CRITICAL - 2025-12-26 05:39:22 --> ErrorException: Undefined property: CodeIgniter\View\View::$db
[Method: GET, Route: wallet]
in APPPATH/Views/wallet/_loyalty_points.php on line 2.
 1 APPPATH/Views/wallet/_loyalty_points.php(2): CodeIgniter\Debug\Exceptions->errorHandler()
 2 SYSTEMPATH/View/View.php(226): include('/home/u476517538/domains/desibazars.com/public_html/app/Views/wallet/_loyalty_points.php')
 3 SYSTEMPATH/View/View.php(229): CodeIgniter\View\View->CodeIgniter\View\{closure}()
 4 SYSTEMPATH/Common.php(1203): CodeIgniter\View\View->render()
 5 APPPATH/Views/wallet/wallet.php(78): view()
 6 SYSTEMPATH/View/View.php(226): include('/home/u476517538/domains/desibazars.com/public_html/app/Views/wallet/wallet.php')
 7 SYSTEMPATH/View/View.php(229): CodeIgniter\View\View->CodeIgniter\View\{closure}()
 8 SYSTEMPATH/Common.php(1203): CodeIgniter\View\View->render()
 9 APPPATH/Controllers/ProfileController.php(294): view()
10 SYSTEMPATH/CodeIgniter.php(933): App\Controllers\ProfileController->wallet()
11 SYSTEMPATH/CodeIgniter.php(507): CodeIgniter\CodeIgniter->runController()
12 SYSTEMPATH/CodeIgniter.php(354): CodeIgniter\CodeIgniter->handleRequest()
13 SYSTEMPATH/Boot.php(363): CodeIgniter\CodeIgniter->run()
14 SYSTEMPATH/Boot.php(68): CodeIgniter\Boot::runCodeIgniter()
15 FCPATH/index.php(59): CodeIgniter\Boot::bootWeb()
CRITICAL - 2025-12-26 05:39:57 --> ErrorException: Undefined property: CodeIgniter\View\View::$db
[Method: GET, Route: wallet]
in APPPATH/Views/wallet/_loyalty_points.php on line 2.
 1 APPPATH/Views/wallet/_loyalty_points.php(2): CodeIgniter\Debug\Exceptions->errorHandler()
 2 SYSTEMPATH/View/View.php(226): include('/home/u476517538/domains/desibazars.com/public_html/app/Views/wallet/_loyalty_points.php')
 3 SYSTEMPATH/View/View.php(229): CodeIgniter\View\View->CodeIgniter\View\{closure}()
 4 SYSTEMPATH/Common.php(1203): CodeIgniter\View\View->render()
 5 APPPATH/Views/wallet/wallet.php(78): view()
 6 SYSTEMPATH/View/View.php(226): include('/home/u476517538/domains/desibazars.com/public_html/app/Views/wallet/wallet.php')
 7 SYSTEMPATH/View/View.php(229): CodeIgniter\View\View->CodeIgniter\View\{closure}()
 8 SYSTEMPATH/Common.php(1203): CodeIgniter\View\View->render()
 9 APPPATH/Controllers/ProfileController.php(294): view()
10 SYSTEMPATH/CodeIgniter.php(933): App\Controllers\ProfileController->wallet()
11 SYSTEMPATH/CodeIgniter.php(507): CodeIgniter\CodeIgniter->runController()
12 SYSTEMPATH/CodeIgniter.php(354): CodeIgniter\CodeIgniter->handleRequest()
13 SYSTEMPATH/Boot.php(363): CodeIgniter\CodeIgniter->run()
14 SYSTEMPATH/Boot.php(68): CodeIgniter\Boot::runCodeIgniter()
15 FCPATH/index.php(59): CodeIgniter\Boot::bootWeb()
CRITICAL - 2025-12-26 06:02:50 --> ErrorException: Undefined variable $loyaltyRequiredPoints
[Method: GET, Route: wallet]
in APPPATH/Views/wallet/_loyalty_points.php on line 2.
 1 APPPATH/Views/wallet/_loyalty_points.php(2): CodeIgniter\Debug\Exceptions->errorHandler()
 2 SYSTEMPATH/View/View.php(226): include('/home/u476517538/domains/desibazars.com/public_html/app/Views/wallet/_loyalty_points.php')
 3 SYSTEMPATH/View/View.php(229): CodeIgniter\View\View->CodeIgniter\View\{closure}()
 4 SYSTEMPATH/Common.php(1203): CodeIgniter\View\View->render()
 5 APPPATH/Views/wallet/wallet.php(78): view()
 6 SYSTEMPATH/View/View.php(226): include('/home/u476517538/domains/desibazars.com/public_html/app/Views/wallet/wallet.php')
 7 SYSTEMPATH/View/View.php(229): CodeIgniter\View\View->CodeIgniter\View\{closure}()
 8 SYSTEMPATH/Common.php(1203): CodeIgniter\View\View->render()
 9 APPPATH/Controllers/ProfileController.php(294): view()
10 SYSTEMPATH/CodeIgniter.php(933): App\Controllers\ProfileController->wallet()
11 SYSTEMPATH/CodeIgniter.php(507): CodeIgniter\CodeIgniter->runController()
12 SYSTEMPATH/CodeIgniter.php(354): CodeIgniter\CodeIgniter->handleRequest()
13 SYSTEMPATH/Boot.php(363): CodeIgniter\CodeIgniter->run()
14 SYSTEMPATH/Boot.php(68): CodeIgniter\Boot::runCodeIgniter()
15 FCPATH/index.php(59): CodeIgniter\Boot::bootWeb()
CRITICAL - 2025-12-26 06:06:21 --> ErrorException: Undefined variable $loyaltyRequiredPoints
[Method: GET, Route: wallet]
in APPPATH/Views/wallet/wallet.php on line 79.
 1 APPPATH/Views/wallet/wallet.php(79): CodeIgniter\Debug\Exceptions->errorHandler()
 2 SYSTEMPATH/View/View.php(226): include('/home/u476517538/domains/desibazars.com/public_html/app/Views/wallet/wallet.php')
 3 SYSTEMPATH/View/View.php(229): CodeIgniter\View\View->CodeIgniter\View\{closure}()
 4 SYSTEMPATH/Common.php(1203): CodeIgniter\View\View->render()
 5 APPPATH/Controllers/ProfileController.php(294): view()
 6 SYSTEMPATH/CodeIgniter.php(933): App\Controllers\ProfileController->wallet()
 7 SYSTEMPATH/CodeIgniter.php(507): CodeIgniter\CodeIgniter->runController()
 8 SYSTEMPATH/CodeIgniter.php(354): CodeIgniter\CodeIgniter->handleRequest()
 9 SYSTEMPATH/Boot.php(363): CodeIgniter\CodeIgniter->run()
10 SYSTEMPATH/Boot.php(68): CodeIgniter\Boot::runCodeIgniter()
11 FCPATH/index.php(59): CodeIgniter\Boot::bootWeb()
CRITICAL - 2025-12-26 06:11:39 --> ErrorException: Undefined variable $loyaltyRequiredPoints
[Method: GET, Route: wallet]
in APPPATH/Views/wallet/wallet.php on line 79.
 1 APPPATH/Views/wallet/wallet.php(79): CodeIgniter\Debug\Exceptions->errorHandler()
 2 SYSTEMPATH/View/View.php(226): include('/home/u476517538/domains/desibazars.com/public_html/app/Views/wallet/wallet.php')
 3 SYSTEMPATH/View/View.php(229): CodeIgniter\View\View->CodeIgniter\View\{closure}()
 4 SYSTEMPATH/Common.php(1203): CodeIgniter\View\View->render()
 5 APPPATH/Controllers/ProfileController.php(294): view()
 6 SYSTEMPATH/CodeIgniter.php(933): App\Controllers\ProfileController->wallet()
 7 SYSTEMPATH/CodeIgniter.php(507): CodeIgniter\CodeIgniter->runController()
 8 SYSTEMPATH/CodeIgniter.php(354): CodeIgniter\CodeIgniter->handleRequest()
 9 SYSTEMPATH/Boot.php(363): CodeIgniter\CodeIgniter->run()
10 SYSTEMPATH/Boot.php(68): CodeIgniter\Boot::runCodeIgniter()
11 FCPATH/index.php(59): CodeIgniter\Boot::bootWeb()
CRITICAL - 2025-12-26 06:11:41 --> ErrorException: Undefined variable $loyaltyRequiredPoints
[Method: GET, Route: wallet]
in APPPATH/Views/wallet/wallet.php on line 79.
 1 APPPATH/Views/wallet/wallet.php(79): CodeIgniter\Debug\Exceptions->errorHandler()
 2 SYSTEMPATH/View/View.php(226): include('/home/u476517538/domains/desibazars.com/public_html/app/Views/wallet/wallet.php')
 3 SYSTEMPATH/View/View.php(229): CodeIgniter\View\View->CodeIgniter\View\{closure}()
 4 SYSTEMPATH/Common.php(1203): CodeIgniter\View\View->render()
 5 APPPATH/Controllers/ProfileController.php(294): view()
 6 SYSTEMPATH/CodeIgniter.php(933): App\Controllers\ProfileController->wallet()
 7 SYSTEMPATH/CodeIgniter.php(507): CodeIgniter\CodeIgniter->runController()
 8 SYSTEMPATH/CodeIgniter.php(354): CodeIgniter\CodeIgniter->handleRequest()
 9 SYSTEMPATH/Boot.php(363): CodeIgniter\CodeIgniter->run()
10 SYSTEMPATH/Boot.php(68): CodeIgniter\Boot::runCodeIgniter()
11 FCPATH/index.php(59): CodeIgniter\Boot::bootWeb()
CRITICAL - 2025-12-26 06:13:20 --> ErrorException: Undefined variable $loyaltyRequiredPoints
[Method: GET, Route: wallet]
in APPPATH/Views/wallet/wallet.php on line 79.
 1 APPPATH/Views/wallet/wallet.php(79): CodeIgniter\Debug\Exceptions->errorHandler()
 2 SYSTEMPATH/View/View.php(226): include('/home/u476517538/domains/desibazars.com/public_html/app/Views/wallet/wallet.php')
 3 SYSTEMPATH/View/View.php(229): CodeIgniter\View\View->CodeIgniter\View\{closure}()
 4 SYSTEMPATH/Common.php(1203): CodeIgniter\View\View->render()
 5 APPPATH/Controllers/ProfileController.php(294): view()
 6 SYSTEMPATH/CodeIgniter.php(933): App\Controllers\ProfileController->wallet()
 7 SYSTEMPATH/CodeIgniter.php(507): CodeIgniter\CodeIgniter->runController()
 8 SYSTEMPATH/CodeIgniter.php(354): CodeIgniter\CodeIgniter->handleRequest()
 9 SYSTEMPATH/Boot.php(363): CodeIgniter\CodeIgniter->run()
10 SYSTEMPATH/Boot.php(68): CodeIgniter\Boot::runCodeIgniter()
11 FCPATH/index.php(59): CodeIgniter\Boot::bootWeb()
CRITICAL - 2025-12-26 06:13:22 --> ErrorException: Undefined variable $loyaltyRequiredPoints
[Method: GET, Route: wallet]
in APPPATH/Views/wallet/wallet.php on line 79.
 1 APPPATH/Views/wallet/wallet.php(79): CodeIgniter\Debug\Exceptions->errorHandler()
 2 SYSTEMPATH/View/View.php(226): include('/home/u476517538/domains/desibazars.com/public_html/app/Views/wallet/wallet.php')
 3 SYSTEMPATH/View/View.php(229): CodeIgniter\View\View->CodeIgniter\View\{closure}()
 4 SYSTEMPATH/Common.php(1203): CodeIgniter\View\View->render()
 5 APPPATH/Controllers/ProfileController.php(294): view()
 6 SYSTEMPATH/CodeIgniter.php(933): App\Controllers\ProfileController->wallet()
 7 SYSTEMPATH/CodeIgniter.php(507): CodeIgniter\CodeIgniter->runController()
 8 SYSTEMPATH/CodeIgniter.php(354): CodeIgniter\CodeIgniter->handleRequest()
 9 SYSTEMPATH/Boot.php(363): CodeIgniter\CodeIgniter->run()
10 SYSTEMPATH/Boot.php(68): CodeIgniter\Boot::runCodeIgniter()
11 FCPATH/index.php(59): CodeIgniter\Boot::bootWeb()
CRITICAL - 2025-12-26 06:15:11 --> ErrorException: Undefined variable $loyaltyRequiredPoints
[Method: GET, Route: wallet]
in APPPATH/Views/wallet/wallet.php on line 79.
 1 APPPATH/Views/wallet/wallet.php(79): CodeIgniter\Debug\Exceptions->errorHandler()
 2 SYSTEMPATH/View/View.php(226): include('/home/u476517538/domains/desibazars.com/public_html/app/Views/wallet/wallet.php')
 3 SYSTEMPATH/View/View.php(229): CodeIgniter\View\View->CodeIgniter\View\{closure}()
 4 SYSTEMPATH/Common.php(1203): CodeIgniter\View\View->render()
 5 APPPATH/Controllers/ProfileController.php(294): view()
 6 SYSTEMPATH/CodeIgniter.php(933): App\Controllers\ProfileController->wallet()
 7 SYSTEMPATH/CodeIgniter.php(507): CodeIgniter\CodeIgniter->runController()
 8 SYSTEMPATH/CodeIgniter.php(354): CodeIgniter\CodeIgniter->handleRequest()
 9 SYSTEMPATH/Boot.php(363): CodeIgniter\CodeIgniter->run()
10 SYSTEMPATH/Boot.php(68): CodeIgniter\Boot::runCodeIgniter()
11 FCPATH/index.php(59): CodeIgniter\Boot::bootWeb()
CRITICAL - 2025-12-26 06:15:14 --> ErrorException: Undefined variable $loyaltyRequiredPoints
[Method: GET, Route: wallet]
in APPPATH/Views/wallet/wallet.php on line 79.
 1 APPPATH/Views/wallet/wallet.php(79): CodeIgniter\Debug\Exceptions->errorHandler()
 2 SYSTEMPATH/View/View.php(226): include('/home/u476517538/domains/desibazars.com/public_html/app/Views/wallet/wallet.php')
 3 SYSTEMPATH/View/View.php(229): CodeIgniter\View\View->CodeIgniter\View\{closure}()
 4 SYSTEMPATH/Common.php(1203): CodeIgniter\View\View->render()
 5 APPPATH/Controllers/ProfileController.php(294): view()
 6 SYSTEMPATH/CodeIgniter.php(933): App\Controllers\ProfileController->wallet()
 7 SYSTEMPATH/CodeIgniter.php(507): CodeIgniter\CodeIgniter->runController()
 8 SYSTEMPATH/CodeIgniter.php(354): CodeIgniter\CodeIgniter->handleRequest()
 9 SYSTEMPATH/Boot.php(363): CodeIgniter\CodeIgniter->run()
10 SYSTEMPATH/Boot.php(68): CodeIgniter\Boot::runCodeIgniter()
11 FCPATH/index.php(59): CodeIgniter\Boot::bootWeb()
CRITICAL - 2025-12-26 06:15:18 --> ErrorException: Undefined variable $loyaltyRequiredPoints
[Method: GET, Route: wallet]
in APPPATH/Views/wallet/wallet.php on line 79.
 1 APPPATH/Views/wallet/wallet.php(79): CodeIgniter\Debug\Exceptions->errorHandler()
 2 SYSTEMPATH/View/View.php(226): include('/home/u476517538/domains/desibazars.com/public_html/app/Views/wallet/wallet.php')
 3 SYSTEMPATH/View/View.php(229): CodeIgniter\View\View->CodeIgniter\View\{closure}()
 4 SYSTEMPATH/Common.php(1203): CodeIgniter\View\View->render()
 5 APPPATH/Controllers/ProfileController.php(294): view()
 6 SYSTEMPATH/CodeIgniter.php(933): App\Controllers\ProfileController->wallet()
 7 SYSTEMPATH/CodeIgniter.php(507): CodeIgniter\CodeIgniter->runController()
 8 SYSTEMPATH/CodeIgniter.php(354): CodeIgniter\CodeIgniter->handleRequest()
 9 SYSTEMPATH/Boot.php(363): CodeIgniter\CodeIgniter->run()
10 SYSTEMPATH/Boot.php(68): CodeIgniter\Boot::runCodeIgniter()
11 FCPATH/index.php(59): CodeIgniter\Boot::bootWeb()
CRITICAL - 2025-12-26 06:16:24 --> ErrorException: Undefined variable $loyaltyRequiredPoints
[Method: GET, Route: wallet]
in APPPATH/Views/wallet/wallet.php on line 79.
 1 APPPATH/Views/wallet/wallet.php(79): CodeIgniter\Debug\Exceptions->errorHandler()
 2 SYSTEMPATH/View/View.php(226): include('/home/u476517538/domains/desibazars.com/public_html/app/Views/wallet/wallet.php')
 3 SYSTEMPATH/View/View.php(229): CodeIgniter\View\View->CodeIgniter\View\{closure}()
 4 SYSTEMPATH/Common.php(1203): CodeIgniter\View\View->render()
 5 APPPATH/Controllers/ProfileController.php(294): view()
 6 SYSTEMPATH/CodeIgniter.php(933): App\Controllers\ProfileController->wallet()
 7 SYSTEMPATH/CodeIgniter.php(507): CodeIgniter\CodeIgniter->runController()
 8 SYSTEMPATH/CodeIgniter.php(354): CodeIgniter\CodeIgniter->handleRequest()
 9 SYSTEMPATH/Boot.php(363): CodeIgniter\CodeIgniter->run()
10 SYSTEMPATH/Boot.php(68): CodeIgniter\Boot::runCodeIgniter()
11 FCPATH/index.php(59): CodeIgniter\Boot::bootWeb()
CRITICAL - 2025-12-26 06:16:28 --> ErrorException: Undefined variable $loyaltyRequiredPoints
[Method: GET, Route: wallet]
in APPPATH/Views/wallet/wallet.php on line 79.
 1 APPPATH/Views/wallet/wallet.php(79): CodeIgniter\Debug\Exceptions->errorHandler()
 2 SYSTEMPATH/View/View.php(226): include('/home/u476517538/domains/desibazars.com/public_html/app/Views/wallet/wallet.php')
 3 SYSTEMPATH/View/View.php(229): CodeIgniter\View\View->CodeIgniter\View\{closure}()
 4 SYSTEMPATH/Common.php(1203): CodeIgniter\View\View->render()
 5 APPPATH/Controllers/ProfileController.php(294): view()
 6 SYSTEMPATH/CodeIgniter.php(933): App\Controllers\ProfileController->wallet()
 7 SYSTEMPATH/CodeIgniter.php(507): CodeIgniter\CodeIgniter->runController()
 8 SYSTEMPATH/CodeIgniter.php(354): CodeIgniter\CodeIgniter->handleRequest()
 9 SYSTEMPATH/Boot.php(363): CodeIgniter\CodeIgniter->run()
10 SYSTEMPATH/Boot.php(68): CodeIgniter\Boot::runCodeIgniter()
11 FCPATH/index.php(59): CodeIgniter\Boot::bootWeb()
CRITICAL - 2025-12-26 07:07:47 --> CodeIgniter\Exceptions\BadMethodCallException: Call to undefined method App\Models\EarningsModel::getLoyaltySettings
[Method: GET, Route: wallet]
in SYSTEMPATH/Model.php on line 927.
 1 APPPATH/Controllers/ProfileController.php(271): CodeIgniter\Model->__call()
 2 SYSTEMPATH/CodeIgniter.php(933): App\Controllers\ProfileController->wallet()
 3 SYSTEMPATH/CodeIgniter.php(507): CodeIgniter\CodeIgniter->runController()
 4 SYSTEMPATH/CodeIgniter.php(354): CodeIgniter\CodeIgniter->handleRequest()
 5 SYSTEMPATH/Boot.php(363): CodeIgniter\CodeIgniter->run()
 6 SYSTEMPATH/Boot.php(68): CodeIgniter\Boot::runCodeIgniter()
 7 FCPATH/index.php(59): CodeIgniter\Boot::bootWeb()
ERROR - 2025-12-26 12:20:19 --> Error connecting to the database: mysqli_sql_exception: Too many connections in /home/u476517538/domains/desibazars.com/public_html/system/Database/MySQLi/Connection.php:201
Stack trace:
#0 /home/u476517538/domains/desibazars.com/public_html/system/Database/MySQLi/Connection.php(201): mysqli->real_connect()
#1 /home/u476517538/domains/desibazars.com/public_html/system/Database/BaseConnection.php(419): CodeIgniter\Database\MySQLi\Connection->connect()
#2 /home/u476517538/domains/desibazars.com/public_html/system/Session/Handlers/DatabaseHandler.php(100): CodeIgniter\Database\BaseConnection->initialize()
#3 [internal function]: CodeIgniter\Session\Handlers\DatabaseHandler->open()
#4 /home/u476517538/domains/desibazars.com/public_html/system/Session/Session.php(912): session_start()
#5 /home/u476517538/domains/desibazars.com/public_html/system/Session/Session.php(243): CodeIgniter\Session\Session->startSession()
#6 /home/u476517538/domains/desibazars.com/public_html/system/Config/Services.php(715): CodeIgniter\Session\Session->start()
#7 /home/u476517538/domains/desibazars.com/public_html/system/Config/BaseService.php(312): CodeIgniter\Config\Services::session()
#8 /home/u476517538/domains/desibazars.com/public_html/system/Config/BaseService.php(251): CodeIgniter\Config\BaseService::__callStatic()
#9 /home/u476517538/domains/desibazars.com/public_html/system/Config/Services.php(668): CodeIgniter\Config\BaseService::getSharedInstance()
#10 /home/u476517538/domains/desibazars.com/public_html/system/Config/BaseService.php(321): CodeIgniter\Config\Services::session()
#11 /home/u476517538/domains/desibazars.com/public_html/system/Config/BaseService.php(202): CodeIgniter\Config\BaseService::__callStatic()
#12 /home/u476517538/domains/desibazars.com/public_html/system/Common.php(1031): CodeIgniter\Config\BaseService::get()
#13 /home/u476517538/domains/desibazars.com/public_html/system/Common.php(1004): service()
#14 /home/u476517538/domains/desibazars.com/public_html/app/Services/AppContextService.php(37): session()
#15 /home/u476517538/domains/desibazars.com/public_html/app/Config/Services.php(29): App\Services\AppContextService->__construct()
#16 /home/u476517538/domains/desibazars.com/public_html/system/Config/BaseService.php(251): Config\Services::appContext()
#17 /home/u476517538/domains/desibazars.com/public_html/app/Config/Services.php(26): CodeIgniter\Config\BaseService::getSharedInstance()
#18 /home/u476517538/domains/desibazars.com/public_html/system/Config/BaseService.php(321): Config\Services::appContext()
#19 /home/u476517538/domains/desibazars.com/public_html/system/Config/BaseService.php(202): CodeIgniter\Config\BaseService::__callStatic()
#20 /home/u476517538/domains/desibazars.com/public_html/system/Common.php(1031): CodeIgniter\Config\BaseService::get()
#21 /home/u476517538/domains/desibazars.com/public_html/app/Common.php(20): service()
#22 /home/u476517538/domains/desibazars.com/public_html/app/Config/Routes.php(33): getContextValue()
#23 /home/u476517538/domains/desibazars.com/public_html/system/Router/RouteCollection.php(339): require('/home/u47651753...')
#24 /home/u476517538/domains/desibazars.com/public_html/system/CodeIgniter.php(821): CodeIgniter\Router\RouteCollection->loadRoutes()
#25 /home/u476517538/domains/desibazars.com/public_html/system/CodeIgniter.php(455): CodeIgniter\CodeIgniter->tryToRouteIt()
#26 /home/u476517538/domains/desibazars.com/public_html/system/CodeIgniter.php(354): CodeIgniter\CodeIgniter->handleRequest()
#27 /home/u476517538/domains/desibazars.com/public_html/system/Boot.php(363): CodeIgniter\CodeIgniter->run()
#28 /home/u476517538/domains/desibazars.com/public_html/system/Boot.php(68): CodeIgniter\Boot::runCodeIgniter()
#29 /home/u476517538/domains/desibazars.com/public_html/index.php(59): CodeIgniter\Boot::bootWeb()
#30 {main}

Next CodeIgniter\Database\Exceptions\DatabaseException: Too many connections in /home/u476517538/domains/desibazars.com/public_html/system/Database/MySQLi/Connection.php:246
Stack trace:
#0 /home/u476517538/domains/desibazars.com/public_html/system/Database/BaseConnection.php(419): CodeIgniter\Database\MySQLi\Connection->connect()
#1 /home/u476517538/domains/desibazars.com/public_html/system/Session/Handlers/DatabaseHandler.php(100): CodeIgniter\Database\BaseConnection->initialize()
#2 [internal function]: CodeIgniter\Session\Handlers\DatabaseHandler->open()
#3 /home/u476517538/domains/desibazars.com/public_html/system/Session/Session.php(912): session_start()
#4 /home/u476517538/domains/desibazars.com/public_html/system/Session/Session.php(243): CodeIgniter\Session\Session->startSession()
#5 /home/u476517538/domains/desibazars.com/public_html/system/Config/Services.php(715): CodeIgniter\Session\Session->start()
#6 /home/u476517538/domains/desibazars.com/public_html/system/Config/BaseService.php(312): CodeIgniter\Config\Services::session()
#7 /home/u476517538/domains/desibazars.com/public_html/system/Config/BaseService.php(251): CodeIgniter\Config\BaseService::__callStatic()
#8 /home/u476517538/domains/desibazars.com/public_html/system/Config/Services.php(668): CodeIgniter\Config\BaseService::getSharedInstance()
#9 /home/u476517538/domains/desibazars.com/public_html/system/Config/BaseService.php(321): CodeIgniter\Config\Services::session()
#10 /home/u476517538/domains/desibazars.com/public_html/system/Config/BaseService.php(202): CodeIgniter\Config\BaseService::__callStatic()
#11 /home/u476517538/domains/desibazars.com/public_html/system/Common.php(1031): CodeIgniter\Config\BaseService::get()
#12 /home/u476517538/domains/desibazars.com/public_html/system/Common.php(1004): service()
#13 /home/u476517538/domains/desibazars.com/public_html/app/Services/AppContextService.php(37): session()
#14 /home/u476517538/domains/desibazars.com/public_html/app/Config/Services.php(29): App\Services\AppContextService->__construct()
#15 /home/u476517538/domains/desibazars.com/public_html/system/Config/BaseService.php(251): Config\Services::appContext()
#16 /home/u476517538/domains/desibazars.com/public_html/app/Config/Services.php(26): CodeIgniter\Config\BaseService::getSharedInstance()
#17 /home/u476517538/domains/desibazars.com/public_html/system/Config/BaseService.php(321): Config\Services::appContext()
#18 /home/u476517538/domains/desibazars.com/public_html/system/Config/BaseService.php(202): CodeIgniter\Config\BaseService::__callStatic()
#19 /home/u476517538/domains/desibazars.com/public_html/system/Common.php(1031): CodeIgniter\Config\BaseService::get()
#20 /home/u476517538/domains/desibazars.com/public_html/app/Common.php(20): service()
#21 /home/u476517538/domains/desibazars.com/public_html/app/Config/Routes.php(33): getContextValue()
#22 /home/u476517538/domains/desibazars.com/public_html/system/Router/RouteCollection.php(339): require('/home/u47651753...')
#23 /home/u476517538/domains/desibazars.com/public_html/system/CodeIgniter.php(821): CodeIgniter\Router\RouteCollection->loadRoutes()
#24 /home/u476517538/domains/desibazars.com/public_html/system/CodeIgniter.php(455): CodeIgniter\CodeIgniter->tryToRouteIt()
#25 /home/u476517538/domains/desibazars.com/public_html/system/CodeIgniter.php(354): CodeIgniter\CodeIgniter->handleRequest()
#26 /home/u476517538/domains/desibazars.com/public_html/system/Boot.php(363): CodeIgniter\CodeIgniter->run()
#27 /home/u476517538/domains/desibazars.com/public_html/system/Boot.php(68): CodeIgniter\Boot::runCodeIgniter()
#28 /home/u476517538/domains/desibazars.com/public_html/index.php(59): CodeIgniter\Boot::bootWeb()
#29 {main}
CRITICAL - 2025-12-26 12:20:19 --> CodeIgniter\Database\Exceptions\DatabaseException: Unable to connect to the database.
Main connection [MySQLi]: Too many connections
[Method: GET, Route: ajax/run-queue-worker]
in SYSTEMPATH/Database/BaseConnection.php on line 465.
 1 SYSTEMPATH/Session/Handlers/DatabaseHandler.php(100): CodeIgniter\Database\BaseConnection->initialize()
 2 [internal function]: CodeIgniter\Session\Handlers\DatabaseHandler->open()
 3 SYSTEMPATH/Session/Session.php(912): session_start()
 4 SYSTEMPATH/Session/Session.php(243): CodeIgniter\Session\Session->startSession()
 5 SYSTEMPATH/Config/Services.php(715): CodeIgniter\Session\Session->start()
 6 SYSTEMPATH/Config/BaseService.php(312): CodeIgniter\Config\Services::session()
 7 SYSTEMPATH/Config/BaseService.php(251): CodeIgniter\Config\BaseService::__callStatic()
 8 SYSTEMPATH/Config/Services.php(668): CodeIgniter\Config\BaseService::getSharedInstance()
 9 SYSTEMPATH/Config/BaseService.php(321): CodeIgniter\Config\Services::session()
10 SYSTEMPATH/Config/BaseService.php(202): CodeIgniter\Config\BaseService::__callStatic()
11 SYSTEMPATH/Common.php(1031): CodeIgniter\Config\BaseService::get()
12 SYSTEMPATH/Common.php(1004): service()
13 APPPATH/Services/AppContextService.php(37): session()
14 APPPATH/Config/Services.php(29): App\Services\AppContextService->__construct()
15 SYSTEMPATH/Config/BaseService.php(251): Config\Services::appContext()
16 APPPATH/Config/Services.php(26): CodeIgniter\Config\BaseService::getSharedInstance()
17 SYSTEMPATH/Config/BaseService.php(321): Config\Services::appContext()
18 SYSTEMPATH/Config/BaseService.php(202): CodeIgniter\Config\BaseService::__callStatic()
19 SYSTEMPATH/Common.php(1031): CodeIgniter\Config\BaseService::get()
20 APPPATH/Common.php(20): service()
21 APPPATH/Config/Routes.php(33): getContextValue()
22 SYSTEMPATH/Router/RouteCollection.php(339): require('/home/u476517538/domains/desibazars.com/public_html/app/Config/Routes.php')
23 SYSTEMPATH/CodeIgniter.php(821): CodeIgniter\Router\RouteCollection->loadRoutes()
24 SYSTEMPATH/CodeIgniter.php(455): CodeIgniter\CodeIgniter->tryToRouteIt()
25 SYSTEMPATH/CodeIgniter.php(354): CodeIgniter\CodeIgniter->handleRequest()
26 SYSTEMPATH/Boot.php(363): CodeIgniter\CodeIgniter->run()
27 SYSTEMPATH/Boot.php(68): CodeIgniter\Boot::runCodeIgniter()
28 FCPATH/index.php(59): CodeIgniter\Boot::bootWeb()
ERROR - 2025-12-26 07:38:49 --> mysqli_sql_exception: Unknown column 'loyalty_convert_points' in 'SELECT' in /home/u476517538/domains/desibazars.com/public_html/system/Database/MySQLi/Connection.php:327
Stack trace:
#0 /home/u476517538/domains/desibazars.com/public_html/system/Database/MySQLi/Connection.php(327): mysqli->query()
#1 /home/u476517538/domains/desibazars.com/public_html/system/Database/BaseConnection.php(729): CodeIgniter\Database\MySQLi\Connection->execute()
#2 /home/u476517538/domains/desibazars.com/public_html/system/Database/BaseConnection.php(646): CodeIgniter\Database\BaseConnection->simpleQuery()
#3 /home/u476517538/domains/desibazars.com/public_html/system/Database/BaseBuilder.php(1649): CodeIgniter\Database\BaseConnection->query()
#4 /home/u476517538/domains/desibazars.com/public_html/app/Models/EarningsModel.php(604): CodeIgniter\Database\BaseBuilder->get()
#5 /home/u476517538/domains/desibazars.com/public_html/app/Controllers/ProfileController.php(271): App\Models\EarningsModel->getLoyaltySettings()
#6 /home/u476517538/domains/desibazars.com/public_html/system/CodeIgniter.php(933): App\Controllers\ProfileController->wallet()
#7 /home/u476517538/domains/desibazars.com/public_html/system/CodeIgniter.php(507): CodeIgniter\CodeIgniter->runController()
#8 /home/u476517538/domains/desibazars.com/public_html/system/CodeIgniter.php(354): CodeIgniter\CodeIgniter->handleRequest()
#9 /home/u476517538/domains/desibazars.com/public_html/system/Boot.php(363): CodeIgniter\CodeIgniter->run()
#10 /home/u476517538/domains/desibazars.com/public_html/system/Boot.php(68): CodeIgniter\Boot::runCodeIgniter()
#11 /home/u476517538/domains/desibazars.com/public_html/index.php(59): CodeIgniter\Boot::bootWeb()
#12 {main}
CRITICAL - 2025-12-26 07:38:49 --> CodeIgniter\Database\Exceptions\DatabaseException: Unknown column 'loyalty_convert_points' in 'SELECT'
[Method: GET, Route: wallet]
in SYSTEMPATH/Database/BaseConnection.php on line 684.
 1 SYSTEMPATH/Database/BaseBuilder.php(1649): CodeIgniter\Database\BaseConnection->query()
 2 APPPATH/Models/EarningsModel.php(604): CodeIgniter\Database\BaseBuilder->get()
 3 APPPATH/Controllers/ProfileController.php(271): App\Models\EarningsModel->getLoyaltySettings()
 4 SYSTEMPATH/CodeIgniter.php(933): App\Controllers\ProfileController->wallet()
 5 SYSTEMPATH/CodeIgniter.php(507): CodeIgniter\CodeIgniter->runController()
 6 SYSTEMPATH/CodeIgniter.php(354): CodeIgniter\CodeIgniter->handleRequest()
 7 SYSTEMPATH/Boot.php(363): CodeIgniter\CodeIgniter->run()
 8 SYSTEMPATH/Boot.php(68): CodeIgniter\Boot::runCodeIgniter()
 9 FCPATH/index.php(59): CodeIgniter\Boot::bootWeb()
CRITICAL - 2025-12-26 07:38:49 --> [Caused by] CodeIgniter\Database\Exceptions\DatabaseException: Unknown column 'loyalty_convert_points' in 'SELECT'
in SYSTEMPATH/Database/MySQLi/Connection.php on line 332.
 1 SYSTEMPATH/Database/BaseConnection.php(729): CodeIgniter\Database\MySQLi\Connection->execute()
 2 SYSTEMPATH/Database/BaseConnection.php(646): CodeIgniter\Database\BaseConnection->simpleQuery()
 3 SYSTEMPATH/Database/BaseBuilder.php(1649): CodeIgniter\Database\BaseConnection->query()
 4 APPPATH/Models/EarningsModel.php(604): CodeIgniter\Database\BaseBuilder->get()
 5 APPPATH/Controllers/ProfileController.php(271): App\Models\EarningsModel->getLoyaltySettings()
 6 SYSTEMPATH/CodeIgniter.php(933): App\Controllers\ProfileController->wallet()
 7 SYSTEMPATH/CodeIgniter.php(507): CodeIgniter\CodeIgniter->runController()
 8 SYSTEMPATH/CodeIgniter.php(354): CodeIgniter\CodeIgniter->handleRequest()
 9 SYSTEMPATH/Boot.php(363): CodeIgniter\CodeIgniter->run()
10 SYSTEMPATH/Boot.php(68): CodeIgniter\Boot::runCodeIgniter()
11 FCPATH/index.php(59): CodeIgniter\Boot::bootWeb()
CRITICAL - 2025-12-26 07:38:49 --> [Caused by] mysqli_sql_exception: Unknown column 'loyalty_convert_points' in 'SELECT'
in SYSTEMPATH/Database/MySQLi/Connection.php on line 327.
 1 SYSTEMPATH/Database/MySQLi/Connection.php(327): mysqli->query()
 2 SYSTEMPATH/Database/BaseConnection.php(729): CodeIgniter\Database\MySQLi\Connection->execute()
 3 SYSTEMPATH/Database/BaseConnection.php(646): CodeIgniter\Database\BaseConnection->simpleQuery()
 4 SYSTEMPATH/Database/BaseBuilder.php(1649): CodeIgniter\Database\BaseConnection->query()
 5 APPPATH/Models/EarningsModel.php(604): CodeIgniter\Database\BaseBuilder->get()
 6 APPPATH/Controllers/ProfileController.php(271): App\Models\EarningsModel->getLoyaltySettings()
 7 SYSTEMPATH/CodeIgniter.php(933): App\Controllers\ProfileController->wallet()
 8 SYSTEMPATH/CodeIgniter.php(507): CodeIgniter\CodeIgniter->runController()
 9 SYSTEMPATH/CodeIgniter.php(354): CodeIgniter\CodeIgniter->handleRequest()
10 SYSTEMPATH/Boot.php(363): CodeIgniter\CodeIgniter->run()
11 SYSTEMPATH/Boot.php(68): CodeIgniter\Boot::runCodeIgniter()
12 FCPATH/index.php(59): CodeIgniter\Boot::bootWeb()
