ERROR - 2025-11-28 04:59:26 --> Error connecting to the database: ErrorException: mysqli::real_connect(): Error while reading greeting packet. PID=2576 in F:\xampp\htdocs\modesy-2.6.2\system\Database\MySQLi\Connection.php:201
Stack trace:
#0 [internal function]: CodeIgniter\Debug\Exceptions->errorHandler(2, 'mysqli::real_co...', 'F:\\xampp\\htdocs...', 201)
#1 F:\xampp\htdocs\modesy-2.6.2\system\Database\MySQLi\Connection.php(201): mysqli->real_connect('localhost', 'root', Object(SensitiveParameterValue), 'desibazar', 3306, '', 0)
#2 F:\xampp\htdocs\modesy-2.6.2\system\Database\BaseConnection.php(419): CodeIgniter\Database\MySQLi\Connection->connect(false)
#3 F:\xampp\htdocs\modesy-2.6.2\system\Session\Handlers\DatabaseHandler.php(100): CodeIgniter\Database\BaseConnection->initialize()
#4 [internal function]: CodeIgniter\Session\Handlers\DatabaseHandler->open('ci_sessions', 'mds_session')
#5 F:\xampp\htdocs\modesy-2.6.2\system\Session\Session.php(912): session_start()
#6 F:\xampp\htdocs\modesy-2.6.2\system\Session\Session.php(243): CodeIgniter\Session\Session->startSession()
#7 F:\xampp\htdocs\modesy-2.6.2\system\Config\Services.php(715): CodeIgniter\Session\Session->start()
#8 F:\xampp\htdocs\modesy-2.6.2\system\Config\BaseService.php(312): CodeIgniter\Config\Services::session(Object(Config\Session), false)
#9 F:\xampp\htdocs\modesy-2.6.2\system\Config\BaseService.php(251): CodeIgniter\Config\BaseService::__callStatic('session', Array)
#10 F:\xampp\htdocs\modesy-2.6.2\system\Config\Services.php(668): CodeIgniter\Config\BaseService::getSharedInstance('session', NULL)
#11 F:\xampp\htdocs\modesy-2.6.2\system\Config\BaseService.php(321): CodeIgniter\Config\Services::session()
#12 F:\xampp\htdocs\modesy-2.6.2\system\Config\BaseService.php(202): CodeIgniter\Config\BaseService::__callStatic('session', Array)
#13 F:\xampp\htdocs\modesy-2.6.2\system\Common.php(1031): CodeIgniter\Config\BaseService::get('session')
#14 F:\xampp\htdocs\modesy-2.6.2\system\Common.php(1004): service('session')
#15 F:\xampp\htdocs\modesy-2.6.2\app\Services\AppContextService.php(37): session()
#16 F:\xampp\htdocs\modesy-2.6.2\app\Config\Services.php(29): App\Services\AppContextService->__construct()
#17 F:\xampp\htdocs\modesy-2.6.2\system\Config\BaseService.php(251): Config\Services::appContext(false)
#18 F:\xampp\htdocs\modesy-2.6.2\app\Config\Services.php(26): CodeIgniter\Config\BaseService::getSharedInstance('appcontext')
#19 F:\xampp\htdocs\modesy-2.6.2\system\Config\BaseService.php(321): Config\Services::appContext()
#20 F:\xampp\htdocs\modesy-2.6.2\system\Config\BaseService.php(202): CodeIgniter\Config\BaseService::__callStatic('appContext', Array)
#21 F:\xampp\htdocs\modesy-2.6.2\system\Common.php(1031): CodeIgniter\Config\BaseService::get('appContext')
#22 F:\xampp\htdocs\modesy-2.6.2\app\Common.php(20): service('appContext')
#23 F:\xampp\htdocs\modesy-2.6.2\app\Config\Routes.php(33): getContextValue('languages')
#24 F:\xampp\htdocs\modesy-2.6.2\system\Router\RouteCollection.php(339): require('F:\\xampp\\htdocs...')
#25 F:\xampp\htdocs\modesy-2.6.2\system\CodeIgniter.php(821): CodeIgniter\Router\RouteCollection->loadRoutes()
#26 F:\xampp\htdocs\modesy-2.6.2\system\CodeIgniter.php(455): CodeIgniter\CodeIgniter->tryToRouteIt(NULL)
#27 F:\xampp\htdocs\modesy-2.6.2\system\CodeIgniter.php(354): CodeIgniter\CodeIgniter->handleRequest(NULL, Object(Config\Cache), false)
#28 F:\xampp\htdocs\modesy-2.6.2\system\Boot.php(363): CodeIgniter\CodeIgniter->run()
#29 F:\xampp\htdocs\modesy-2.6.2\system\Boot.php(68): CodeIgniter\Boot::runCodeIgniter(Object(CodeIgniter\CodeIgniter))
#30 F:\xampp\htdocs\modesy-2.6.2\index.php(59): CodeIgniter\Boot::bootWeb(Object(Config\Paths))
#31 {main}

Next mysqli_sql_exception: MySQL server has gone away in F:\xampp\htdocs\modesy-2.6.2\system\Database\MySQLi\Connection.php:201
Stack trace:
#0 F:\xampp\htdocs\modesy-2.6.2\system\Database\MySQLi\Connection.php(201): mysqli->real_connect('localhost', 'root', Object(SensitiveParameterValue), 'desibazar', 3306, '', 0)
#1 F:\xampp\htdocs\modesy-2.6.2\system\Database\BaseConnection.php(419): CodeIgniter\Database\MySQLi\Connection->connect(false)
#2 F:\xampp\htdocs\modesy-2.6.2\system\Session\Handlers\DatabaseHandler.php(100): CodeIgniter\Database\BaseConnection->initialize()
#3 [internal function]: CodeIgniter\Session\Handlers\DatabaseHandler->open('ci_sessions', 'mds_session')
#4 F:\xampp\htdocs\modesy-2.6.2\system\Session\Session.php(912): session_start()
#5 F:\xampp\htdocs\modesy-2.6.2\system\Session\Session.php(243): CodeIgniter\Session\Session->startSession()
#6 F:\xampp\htdocs\modesy-2.6.2\system\Config\Services.php(715): CodeIgniter\Session\Session->start()
#7 F:\xampp\htdocs\modesy-2.6.2\system\Config\BaseService.php(312): CodeIgniter\Config\Services::session(Object(Config\Session), false)
#8 F:\xampp\htdocs\modesy-2.6.2\system\Config\BaseService.php(251): CodeIgniter\Config\BaseService::__callStatic('session', Array)
#9 F:\xampp\htdocs\modesy-2.6.2\system\Config\Services.php(668): CodeIgniter\Config\BaseService::getSharedInstance('session', NULL)
#10 F:\xampp\htdocs\modesy-2.6.2\system\Config\BaseService.php(321): CodeIgniter\Config\Services::session()
#11 F:\xampp\htdocs\modesy-2.6.2\system\Config\BaseService.php(202): CodeIgniter\Config\BaseService::__callStatic('session', Array)
#12 F:\xampp\htdocs\modesy-2.6.2\system\Common.php(1031): CodeIgniter\Config\BaseService::get('session')
#13 F:\xampp\htdocs\modesy-2.6.2\system\Common.php(1004): service('session')
#14 F:\xampp\htdocs\modesy-2.6.2\app\Services\AppContextService.php(37): session()
#15 F:\xampp\htdocs\modesy-2.6.2\app\Config\Services.php(29): App\Services\AppContextService->__construct()
#16 F:\xampp\htdocs\modesy-2.6.2\system\Config\BaseService.php(251): Config\Services::appContext(false)
#17 F:\xampp\htdocs\modesy-2.6.2\app\Config\Services.php(26): CodeIgniter\Config\BaseService::getSharedInstance('appcontext')
#18 F:\xampp\htdocs\modesy-2.6.2\system\Config\BaseService.php(321): Config\Services::appContext()
#19 F:\xampp\htdocs\modesy-2.6.2\system\Config\BaseService.php(202): CodeIgniter\Config\BaseService::__callStatic('appContext', Array)
#20 F:\xampp\htdocs\modesy-2.6.2\system\Common.php(1031): CodeIgniter\Config\BaseService::get('appContext')
#21 F:\xampp\htdocs\modesy-2.6.2\app\Common.php(20): service('appContext')
#22 F:\xampp\htdocs\modesy-2.6.2\app\Config\Routes.php(33): getContextValue('languages')
#23 F:\xampp\htdocs\modesy-2.6.2\system\Router\RouteCollection.php(339): require('F:\\xampp\\htdocs...')
#24 F:\xampp\htdocs\modesy-2.6.2\system\CodeIgniter.php(821): CodeIgniter\Router\RouteCollection->loadRoutes()
#25 F:\xampp\htdocs\modesy-2.6.2\system\CodeIgniter.php(455): CodeIgniter\CodeIgniter->tryToRouteIt(NULL)
#26 F:\xampp\htdocs\modesy-2.6.2\system\CodeIgniter.php(354): CodeIgniter\CodeIgniter->handleRequest(NULL, Object(Config\Cache), false)
#27 F:\xampp\htdocs\modesy-2.6.2\system\Boot.php(363): CodeIgniter\CodeIgniter->run()
#28 F:\xampp\htdocs\modesy-2.6.2\system\Boot.php(68): CodeIgniter\Boot::runCodeIgniter(Object(CodeIgniter\CodeIgniter))
#29 F:\xampp\htdocs\modesy-2.6.2\index.php(59): CodeIgniter\Boot::bootWeb(Object(Config\Paths))
#30 {main}

Next CodeIgniter\Database\Exceptions\DatabaseException: MySQL server has gone away in F:\xampp\htdocs\modesy-2.6.2\system\Database\MySQLi\Connection.php:246
Stack trace:
#0 F:\xampp\htdocs\modesy-2.6.2\system\Database\BaseConnection.php(419): CodeIgniter\Database\MySQLi\Connection->connect(false)
#1 F:\xampp\htdocs\modesy-2.6.2\system\Session\Handlers\DatabaseHandler.php(100): CodeIgniter\Database\BaseConnection->initialize()
#2 [internal function]: CodeIgniter\Session\Handlers\DatabaseHandler->open('ci_sessions', 'mds_session')
#3 F:\xampp\htdocs\modesy-2.6.2\system\Session\Session.php(912): session_start()
#4 F:\xampp\htdocs\modesy-2.6.2\system\Session\Session.php(243): CodeIgniter\Session\Session->startSession()
#5 F:\xampp\htdocs\modesy-2.6.2\system\Config\Services.php(715): CodeIgniter\Session\Session->start()
#6 F:\xampp\htdocs\modesy-2.6.2\system\Config\BaseService.php(312): CodeIgniter\Config\Services::session(Object(Config\Session), false)
#7 F:\xampp\htdocs\modesy-2.6.2\system\Config\BaseService.php(251): CodeIgniter\Config\BaseService::__callStatic('session', Array)
#8 F:\xampp\htdocs\modesy-2.6.2\system\Config\Services.php(668): CodeIgniter\Config\BaseService::getSharedInstance('session', NULL)
#9 F:\xampp\htdocs\modesy-2.6.2\system\Config\BaseService.php(321): CodeIgniter\Config\Services::session()
#10 F:\xampp\htdocs\modesy-2.6.2\system\Config\BaseService.php(202): CodeIgniter\Config\BaseService::__callStatic('session', Array)
#11 F:\xampp\htdocs\modesy-2.6.2\system\Common.php(1031): CodeIgniter\Config\BaseService::get('session')
#12 F:\xampp\htdocs\modesy-2.6.2\system\Common.php(1004): service('session')
#13 F:\xampp\htdocs\modesy-2.6.2\app\Services\AppContextService.php(37): session()
#14 F:\xampp\htdocs\modesy-2.6.2\app\Config\Services.php(29): App\Services\AppContextService->__construct()
#15 F:\xampp\htdocs\modesy-2.6.2\system\Config\BaseService.php(251): Config\Services::appContext(false)
#16 F:\xampp\htdocs\modesy-2.6.2\app\Config\Services.php(26): CodeIgniter\Config\BaseService::getSharedInstance('appcontext')
#17 F:\xampp\htdocs\modesy-2.6.2\system\Config\BaseService.php(321): Config\Services::appContext()
#18 F:\xampp\htdocs\modesy-2.6.2\system\Config\BaseService.php(202): CodeIgniter\Config\BaseService::__callStatic('appContext', Array)
#19 F:\xampp\htdocs\modesy-2.6.2\system\Common.php(1031): CodeIgniter\Config\BaseService::get('appContext')
#20 F:\xampp\htdocs\modesy-2.6.2\app\Common.php(20): service('appContext')
#21 F:\xampp\htdocs\modesy-2.6.2\app\Config\Routes.php(33): getContextValue('languages')
#22 F:\xampp\htdocs\modesy-2.6.2\system\Router\RouteCollection.php(339): require('F:\\xampp\\htdocs...')
#23 F:\xampp\htdocs\modesy-2.6.2\system\CodeIgniter.php(821): CodeIgniter\Router\RouteCollection->loadRoutes()
#24 F:\xampp\htdocs\modesy-2.6.2\system\CodeIgniter.php(455): CodeIgniter\CodeIgniter->tryToRouteIt(NULL)
#25 F:\xampp\htdocs\modesy-2.6.2\system\CodeIgniter.php(354): CodeIgniter\CodeIgniter->handleRequest(NULL, Object(Config\Cache), false)
#26 F:\xampp\htdocs\modesy-2.6.2\system\Boot.php(363): CodeIgniter\CodeIgniter->run()
#27 F:\xampp\htdocs\modesy-2.6.2\system\Boot.php(68): CodeIgniter\Boot::runCodeIgniter(Object(CodeIgniter\CodeIgniter))
#28 F:\xampp\htdocs\modesy-2.6.2\index.php(59): CodeIgniter\Boot::bootWeb(Object(Config\Paths))
#29 {main}
CRITICAL - 2025-11-28 04:59:26 --> CodeIgniter\Database\Exceptions\DatabaseException: Unable to connect to the database.
Main connection [MySQLi]: MySQL server has gone away
[Method: GET, Route: /]
in SYSTEMPATH\Database\BaseConnection.php on line 465.
 1 SYSTEMPATH\Session\Handlers\DatabaseHandler.php(100): CodeIgniter\Database\BaseConnection->initialize()
 2 [internal function]: CodeIgniter\Session\Handlers\DatabaseHandler->open('ci_sessions', 'mds_session')
 3 SYSTEMPATH\Session\Session.php(912): session_start()
 4 SYSTEMPATH\Session\Session.php(243): CodeIgniter\Session\Session->startSession()
 5 SYSTEMPATH\Config\Services.php(715): CodeIgniter\Session\Session->start()
 6 SYSTEMPATH\Config\BaseService.php(312): CodeIgniter\Config\Services::session(Object(Config\Session), false)
 7 SYSTEMPATH\Config\BaseService.php(251): CodeIgniter\Config\BaseService::__callStatic('session', [...])
 8 SYSTEMPATH\Config\Services.php(668): CodeIgniter\Config\BaseService::getSharedInstance('session', null)
 9 SYSTEMPATH\Config\BaseService.php(321): CodeIgniter\Config\Services::session()
10 SYSTEMPATH\Config\BaseService.php(202): CodeIgniter\Config\BaseService::__callStatic('session', [])
11 SYSTEMPATH\Common.php(1031): CodeIgniter\Config\BaseService::get('session')
12 SYSTEMPATH\Common.php(1004): service('session')
13 APPPATH\Services\AppContextService.php(37): session()
14 APPPATH\Config\Services.php(29): App\Services\AppContextService->__construct()
15 SYSTEMPATH\Config\BaseService.php(251): Config\Services::appContext(false)
16 APPPATH\Config\Services.php(26): CodeIgniter\Config\BaseService::getSharedInstance('appcontext')
17 SYSTEMPATH\Config\BaseService.php(321): Config\Services::appContext()
18 SYSTEMPATH\Config\BaseService.php(202): CodeIgniter\Config\BaseService::__callStatic('appContext', [])
19 SYSTEMPATH\Common.php(1031): CodeIgniter\Config\BaseService::get('appContext')
20 APPPATH\Common.php(20): service('appContext')
21 APPPATH\Config\Routes.php(33): getContextValue('languages')
22 SYSTEMPATH\Router\RouteCollection.php(339): require('F:\\xampp\\htdocs\\modesy-2.6.2\\app\\Config\\Routes.php')
23 SYSTEMPATH\CodeIgniter.php(821): CodeIgniter\Router\RouteCollection->loadRoutes()
24 SYSTEMPATH\CodeIgniter.php(455): CodeIgniter\CodeIgniter->tryToRouteIt(null)
25 SYSTEMPATH\CodeIgniter.php(354): CodeIgniter\CodeIgniter->handleRequest(null, Object(Config\Cache), false)
26 SYSTEMPATH\Boot.php(363): CodeIgniter\CodeIgniter->run()
27 SYSTEMPATH\Boot.php(68): CodeIgniter\Boot::runCodeIgniter(Object(CodeIgniter\CodeIgniter))
28 FCPATH\index.php(59): CodeIgniter\Boot::bootWeb(Object(Config\Paths))
ERROR - 2025-11-28 14:44:43 --> mysqli_sql_exception: Duplicate entry '0' for key 'PRIMARY' in F:\xampp\htdocs\modesy-2.6.2\system\Database\MySQLi\Connection.php:327
Stack trace:
#0 F:\xampp\htdocs\modesy-2.6.2\system\Database\MySQLi\Connection.php(327): mysqli->query('INSERT INTO `co...', 0)
#1 F:\xampp\htdocs\modesy-2.6.2\system\Database\BaseConnection.php(729): CodeIgniter\Database\MySQLi\Connection->execute('INSERT INTO `co...')
#2 F:\xampp\htdocs\modesy-2.6.2\system\Database\BaseConnection.php(646): CodeIgniter\Database\BaseConnection->simpleQuery('INSERT INTO `co...')
#3 F:\xampp\htdocs\modesy-2.6.2\system\Database\BaseBuilder.php(2345): CodeIgniter\Database\BaseConnection->query('INSERT INTO `co...', Array, false)
#4 F:\xampp\htdocs\modesy-2.6.2\app\Models\CommonModel.php(704): CodeIgniter\Database\BaseBuilder->insert(Array)
#5 F:\xampp\htdocs\modesy-2.6.2\app\Controllers\AjaxController.php(547): App\Models\CommonModel->addComment()
#6 F:\xampp\htdocs\modesy-2.6.2\system\CodeIgniter.php(933): App\Controllers\AjaxController->addComment()
#7 F:\xampp\htdocs\modesy-2.6.2\system\CodeIgniter.php(507): CodeIgniter\CodeIgniter->runController(Object(App\Controllers\AjaxController))
#8 F:\xampp\htdocs\modesy-2.6.2\system\CodeIgniter.php(354): CodeIgniter\CodeIgniter->handleRequest(NULL, Object(Config\Cache), false)
#9 F:\xampp\htdocs\modesy-2.6.2\system\Boot.php(363): CodeIgniter\CodeIgniter->run()
#10 F:\xampp\htdocs\modesy-2.6.2\system\Boot.php(68): CodeIgniter\Boot::runCodeIgniter(Object(CodeIgniter\CodeIgniter))
#11 F:\xampp\htdocs\modesy-2.6.2\index.php(59): CodeIgniter\Boot::bootWeb(Object(Config\Paths))
#12 {main}
CRITICAL - 2025-11-28 14:44:43 --> CodeIgniter\Database\Exceptions\DatabaseException: Duplicate entry '0' for key 'PRIMARY'
[Method: POST, Route: Ajax/addComment]
in SYSTEMPATH\Database\BaseConnection.php on line 684.
 1 SYSTEMPATH\Database\BaseBuilder.php(2345): CodeIgniter\Database\BaseConnection->query('INSERT INTO `comments` (`parent_id`, `product_id`, `user_id`, `name`, `email`, `comment`, `status`, `ip_address`, `created_at`) VALUES (:parent_id:, :product_id:, :user_id:, :name:, :email:, :comment:, :status:, :ip_address:, :created_at:)', [...], false)
 2 APPPATH\Models\CommonModel.php(704): CodeIgniter\Database\BaseBuilder->insert([...])
 3 APPPATH\Controllers\AjaxController.php(547): App\Models\CommonModel->addComment()
 4 SYSTEMPATH\CodeIgniter.php(933): App\Controllers\AjaxController->addComment()
 5 SYSTEMPATH\CodeIgniter.php(507): CodeIgniter\CodeIgniter->runController(Object(App\Controllers\AjaxController))
 6 SYSTEMPATH\CodeIgniter.php(354): CodeIgniter\CodeIgniter->handleRequest(null, Object(Config\Cache), false)
 7 SYSTEMPATH\Boot.php(363): CodeIgniter\CodeIgniter->run()
 8 SYSTEMPATH\Boot.php(68): CodeIgniter\Boot::runCodeIgniter(Object(CodeIgniter\CodeIgniter))
 9 FCPATH\index.php(59): CodeIgniter\Boot::bootWeb(Object(Config\Paths))
CRITICAL - 2025-11-28 14:44:43 --> [Caused by] CodeIgniter\Database\Exceptions\DatabaseException: Duplicate entry '0' for key 'PRIMARY'
in SYSTEMPATH\Database\MySQLi\Connection.php on line 332.
 1 SYSTEMPATH\Database\BaseConnection.php(729): CodeIgniter\Database\MySQLi\Connection->execute('INSERT INTO `comments` (`parent_id`, `product_id`, `user_id`, `name`, `email`, `comment`, `status`, `ip_address`, `created_at`) VALUES (0, 48, \'1\', \'induco solutions\', \'praveen@inducosolutions.com\', \'sda\', 1, \'::1\', \'2025-11-28 14:44:43\')')
 2 SYSTEMPATH\Database\BaseConnection.php(646): CodeIgniter\Database\BaseConnection->simpleQuery('INSERT INTO `comments` (`parent_id`, `product_id`, `user_id`, `name`, `email`, `comment`, `status`, `ip_address`, `created_at`) VALUES (0, 48, \'1\', \'induco solutions\', \'praveen@inducosolutions.com\', \'sda\', 1, \'::1\', \'2025-11-28 14:44:43\')')
 3 SYSTEMPATH\Database\BaseBuilder.php(2345): CodeIgniter\Database\BaseConnection->query('INSERT INTO `comments` (`parent_id`, `product_id`, `user_id`, `name`, `email`, `comment`, `status`, `ip_address`, `created_at`) VALUES (:parent_id:, :product_id:, :user_id:, :name:, :email:, :comment:, :status:, :ip_address:, :created_at:)', [...], false)
 4 APPPATH\Models\CommonModel.php(704): CodeIgniter\Database\BaseBuilder->insert([...])
 5 APPPATH\Controllers\AjaxController.php(547): App\Models\CommonModel->addComment()
 6 SYSTEMPATH\CodeIgniter.php(933): App\Controllers\AjaxController->addComment()
 7 SYSTEMPATH\CodeIgniter.php(507): CodeIgniter\CodeIgniter->runController(Object(App\Controllers\AjaxController))
 8 SYSTEMPATH\CodeIgniter.php(354): CodeIgniter\CodeIgniter->handleRequest(null, Object(Config\Cache), false)
 9 SYSTEMPATH\Boot.php(363): CodeIgniter\CodeIgniter->run()
10 SYSTEMPATH\Boot.php(68): CodeIgniter\Boot::runCodeIgniter(Object(CodeIgniter\CodeIgniter))
11 FCPATH\index.php(59): CodeIgniter\Boot::bootWeb(Object(Config\Paths))
CRITICAL - 2025-11-28 14:44:43 --> [Caused by] mysqli_sql_exception: Duplicate entry '0' for key 'PRIMARY'
in SYSTEMPATH\Database\MySQLi\Connection.php on line 327.
 1 SYSTEMPATH\Database\MySQLi\Connection.php(327): mysqli->query('INSERT INTO `comments` (`parent_id`, `product_id`, `user_id`, `name`, `email`, `comment`, `status`, `ip_address`, `created_at`) VALUES (0, 48, \'1\', \'induco solutions\', \'praveen@inducosolutions.com\', \'sda\', 1, \'::1\', \'2025-11-28 14:44:43\')', 0)
 2 SYSTEMPATH\Database\BaseConnection.php(729): CodeIgniter\Database\MySQLi\Connection->execute('INSERT INTO `comments` (`parent_id`, `product_id`, `user_id`, `name`, `email`, `comment`, `status`, `ip_address`, `created_at`) VALUES (0, 48, \'1\', \'induco solutions\', \'praveen@inducosolutions.com\', \'sda\', 1, \'::1\', \'2025-11-28 14:44:43\')')
 3 SYSTEMPATH\Database\BaseConnection.php(646): CodeIgniter\Database\BaseConnection->simpleQuery('INSERT INTO `comments` (`parent_id`, `product_id`, `user_id`, `name`, `email`, `comment`, `status`, `ip_address`, `created_at`) VALUES (0, 48, \'1\', \'induco solutions\', \'praveen@inducosolutions.com\', \'sda\', 1, \'::1\', \'2025-11-28 14:44:43\')')
 4 SYSTEMPATH\Database\BaseBuilder.php(2345): CodeIgniter\Database\BaseConnection->query('INSERT INTO `comments` (`parent_id`, `product_id`, `user_id`, `name`, `email`, `comment`, `status`, `ip_address`, `created_at`) VALUES (:parent_id:, :product_id:, :user_id:, :name:, :email:, :comment:, :status:, :ip_address:, :created_at:)', [...], false)
 5 APPPATH\Models\CommonModel.php(704): CodeIgniter\Database\BaseBuilder->insert([...])
 6 APPPATH\Controllers\AjaxController.php(547): App\Models\CommonModel->addComment()
 7 SYSTEMPATH\CodeIgniter.php(933): App\Controllers\AjaxController->addComment()
 8 SYSTEMPATH\CodeIgniter.php(507): CodeIgniter\CodeIgniter->runController(Object(App\Controllers\AjaxController))
 9 SYSTEMPATH\CodeIgniter.php(354): CodeIgniter\CodeIgniter->handleRequest(null, Object(Config\Cache), false)
10 SYSTEMPATH\Boot.php(363): CodeIgniter\CodeIgniter->run()
11 SYSTEMPATH\Boot.php(68): CodeIgniter\Boot::runCodeIgniter(Object(CodeIgniter\CodeIgniter))
12 FCPATH\index.php(59): CodeIgniter\Boot::bootWeb(Object(Config\Paths))
ERROR - 2025-11-28 14:45:00 --> mysqli_sql_exception: Duplicate entry '0' for key 'PRIMARY' in F:\xampp\htdocs\modesy-2.6.2\system\Database\MySQLi\Connection.php:327
Stack trace:
#0 F:\xampp\htdocs\modesy-2.6.2\system\Database\MySQLi\Connection.php(327): mysqli->query('INSERT INTO `co...', 0)
#1 F:\xampp\htdocs\modesy-2.6.2\system\Database\BaseConnection.php(729): CodeIgniter\Database\MySQLi\Connection->execute('INSERT INTO `co...')
#2 F:\xampp\htdocs\modesy-2.6.2\system\Database\BaseConnection.php(646): CodeIgniter\Database\BaseConnection->simpleQuery('INSERT INTO `co...')
#3 F:\xampp\htdocs\modesy-2.6.2\system\Database\BaseBuilder.php(2345): CodeIgniter\Database\BaseConnection->query('INSERT INTO `co...', Array, false)
#4 F:\xampp\htdocs\modesy-2.6.2\app\Models\CommonModel.php(704): CodeIgniter\Database\BaseBuilder->insert(Array)
#5 F:\xampp\htdocs\modesy-2.6.2\app\Controllers\AjaxController.php(547): App\Models\CommonModel->addComment()
#6 F:\xampp\htdocs\modesy-2.6.2\system\CodeIgniter.php(933): App\Controllers\AjaxController->addComment()
#7 F:\xampp\htdocs\modesy-2.6.2\system\CodeIgniter.php(507): CodeIgniter\CodeIgniter->runController(Object(App\Controllers\AjaxController))
#8 F:\xampp\htdocs\modesy-2.6.2\system\CodeIgniter.php(354): CodeIgniter\CodeIgniter->handleRequest(NULL, Object(Config\Cache), false)
#9 F:\xampp\htdocs\modesy-2.6.2\system\Boot.php(363): CodeIgniter\CodeIgniter->run()
#10 F:\xampp\htdocs\modesy-2.6.2\system\Boot.php(68): CodeIgniter\Boot::runCodeIgniter(Object(CodeIgniter\CodeIgniter))
#11 F:\xampp\htdocs\modesy-2.6.2\index.php(59): CodeIgniter\Boot::bootWeb(Object(Config\Paths))
#12 {main}
CRITICAL - 2025-11-28 14:45:00 --> CodeIgniter\Database\Exceptions\DatabaseException: Duplicate entry '0' for key 'PRIMARY'
[Method: POST, Route: Ajax/addComment]
in SYSTEMPATH\Database\BaseConnection.php on line 684.
 1 SYSTEMPATH\Database\BaseBuilder.php(2345): CodeIgniter\Database\BaseConnection->query('INSERT INTO `comments` (`parent_id`, `product_id`, `user_id`, `name`, `email`, `comment`, `status`, `ip_address`, `created_at`) VALUES (:parent_id:, :product_id:, :user_id:, :name:, :email:, :comment:, :status:, :ip_address:, :created_at:)', [...], false)
 2 APPPATH\Models\CommonModel.php(704): CodeIgniter\Database\BaseBuilder->insert([...])
 3 APPPATH\Controllers\AjaxController.php(547): App\Models\CommonModel->addComment()
 4 SYSTEMPATH\CodeIgniter.php(933): App\Controllers\AjaxController->addComment()
 5 SYSTEMPATH\CodeIgniter.php(507): CodeIgniter\CodeIgniter->runController(Object(App\Controllers\AjaxController))
 6 SYSTEMPATH\CodeIgniter.php(354): CodeIgniter\CodeIgniter->handleRequest(null, Object(Config\Cache), false)
 7 SYSTEMPATH\Boot.php(363): CodeIgniter\CodeIgniter->run()
 8 SYSTEMPATH\Boot.php(68): CodeIgniter\Boot::runCodeIgniter(Object(CodeIgniter\CodeIgniter))
 9 FCPATH\index.php(59): CodeIgniter\Boot::bootWeb(Object(Config\Paths))
CRITICAL - 2025-11-28 14:45:00 --> [Caused by] CodeIgniter\Database\Exceptions\DatabaseException: Duplicate entry '0' for key 'PRIMARY'
in SYSTEMPATH\Database\MySQLi\Connection.php on line 332.
 1 SYSTEMPATH\Database\BaseConnection.php(729): CodeIgniter\Database\MySQLi\Connection->execute('INSERT INTO `comments` (`parent_id`, `product_id`, `user_id`, `name`, `email`, `comment`, `status`, `ip_address`, `created_at`) VALUES (0, 48, \'1\', \'induco solutions\', \'praveen@inducosolutions.com\', \'d\', 1, \'::1\', \'2025-11-28 14:45:00\')')
 2 SYSTEMPATH\Database\BaseConnection.php(646): CodeIgniter\Database\BaseConnection->simpleQuery('INSERT INTO `comments` (`parent_id`, `product_id`, `user_id`, `name`, `email`, `comment`, `status`, `ip_address`, `created_at`) VALUES (0, 48, \'1\', \'induco solutions\', \'praveen@inducosolutions.com\', \'d\', 1, \'::1\', \'2025-11-28 14:45:00\')')
 3 SYSTEMPATH\Database\BaseBuilder.php(2345): CodeIgniter\Database\BaseConnection->query('INSERT INTO `comments` (`parent_id`, `product_id`, `user_id`, `name`, `email`, `comment`, `status`, `ip_address`, `created_at`) VALUES (:parent_id:, :product_id:, :user_id:, :name:, :email:, :comment:, :status:, :ip_address:, :created_at:)', [...], false)
 4 APPPATH\Models\CommonModel.php(704): CodeIgniter\Database\BaseBuilder->insert([...])
 5 APPPATH\Controllers\AjaxController.php(547): App\Models\CommonModel->addComment()
 6 SYSTEMPATH\CodeIgniter.php(933): App\Controllers\AjaxController->addComment()
 7 SYSTEMPATH\CodeIgniter.php(507): CodeIgniter\CodeIgniter->runController(Object(App\Controllers\AjaxController))
 8 SYSTEMPATH\CodeIgniter.php(354): CodeIgniter\CodeIgniter->handleRequest(null, Object(Config\Cache), false)
 9 SYSTEMPATH\Boot.php(363): CodeIgniter\CodeIgniter->run()
10 SYSTEMPATH\Boot.php(68): CodeIgniter\Boot::runCodeIgniter(Object(CodeIgniter\CodeIgniter))
11 FCPATH\index.php(59): CodeIgniter\Boot::bootWeb(Object(Config\Paths))
CRITICAL - 2025-11-28 14:45:00 --> [Caused by] mysqli_sql_exception: Duplicate entry '0' for key 'PRIMARY'
in SYSTEMPATH\Database\MySQLi\Connection.php on line 327.
 1 SYSTEMPATH\Database\MySQLi\Connection.php(327): mysqli->query('INSERT INTO `comments` (`parent_id`, `product_id`, `user_id`, `name`, `email`, `comment`, `status`, `ip_address`, `created_at`) VALUES (0, 48, \'1\', \'induco solutions\', \'praveen@inducosolutions.com\', \'d\', 1, \'::1\', \'2025-11-28 14:45:00\')', 0)
 2 SYSTEMPATH\Database\BaseConnection.php(729): CodeIgniter\Database\MySQLi\Connection->execute('INSERT INTO `comments` (`parent_id`, `product_id`, `user_id`, `name`, `email`, `comment`, `status`, `ip_address`, `created_at`) VALUES (0, 48, \'1\', \'induco solutions\', \'praveen@inducosolutions.com\', \'d\', 1, \'::1\', \'2025-11-28 14:45:00\')')
 3 SYSTEMPATH\Database\BaseConnection.php(646): CodeIgniter\Database\BaseConnection->simpleQuery('INSERT INTO `comments` (`parent_id`, `product_id`, `user_id`, `name`, `email`, `comment`, `status`, `ip_address`, `created_at`) VALUES (0, 48, \'1\', \'induco solutions\', \'praveen@inducosolutions.com\', \'d\', 1, \'::1\', \'2025-11-28 14:45:00\')')
 4 SYSTEMPATH\Database\BaseBuilder.php(2345): CodeIgniter\Database\BaseConnection->query('INSERT INTO `comments` (`parent_id`, `product_id`, `user_id`, `name`, `email`, `comment`, `status`, `ip_address`, `created_at`) VALUES (:parent_id:, :product_id:, :user_id:, :name:, :email:, :comment:, :status:, :ip_address:, :created_at:)', [...], false)
 5 APPPATH\Models\CommonModel.php(704): CodeIgniter\Database\BaseBuilder->insert([...])
 6 APPPATH\Controllers\AjaxController.php(547): App\Models\CommonModel->addComment()
 7 SYSTEMPATH\CodeIgniter.php(933): App\Controllers\AjaxController->addComment()
 8 SYSTEMPATH\CodeIgniter.php(507): CodeIgniter\CodeIgniter->runController(Object(App\Controllers\AjaxController))
 9 SYSTEMPATH\CodeIgniter.php(354): CodeIgniter\CodeIgniter->handleRequest(null, Object(Config\Cache), false)
10 SYSTEMPATH\Boot.php(363): CodeIgniter\CodeIgniter->run()
11 SYSTEMPATH\Boot.php(68): CodeIgniter\Boot::runCodeIgniter(Object(CodeIgniter\CodeIgniter))
12 FCPATH\index.php(59): CodeIgniter\Boot::bootWeb(Object(Config\Paths))
ERROR - 2025-11-28 14:45:31 --> mysqli_sql_exception: Duplicate entry '0' for key 'PRIMARY' in F:\xampp\htdocs\modesy-2.6.2\system\Database\MySQLi\Connection.php:327
Stack trace:
#0 F:\xampp\htdocs\modesy-2.6.2\system\Database\MySQLi\Connection.php(327): mysqli->query('INSERT INTO `co...', 0)
#1 F:\xampp\htdocs\modesy-2.6.2\system\Database\BaseConnection.php(729): CodeIgniter\Database\MySQLi\Connection->execute('INSERT INTO `co...')
#2 F:\xampp\htdocs\modesy-2.6.2\system\Database\BaseConnection.php(646): CodeIgniter\Database\BaseConnection->simpleQuery('INSERT INTO `co...')
#3 F:\xampp\htdocs\modesy-2.6.2\system\Database\BaseBuilder.php(2345): CodeIgniter\Database\BaseConnection->query('INSERT INTO `co...', Array, false)
#4 F:\xampp\htdocs\modesy-2.6.2\app\Models\CommonModel.php(704): CodeIgniter\Database\BaseBuilder->insert(Array)
#5 F:\xampp\htdocs\modesy-2.6.2\app\Controllers\AjaxController.php(547): App\Models\CommonModel->addComment()
#6 F:\xampp\htdocs\modesy-2.6.2\system\CodeIgniter.php(933): App\Controllers\AjaxController->addComment()
#7 F:\xampp\htdocs\modesy-2.6.2\system\CodeIgniter.php(507): CodeIgniter\CodeIgniter->runController(Object(App\Controllers\AjaxController))
#8 F:\xampp\htdocs\modesy-2.6.2\system\CodeIgniter.php(354): CodeIgniter\CodeIgniter->handleRequest(NULL, Object(Config\Cache), false)
#9 F:\xampp\htdocs\modesy-2.6.2\system\Boot.php(363): CodeIgniter\CodeIgniter->run()
#10 F:\xampp\htdocs\modesy-2.6.2\system\Boot.php(68): CodeIgniter\Boot::runCodeIgniter(Object(CodeIgniter\CodeIgniter))
#11 F:\xampp\htdocs\modesy-2.6.2\index.php(59): CodeIgniter\Boot::bootWeb(Object(Config\Paths))
#12 {main}
CRITICAL - 2025-11-28 14:45:31 --> CodeIgniter\Database\Exceptions\DatabaseException: Duplicate entry '0' for key 'PRIMARY'
[Method: POST, Route: Ajax/addComment]
in SYSTEMPATH\Database\BaseConnection.php on line 684.
 1 SYSTEMPATH\Database\BaseBuilder.php(2345): CodeIgniter\Database\BaseConnection->query('INSERT INTO `comments` (`parent_id`, `product_id`, `user_id`, `name`, `email`, `comment`, `status`, `ip_address`, `created_at`) VALUES (:parent_id:, :product_id:, :user_id:, :name:, :email:, :comment:, :status:, :ip_address:, :created_at:)', [...], false)
 2 APPPATH\Models\CommonModel.php(704): CodeIgniter\Database\BaseBuilder->insert([...])
 3 APPPATH\Controllers\AjaxController.php(547): App\Models\CommonModel->addComment()
 4 SYSTEMPATH\CodeIgniter.php(933): App\Controllers\AjaxController->addComment()
 5 SYSTEMPATH\CodeIgniter.php(507): CodeIgniter\CodeIgniter->runController(Object(App\Controllers\AjaxController))
 6 SYSTEMPATH\CodeIgniter.php(354): CodeIgniter\CodeIgniter->handleRequest(null, Object(Config\Cache), false)
 7 SYSTEMPATH\Boot.php(363): CodeIgniter\CodeIgniter->run()
 8 SYSTEMPATH\Boot.php(68): CodeIgniter\Boot::runCodeIgniter(Object(CodeIgniter\CodeIgniter))
 9 FCPATH\index.php(59): CodeIgniter\Boot::bootWeb(Object(Config\Paths))
CRITICAL - 2025-11-28 14:45:31 --> [Caused by] CodeIgniter\Database\Exceptions\DatabaseException: Duplicate entry '0' for key 'PRIMARY'
in SYSTEMPATH\Database\MySQLi\Connection.php on line 332.
 1 SYSTEMPATH\Database\BaseConnection.php(729): CodeIgniter\Database\MySQLi\Connection->execute('INSERT INTO `comments` (`parent_id`, `product_id`, `user_id`, `name`, `email`, `comment`, `status`, `ip_address`, `created_at`) VALUES (0, 48, \'1\', \'induco solutions\', \'praveen@inducosolutions.com\', \'sda\', 1, \'::1\', \'2025-11-28 14:45:31\')')
 2 SYSTEMPATH\Database\BaseConnection.php(646): CodeIgniter\Database\BaseConnection->simpleQuery('INSERT INTO `comments` (`parent_id`, `product_id`, `user_id`, `name`, `email`, `comment`, `status`, `ip_address`, `created_at`) VALUES (0, 48, \'1\', \'induco solutions\', \'praveen@inducosolutions.com\', \'sda\', 1, \'::1\', \'2025-11-28 14:45:31\')')
 3 SYSTEMPATH\Database\BaseBuilder.php(2345): CodeIgniter\Database\BaseConnection->query('INSERT INTO `comments` (`parent_id`, `product_id`, `user_id`, `name`, `email`, `comment`, `status`, `ip_address`, `created_at`) VALUES (:parent_id:, :product_id:, :user_id:, :name:, :email:, :comment:, :status:, :ip_address:, :created_at:)', [...], false)
 4 APPPATH\Models\CommonModel.php(704): CodeIgniter\Database\BaseBuilder->insert([...])
 5 APPPATH\Controllers\AjaxController.php(547): App\Models\CommonModel->addComment()
 6 SYSTEMPATH\CodeIgniter.php(933): App\Controllers\AjaxController->addComment()
 7 SYSTEMPATH\CodeIgniter.php(507): CodeIgniter\CodeIgniter->runController(Object(App\Controllers\AjaxController))
 8 SYSTEMPATH\CodeIgniter.php(354): CodeIgniter\CodeIgniter->handleRequest(null, Object(Config\Cache), false)
 9 SYSTEMPATH\Boot.php(363): CodeIgniter\CodeIgniter->run()
10 SYSTEMPATH\Boot.php(68): CodeIgniter\Boot::runCodeIgniter(Object(CodeIgniter\CodeIgniter))
11 FCPATH\index.php(59): CodeIgniter\Boot::bootWeb(Object(Config\Paths))
CRITICAL - 2025-11-28 14:45:31 --> [Caused by] mysqli_sql_exception: Duplicate entry '0' for key 'PRIMARY'
in SYSTEMPATH\Database\MySQLi\Connection.php on line 327.
 1 SYSTEMPATH\Database\MySQLi\Connection.php(327): mysqli->query('INSERT INTO `comments` (`parent_id`, `product_id`, `user_id`, `name`, `email`, `comment`, `status`, `ip_address`, `created_at`) VALUES (0, 48, \'1\', \'induco solutions\', \'praveen@inducosolutions.com\', \'sda\', 1, \'::1\', \'2025-11-28 14:45:31\')', 0)
 2 SYSTEMPATH\Database\BaseConnection.php(729): CodeIgniter\Database\MySQLi\Connection->execute('INSERT INTO `comments` (`parent_id`, `product_id`, `user_id`, `name`, `email`, `comment`, `status`, `ip_address`, `created_at`) VALUES (0, 48, \'1\', \'induco solutions\', \'praveen@inducosolutions.com\', \'sda\', 1, \'::1\', \'2025-11-28 14:45:31\')')
 3 SYSTEMPATH\Database\BaseConnection.php(646): CodeIgniter\Database\BaseConnection->simpleQuery('INSERT INTO `comments` (`parent_id`, `product_id`, `user_id`, `name`, `email`, `comment`, `status`, `ip_address`, `created_at`) VALUES (0, 48, \'1\', \'induco solutions\', \'praveen@inducosolutions.com\', \'sda\', 1, \'::1\', \'2025-11-28 14:45:31\')')
 4 SYSTEMPATH\Database\BaseBuilder.php(2345): CodeIgniter\Database\BaseConnection->query('INSERT INTO `comments` (`parent_id`, `product_id`, `user_id`, `name`, `email`, `comment`, `status`, `ip_address`, `created_at`) VALUES (:parent_id:, :product_id:, :user_id:, :name:, :email:, :comment:, :status:, :ip_address:, :created_at:)', [...], false)
 5 APPPATH\Models\CommonModel.php(704): CodeIgniter\Database\BaseBuilder->insert([...])
 6 APPPATH\Controllers\AjaxController.php(547): App\Models\CommonModel->addComment()
 7 SYSTEMPATH\CodeIgniter.php(933): App\Controllers\AjaxController->addComment()
 8 SYSTEMPATH\CodeIgniter.php(507): CodeIgniter\CodeIgniter->runController(Object(App\Controllers\AjaxController))
 9 SYSTEMPATH\CodeIgniter.php(354): CodeIgniter\CodeIgniter->handleRequest(null, Object(Config\Cache), false)
10 SYSTEMPATH\Boot.php(363): CodeIgniter\CodeIgniter->run()
11 SYSTEMPATH\Boot.php(68): CodeIgniter\Boot::runCodeIgniter(Object(CodeIgniter\CodeIgniter))
12 FCPATH\index.php(59): CodeIgniter\Boot::bootWeb(Object(Config\Paths))
ERROR - 2025-11-28 14:45:43 --> mysqli_sql_exception: Duplicate entry '0' for key 'PRIMARY' in F:\xampp\htdocs\modesy-2.6.2\system\Database\MySQLi\Connection.php:327
Stack trace:
#0 F:\xampp\htdocs\modesy-2.6.2\system\Database\MySQLi\Connection.php(327): mysqli->query('INSERT INTO `co...', 0)
#1 F:\xampp\htdocs\modesy-2.6.2\system\Database\BaseConnection.php(729): CodeIgniter\Database\MySQLi\Connection->execute('INSERT INTO `co...')
#2 F:\xampp\htdocs\modesy-2.6.2\system\Database\BaseConnection.php(646): CodeIgniter\Database\BaseConnection->simpleQuery('INSERT INTO `co...')
#3 F:\xampp\htdocs\modesy-2.6.2\system\Database\BaseBuilder.php(2345): CodeIgniter\Database\BaseConnection->query('INSERT INTO `co...', Array, false)
#4 F:\xampp\htdocs\modesy-2.6.2\app\Models\CommonModel.php(704): CodeIgniter\Database\BaseBuilder->insert(Array)
#5 F:\xampp\htdocs\modesy-2.6.2\app\Controllers\AjaxController.php(547): App\Models\CommonModel->addComment()
#6 F:\xampp\htdocs\modesy-2.6.2\system\CodeIgniter.php(933): App\Controllers\AjaxController->addComment()
#7 F:\xampp\htdocs\modesy-2.6.2\system\CodeIgniter.php(507): CodeIgniter\CodeIgniter->runController(Object(App\Controllers\AjaxController))
#8 F:\xampp\htdocs\modesy-2.6.2\system\CodeIgniter.php(354): CodeIgniter\CodeIgniter->handleRequest(NULL, Object(Config\Cache), false)
#9 F:\xampp\htdocs\modesy-2.6.2\system\Boot.php(363): CodeIgniter\CodeIgniter->run()
#10 F:\xampp\htdocs\modesy-2.6.2\system\Boot.php(68): CodeIgniter\Boot::runCodeIgniter(Object(CodeIgniter\CodeIgniter))
#11 F:\xampp\htdocs\modesy-2.6.2\index.php(59): CodeIgniter\Boot::bootWeb(Object(Config\Paths))
#12 {main}
CRITICAL - 2025-11-28 14:45:43 --> CodeIgniter\Database\Exceptions\DatabaseException: Duplicate entry '0' for key 'PRIMARY'
[Method: POST, Route: Ajax/addComment]
in SYSTEMPATH\Database\BaseConnection.php on line 684.
 1 SYSTEMPATH\Database\BaseBuilder.php(2345): CodeIgniter\Database\BaseConnection->query('INSERT INTO `comments` (`parent_id`, `product_id`, `user_id`, `name`, `email`, `comment`, `status`, `ip_address`, `created_at`) VALUES (:parent_id:, :product_id:, :user_id:, :name:, :email:, :comment:, :status:, :ip_address:, :created_at:)', [...], false)
 2 APPPATH\Models\CommonModel.php(704): CodeIgniter\Database\BaseBuilder->insert([...])
 3 APPPATH\Controllers\AjaxController.php(547): App\Models\CommonModel->addComment()
 4 SYSTEMPATH\CodeIgniter.php(933): App\Controllers\AjaxController->addComment()
 5 SYSTEMPATH\CodeIgniter.php(507): CodeIgniter\CodeIgniter->runController(Object(App\Controllers\AjaxController))
 6 SYSTEMPATH\CodeIgniter.php(354): CodeIgniter\CodeIgniter->handleRequest(null, Object(Config\Cache), false)
 7 SYSTEMPATH\Boot.php(363): CodeIgniter\CodeIgniter->run()
 8 SYSTEMPATH\Boot.php(68): CodeIgniter\Boot::runCodeIgniter(Object(CodeIgniter\CodeIgniter))
 9 FCPATH\index.php(59): CodeIgniter\Boot::bootWeb(Object(Config\Paths))
CRITICAL - 2025-11-28 14:45:43 --> [Caused by] CodeIgniter\Database\Exceptions\DatabaseException: Duplicate entry '0' for key 'PRIMARY'
in SYSTEMPATH\Database\MySQLi\Connection.php on line 332.
 1 SYSTEMPATH\Database\BaseConnection.php(729): CodeIgniter\Database\MySQLi\Connection->execute('INSERT INTO `comments` (`parent_id`, `product_id`, `user_id`, `name`, `email`, `comment`, `status`, `ip_address`, `created_at`) VALUES (0, 48, \'1\', \'induco solutions\', \'praveen@inducosolutions.com\', \'sda\', 1, \'::1\', \'2025-11-28 14:45:43\')')
 2 SYSTEMPATH\Database\BaseConnection.php(646): CodeIgniter\Database\BaseConnection->simpleQuery('INSERT INTO `comments` (`parent_id`, `product_id`, `user_id`, `name`, `email`, `comment`, `status`, `ip_address`, `created_at`) VALUES (0, 48, \'1\', \'induco solutions\', \'praveen@inducosolutions.com\', \'sda\', 1, \'::1\', \'2025-11-28 14:45:43\')')
 3 SYSTEMPATH\Database\BaseBuilder.php(2345): CodeIgniter\Database\BaseConnection->query('INSERT INTO `comments` (`parent_id`, `product_id`, `user_id`, `name`, `email`, `comment`, `status`, `ip_address`, `created_at`) VALUES (:parent_id:, :product_id:, :user_id:, :name:, :email:, :comment:, :status:, :ip_address:, :created_at:)', [...], false)
 4 APPPATH\Models\CommonModel.php(704): CodeIgniter\Database\BaseBuilder->insert([...])
 5 APPPATH\Controllers\AjaxController.php(547): App\Models\CommonModel->addComment()
 6 SYSTEMPATH\CodeIgniter.php(933): App\Controllers\AjaxController->addComment()
 7 SYSTEMPATH\CodeIgniter.php(507): CodeIgniter\CodeIgniter->runController(Object(App\Controllers\AjaxController))
 8 SYSTEMPATH\CodeIgniter.php(354): CodeIgniter\CodeIgniter->handleRequest(null, Object(Config\Cache), false)
 9 SYSTEMPATH\Boot.php(363): CodeIgniter\CodeIgniter->run()
10 SYSTEMPATH\Boot.php(68): CodeIgniter\Boot::runCodeIgniter(Object(CodeIgniter\CodeIgniter))
11 FCPATH\index.php(59): CodeIgniter\Boot::bootWeb(Object(Config\Paths))
CRITICAL - 2025-11-28 14:45:43 --> [Caused by] mysqli_sql_exception: Duplicate entry '0' for key 'PRIMARY'
in SYSTEMPATH\Database\MySQLi\Connection.php on line 327.
 1 SYSTEMPATH\Database\MySQLi\Connection.php(327): mysqli->query('INSERT INTO `comments` (`parent_id`, `product_id`, `user_id`, `name`, `email`, `comment`, `status`, `ip_address`, `created_at`) VALUES (0, 48, \'1\', \'induco solutions\', \'praveen@inducosolutions.com\', \'sda\', 1, \'::1\', \'2025-11-28 14:45:43\')', 0)
 2 SYSTEMPATH\Database\BaseConnection.php(729): CodeIgniter\Database\MySQLi\Connection->execute('INSERT INTO `comments` (`parent_id`, `product_id`, `user_id`, `name`, `email`, `comment`, `status`, `ip_address`, `created_at`) VALUES (0, 48, \'1\', \'induco solutions\', \'praveen@inducosolutions.com\', \'sda\', 1, \'::1\', \'2025-11-28 14:45:43\')')
 3 SYSTEMPATH\Database\BaseConnection.php(646): CodeIgniter\Database\BaseConnection->simpleQuery('INSERT INTO `comments` (`parent_id`, `product_id`, `user_id`, `name`, `email`, `comment`, `status`, `ip_address`, `created_at`) VALUES (0, 48, \'1\', \'induco solutions\', \'praveen@inducosolutions.com\', \'sda\', 1, \'::1\', \'2025-11-28 14:45:43\')')
 4 SYSTEMPATH\Database\BaseBuilder.php(2345): CodeIgniter\Database\BaseConnection->query('INSERT INTO `comments` (`parent_id`, `product_id`, `user_id`, `name`, `email`, `comment`, `status`, `ip_address`, `created_at`) VALUES (:parent_id:, :product_id:, :user_id:, :name:, :email:, :comment:, :status:, :ip_address:, :created_at:)', [...], false)
 5 APPPATH\Models\CommonModel.php(704): CodeIgniter\Database\BaseBuilder->insert([...])
 6 APPPATH\Controllers\AjaxController.php(547): App\Models\CommonModel->addComment()
 7 SYSTEMPATH\CodeIgniter.php(933): App\Controllers\AjaxController->addComment()
 8 SYSTEMPATH\CodeIgniter.php(507): CodeIgniter\CodeIgniter->runController(Object(App\Controllers\AjaxController))
 9 SYSTEMPATH\CodeIgniter.php(354): CodeIgniter\CodeIgniter->handleRequest(null, Object(Config\Cache), false)
10 SYSTEMPATH\Boot.php(363): CodeIgniter\CodeIgniter->run()
11 SYSTEMPATH\Boot.php(68): CodeIgniter\Boot::runCodeIgniter(Object(CodeIgniter\CodeIgniter))
12 FCPATH\index.php(59): CodeIgniter\Boot::bootWeb(Object(Config\Paths))
ERROR - 2025-11-28 15:29:32 --> optimizeImage() failed for uploads/temp/temp_69297284c32284-10107345.png: GD PHP extension must be installed to use this driver.
ERROR - 2025-11-28 15:29:32 --> optimizeImage() failed for uploads/temp/temp_69297284c32284-10107345.png: GD PHP extension must be installed to use this driver.
ERROR - 2025-11-28 15:29:32 --> optimizeImage() failed for uploads/temp/temp_69297284c32284-10107345.png: GD PHP extension must be installed to use this driver.
ERROR - 2025-11-28 15:30:43 --> optimizeImage() failed for uploads/temp/temp_692972cb4c42b7-12588842.jpg: GD PHP extension must be installed to use this driver.
ERROR - 2025-11-28 15:30:43 --> optimizeImage() failed for uploads/temp/temp_692972cb4c42b7-12588842.jpg: GD PHP extension must be installed to use this driver.
ERROR - 2025-11-28 15:30:43 --> optimizeImage() failed for uploads/temp/temp_692972cb4c42b7-12588842.jpg: GD PHP extension must be installed to use this driver.
ERROR - 2025-11-28 15:31:13 --> moveToStorage() failed: copy(): The first argument to copy() function cannot be a directory
ERROR - 2025-11-28 15:31:13 --> moveToStorage() failed: copy(): The first argument to copy() function cannot be a directory
ERROR - 2025-11-28 15:31:13 --> moveToStorage() failed: copy(): The first argument to copy() function cannot be a directory
ERROR - 2025-11-28 15:35:14 --> mysqli_sql_exception: Duplicate entry '0' for key 'PRIMARY' in F:\xampp\htdocs\modesy-2.6.2\system\Database\MySQLi\Connection.php:327
Stack trace:
#0 F:\xampp\htdocs\modesy-2.6.2\system\Database\MySQLi\Connection.php(327): mysqli->query('INSERT INTO `pr...', 0)
#1 F:\xampp\htdocs\modesy-2.6.2\system\Database\BaseConnection.php(729): CodeIgniter\Database\MySQLi\Connection->execute('INSERT INTO `pr...')
#2 F:\xampp\htdocs\modesy-2.6.2\system\Database\BaseConnection.php(646): CodeIgniter\Database\BaseConnection->simpleQuery('INSERT INTO `pr...')
#3 F:\xampp\htdocs\modesy-2.6.2\system\Database\BaseBuilder.php(2345): CodeIgniter\Database\BaseConnection->query('INSERT INTO `pr...', Array, false)
#4 F:\xampp\htdocs\modesy-2.6.2\app\Models\ProductOptionsModel.php(354): CodeIgniter\Database\BaseBuilder->insert(Array)
#5 F:\xampp\htdocs\modesy-2.6.2\app\Models\ProductOptionsModel.php(202): App\Models\ProductOptionsModel->processProductVariants(67, Array, Array, Array, Array)
#6 F:\xampp\htdocs\modesy-2.6.2\app\Controllers\DashboardController.php(329): App\Models\ProductOptionsModel->saveProductOptionsData(67, Array, Array)
#7 F:\xampp\htdocs\modesy-2.6.2\system\CodeIgniter.php(933): App\Controllers\DashboardController->editProductDetailsPost()
#8 F:\xampp\htdocs\modesy-2.6.2\system\CodeIgniter.php(507): CodeIgniter\CodeIgniter->runController(Object(App\Controllers\DashboardController))
#9 F:\xampp\htdocs\modesy-2.6.2\system\CodeIgniter.php(354): CodeIgniter\CodeIgniter->handleRequest(NULL, Object(Config\Cache), false)
#10 F:\xampp\htdocs\modesy-2.6.2\system\Boot.php(363): CodeIgniter\CodeIgniter->run()
#11 F:\xampp\htdocs\modesy-2.6.2\system\Boot.php(68): CodeIgniter\Boot::runCodeIgniter(Object(CodeIgniter\CodeIgniter))
#12 F:\xampp\htdocs\modesy-2.6.2\index.php(59): CodeIgniter\Boot::bootWeb(Object(Config\Paths))
#13 {main}
ERROR - 2025-11-28 15:35:14 --> mysqli_sql_exception: Duplicate entry '0' for key 'PRIMARY' in F:\xampp\htdocs\modesy-2.6.2\system\Database\MySQLi\Connection.php:327
Stack trace:
#0 F:\xampp\htdocs\modesy-2.6.2\system\Database\MySQLi\Connection.php(327): mysqli->query('INSERT INTO `pr...', 0)
#1 F:\xampp\htdocs\modesy-2.6.2\system\Database\BaseConnection.php(729): CodeIgniter\Database\MySQLi\Connection->execute('INSERT INTO `pr...')
#2 F:\xampp\htdocs\modesy-2.6.2\system\Database\BaseConnection.php(646): CodeIgniter\Database\BaseConnection->simpleQuery('INSERT INTO `pr...')
#3 F:\xampp\htdocs\modesy-2.6.2\system\Database\BaseBuilder.php(2345): CodeIgniter\Database\BaseConnection->query('INSERT INTO `pr...', Array, false)
#4 F:\xampp\htdocs\modesy-2.6.2\app\Models\ProductOptionsModel.php(354): CodeIgniter\Database\BaseBuilder->insert(Array)
#5 F:\xampp\htdocs\modesy-2.6.2\app\Models\ProductOptionsModel.php(202): App\Models\ProductOptionsModel->processProductVariants(67, Array, Array, Array, Array)
#6 F:\xampp\htdocs\modesy-2.6.2\app\Controllers\DashboardController.php(329): App\Models\ProductOptionsModel->saveProductOptionsData(67, Array, Array)
#7 F:\xampp\htdocs\modesy-2.6.2\system\CodeIgniter.php(933): App\Controllers\DashboardController->editProductDetailsPost()
#8 F:\xampp\htdocs\modesy-2.6.2\system\CodeIgniter.php(507): CodeIgniter\CodeIgniter->runController(Object(App\Controllers\DashboardController))
#9 F:\xampp\htdocs\modesy-2.6.2\system\CodeIgniter.php(354): CodeIgniter\CodeIgniter->handleRequest(NULL, Object(Config\Cache), false)
#10 F:\xampp\htdocs\modesy-2.6.2\system\Boot.php(363): CodeIgniter\CodeIgniter->run()
#11 F:\xampp\htdocs\modesy-2.6.2\system\Boot.php(68): CodeIgniter\Boot::runCodeIgniter(Object(CodeIgniter\CodeIgniter))
#12 F:\xampp\htdocs\modesy-2.6.2\index.php(59): CodeIgniter\Boot::bootWeb(Object(Config\Paths))
#13 {main}
ERROR - 2025-11-28 15:36:49 --> optimizeImage() failed for uploads/temp/temp_69297439dd6cf1-44349748.jpg: GD PHP extension must be installed to use this driver.
ERROR - 2025-11-28 15:36:49 --> optimizeImage() failed for uploads/temp/temp_69297439dd6cf1-44349748.jpg: GD PHP extension must be installed to use this driver.
ERROR - 2025-11-28 15:36:49 --> optimizeImage() failed for uploads/temp/temp_69297439dd6cf1-44349748.jpg: GD PHP extension must be installed to use this driver.
ERROR - 2025-11-28 15:36:59 --> moveToStorage() failed: copy(): The first argument to copy() function cannot be a directory
ERROR - 2025-11-28 15:36:59 --> moveToStorage() failed: copy(): The first argument to copy() function cannot be a directory
ERROR - 2025-11-28 15:36:59 --> moveToStorage() failed: copy(): The first argument to copy() function cannot be a directory
ERROR - 2025-11-28 15:40:30 --> mysqli_sql_exception: Duplicate entry '0' for key 'PRIMARY' in F:\xampp\htdocs\modesy-2.6.2\system\Database\MySQLi\Connection.php:327
Stack trace:
#0 F:\xampp\htdocs\modesy-2.6.2\system\Database\MySQLi\Connection.php(327): mysqli->query('INSERT INTO `pr...', 0)
#1 F:\xampp\htdocs\modesy-2.6.2\system\Database\BaseConnection.php(729): CodeIgniter\Database\MySQLi\Connection->execute('INSERT INTO `pr...')
#2 F:\xampp\htdocs\modesy-2.6.2\system\Database\BaseConnection.php(646): CodeIgniter\Database\BaseConnection->simpleQuery('INSERT INTO `pr...')
#3 F:\xampp\htdocs\modesy-2.6.2\system\Database\BaseBuilder.php(2345): CodeIgniter\Database\BaseConnection->query('INSERT INTO `pr...', Array, false)
#4 F:\xampp\htdocs\modesy-2.6.2\app\Models\ProductOptionsModel.php(354): CodeIgniter\Database\BaseBuilder->insert(Array)
#5 F:\xampp\htdocs\modesy-2.6.2\app\Models\ProductOptionsModel.php(202): App\Models\ProductOptionsModel->processProductVariants(67, Array, Array, Array, Array)
#6 F:\xampp\htdocs\modesy-2.6.2\app\Controllers\DashboardController.php(329): App\Models\ProductOptionsModel->saveProductOptionsData(67, Array, Array)
#7 F:\xampp\htdocs\modesy-2.6.2\system\CodeIgniter.php(933): App\Controllers\DashboardController->editProductDetailsPost()
#8 F:\xampp\htdocs\modesy-2.6.2\system\CodeIgniter.php(507): CodeIgniter\CodeIgniter->runController(Object(App\Controllers\DashboardController))
#9 F:\xampp\htdocs\modesy-2.6.2\system\CodeIgniter.php(354): CodeIgniter\CodeIgniter->handleRequest(NULL, Object(Config\Cache), false)
#10 F:\xampp\htdocs\modesy-2.6.2\system\Boot.php(363): CodeIgniter\CodeIgniter->run()
#11 F:\xampp\htdocs\modesy-2.6.2\system\Boot.php(68): CodeIgniter\Boot::runCodeIgniter(Object(CodeIgniter\CodeIgniter))
#12 F:\xampp\htdocs\modesy-2.6.2\index.php(59): CodeIgniter\Boot::bootWeb(Object(Config\Paths))
#13 {main}
ERROR - 2025-11-28 15:40:30 --> mysqli_sql_exception: Duplicate entry '0' for key 'PRIMARY' in F:\xampp\htdocs\modesy-2.6.2\system\Database\MySQLi\Connection.php:327
Stack trace:
#0 F:\xampp\htdocs\modesy-2.6.2\system\Database\MySQLi\Connection.php(327): mysqli->query('INSERT INTO `pr...', 0)
#1 F:\xampp\htdocs\modesy-2.6.2\system\Database\BaseConnection.php(729): CodeIgniter\Database\MySQLi\Connection->execute('INSERT INTO `pr...')
#2 F:\xampp\htdocs\modesy-2.6.2\system\Database\BaseConnection.php(646): CodeIgniter\Database\BaseConnection->simpleQuery('INSERT INTO `pr...')
#3 F:\xampp\htdocs\modesy-2.6.2\system\Database\BaseBuilder.php(2345): CodeIgniter\Database\BaseConnection->query('INSERT INTO `pr...', Array, false)
#4 F:\xampp\htdocs\modesy-2.6.2\app\Models\ProductOptionsModel.php(354): CodeIgniter\Database\BaseBuilder->insert(Array)
#5 F:\xampp\htdocs\modesy-2.6.2\app\Models\ProductOptionsModel.php(202): App\Models\ProductOptionsModel->processProductVariants(67, Array, Array, Array, Array)
#6 F:\xampp\htdocs\modesy-2.6.2\app\Controllers\DashboardController.php(329): App\Models\ProductOptionsModel->saveProductOptionsData(67, Array, Array)
#7 F:\xampp\htdocs\modesy-2.6.2\system\CodeIgniter.php(933): App\Controllers\DashboardController->editProductDetailsPost()
#8 F:\xampp\htdocs\modesy-2.6.2\system\CodeIgniter.php(507): CodeIgniter\CodeIgniter->runController(Object(App\Controllers\DashboardController))
#9 F:\xampp\htdocs\modesy-2.6.2\system\CodeIgniter.php(354): CodeIgniter\CodeIgniter->handleRequest(NULL, Object(Config\Cache), false)
#10 F:\xampp\htdocs\modesy-2.6.2\system\Boot.php(363): CodeIgniter\CodeIgniter->run()
#11 F:\xampp\htdocs\modesy-2.6.2\system\Boot.php(68): CodeIgniter\Boot::runCodeIgniter(Object(CodeIgniter\CodeIgniter))
#12 F:\xampp\htdocs\modesy-2.6.2\index.php(59): CodeIgniter\Boot::bootWeb(Object(Config\Paths))
#13 {main}
ERROR - 2025-11-28 15:41:19 --> mysqli_sql_exception: Duplicate entry '0' for key 'PRIMARY' in F:\xampp\htdocs\modesy-2.6.2\system\Database\MySQLi\Connection.php:327
Stack trace:
#0 F:\xampp\htdocs\modesy-2.6.2\system\Database\MySQLi\Connection.php(327): mysqli->query('INSERT INTO `pr...', 0)
#1 F:\xampp\htdocs\modesy-2.6.2\system\Database\BaseConnection.php(729): CodeIgniter\Database\MySQLi\Connection->execute('INSERT INTO `pr...')
#2 F:\xampp\htdocs\modesy-2.6.2\system\Database\BaseConnection.php(646): CodeIgniter\Database\BaseConnection->simpleQuery('INSERT INTO `pr...')
#3 F:\xampp\htdocs\modesy-2.6.2\system\Database\BaseBuilder.php(2345): CodeIgniter\Database\BaseConnection->query('INSERT INTO `pr...', Array, false)
#4 F:\xampp\htdocs\modesy-2.6.2\app\Models\ProductOptionsModel.php(354): CodeIgniter\Database\BaseBuilder->insert(Array)
#5 F:\xampp\htdocs\modesy-2.6.2\app\Models\ProductOptionsModel.php(202): App\Models\ProductOptionsModel->processProductVariants(67, Array, Array, Array, Array)
#6 F:\xampp\htdocs\modesy-2.6.2\app\Controllers\DashboardController.php(329): App\Models\ProductOptionsModel->saveProductOptionsData(67, Array, Array)
#7 F:\xampp\htdocs\modesy-2.6.2\system\CodeIgniter.php(933): App\Controllers\DashboardController->editProductDetailsPost()
#8 F:\xampp\htdocs\modesy-2.6.2\system\CodeIgniter.php(507): CodeIgniter\CodeIgniter->runController(Object(App\Controllers\DashboardController))
#9 F:\xampp\htdocs\modesy-2.6.2\system\CodeIgniter.php(354): CodeIgniter\CodeIgniter->handleRequest(NULL, Object(Config\Cache), false)
#10 F:\xampp\htdocs\modesy-2.6.2\system\Boot.php(363): CodeIgniter\CodeIgniter->run()
#11 F:\xampp\htdocs\modesy-2.6.2\system\Boot.php(68): CodeIgniter\Boot::runCodeIgniter(Object(CodeIgniter\CodeIgniter))
#12 F:\xampp\htdocs\modesy-2.6.2\index.php(59): CodeIgniter\Boot::bootWeb(Object(Config\Paths))
#13 {main}
ERROR - 2025-11-28 15:41:19 --> mysqli_sql_exception: Duplicate entry '0' for key 'PRIMARY' in F:\xampp\htdocs\modesy-2.6.2\system\Database\MySQLi\Connection.php:327
Stack trace:
#0 F:\xampp\htdocs\modesy-2.6.2\system\Database\MySQLi\Connection.php(327): mysqli->query('INSERT INTO `pr...', 0)
#1 F:\xampp\htdocs\modesy-2.6.2\system\Database\BaseConnection.php(729): CodeIgniter\Database\MySQLi\Connection->execute('INSERT INTO `pr...')
#2 F:\xampp\htdocs\modesy-2.6.2\system\Database\BaseConnection.php(646): CodeIgniter\Database\BaseConnection->simpleQuery('INSERT INTO `pr...')
#3 F:\xampp\htdocs\modesy-2.6.2\system\Database\BaseBuilder.php(2345): CodeIgniter\Database\BaseConnection->query('INSERT INTO `pr...', Array, false)
#4 F:\xampp\htdocs\modesy-2.6.2\app\Models\ProductOptionsModel.php(354): CodeIgniter\Database\BaseBuilder->insert(Array)
#5 F:\xampp\htdocs\modesy-2.6.2\app\Models\ProductOptionsModel.php(202): App\Models\ProductOptionsModel->processProductVariants(67, Array, Array, Array, Array)
#6 F:\xampp\htdocs\modesy-2.6.2\app\Controllers\DashboardController.php(329): App\Models\ProductOptionsModel->saveProductOptionsData(67, Array, Array)
#7 F:\xampp\htdocs\modesy-2.6.2\system\CodeIgniter.php(933): App\Controllers\DashboardController->editProductDetailsPost()
#8 F:\xampp\htdocs\modesy-2.6.2\system\CodeIgniter.php(507): CodeIgniter\CodeIgniter->runController(Object(App\Controllers\DashboardController))
#9 F:\xampp\htdocs\modesy-2.6.2\system\CodeIgniter.php(354): CodeIgniter\CodeIgniter->handleRequest(NULL, Object(Config\Cache), false)
#10 F:\xampp\htdocs\modesy-2.6.2\system\Boot.php(363): CodeIgniter\CodeIgniter->run()
#11 F:\xampp\htdocs\modesy-2.6.2\system\Boot.php(68): CodeIgniter\Boot::runCodeIgniter(Object(CodeIgniter\CodeIgniter))
#12 F:\xampp\htdocs\modesy-2.6.2\index.php(59): CodeIgniter\Boot::bootWeb(Object(Config\Paths))
#13 {main}
ERROR - 2025-11-28 15:41:51 --> mysqli_sql_exception: Duplicate entry '0' for key 'PRIMARY' in F:\xampp\htdocs\modesy-2.6.2\system\Database\MySQLi\Connection.php:327
Stack trace:
#0 F:\xampp\htdocs\modesy-2.6.2\system\Database\MySQLi\Connection.php(327): mysqli->query('INSERT INTO `pr...', 0)
#1 F:\xampp\htdocs\modesy-2.6.2\system\Database\BaseConnection.php(729): CodeIgniter\Database\MySQLi\Connection->execute('INSERT INTO `pr...')
#2 F:\xampp\htdocs\modesy-2.6.2\system\Database\BaseConnection.php(646): CodeIgniter\Database\BaseConnection->simpleQuery('INSERT INTO `pr...')
#3 F:\xampp\htdocs\modesy-2.6.2\system\Database\BaseBuilder.php(2345): CodeIgniter\Database\BaseConnection->query('INSERT INTO `pr...', Array, false)
#4 F:\xampp\htdocs\modesy-2.6.2\app\Models\ProductOptionsModel.php(354): CodeIgniter\Database\BaseBuilder->insert(Array)
#5 F:\xampp\htdocs\modesy-2.6.2\app\Models\ProductOptionsModel.php(202): App\Models\ProductOptionsModel->processProductVariants(67, Array, Array, Array, Array)
#6 F:\xampp\htdocs\modesy-2.6.2\app\Controllers\DashboardController.php(329): App\Models\ProductOptionsModel->saveProductOptionsData(67, Array, Array)
#7 F:\xampp\htdocs\modesy-2.6.2\system\CodeIgniter.php(933): App\Controllers\DashboardController->editProductDetailsPost()
#8 F:\xampp\htdocs\modesy-2.6.2\system\CodeIgniter.php(507): CodeIgniter\CodeIgniter->runController(Object(App\Controllers\DashboardController))
#9 F:\xampp\htdocs\modesy-2.6.2\system\CodeIgniter.php(354): CodeIgniter\CodeIgniter->handleRequest(NULL, Object(Config\Cache), false)
#10 F:\xampp\htdocs\modesy-2.6.2\system\Boot.php(363): CodeIgniter\CodeIgniter->run()
#11 F:\xampp\htdocs\modesy-2.6.2\system\Boot.php(68): CodeIgniter\Boot::runCodeIgniter(Object(CodeIgniter\CodeIgniter))
#12 F:\xampp\htdocs\modesy-2.6.2\index.php(59): CodeIgniter\Boot::bootWeb(Object(Config\Paths))
#13 {main}
ERROR - 2025-11-28 15:41:51 --> mysqli_sql_exception: Duplicate entry '0' for key 'PRIMARY' in F:\xampp\htdocs\modesy-2.6.2\system\Database\MySQLi\Connection.php:327
Stack trace:
#0 F:\xampp\htdocs\modesy-2.6.2\system\Database\MySQLi\Connection.php(327): mysqli->query('INSERT INTO `pr...', 0)
#1 F:\xampp\htdocs\modesy-2.6.2\system\Database\BaseConnection.php(729): CodeIgniter\Database\MySQLi\Connection->execute('INSERT INTO `pr...')
#2 F:\xampp\htdocs\modesy-2.6.2\system\Database\BaseConnection.php(646): CodeIgniter\Database\BaseConnection->simpleQuery('INSERT INTO `pr...')
#3 F:\xampp\htdocs\modesy-2.6.2\system\Database\BaseBuilder.php(2345): CodeIgniter\Database\BaseConnection->query('INSERT INTO `pr...', Array, false)
#4 F:\xampp\htdocs\modesy-2.6.2\app\Models\ProductOptionsModel.php(354): CodeIgniter\Database\BaseBuilder->insert(Array)
#5 F:\xampp\htdocs\modesy-2.6.2\app\Models\ProductOptionsModel.php(202): App\Models\ProductOptionsModel->processProductVariants(67, Array, Array, Array, Array)
#6 F:\xampp\htdocs\modesy-2.6.2\app\Controllers\DashboardController.php(329): App\Models\ProductOptionsModel->saveProductOptionsData(67, Array, Array)
#7 F:\xampp\htdocs\modesy-2.6.2\system\CodeIgniter.php(933): App\Controllers\DashboardController->editProductDetailsPost()
#8 F:\xampp\htdocs\modesy-2.6.2\system\CodeIgniter.php(507): CodeIgniter\CodeIgniter->runController(Object(App\Controllers\DashboardController))
#9 F:\xampp\htdocs\modesy-2.6.2\system\CodeIgniter.php(354): CodeIgniter\CodeIgniter->handleRequest(NULL, Object(Config\Cache), false)
#10 F:\xampp\htdocs\modesy-2.6.2\system\Boot.php(363): CodeIgniter\CodeIgniter->run()
#11 F:\xampp\htdocs\modesy-2.6.2\system\Boot.php(68): CodeIgniter\Boot::runCodeIgniter(Object(CodeIgniter\CodeIgniter))
#12 F:\xampp\htdocs\modesy-2.6.2\index.php(59): CodeIgniter\Boot::bootWeb(Object(Config\Paths))
#13 {main}
ERROR - 2025-11-28 15:42:38 --> mysqli_sql_exception: Duplicate entry '0' for key 'PRIMARY' in F:\xampp\htdocs\modesy-2.6.2\system\Database\MySQLi\Connection.php:327
Stack trace:
#0 F:\xampp\htdocs\modesy-2.6.2\system\Database\MySQLi\Connection.php(327): mysqli->query('INSERT INTO `pr...', 0)
#1 F:\xampp\htdocs\modesy-2.6.2\system\Database\BaseConnection.php(729): CodeIgniter\Database\MySQLi\Connection->execute('INSERT INTO `pr...')
#2 F:\xampp\htdocs\modesy-2.6.2\system\Database\BaseConnection.php(646): CodeIgniter\Database\BaseConnection->simpleQuery('INSERT INTO `pr...')
#3 F:\xampp\htdocs\modesy-2.6.2\system\Database\BaseBuilder.php(2345): CodeIgniter\Database\BaseConnection->query('INSERT INTO `pr...', Array, false)
#4 F:\xampp\htdocs\modesy-2.6.2\app\Models\ProductOptionsModel.php(354): CodeIgniter\Database\BaseBuilder->insert(Array)
#5 F:\xampp\htdocs\modesy-2.6.2\app\Models\ProductOptionsModel.php(202): App\Models\ProductOptionsModel->processProductVariants(67, Array, Array, Array, Array)
#6 F:\xampp\htdocs\modesy-2.6.2\app\Controllers\DashboardController.php(329): App\Models\ProductOptionsModel->saveProductOptionsData(67, Array, Array)
#7 F:\xampp\htdocs\modesy-2.6.2\system\CodeIgniter.php(933): App\Controllers\DashboardController->editProductDetailsPost()
#8 F:\xampp\htdocs\modesy-2.6.2\system\CodeIgniter.php(507): CodeIgniter\CodeIgniter->runController(Object(App\Controllers\DashboardController))
#9 F:\xampp\htdocs\modesy-2.6.2\system\CodeIgniter.php(354): CodeIgniter\CodeIgniter->handleRequest(NULL, Object(Config\Cache), false)
#10 F:\xampp\htdocs\modesy-2.6.2\system\Boot.php(363): CodeIgniter\CodeIgniter->run()
#11 F:\xampp\htdocs\modesy-2.6.2\system\Boot.php(68): CodeIgniter\Boot::runCodeIgniter(Object(CodeIgniter\CodeIgniter))
#12 F:\xampp\htdocs\modesy-2.6.2\index.php(59): CodeIgniter\Boot::bootWeb(Object(Config\Paths))
#13 {main}
ERROR - 2025-11-28 15:42:38 --> mysqli_sql_exception: Duplicate entry '0' for key 'PRIMARY' in F:\xampp\htdocs\modesy-2.6.2\system\Database\MySQLi\Connection.php:327
Stack trace:
#0 F:\xampp\htdocs\modesy-2.6.2\system\Database\MySQLi\Connection.php(327): mysqli->query('INSERT INTO `pr...', 0)
#1 F:\xampp\htdocs\modesy-2.6.2\system\Database\BaseConnection.php(729): CodeIgniter\Database\MySQLi\Connection->execute('INSERT INTO `pr...')
#2 F:\xampp\htdocs\modesy-2.6.2\system\Database\BaseConnection.php(646): CodeIgniter\Database\BaseConnection->simpleQuery('INSERT INTO `pr...')
#3 F:\xampp\htdocs\modesy-2.6.2\system\Database\BaseBuilder.php(2345): CodeIgniter\Database\BaseConnection->query('INSERT INTO `pr...', Array, false)
#4 F:\xampp\htdocs\modesy-2.6.2\app\Models\ProductOptionsModel.php(354): CodeIgniter\Database\BaseBuilder->insert(Array)
#5 F:\xampp\htdocs\modesy-2.6.2\app\Models\ProductOptionsModel.php(202): App\Models\ProductOptionsModel->processProductVariants(67, Array, Array, Array, Array)
#6 F:\xampp\htdocs\modesy-2.6.2\app\Controllers\DashboardController.php(329): App\Models\ProductOptionsModel->saveProductOptionsData(67, Array, Array)
#7 F:\xampp\htdocs\modesy-2.6.2\system\CodeIgniter.php(933): App\Controllers\DashboardController->editProductDetailsPost()
#8 F:\xampp\htdocs\modesy-2.6.2\system\CodeIgniter.php(507): CodeIgniter\CodeIgniter->runController(Object(App\Controllers\DashboardController))
#9 F:\xampp\htdocs\modesy-2.6.2\system\CodeIgniter.php(354): CodeIgniter\CodeIgniter->handleRequest(NULL, Object(Config\Cache), false)
#10 F:\xampp\htdocs\modesy-2.6.2\system\Boot.php(363): CodeIgniter\CodeIgniter->run()
#11 F:\xampp\htdocs\modesy-2.6.2\system\Boot.php(68): CodeIgniter\Boot::runCodeIgniter(Object(CodeIgniter\CodeIgniter))
#12 F:\xampp\htdocs\modesy-2.6.2\index.php(59): CodeIgniter\Boot::bootWeb(Object(Config\Paths))
#13 {main}
CRITICAL - 2025-11-28 15:58:44 --> ErrorException: Access level to App\Controllers\DashboardController::$couponModel must be public (as in class App\Controllers\BaseController)
[Method: GET, Route: dashboard/product/product-details/38]
in APPPATH\Controllers\DashboardController.php on line 24.
 1 [internal function]: CodeIgniter\Debug\Exceptions->shutdownHandler()
CRITICAL - 2025-11-28 18:23:20 --> CodeIgniter\View\Exceptions\ViewException: Invalid file: "coupon/coupons.php"
[Method: GET, Route: coupons]
in SYSTEMPATH\Exceptions\FrameworkException.php on line 39.
 1 SYSTEMPATH\View\View.php(214): CodeIgniter\Exceptions\FrameworkException::forInvalidFile('coupon/coupons.php')
 2 SYSTEMPATH\Common.php(1203): CodeIgniter\View\View->render('coupon/coupons', [], true)
 3 APPPATH\Controllers\CouponController.php(44): view('coupon/coupons', [...])
 4 SYSTEMPATH\CodeIgniter.php(933): App\Controllers\CouponController->coupons()
 5 SYSTEMPATH\CodeIgniter.php(507): CodeIgniter\CodeIgniter->runController(Object(App\Controllers\CouponController))
 6 SYSTEMPATH\CodeIgniter.php(354): CodeIgniter\CodeIgniter->handleRequest(null, Object(Config\Cache), false)
 7 SYSTEMPATH\Boot.php(363): CodeIgniter\CodeIgniter->run()
 8 SYSTEMPATH\Boot.php(68): CodeIgniter\Boot::runCodeIgniter(Object(CodeIgniter\CodeIgniter))
 9 FCPATH\index.php(59): CodeIgniter\Boot::bootWeb(Object(Config\Paths))
CRITICAL - 2025-11-28 18:23:24 --> ArgumentCountError: Too few arguments to function App\Models\ProductModel::getSpecialOffers(), 0 passed in F:\xampp\htdocs\modesy-2.6.2\app\Controllers\HomeController.php on line 55 and exactly 1 expected
[Method: GET, Route: /]
in APPPATH\Models\ProductModel.php on line 686.
 1 APPPATH\Controllers\HomeController.php(55): App\Models\ProductModel->getSpecialOffers()
 2 SYSTEMPATH\CodeIgniter.php(933): App\Controllers\HomeController->index()
 3 SYSTEMPATH\CodeIgniter.php(507): CodeIgniter\CodeIgniter->runController(Object(App\Controllers\HomeController))
 4 SYSTEMPATH\CodeIgniter.php(354): CodeIgniter\CodeIgniter->handleRequest(null, Object(Config\Cache), false)
 5 SYSTEMPATH\Boot.php(363): CodeIgniter\CodeIgniter->run()
 6 SYSTEMPATH\Boot.php(68): CodeIgniter\Boot::runCodeIgniter(Object(CodeIgniter\CodeIgniter))
 7 FCPATH\index.php(59): CodeIgniter\Boot::bootWeb(Object(Config\Paths))
CRITICAL - 2025-11-28 18:27:55 --> ArgumentCountError: Too few arguments to function App\Models\ProductModel::getSpecialOffers(), 0 passed in F:\xampp\htdocs\modesy-2.6.2\app\Controllers\HomeController.php on line 55 and exactly 1 expected
[Method: GET, Route: /]
in APPPATH\Models\ProductModel.php on line 686.
 1 APPPATH\Controllers\HomeController.php(55): App\Models\ProductModel->getSpecialOffers()
 2 SYSTEMPATH\CodeIgniter.php(933): App\Controllers\HomeController->index()
 3 SYSTEMPATH\CodeIgniter.php(507): CodeIgniter\CodeIgniter->runController(Object(App\Controllers\HomeController))
 4 SYSTEMPATH\CodeIgniter.php(354): CodeIgniter\CodeIgniter->handleRequest(null, Object(Config\Cache), false)
 5 SYSTEMPATH\Boot.php(363): CodeIgniter\CodeIgniter->run()
 6 SYSTEMPATH\Boot.php(68): CodeIgniter\Boot::runCodeIgniter(Object(CodeIgniter\CodeIgniter))
 7 FCPATH\index.php(59): CodeIgniter\Boot::bootWeb(Object(Config\Paths))
ERROR - 2025-11-28 19:52:50 --> mysqli_sql_exception: Duplicate entry '0' for key 'PRIMARY' in F:\xampp\htdocs\modesy-2.6.2\system\Database\MySQLi\Connection.php:327
Stack trace:
#0 F:\xampp\htdocs\modesy-2.6.2\system\Database\MySQLi\Connection.php(327): mysqli->query('INSERT INTO `pr...', 0)
#1 F:\xampp\htdocs\modesy-2.6.2\system\Database\BaseConnection.php(729): CodeIgniter\Database\MySQLi\Connection->execute('INSERT INTO `pr...')
#2 F:\xampp\htdocs\modesy-2.6.2\system\Database\BaseConnection.php(646): CodeIgniter\Database\BaseConnection->simpleQuery('INSERT INTO `pr...')
#3 F:\xampp\htdocs\modesy-2.6.2\system\Database\BaseBuilder.php(2345): CodeIgniter\Database\BaseConnection->query('INSERT INTO `pr...', Array, false)
#4 F:\xampp\htdocs\modesy-2.6.2\app\Models\ProductOptionsModel.php(268): CodeIgniter\Database\BaseBuilder->insert(Array)
#5 F:\xampp\htdocs\modesy-2.6.2\app\Models\ProductOptionsModel.php(191): App\Models\ProductOptionsModel->processSingleOption(48, Array, Array, Array, Array, Array)
#6 F:\xampp\htdocs\modesy-2.6.2\app\Controllers\DashboardController.php(329): App\Models\ProductOptionsModel->saveProductOptionsData(48, Array, Array)
#7 F:\xampp\htdocs\modesy-2.6.2\system\CodeIgniter.php(933): App\Controllers\DashboardController->editProductDetailsPost()
#8 F:\xampp\htdocs\modesy-2.6.2\system\CodeIgniter.php(507): CodeIgniter\CodeIgniter->runController(Object(App\Controllers\DashboardController))
#9 F:\xampp\htdocs\modesy-2.6.2\system\CodeIgniter.php(354): CodeIgniter\CodeIgniter->handleRequest(NULL, Object(Config\Cache), false)
#10 F:\xampp\htdocs\modesy-2.6.2\system\Boot.php(363): CodeIgniter\CodeIgniter->run()
#11 F:\xampp\htdocs\modesy-2.6.2\system\Boot.php(68): CodeIgniter\Boot::runCodeIgniter(Object(CodeIgniter\CodeIgniter))
#12 F:\xampp\htdocs\modesy-2.6.2\index.php(59): CodeIgniter\Boot::bootWeb(Object(Config\Paths))
#13 {main}
ERROR - 2025-11-28 19:52:50 --> mysqli_sql_exception: Duplicate entry '0' for key 'PRIMARY' in F:\xampp\htdocs\modesy-2.6.2\system\Database\MySQLi\Connection.php:327
Stack trace:
#0 F:\xampp\htdocs\modesy-2.6.2\system\Database\MySQLi\Connection.php(327): mysqli->query('INSERT INTO `pr...', 0)
#1 F:\xampp\htdocs\modesy-2.6.2\system\Database\BaseConnection.php(729): CodeIgniter\Database\MySQLi\Connection->execute('INSERT INTO `pr...')
#2 F:\xampp\htdocs\modesy-2.6.2\system\Database\BaseConnection.php(646): CodeIgniter\Database\BaseConnection->simpleQuery('INSERT INTO `pr...')
#3 F:\xampp\htdocs\modesy-2.6.2\system\Database\BaseBuilder.php(2345): CodeIgniter\Database\BaseConnection->query('INSERT INTO `pr...', Array, false)
#4 F:\xampp\htdocs\modesy-2.6.2\app\Models\ProductOptionsModel.php(354): CodeIgniter\Database\BaseBuilder->insert(Array)
#5 F:\xampp\htdocs\modesy-2.6.2\app\Models\ProductOptionsModel.php(202): App\Models\ProductOptionsModel->processProductVariants(48, Array, Array, Array, Array)
#6 F:\xampp\htdocs\modesy-2.6.2\app\Controllers\DashboardController.php(329): App\Models\ProductOptionsModel->saveProductOptionsData(48, Array, Array)
#7 F:\xampp\htdocs\modesy-2.6.2\system\CodeIgniter.php(933): App\Controllers\DashboardController->editProductDetailsPost()
#8 F:\xampp\htdocs\modesy-2.6.2\system\CodeIgniter.php(507): CodeIgniter\CodeIgniter->runController(Object(App\Controllers\DashboardController))
#9 F:\xampp\htdocs\modesy-2.6.2\system\CodeIgniter.php(354): CodeIgniter\CodeIgniter->handleRequest(NULL, Object(Config\Cache), false)
#10 F:\xampp\htdocs\modesy-2.6.2\system\Boot.php(363): CodeIgniter\CodeIgniter->run()
#11 F:\xampp\htdocs\modesy-2.6.2\system\Boot.php(68): CodeIgniter\Boot::runCodeIgniter(Object(CodeIgniter\CodeIgniter))
#12 F:\xampp\htdocs\modesy-2.6.2\index.php(59): CodeIgniter\Boot::bootWeb(Object(Config\Paths))
#13 {main}
ERROR - 2025-11-28 19:53:39 --> mysqli_sql_exception: Duplicate entry '0' for key 'PRIMARY' in F:\xampp\htdocs\modesy-2.6.2\system\Database\MySQLi\Connection.php:327
Stack trace:
#0 F:\xampp\htdocs\modesy-2.6.2\system\Database\MySQLi\Connection.php(327): mysqli->query('INSERT INTO `pr...', 0)
#1 F:\xampp\htdocs\modesy-2.6.2\system\Database\BaseConnection.php(729): CodeIgniter\Database\MySQLi\Connection->execute('INSERT INTO `pr...')
#2 F:\xampp\htdocs\modesy-2.6.2\system\Database\BaseConnection.php(646): CodeIgniter\Database\BaseConnection->simpleQuery('INSERT INTO `pr...')
#3 F:\xampp\htdocs\modesy-2.6.2\system\Database\BaseBuilder.php(2345): CodeIgniter\Database\BaseConnection->query('INSERT INTO `pr...', Array, false)
#4 F:\xampp\htdocs\modesy-2.6.2\app\Models\ProductOptionsModel.php(268): CodeIgniter\Database\BaseBuilder->insert(Array)
#5 F:\xampp\htdocs\modesy-2.6.2\app\Models\ProductOptionsModel.php(191): App\Models\ProductOptionsModel->processSingleOption(48, Array, Array, Array, Array, Array)
#6 F:\xampp\htdocs\modesy-2.6.2\app\Controllers\DashboardController.php(329): App\Models\ProductOptionsModel->saveProductOptionsData(48, Array, Array)
#7 F:\xampp\htdocs\modesy-2.6.2\system\CodeIgniter.php(933): App\Controllers\DashboardController->editProductDetailsPost()
#8 F:\xampp\htdocs\modesy-2.6.2\system\CodeIgniter.php(507): CodeIgniter\CodeIgniter->runController(Object(App\Controllers\DashboardController))
#9 F:\xampp\htdocs\modesy-2.6.2\system\CodeIgniter.php(354): CodeIgniter\CodeIgniter->handleRequest(NULL, Object(Config\Cache), false)
#10 F:\xampp\htdocs\modesy-2.6.2\system\Boot.php(363): CodeIgniter\CodeIgniter->run()
#11 F:\xampp\htdocs\modesy-2.6.2\system\Boot.php(68): CodeIgniter\Boot::runCodeIgniter(Object(CodeIgniter\CodeIgniter))
#12 F:\xampp\htdocs\modesy-2.6.2\index.php(59): CodeIgniter\Boot::bootWeb(Object(Config\Paths))
#13 {main}
ERROR - 2025-11-28 19:53:40 --> mysqli_sql_exception: Duplicate entry '0' for key 'PRIMARY' in F:\xampp\htdocs\modesy-2.6.2\system\Database\MySQLi\Connection.php:327
Stack trace:
#0 F:\xampp\htdocs\modesy-2.6.2\system\Database\MySQLi\Connection.php(327): mysqli->query('INSERT INTO `pr...', 0)
#1 F:\xampp\htdocs\modesy-2.6.2\system\Database\BaseConnection.php(729): CodeIgniter\Database\MySQLi\Connection->execute('INSERT INTO `pr...')
#2 F:\xampp\htdocs\modesy-2.6.2\system\Database\BaseConnection.php(646): CodeIgniter\Database\BaseConnection->simpleQuery('INSERT INTO `pr...')
#3 F:\xampp\htdocs\modesy-2.6.2\system\Database\BaseBuilder.php(2345): CodeIgniter\Database\BaseConnection->query('INSERT INTO `pr...', Array, false)
#4 F:\xampp\htdocs\modesy-2.6.2\app\Models\ProductOptionsModel.php(354): CodeIgniter\Database\BaseBuilder->insert(Array)
#5 F:\xampp\htdocs\modesy-2.6.2\app\Models\ProductOptionsModel.php(202): App\Models\ProductOptionsModel->processProductVariants(48, Array, Array, Array, Array)
#6 F:\xampp\htdocs\modesy-2.6.2\app\Controllers\DashboardController.php(329): App\Models\ProductOptionsModel->saveProductOptionsData(48, Array, Array)
#7 F:\xampp\htdocs\modesy-2.6.2\system\CodeIgniter.php(933): App\Controllers\DashboardController->editProductDetailsPost()
#8 F:\xampp\htdocs\modesy-2.6.2\system\CodeIgniter.php(507): CodeIgniter\CodeIgniter->runController(Object(App\Controllers\DashboardController))
#9 F:\xampp\htdocs\modesy-2.6.2\system\CodeIgniter.php(354): CodeIgniter\CodeIgniter->handleRequest(NULL, Object(Config\Cache), false)
#10 F:\xampp\htdocs\modesy-2.6.2\system\Boot.php(363): CodeIgniter\CodeIgniter->run()
#11 F:\xampp\htdocs\modesy-2.6.2\system\Boot.php(68): CodeIgniter\Boot::runCodeIgniter(Object(CodeIgniter\CodeIgniter))
#12 F:\xampp\htdocs\modesy-2.6.2\index.php(59): CodeIgniter\Boot::bootWeb(Object(Config\Paths))
#13 {main}
ERROR - 2025-11-28 19:56:39 --> optimizeImage() failed for uploads/temp/temp_6929b11f46ab47-19453196.jpg: GD PHP extension must be installed to use this driver.
ERROR - 2025-11-28 19:56:39 --> optimizeImage() failed for uploads/temp/temp_6929b11f46ab47-19453196.jpg: GD PHP extension must be installed to use this driver.
ERROR - 2025-11-28 19:56:39 --> optimizeImage() failed for uploads/temp/temp_6929b11f46ab47-19453196.jpg: GD PHP extension must be installed to use this driver.
ERROR - 2025-11-28 19:56:47 --> mysqli_sql_exception: Duplicate entry '0' for key 'PRIMARY' in F:\xampp\htdocs\modesy-2.6.2\system\Database\MySQLi\Connection.php:327
Stack trace:
#0 F:\xampp\htdocs\modesy-2.6.2\system\Database\MySQLi\Connection.php(327): mysqli->query('INSERT INTO `pr...', 0)
#1 F:\xampp\htdocs\modesy-2.6.2\system\Database\BaseConnection.php(729): CodeIgniter\Database\MySQLi\Connection->execute('INSERT INTO `pr...')
#2 F:\xampp\htdocs\modesy-2.6.2\system\Database\BaseConnection.php(646): CodeIgniter\Database\BaseConnection->simpleQuery('INSERT INTO `pr...')
#3 F:\xampp\htdocs\modesy-2.6.2\system\Database\BaseBuilder.php(2345): CodeIgniter\Database\BaseConnection->query('INSERT INTO `pr...', Array, false)
#4 F:\xampp\htdocs\modesy-2.6.2\app\Models\ProductModel.php(98): CodeIgniter\Database\BaseBuilder->insert(Array)
#5 F:\xampp\htdocs\modesy-2.6.2\app\Controllers\DashboardController.php(130): App\Models\ProductModel->addProduct()
#6 F:\xampp\htdocs\modesy-2.6.2\system\CodeIgniter.php(933): App\Controllers\DashboardController->addProductPost()
#7 F:\xampp\htdocs\modesy-2.6.2\system\CodeIgniter.php(507): CodeIgniter\CodeIgniter->runController(Object(App\Controllers\DashboardController))
#8 F:\xampp\htdocs\modesy-2.6.2\system\CodeIgniter.php(354): CodeIgniter\CodeIgniter->handleRequest(NULL, Object(Config\Cache), false)
#9 F:\xampp\htdocs\modesy-2.6.2\system\Boot.php(363): CodeIgniter\CodeIgniter->run()
#10 F:\xampp\htdocs\modesy-2.6.2\system\Boot.php(68): CodeIgniter\Boot::runCodeIgniter(Object(CodeIgniter\CodeIgniter))
#11 F:\xampp\htdocs\modesy-2.6.2\index.php(59): CodeIgniter\Boot::bootWeb(Object(Config\Paths))
#12 {main}
CRITICAL - 2025-11-28 19:56:47 --> CodeIgniter\Database\Exceptions\DatabaseException: Duplicate entry '0' for key 'PRIMARY'
[Method: POST, Route: add-product-post]
in SYSTEMPATH\Database\BaseConnection.php on line 684.
 1 SYSTEMPATH\Database\BaseBuilder.php(2345): CodeIgniter\Database\BaseConnection->query('INSERT INTO `products` (`slug`, `product_type`, `listing_type`, `sku`, `price`, `price_discounted`, `currency`, `discount_rate`, `vat_rate`, `user_id`, `status`, `is_promoted`, `promote_start_date`, `promote_end_date`, `promote_plan`, `promote_day`, `visibility`, `rating`, `pageviews`, `demo_url`, `external_link`, `files_included`, `stock`, `shipping_delivery_time_id`, `multiple_sale`, `digital_file_download_link`, `is_deleted`, `is_draft`, `is_free_product`, `country_id`, `state_id`, `city_id`, `address`, `zip_code`, `is_active`, `updated_at`, `created_at`, `coupon_redeem_place`, `coupon_contact`, `coupon_map_link`, `coupon_expiry`, `coupon_description`, `category_id`) VALUES (:slug:, :product_type:, :listing_type:, :sku:, :price:, :price_discounted:, :currency:, :discount_rate:, :vat_rate:, :user_id:, :status:, :is_promoted:, :promote_start_date:, :promote_end_date:, :promote_plan:, :promote_day:, :visibility:, :rating:, :pageviews:, :demo_url:, :external_link:, :files_included:, :stock:, :shipping_delivery_time_id:, :multiple_sale:, :digital_file_download_link:, :is_deleted:, :is_draft:, :is_free_product:, :country_id:, :state_id:, :city_id:, :address:, :zip_code:, :is_active:, :updated_at:, :created_at:, :coupon_redeem_place:, :coupon_contact:, :coupon_map_link:, :coupon_expiry:, :coupon_description:, :category_id:)', [...], false)
 2 APPPATH\Models\ProductModel.php(98): CodeIgniter\Database\BaseBuilder->insert([...])
 3 APPPATH\Controllers\DashboardController.php(130): App\Models\ProductModel->addProduct()
 4 SYSTEMPATH\CodeIgniter.php(933): App\Controllers\DashboardController->addProductPost()
 5 SYSTEMPATH\CodeIgniter.php(507): CodeIgniter\CodeIgniter->runController(Object(App\Controllers\DashboardController))
 6 SYSTEMPATH\CodeIgniter.php(354): CodeIgniter\CodeIgniter->handleRequest(null, Object(Config\Cache), false)
 7 SYSTEMPATH\Boot.php(363): CodeIgniter\CodeIgniter->run()
 8 SYSTEMPATH\Boot.php(68): CodeIgniter\Boot::runCodeIgniter(Object(CodeIgniter\CodeIgniter))
 9 FCPATH\index.php(59): CodeIgniter\Boot::bootWeb(Object(Config\Paths))
CRITICAL - 2025-11-28 19:56:47 --> [Caused by] CodeIgniter\Database\Exceptions\DatabaseException: Duplicate entry '0' for key 'PRIMARY'
in SYSTEMPATH\Database\MySQLi\Connection.php on line 332.
 1 SYSTEMPATH\Database\BaseConnection.php(729): CodeIgniter\Database\MySQLi\Connection->execute('INSERT INTO `products` (`slug`, `product_type`, `listing_type`, `sku`, `price`, `price_discounted`, `currency`, `discount_rate`, `vat_rate`, `user_id`, `status`, `is_promoted`, `promote_start_date`, `promote_end_date`, `promote_plan`, `promote_day`, `visibility`, `rating`, `pageviews`, `demo_url`, `external_link`, `files_included`, `stock`, `shipping_delivery_time_id`, `multiple_sale`, `digital_file_download_link`, `is_deleted`, `is_draft`, `is_free_product`, `country_id`, `state_id`, `city_id`, `address`, `zip_code`, `is_active`, `updated_at`, `created_at`, `coupon_redeem_place`, `coupon_contact`, `coupon_map_link`, `coupon_expiry`, `coupon_description`, `category_id`) VALUES (\'fgdf\', \'coupon\', \'coupon\', \'\', 0, 0, \'\', 0, 0, \'1\', 0, 0, NULL, NULL, \'none\', 0, 1, 0, 0, \'\', \'\', \'\', 0, 0, 1, \'\', 0, 1, 0, 0, 0, 0, \'\', \'\', 0, NULL, \'2025-11-28 19:56:47\', \'\', \'\', \'\', NULL, \'\', \'6\')')
 2 SYSTEMPATH\Database\BaseConnection.php(646): CodeIgniter\Database\BaseConnection->simpleQuery('INSERT INTO `products` (`slug`, `product_type`, `listing_type`, `sku`, `price`, `price_discounted`, `currency`, `discount_rate`, `vat_rate`, `user_id`, `status`, `is_promoted`, `promote_start_date`, `promote_end_date`, `promote_plan`, `promote_day`, `visibility`, `rating`, `pageviews`, `demo_url`, `external_link`, `files_included`, `stock`, `shipping_delivery_time_id`, `multiple_sale`, `digital_file_download_link`, `is_deleted`, `is_draft`, `is_free_product`, `country_id`, `state_id`, `city_id`, `address`, `zip_code`, `is_active`, `updated_at`, `created_at`, `coupon_redeem_place`, `coupon_contact`, `coupon_map_link`, `coupon_expiry`, `coupon_description`, `category_id`) VALUES (\'fgdf\', \'coupon\', \'coupon\', \'\', 0, 0, \'\', 0, 0, \'1\', 0, 0, NULL, NULL, \'none\', 0, 1, 0, 0, \'\', \'\', \'\', 0, 0, 1, \'\', 0, 1, 0, 0, 0, 0, \'\', \'\', 0, NULL, \'2025-11-28 19:56:47\', \'\', \'\', \'\', NULL, \'\', \'6\')')
 3 SYSTEMPATH\Database\BaseBuilder.php(2345): CodeIgniter\Database\BaseConnection->query('INSERT INTO `products` (`slug`, `product_type`, `listing_type`, `sku`, `price`, `price_discounted`, `currency`, `discount_rate`, `vat_rate`, `user_id`, `status`, `is_promoted`, `promote_start_date`, `promote_end_date`, `promote_plan`, `promote_day`, `visibility`, `rating`, `pageviews`, `demo_url`, `external_link`, `files_included`, `stock`, `shipping_delivery_time_id`, `multiple_sale`, `digital_file_download_link`, `is_deleted`, `is_draft`, `is_free_product`, `country_id`, `state_id`, `city_id`, `address`, `zip_code`, `is_active`, `updated_at`, `created_at`, `coupon_redeem_place`, `coupon_contact`, `coupon_map_link`, `coupon_expiry`, `coupon_description`, `category_id`) VALUES (:slug:, :product_type:, :listing_type:, :sku:, :price:, :price_discounted:, :currency:, :discount_rate:, :vat_rate:, :user_id:, :status:, :is_promoted:, :promote_start_date:, :promote_end_date:, :promote_plan:, :promote_day:, :visibility:, :rating:, :pageviews:, :demo_url:, :external_link:, :files_included:, :stock:, :shipping_delivery_time_id:, :multiple_sale:, :digital_file_download_link:, :is_deleted:, :is_draft:, :is_free_product:, :country_id:, :state_id:, :city_id:, :address:, :zip_code:, :is_active:, :updated_at:, :created_at:, :coupon_redeem_place:, :coupon_contact:, :coupon_map_link:, :coupon_expiry:, :coupon_description:, :category_id:)', [...], false)
 4 APPPATH\Models\ProductModel.php(98): CodeIgniter\Database\BaseBuilder->insert([...])
 5 APPPATH\Controllers\DashboardController.php(130): App\Models\ProductModel->addProduct()
 6 SYSTEMPATH\CodeIgniter.php(933): App\Controllers\DashboardController->addProductPost()
 7 SYSTEMPATH\CodeIgniter.php(507): CodeIgniter\CodeIgniter->runController(Object(App\Controllers\DashboardController))
 8 SYSTEMPATH\CodeIgniter.php(354): CodeIgniter\CodeIgniter->handleRequest(null, Object(Config\Cache), false)
 9 SYSTEMPATH\Boot.php(363): CodeIgniter\CodeIgniter->run()
10 SYSTEMPATH\Boot.php(68): CodeIgniter\Boot::runCodeIgniter(Object(CodeIgniter\CodeIgniter))
11 FCPATH\index.php(59): CodeIgniter\Boot::bootWeb(Object(Config\Paths))
CRITICAL - 2025-11-28 19:56:47 --> [Caused by] mysqli_sql_exception: Duplicate entry '0' for key 'PRIMARY'
in SYSTEMPATH\Database\MySQLi\Connection.php on line 327.
 1 SYSTEMPATH\Database\MySQLi\Connection.php(327): mysqli->query('INSERT INTO `products` (`slug`, `product_type`, `listing_type`, `sku`, `price`, `price_discounted`, `currency`, `discount_rate`, `vat_rate`, `user_id`, `status`, `is_promoted`, `promote_start_date`, `promote_end_date`, `promote_plan`, `promote_day`, `visibility`, `rating`, `pageviews`, `demo_url`, `external_link`, `files_included`, `stock`, `shipping_delivery_time_id`, `multiple_sale`, `digital_file_download_link`, `is_deleted`, `is_draft`, `is_free_product`, `country_id`, `state_id`, `city_id`, `address`, `zip_code`, `is_active`, `updated_at`, `created_at`, `coupon_redeem_place`, `coupon_contact`, `coupon_map_link`, `coupon_expiry`, `coupon_description`, `category_id`) VALUES (\'fgdf\', \'coupon\', \'coupon\', \'\', 0, 0, \'\', 0, 0, \'1\', 0, 0, NULL, NULL, \'none\', 0, 1, 0, 0, \'\', \'\', \'\', 0, 0, 1, \'\', 0, 1, 0, 0, 0, 0, \'\', \'\', 0, NULL, \'2025-11-28 19:56:47\', \'\', \'\', \'\', NULL, \'\', \'6\')', 0)
 2 SYSTEMPATH\Database\BaseConnection.php(729): CodeIgniter\Database\MySQLi\Connection->execute('INSERT INTO `products` (`slug`, `product_type`, `listing_type`, `sku`, `price`, `price_discounted`, `currency`, `discount_rate`, `vat_rate`, `user_id`, `status`, `is_promoted`, `promote_start_date`, `promote_end_date`, `promote_plan`, `promote_day`, `visibility`, `rating`, `pageviews`, `demo_url`, `external_link`, `files_included`, `stock`, `shipping_delivery_time_id`, `multiple_sale`, `digital_file_download_link`, `is_deleted`, `is_draft`, `is_free_product`, `country_id`, `state_id`, `city_id`, `address`, `zip_code`, `is_active`, `updated_at`, `created_at`, `coupon_redeem_place`, `coupon_contact`, `coupon_map_link`, `coupon_expiry`, `coupon_description`, `category_id`) VALUES (\'fgdf\', \'coupon\', \'coupon\', \'\', 0, 0, \'\', 0, 0, \'1\', 0, 0, NULL, NULL, \'none\', 0, 1, 0, 0, \'\', \'\', \'\', 0, 0, 1, \'\', 0, 1, 0, 0, 0, 0, \'\', \'\', 0, NULL, \'2025-11-28 19:56:47\', \'\', \'\', \'\', NULL, \'\', \'6\')')
 3 SYSTEMPATH\Database\BaseConnection.php(646): CodeIgniter\Database\BaseConnection->simpleQuery('INSERT INTO `products` (`slug`, `product_type`, `listing_type`, `sku`, `price`, `price_discounted`, `currency`, `discount_rate`, `vat_rate`, `user_id`, `status`, `is_promoted`, `promote_start_date`, `promote_end_date`, `promote_plan`, `promote_day`, `visibility`, `rating`, `pageviews`, `demo_url`, `external_link`, `files_included`, `stock`, `shipping_delivery_time_id`, `multiple_sale`, `digital_file_download_link`, `is_deleted`, `is_draft`, `is_free_product`, `country_id`, `state_id`, `city_id`, `address`, `zip_code`, `is_active`, `updated_at`, `created_at`, `coupon_redeem_place`, `coupon_contact`, `coupon_map_link`, `coupon_expiry`, `coupon_description`, `category_id`) VALUES (\'fgdf\', \'coupon\', \'coupon\', \'\', 0, 0, \'\', 0, 0, \'1\', 0, 0, NULL, NULL, \'none\', 0, 1, 0, 0, \'\', \'\', \'\', 0, 0, 1, \'\', 0, 1, 0, 0, 0, 0, \'\', \'\', 0, NULL, \'2025-11-28 19:56:47\', \'\', \'\', \'\', NULL, \'\', \'6\')')
 4 SYSTEMPATH\Database\BaseBuilder.php(2345): CodeIgniter\Database\BaseConnection->query('INSERT INTO `products` (`slug`, `product_type`, `listing_type`, `sku`, `price`, `price_discounted`, `currency`, `discount_rate`, `vat_rate`, `user_id`, `status`, `is_promoted`, `promote_start_date`, `promote_end_date`, `promote_plan`, `promote_day`, `visibility`, `rating`, `pageviews`, `demo_url`, `external_link`, `files_included`, `stock`, `shipping_delivery_time_id`, `multiple_sale`, `digital_file_download_link`, `is_deleted`, `is_draft`, `is_free_product`, `country_id`, `state_id`, `city_id`, `address`, `zip_code`, `is_active`, `updated_at`, `created_at`, `coupon_redeem_place`, `coupon_contact`, `coupon_map_link`, `coupon_expiry`, `coupon_description`, `category_id`) VALUES (:slug:, :product_type:, :listing_type:, :sku:, :price:, :price_discounted:, :currency:, :discount_rate:, :vat_rate:, :user_id:, :status:, :is_promoted:, :promote_start_date:, :promote_end_date:, :promote_plan:, :promote_day:, :visibility:, :rating:, :pageviews:, :demo_url:, :external_link:, :files_included:, :stock:, :shipping_delivery_time_id:, :multiple_sale:, :digital_file_download_link:, :is_deleted:, :is_draft:, :is_free_product:, :country_id:, :state_id:, :city_id:, :address:, :zip_code:, :is_active:, :updated_at:, :created_at:, :coupon_redeem_place:, :coupon_contact:, :coupon_map_link:, :coupon_expiry:, :coupon_description:, :category_id:)', [...], false)
 5 APPPATH\Models\ProductModel.php(98): CodeIgniter\Database\BaseBuilder->insert([...])
 6 APPPATH\Controllers\DashboardController.php(130): App\Models\ProductModel->addProduct()
 7 SYSTEMPATH\CodeIgniter.php(933): App\Controllers\DashboardController->addProductPost()
 8 SYSTEMPATH\CodeIgniter.php(507): CodeIgniter\CodeIgniter->runController(Object(App\Controllers\DashboardController))
 9 SYSTEMPATH\CodeIgniter.php(354): CodeIgniter\CodeIgniter->handleRequest(null, Object(Config\Cache), false)
10 SYSTEMPATH\Boot.php(363): CodeIgniter\CodeIgniter->run()
11 SYSTEMPATH\Boot.php(68): CodeIgniter\Boot::runCodeIgniter(Object(CodeIgniter\CodeIgniter))
12 FCPATH\index.php(59): CodeIgniter\Boot::bootWeb(Object(Config\Paths))
ERROR - 2025-11-28 19:59:57 --> optimizeImage() failed for uploads/temp/temp_6929b1e5939b51-81575551.jpg: GD PHP extension must be installed to use this driver.
ERROR - 2025-11-28 19:59:57 --> optimizeImage() failed for uploads/temp/temp_6929b1e5939b51-81575551.jpg: GD PHP extension must be installed to use this driver.
ERROR - 2025-11-28 19:59:57 --> optimizeImage() failed for uploads/temp/temp_6929b1e5939b51-81575551.jpg: GD PHP extension must be installed to use this driver.
ERROR - 2025-11-28 20:00:07 --> moveToStorage() failed: copy(): The first argument to copy() function cannot be a directory
ERROR - 2025-11-28 20:00:07 --> moveToStorage() failed: copy(): The first argument to copy() function cannot be a directory
ERROR - 2025-11-28 20:00:07 --> moveToStorage() failed: copy(): The first argument to copy() function cannot be a directory
