CRITICAL - 2025-12-15 02:03:15 --> ParseError: Unmatched '}'
[Method: POST, Route: cart/add-to-cart]
in APPPATH/Controllers/CartController.php on line 709.
 1 SYSTEMPATH/Autoloader/Autoloader.php(295): CodeIgniter\Autoloader\Autoloader->includeFile()
 2 SYSTEMPATH/Autoloader/Autoloader.php(271): CodeIgniter\Autoloader\Autoloader->loadInNamespace()
 3 [internal function]: CodeIgniter\Autoloader\Autoloader->loadClass()
 4 SYSTEMPATH/CodeIgniter.php(885): class_exists()
 5 SYSTEMPATH/CodeIgniter.php(494): CodeIgniter\CodeIgniter->startController()
 6 SYSTEMPATH/CodeIgniter.php(354): CodeIgniter\CodeIgniter->handleRequest()
 7 SYSTEMPATH/Boot.php(363): CodeIgniter\CodeIgniter->run()
 8 SYSTEMPATH/Boot.php(68): CodeIgniter\Boot::runCodeIgniter()
 9 FCPATH/index.php(59): CodeIgniter\Boot::bootWeb()
CRITICAL - 2025-12-15 02:03:56 --> ParseError: Unmatched '}'
[Method: POST, Route: cart/add-to-cart]
in APPPATH/Controllers/CartController.php on line 709.
 1 SYSTEMPATH/Autoloader/Autoloader.php(295): CodeIgniter\Autoloader\Autoloader->includeFile()
 2 SYSTEMPATH/Autoloader/Autoloader.php(271): CodeIgniter\Autoloader\Autoloader->loadInNamespace()
 3 [internal function]: CodeIgniter\Autoloader\Autoloader->loadClass()
 4 SYSTEMPATH/CodeIgniter.php(885): class_exists()
 5 SYSTEMPATH/CodeIgniter.php(494): CodeIgniter\CodeIgniter->startController()
 6 SYSTEMPATH/CodeIgniter.php(354): CodeIgniter\CodeIgniter->handleRequest()
 7 SYSTEMPATH/Boot.php(363): CodeIgniter\CodeIgniter->run()
 8 SYSTEMPATH/Boot.php(68): CodeIgniter\Boot::runCodeIgniter()
 9 FCPATH/index.php(59): CodeIgniter\Boot::bootWeb()
CRITICAL - 2025-12-15 02:05:31 --> Exception: Not enough coupons available
[Method: POST, Route: checkout/complete-bank-transfer-payment]
in APPPATH/Models/OrderModel.php on line 273.
 1 APPPATH/Models/OrderModel.php(134): App\Models\OrderModel->addOrderItems()
 2 APPPATH/Models/CheckoutModel.php(471): App\Models\OrderModel->addOrder()
 3 APPPATH/Controllers/CheckoutController.php(1058): App\Models\CheckoutModel->handleProductCheckout()
 4 APPPATH/Controllers/CheckoutController.php(966): App\Controllers\CheckoutController->handlePayment()
 5 SYSTEMPATH/CodeIgniter.php(933): App\Controllers\CheckoutController->completeBankTransferPayment()
 6 SYSTEMPATH/CodeIgniter.php(507): CodeIgniter\CodeIgniter->runController()
 7 SYSTEMPATH/CodeIgniter.php(354): CodeIgniter\CodeIgniter->handleRequest()
 8 SYSTEMPATH/Boot.php(363): CodeIgniter\CodeIgniter->run()
 9 SYSTEMPATH/Boot.php(68): CodeIgniter\Boot::runCodeIgniter()
10 FCPATH/index.php(59): CodeIgniter\Boot::bootWeb()
CRITICAL - 2025-12-15 02:33:16 --> CodeIgniter\Exceptions\BadMethodCallException: Call to undefined method App\Models\ProductModel::getActiveCouponCountByVariant
[Method: POST, Route: cart/add-to-cart]
in SYSTEMPATH/Model.php on line 927.
 1 APPPATH/Controllers/CartController.php(75): CodeIgniter\Model->__call()
 2 SYSTEMPATH/CodeIgniter.php(933): App\Controllers\CartController->addToCart()
 3 SYSTEMPATH/CodeIgniter.php(507): CodeIgniter\CodeIgniter->runController()
 4 SYSTEMPATH/CodeIgniter.php(354): CodeIgniter\CodeIgniter->handleRequest()
 5 SYSTEMPATH/Boot.php(363): CodeIgniter\CodeIgniter->run()
 6 SYSTEMPATH/Boot.php(68): CodeIgniter\Boot::runCodeIgniter()
 7 FCPATH/index.php(59): CodeIgniter\Boot::bootWeb()
CRITICAL - 2025-12-15 02:33:38 --> CodeIgniter\Exceptions\BadMethodCallException: Call to undefined method App\Models\ProductModel::getActiveCouponCountByVariant
[Method: POST, Route: cart/add-to-cart]
in SYSTEMPATH/Model.php on line 927.
 1 APPPATH/Controllers/CartController.php(75): CodeIgniter\Model->__call()
 2 SYSTEMPATH/CodeIgniter.php(933): App\Controllers\CartController->addToCart()
 3 SYSTEMPATH/CodeIgniter.php(507): CodeIgniter\CodeIgniter->runController()
 4 SYSTEMPATH/CodeIgniter.php(354): CodeIgniter\CodeIgniter->handleRequest()
 5 SYSTEMPATH/Boot.php(363): CodeIgniter\CodeIgniter->run()
 6 SYSTEMPATH/Boot.php(68): CodeIgniter\Boot::runCodeIgniter()
 7 FCPATH/index.php(59): CodeIgniter\Boot::bootWeb()
ERROR - 2025-12-15 02:35:08 --> mysqli_sql_exception: Table 'u476517538_desibazars.variant_coupon' doesn't exist in /home/u476517538/domains/desibazars.com/public_html/system/Database/MySQLi/Connection.php:327
Stack trace:
#0 /home/u476517538/domains/desibazars.com/public_html/system/Database/MySQLi/Connection.php(327): mysqli->query()
#1 /home/u476517538/domains/desibazars.com/public_html/system/Database/BaseConnection.php(729): CodeIgniter\Database\MySQLi\Connection->execute()
#2 /home/u476517538/domains/desibazars.com/public_html/system/Database/BaseConnection.php(646): CodeIgniter\Database\BaseConnection->simpleQuery()
#3 /home/u476517538/domains/desibazars.com/public_html/system/Database/BaseBuilder.php(1733): CodeIgniter\Database\BaseConnection->query()
#4 /home/u476517538/domains/desibazars.com/public_html/app/Models/ProductModel.php(1580): CodeIgniter\Database\BaseBuilder->countAllResults()
#5 /home/u476517538/domains/desibazars.com/public_html/app/Controllers/CartController.php(75): App\Models\ProductModel->getActiveCouponCountByVariant()
#6 /home/u476517538/domains/desibazars.com/public_html/system/CodeIgniter.php(933): App\Controllers\CartController->addToCart()
#7 /home/u476517538/domains/desibazars.com/public_html/system/CodeIgniter.php(507): CodeIgniter\CodeIgniter->runController()
#8 /home/u476517538/domains/desibazars.com/public_html/system/CodeIgniter.php(354): CodeIgniter\CodeIgniter->handleRequest()
#9 /home/u476517538/domains/desibazars.com/public_html/system/Boot.php(363): CodeIgniter\CodeIgniter->run()
#10 /home/u476517538/domains/desibazars.com/public_html/system/Boot.php(68): CodeIgniter\Boot::runCodeIgniter()
#11 /home/u476517538/domains/desibazars.com/public_html/index.php(59): CodeIgniter\Boot::bootWeb()
#12 {main}
CRITICAL - 2025-12-15 02:35:08 --> CodeIgniter\Database\Exceptions\DatabaseException: Table 'u476517538_desibazars.variant_coupon' doesn't exist
[Method: POST, Route: cart/add-to-cart]
in SYSTEMPATH/Database/BaseConnection.php on line 684.
 1 SYSTEMPATH/Database/BaseBuilder.php(1733): CodeIgniter\Database\BaseConnection->query()
 2 APPPATH/Models/ProductModel.php(1580): CodeIgniter\Database\BaseBuilder->countAllResults()
 3 APPPATH/Controllers/CartController.php(75): App\Models\ProductModel->getActiveCouponCountByVariant()
 4 SYSTEMPATH/CodeIgniter.php(933): App\Controllers\CartController->addToCart()
 5 SYSTEMPATH/CodeIgniter.php(507): CodeIgniter\CodeIgniter->runController()
 6 SYSTEMPATH/CodeIgniter.php(354): CodeIgniter\CodeIgniter->handleRequest()
 7 SYSTEMPATH/Boot.php(363): CodeIgniter\CodeIgniter->run()
 8 SYSTEMPATH/Boot.php(68): CodeIgniter\Boot::runCodeIgniter()
 9 FCPATH/index.php(59): CodeIgniter\Boot::bootWeb()
CRITICAL - 2025-12-15 02:35:08 --> [Caused by] CodeIgniter\Database\Exceptions\DatabaseException: Table 'u476517538_desibazars.variant_coupon' doesn't exist
in SYSTEMPATH/Database/MySQLi/Connection.php on line 332.
 1 SYSTEMPATH/Database/BaseConnection.php(729): CodeIgniter\Database\MySQLi\Connection->execute()
 2 SYSTEMPATH/Database/BaseConnection.php(646): CodeIgniter\Database\BaseConnection->simpleQuery()
 3 SYSTEMPATH/Database/BaseBuilder.php(1733): CodeIgniter\Database\BaseConnection->query()
 4 APPPATH/Models/ProductModel.php(1580): CodeIgniter\Database\BaseBuilder->countAllResults()
 5 APPPATH/Controllers/CartController.php(75): App\Models\ProductModel->getActiveCouponCountByVariant()
 6 SYSTEMPATH/CodeIgniter.php(933): App\Controllers\CartController->addToCart()
 7 SYSTEMPATH/CodeIgniter.php(507): CodeIgniter\CodeIgniter->runController()
 8 SYSTEMPATH/CodeIgniter.php(354): CodeIgniter\CodeIgniter->handleRequest()
 9 SYSTEMPATH/Boot.php(363): CodeIgniter\CodeIgniter->run()
10 SYSTEMPATH/Boot.php(68): CodeIgniter\Boot::runCodeIgniter()
11 FCPATH/index.php(59): CodeIgniter\Boot::bootWeb()
CRITICAL - 2025-12-15 02:35:08 --> [Caused by] mysqli_sql_exception: Table 'u476517538_desibazars.variant_coupon' doesn't exist
in SYSTEMPATH/Database/MySQLi/Connection.php on line 327.
 1 SYSTEMPATH/Database/MySQLi/Connection.php(327): mysqli->query()
 2 SYSTEMPATH/Database/BaseConnection.php(729): CodeIgniter\Database\MySQLi\Connection->execute()
 3 SYSTEMPATH/Database/BaseConnection.php(646): CodeIgniter\Database\BaseConnection->simpleQuery()
 4 SYSTEMPATH/Database/BaseBuilder.php(1733): CodeIgniter\Database\BaseConnection->query()
 5 APPPATH/Models/ProductModel.php(1580): CodeIgniter\Database\BaseBuilder->countAllResults()
 6 APPPATH/Controllers/CartController.php(75): App\Models\ProductModel->getActiveCouponCountByVariant()
 7 SYSTEMPATH/CodeIgniter.php(933): App\Controllers\CartController->addToCart()
 8 SYSTEMPATH/CodeIgniter.php(507): CodeIgniter\CodeIgniter->runController()
 9 SYSTEMPATH/CodeIgniter.php(354): CodeIgniter\CodeIgniter->handleRequest()
10 SYSTEMPATH/Boot.php(363): CodeIgniter\CodeIgniter->run()
11 SYSTEMPATH/Boot.php(68): CodeIgniter\Boot::runCodeIgniter()
12 FCPATH/index.php(59): CodeIgniter\Boot::bootWeb()
ERROR - 2025-12-15 02:37:51 --> mysqli_sql_exception: Table 'u476517538_desibazars.variant_coupon' doesn't exist in /home/u476517538/domains/desibazars.com/public_html/system/Database/MySQLi/Connection.php:327
Stack trace:
#0 /home/u476517538/domains/desibazars.com/public_html/system/Database/MySQLi/Connection.php(327): mysqli->query()
#1 /home/u476517538/domains/desibazars.com/public_html/system/Database/BaseConnection.php(729): CodeIgniter\Database\MySQLi\Connection->execute()
#2 /home/u476517538/domains/desibazars.com/public_html/system/Database/BaseConnection.php(646): CodeIgniter\Database\BaseConnection->simpleQuery()
#3 /home/u476517538/domains/desibazars.com/public_html/system/Database/BaseBuilder.php(1733): CodeIgniter\Database\BaseConnection->query()
#4 /home/u476517538/domains/desibazars.com/public_html/app/Models/ProductModel.php(1580): CodeIgniter\Database\BaseBuilder->countAllResults()
#5 /home/u476517538/domains/desibazars.com/public_html/app/Controllers/CartController.php(75): App\Models\ProductModel->getActiveCouponCountByVariant()
#6 /home/u476517538/domains/desibazars.com/public_html/system/CodeIgniter.php(933): App\Controllers\CartController->addToCart()
#7 /home/u476517538/domains/desibazars.com/public_html/system/CodeIgniter.php(507): CodeIgniter\CodeIgniter->runController()
#8 /home/u476517538/domains/desibazars.com/public_html/system/CodeIgniter.php(354): CodeIgniter\CodeIgniter->handleRequest()
#9 /home/u476517538/domains/desibazars.com/public_html/system/Boot.php(363): CodeIgniter\CodeIgniter->run()
#10 /home/u476517538/domains/desibazars.com/public_html/system/Boot.php(68): CodeIgniter\Boot::runCodeIgniter()
#11 /home/u476517538/domains/desibazars.com/public_html/index.php(59): CodeIgniter\Boot::bootWeb()
#12 {main}
CRITICAL - 2025-12-15 02:37:51 --> CodeIgniter\Database\Exceptions\DatabaseException: Table 'u476517538_desibazars.variant_coupon' doesn't exist
[Method: POST, Route: cart/add-to-cart]
in SYSTEMPATH/Database/BaseConnection.php on line 684.
 1 SYSTEMPATH/Database/BaseBuilder.php(1733): CodeIgniter\Database\BaseConnection->query()
 2 APPPATH/Models/ProductModel.php(1580): CodeIgniter\Database\BaseBuilder->countAllResults()
 3 APPPATH/Controllers/CartController.php(75): App\Models\ProductModel->getActiveCouponCountByVariant()
 4 SYSTEMPATH/CodeIgniter.php(933): App\Controllers\CartController->addToCart()
 5 SYSTEMPATH/CodeIgniter.php(507): CodeIgniter\CodeIgniter->runController()
 6 SYSTEMPATH/CodeIgniter.php(354): CodeIgniter\CodeIgniter->handleRequest()
 7 SYSTEMPATH/Boot.php(363): CodeIgniter\CodeIgniter->run()
 8 SYSTEMPATH/Boot.php(68): CodeIgniter\Boot::runCodeIgniter()
 9 FCPATH/index.php(59): CodeIgniter\Boot::bootWeb()
CRITICAL - 2025-12-15 02:37:51 --> [Caused by] CodeIgniter\Database\Exceptions\DatabaseException: Table 'u476517538_desibazars.variant_coupon' doesn't exist
in SYSTEMPATH/Database/MySQLi/Connection.php on line 332.
 1 SYSTEMPATH/Database/BaseConnection.php(729): CodeIgniter\Database\MySQLi\Connection->execute()
 2 SYSTEMPATH/Database/BaseConnection.php(646): CodeIgniter\Database\BaseConnection->simpleQuery()
 3 SYSTEMPATH/Database/BaseBuilder.php(1733): CodeIgniter\Database\BaseConnection->query()
 4 APPPATH/Models/ProductModel.php(1580): CodeIgniter\Database\BaseBuilder->countAllResults()
 5 APPPATH/Controllers/CartController.php(75): App\Models\ProductModel->getActiveCouponCountByVariant()
 6 SYSTEMPATH/CodeIgniter.php(933): App\Controllers\CartController->addToCart()
 7 SYSTEMPATH/CodeIgniter.php(507): CodeIgniter\CodeIgniter->runController()
 8 SYSTEMPATH/CodeIgniter.php(354): CodeIgniter\CodeIgniter->handleRequest()
 9 SYSTEMPATH/Boot.php(363): CodeIgniter\CodeIgniter->run()
10 SYSTEMPATH/Boot.php(68): CodeIgniter\Boot::runCodeIgniter()
11 FCPATH/index.php(59): CodeIgniter\Boot::bootWeb()
CRITICAL - 2025-12-15 02:37:51 --> [Caused by] mysqli_sql_exception: Table 'u476517538_desibazars.variant_coupon' doesn't exist
in SYSTEMPATH/Database/MySQLi/Connection.php on line 327.
 1 SYSTEMPATH/Database/MySQLi/Connection.php(327): mysqli->query()
 2 SYSTEMPATH/Database/BaseConnection.php(729): CodeIgniter\Database\MySQLi\Connection->execute()
 3 SYSTEMPATH/Database/BaseConnection.php(646): CodeIgniter\Database\BaseConnection->simpleQuery()
 4 SYSTEMPATH/Database/BaseBuilder.php(1733): CodeIgniter\Database\BaseConnection->query()
 5 APPPATH/Models/ProductModel.php(1580): CodeIgniter\Database\BaseBuilder->countAllResults()
 6 APPPATH/Controllers/CartController.php(75): App\Models\ProductModel->getActiveCouponCountByVariant()
 7 SYSTEMPATH/CodeIgniter.php(933): App\Controllers\CartController->addToCart()
 8 SYSTEMPATH/CodeIgniter.php(507): CodeIgniter\CodeIgniter->runController()
 9 SYSTEMPATH/CodeIgniter.php(354): CodeIgniter\CodeIgniter->handleRequest()
10 SYSTEMPATH/Boot.php(363): CodeIgniter\CodeIgniter->run()
11 SYSTEMPATH/Boot.php(68): CodeIgniter\Boot::runCodeIgniter()
12 FCPATH/index.php(59): CodeIgniter\Boot::bootWeb()
ERROR - 2025-12-15 02:38:00 --> mysqli_sql_exception: Table 'u476517538_desibazars.variant_coupon' doesn't exist in /home/u476517538/domains/desibazars.com/public_html/system/Database/MySQLi/Connection.php:327
Stack trace:
#0 /home/u476517538/domains/desibazars.com/public_html/system/Database/MySQLi/Connection.php(327): mysqli->query()
#1 /home/u476517538/domains/desibazars.com/public_html/system/Database/BaseConnection.php(729): CodeIgniter\Database\MySQLi\Connection->execute()
#2 /home/u476517538/domains/desibazars.com/public_html/system/Database/BaseConnection.php(646): CodeIgniter\Database\BaseConnection->simpleQuery()
#3 /home/u476517538/domains/desibazars.com/public_html/system/Database/BaseBuilder.php(1733): CodeIgniter\Database\BaseConnection->query()
#4 /home/u476517538/domains/desibazars.com/public_html/app/Models/ProductModel.php(1580): CodeIgniter\Database\BaseBuilder->countAllResults()
#5 /home/u476517538/domains/desibazars.com/public_html/app/Controllers/CartController.php(75): App\Models\ProductModel->getActiveCouponCountByVariant()
#6 /home/u476517538/domains/desibazars.com/public_html/system/CodeIgniter.php(933): App\Controllers\CartController->addToCart()
#7 /home/u476517538/domains/desibazars.com/public_html/system/CodeIgniter.php(507): CodeIgniter\CodeIgniter->runController()
#8 /home/u476517538/domains/desibazars.com/public_html/system/CodeIgniter.php(354): CodeIgniter\CodeIgniter->handleRequest()
#9 /home/u476517538/domains/desibazars.com/public_html/system/Boot.php(363): CodeIgniter\CodeIgniter->run()
#10 /home/u476517538/domains/desibazars.com/public_html/system/Boot.php(68): CodeIgniter\Boot::runCodeIgniter()
#11 /home/u476517538/domains/desibazars.com/public_html/index.php(59): CodeIgniter\Boot::bootWeb()
#12 {main}
CRITICAL - 2025-12-15 02:38:00 --> CodeIgniter\Database\Exceptions\DatabaseException: Table 'u476517538_desibazars.variant_coupon' doesn't exist
[Method: POST, Route: cart/add-to-cart]
in SYSTEMPATH/Database/BaseConnection.php on line 684.
 1 SYSTEMPATH/Database/BaseBuilder.php(1733): CodeIgniter\Database\BaseConnection->query()
 2 APPPATH/Models/ProductModel.php(1580): CodeIgniter\Database\BaseBuilder->countAllResults()
 3 APPPATH/Controllers/CartController.php(75): App\Models\ProductModel->getActiveCouponCountByVariant()
 4 SYSTEMPATH/CodeIgniter.php(933): App\Controllers\CartController->addToCart()
 5 SYSTEMPATH/CodeIgniter.php(507): CodeIgniter\CodeIgniter->runController()
 6 SYSTEMPATH/CodeIgniter.php(354): CodeIgniter\CodeIgniter->handleRequest()
 7 SYSTEMPATH/Boot.php(363): CodeIgniter\CodeIgniter->run()
 8 SYSTEMPATH/Boot.php(68): CodeIgniter\Boot::runCodeIgniter()
 9 FCPATH/index.php(59): CodeIgniter\Boot::bootWeb()
CRITICAL - 2025-12-15 02:38:00 --> [Caused by] CodeIgniter\Database\Exceptions\DatabaseException: Table 'u476517538_desibazars.variant_coupon' doesn't exist
in SYSTEMPATH/Database/MySQLi/Connection.php on line 332.
 1 SYSTEMPATH/Database/BaseConnection.php(729): CodeIgniter\Database\MySQLi\Connection->execute()
 2 SYSTEMPATH/Database/BaseConnection.php(646): CodeIgniter\Database\BaseConnection->simpleQuery()
 3 SYSTEMPATH/Database/BaseBuilder.php(1733): CodeIgniter\Database\BaseConnection->query()
 4 APPPATH/Models/ProductModel.php(1580): CodeIgniter\Database\BaseBuilder->countAllResults()
 5 APPPATH/Controllers/CartController.php(75): App\Models\ProductModel->getActiveCouponCountByVariant()
 6 SYSTEMPATH/CodeIgniter.php(933): App\Controllers\CartController->addToCart()
 7 SYSTEMPATH/CodeIgniter.php(507): CodeIgniter\CodeIgniter->runController()
 8 SYSTEMPATH/CodeIgniter.php(354): CodeIgniter\CodeIgniter->handleRequest()
 9 SYSTEMPATH/Boot.php(363): CodeIgniter\CodeIgniter->run()
10 SYSTEMPATH/Boot.php(68): CodeIgniter\Boot::runCodeIgniter()
11 FCPATH/index.php(59): CodeIgniter\Boot::bootWeb()
CRITICAL - 2025-12-15 02:38:00 --> [Caused by] mysqli_sql_exception: Table 'u476517538_desibazars.variant_coupon' doesn't exist
in SYSTEMPATH/Database/MySQLi/Connection.php on line 327.
 1 SYSTEMPATH/Database/MySQLi/Connection.php(327): mysqli->query()
 2 SYSTEMPATH/Database/BaseConnection.php(729): CodeIgniter\Database\MySQLi\Connection->execute()
 3 SYSTEMPATH/Database/BaseConnection.php(646): CodeIgniter\Database\BaseConnection->simpleQuery()
 4 SYSTEMPATH/Database/BaseBuilder.php(1733): CodeIgniter\Database\BaseConnection->query()
 5 APPPATH/Models/ProductModel.php(1580): CodeIgniter\Database\BaseBuilder->countAllResults()
 6 APPPATH/Controllers/CartController.php(75): App\Models\ProductModel->getActiveCouponCountByVariant()
 7 SYSTEMPATH/CodeIgniter.php(933): App\Controllers\CartController->addToCart()
 8 SYSTEMPATH/CodeIgniter.php(507): CodeIgniter\CodeIgniter->runController()
 9 SYSTEMPATH/CodeIgniter.php(354): CodeIgniter\CodeIgniter->handleRequest()
10 SYSTEMPATH/Boot.php(363): CodeIgniter\CodeIgniter->run()
11 SYSTEMPATH/Boot.php(68): CodeIgniter\Boot::runCodeIgniter()
12 FCPATH/index.php(59): CodeIgniter\Boot::bootWeb()
ERROR - 2025-12-15 02:44:21 --> mysqli_sql_exception: Unknown column 'variant_id' in 'WHERE' in /home/u476517538/domains/desibazars.com/public_html/system/Database/MySQLi/Connection.php:327
Stack trace:
#0 /home/u476517538/domains/desibazars.com/public_html/system/Database/MySQLi/Connection.php(327): mysqli->query()
#1 /home/u476517538/domains/desibazars.com/public_html/system/Database/BaseConnection.php(729): CodeIgniter\Database\MySQLi\Connection->execute()
#2 /home/u476517538/domains/desibazars.com/public_html/system/Database/BaseConnection.php(646): CodeIgniter\Database\BaseConnection->simpleQuery()
#3 /home/u476517538/domains/desibazars.com/public_html/system/Database/BaseBuilder.php(1733): CodeIgniter\Database\BaseConnection->query()
#4 /home/u476517538/domains/desibazars.com/public_html/app/Models/ProductModel.php(1580): CodeIgniter\Database\BaseBuilder->countAllResults()
#5 /home/u476517538/domains/desibazars.com/public_html/app/Controllers/CartController.php(75): App\Models\ProductModel->getActiveCouponCountByVariant()
#6 /home/u476517538/domains/desibazars.com/public_html/system/CodeIgniter.php(933): App\Controllers\CartController->addToCart()
#7 /home/u476517538/domains/desibazars.com/public_html/system/CodeIgniter.php(507): CodeIgniter\CodeIgniter->runController()
#8 /home/u476517538/domains/desibazars.com/public_html/system/CodeIgniter.php(354): CodeIgniter\CodeIgniter->handleRequest()
#9 /home/u476517538/domains/desibazars.com/public_html/system/Boot.php(363): CodeIgniter\CodeIgniter->run()
#10 /home/u476517538/domains/desibazars.com/public_html/system/Boot.php(68): CodeIgniter\Boot::runCodeIgniter()
#11 /home/u476517538/domains/desibazars.com/public_html/index.php(59): CodeIgniter\Boot::bootWeb()
#12 {main}
CRITICAL - 2025-12-15 02:44:21 --> CodeIgniter\Database\Exceptions\DatabaseException: Unknown column 'variant_id' in 'WHERE'
[Method: POST, Route: cart/add-to-cart]
in SYSTEMPATH/Database/BaseConnection.php on line 684.
 1 SYSTEMPATH/Database/BaseBuilder.php(1733): CodeIgniter\Database\BaseConnection->query()
 2 APPPATH/Models/ProductModel.php(1580): CodeIgniter\Database\BaseBuilder->countAllResults()
 3 APPPATH/Controllers/CartController.php(75): App\Models\ProductModel->getActiveCouponCountByVariant()
 4 SYSTEMPATH/CodeIgniter.php(933): App\Controllers\CartController->addToCart()
 5 SYSTEMPATH/CodeIgniter.php(507): CodeIgniter\CodeIgniter->runController()
 6 SYSTEMPATH/CodeIgniter.php(354): CodeIgniter\CodeIgniter->handleRequest()
 7 SYSTEMPATH/Boot.php(363): CodeIgniter\CodeIgniter->run()
 8 SYSTEMPATH/Boot.php(68): CodeIgniter\Boot::runCodeIgniter()
 9 FCPATH/index.php(59): CodeIgniter\Boot::bootWeb()
CRITICAL - 2025-12-15 02:44:21 --> [Caused by] CodeIgniter\Database\Exceptions\DatabaseException: Unknown column 'variant_id' in 'WHERE'
in SYSTEMPATH/Database/MySQLi/Connection.php on line 332.
 1 SYSTEMPATH/Database/BaseConnection.php(729): CodeIgniter\Database\MySQLi\Connection->execute()
 2 SYSTEMPATH/Database/BaseConnection.php(646): CodeIgniter\Database\BaseConnection->simpleQuery()
 3 SYSTEMPATH/Database/BaseBuilder.php(1733): CodeIgniter\Database\BaseConnection->query()
 4 APPPATH/Models/ProductModel.php(1580): CodeIgniter\Database\BaseBuilder->countAllResults()
 5 APPPATH/Controllers/CartController.php(75): App\Models\ProductModel->getActiveCouponCountByVariant()
 6 SYSTEMPATH/CodeIgniter.php(933): App\Controllers\CartController->addToCart()
 7 SYSTEMPATH/CodeIgniter.php(507): CodeIgniter\CodeIgniter->runController()
 8 SYSTEMPATH/CodeIgniter.php(354): CodeIgniter\CodeIgniter->handleRequest()
 9 SYSTEMPATH/Boot.php(363): CodeIgniter\CodeIgniter->run()
10 SYSTEMPATH/Boot.php(68): CodeIgniter\Boot::runCodeIgniter()
11 FCPATH/index.php(59): CodeIgniter\Boot::bootWeb()
CRITICAL - 2025-12-15 02:44:21 --> [Caused by] mysqli_sql_exception: Unknown column 'variant_id' in 'WHERE'
in SYSTEMPATH/Database/MySQLi/Connection.php on line 327.
 1 SYSTEMPATH/Database/MySQLi/Connection.php(327): mysqli->query()
 2 SYSTEMPATH/Database/BaseConnection.php(729): CodeIgniter\Database\MySQLi\Connection->execute()
 3 SYSTEMPATH/Database/BaseConnection.php(646): CodeIgniter\Database\BaseConnection->simpleQuery()
 4 SYSTEMPATH/Database/BaseBuilder.php(1733): CodeIgniter\Database\BaseConnection->query()
 5 APPPATH/Models/ProductModel.php(1580): CodeIgniter\Database\BaseBuilder->countAllResults()
 6 APPPATH/Controllers/CartController.php(75): App\Models\ProductModel->getActiveCouponCountByVariant()
 7 SYSTEMPATH/CodeIgniter.php(933): App\Controllers\CartController->addToCart()
 8 SYSTEMPATH/CodeIgniter.php(507): CodeIgniter\CodeIgniter->runController()
 9 SYSTEMPATH/CodeIgniter.php(354): CodeIgniter\CodeIgniter->handleRequest()
10 SYSTEMPATH/Boot.php(363): CodeIgniter\CodeIgniter->run()
11 SYSTEMPATH/Boot.php(68): CodeIgniter\Boot::runCodeIgniter()
12 FCPATH/index.php(59): CodeIgniter\Boot::bootWeb()
ERROR - 2025-12-15 02:44:38 --> mysqli_sql_exception: Unknown column 'variant_id' in 'WHERE' in /home/u476517538/domains/desibazars.com/public_html/system/Database/MySQLi/Connection.php:327
Stack trace:
#0 /home/u476517538/domains/desibazars.com/public_html/system/Database/MySQLi/Connection.php(327): mysqli->query()
#1 /home/u476517538/domains/desibazars.com/public_html/system/Database/BaseConnection.php(729): CodeIgniter\Database\MySQLi\Connection->execute()
#2 /home/u476517538/domains/desibazars.com/public_html/system/Database/BaseConnection.php(646): CodeIgniter\Database\BaseConnection->simpleQuery()
#3 /home/u476517538/domains/desibazars.com/public_html/system/Database/BaseBuilder.php(1733): CodeIgniter\Database\BaseConnection->query()
#4 /home/u476517538/domains/desibazars.com/public_html/app/Models/ProductModel.php(1580): CodeIgniter\Database\BaseBuilder->countAllResults()
#5 /home/u476517538/domains/desibazars.com/public_html/app/Controllers/CartController.php(75): App\Models\ProductModel->getActiveCouponCountByVariant()
#6 /home/u476517538/domains/desibazars.com/public_html/system/CodeIgniter.php(933): App\Controllers\CartController->addToCart()
#7 /home/u476517538/domains/desibazars.com/public_html/system/CodeIgniter.php(507): CodeIgniter\CodeIgniter->runController()
#8 /home/u476517538/domains/desibazars.com/public_html/system/CodeIgniter.php(354): CodeIgniter\CodeIgniter->handleRequest()
#9 /home/u476517538/domains/desibazars.com/public_html/system/Boot.php(363): CodeIgniter\CodeIgniter->run()
#10 /home/u476517538/domains/desibazars.com/public_html/system/Boot.php(68): CodeIgniter\Boot::runCodeIgniter()
#11 /home/u476517538/domains/desibazars.com/public_html/index.php(59): CodeIgniter\Boot::bootWeb()
#12 {main}
CRITICAL - 2025-12-15 02:44:38 --> CodeIgniter\Database\Exceptions\DatabaseException: Unknown column 'variant_id' in 'WHERE'
[Method: POST, Route: cart/add-to-cart]
in SYSTEMPATH/Database/BaseConnection.php on line 684.
 1 SYSTEMPATH/Database/BaseBuilder.php(1733): CodeIgniter\Database\BaseConnection->query()
 2 APPPATH/Models/ProductModel.php(1580): CodeIgniter\Database\BaseBuilder->countAllResults()
 3 APPPATH/Controllers/CartController.php(75): App\Models\ProductModel->getActiveCouponCountByVariant()
 4 SYSTEMPATH/CodeIgniter.php(933): App\Controllers\CartController->addToCart()
 5 SYSTEMPATH/CodeIgniter.php(507): CodeIgniter\CodeIgniter->runController()
 6 SYSTEMPATH/CodeIgniter.php(354): CodeIgniter\CodeIgniter->handleRequest()
 7 SYSTEMPATH/Boot.php(363): CodeIgniter\CodeIgniter->run()
 8 SYSTEMPATH/Boot.php(68): CodeIgniter\Boot::runCodeIgniter()
 9 FCPATH/index.php(59): CodeIgniter\Boot::bootWeb()
CRITICAL - 2025-12-15 02:44:38 --> [Caused by] CodeIgniter\Database\Exceptions\DatabaseException: Unknown column 'variant_id' in 'WHERE'
in SYSTEMPATH/Database/MySQLi/Connection.php on line 332.
 1 SYSTEMPATH/Database/BaseConnection.php(729): CodeIgniter\Database\MySQLi\Connection->execute()
 2 SYSTEMPATH/Database/BaseConnection.php(646): CodeIgniter\Database\BaseConnection->simpleQuery()
 3 SYSTEMPATH/Database/BaseBuilder.php(1733): CodeIgniter\Database\BaseConnection->query()
 4 APPPATH/Models/ProductModel.php(1580): CodeIgniter\Database\BaseBuilder->countAllResults()
 5 APPPATH/Controllers/CartController.php(75): App\Models\ProductModel->getActiveCouponCountByVariant()
 6 SYSTEMPATH/CodeIgniter.php(933): App\Controllers\CartController->addToCart()
 7 SYSTEMPATH/CodeIgniter.php(507): CodeIgniter\CodeIgniter->runController()
 8 SYSTEMPATH/CodeIgniter.php(354): CodeIgniter\CodeIgniter->handleRequest()
 9 SYSTEMPATH/Boot.php(363): CodeIgniter\CodeIgniter->run()
10 SYSTEMPATH/Boot.php(68): CodeIgniter\Boot::runCodeIgniter()
11 FCPATH/index.php(59): CodeIgniter\Boot::bootWeb()
CRITICAL - 2025-12-15 02:44:38 --> [Caused by] mysqli_sql_exception: Unknown column 'variant_id' in 'WHERE'
in SYSTEMPATH/Database/MySQLi/Connection.php on line 327.
 1 SYSTEMPATH/Database/MySQLi/Connection.php(327): mysqli->query()
 2 SYSTEMPATH/Database/BaseConnection.php(729): CodeIgniter\Database\MySQLi\Connection->execute()
 3 SYSTEMPATH/Database/BaseConnection.php(646): CodeIgniter\Database\BaseConnection->simpleQuery()
 4 SYSTEMPATH/Database/BaseBuilder.php(1733): CodeIgniter\Database\BaseConnection->query()
 5 APPPATH/Models/ProductModel.php(1580): CodeIgniter\Database\BaseBuilder->countAllResults()
 6 APPPATH/Controllers/CartController.php(75): App\Models\ProductModel->getActiveCouponCountByVariant()
 7 SYSTEMPATH/CodeIgniter.php(933): App\Controllers\CartController->addToCart()
 8 SYSTEMPATH/CodeIgniter.php(507): CodeIgniter\CodeIgniter->runController()
 9 SYSTEMPATH/CodeIgniter.php(354): CodeIgniter\CodeIgniter->handleRequest()
10 SYSTEMPATH/Boot.php(363): CodeIgniter\CodeIgniter->run()
11 SYSTEMPATH/Boot.php(68): CodeIgniter\Boot::runCodeIgniter()
12 FCPATH/index.php(59): CodeIgniter\Boot::bootWeb()
ERROR - 2025-12-15 02:47:24 --> mysqli_sql_exception: Unknown column 'variant_id' in 'WHERE' in /home/u476517538/domains/desibazars.com/public_html/system/Database/MySQLi/Connection.php:327
Stack trace:
#0 /home/u476517538/domains/desibazars.com/public_html/system/Database/MySQLi/Connection.php(327): mysqli->query()
#1 /home/u476517538/domains/desibazars.com/public_html/system/Database/BaseConnection.php(729): CodeIgniter\Database\MySQLi\Connection->execute()
#2 /home/u476517538/domains/desibazars.com/public_html/system/Database/BaseConnection.php(646): CodeIgniter\Database\BaseConnection->simpleQuery()
#3 /home/u476517538/domains/desibazars.com/public_html/system/Database/BaseBuilder.php(1733): CodeIgniter\Database\BaseConnection->query()
#4 /home/u476517538/domains/desibazars.com/public_html/app/Models/ProductModel.php(1580): CodeIgniter\Database\BaseBuilder->countAllResults()
#5 /home/u476517538/domains/desibazars.com/public_html/app/Controllers/CartController.php(75): App\Models\ProductModel->getActiveCouponCountByVariant()
#6 /home/u476517538/domains/desibazars.com/public_html/system/CodeIgniter.php(933): App\Controllers\CartController->addToCart()
#7 /home/u476517538/domains/desibazars.com/public_html/system/CodeIgniter.php(507): CodeIgniter\CodeIgniter->runController()
#8 /home/u476517538/domains/desibazars.com/public_html/system/CodeIgniter.php(354): CodeIgniter\CodeIgniter->handleRequest()
#9 /home/u476517538/domains/desibazars.com/public_html/system/Boot.php(363): CodeIgniter\CodeIgniter->run()
#10 /home/u476517538/domains/desibazars.com/public_html/system/Boot.php(68): CodeIgniter\Boot::runCodeIgniter()
#11 /home/u476517538/domains/desibazars.com/public_html/index.php(59): CodeIgniter\Boot::bootWeb()
#12 {main}
CRITICAL - 2025-12-15 02:47:24 --> CodeIgniter\Database\Exceptions\DatabaseException: Unknown column 'variant_id' in 'WHERE'
[Method: POST, Route: cart/add-to-cart]
in SYSTEMPATH/Database/BaseConnection.php on line 684.
 1 SYSTEMPATH/Database/BaseBuilder.php(1733): CodeIgniter\Database\BaseConnection->query()
 2 APPPATH/Models/ProductModel.php(1580): CodeIgniter\Database\BaseBuilder->countAllResults()
 3 APPPATH/Controllers/CartController.php(75): App\Models\ProductModel->getActiveCouponCountByVariant()
 4 SYSTEMPATH/CodeIgniter.php(933): App\Controllers\CartController->addToCart()
 5 SYSTEMPATH/CodeIgniter.php(507): CodeIgniter\CodeIgniter->runController()
 6 SYSTEMPATH/CodeIgniter.php(354): CodeIgniter\CodeIgniter->handleRequest()
 7 SYSTEMPATH/Boot.php(363): CodeIgniter\CodeIgniter->run()
 8 SYSTEMPATH/Boot.php(68): CodeIgniter\Boot::runCodeIgniter()
 9 FCPATH/index.php(59): CodeIgniter\Boot::bootWeb()
CRITICAL - 2025-12-15 02:47:24 --> [Caused by] CodeIgniter\Database\Exceptions\DatabaseException: Unknown column 'variant_id' in 'WHERE'
in SYSTEMPATH/Database/MySQLi/Connection.php on line 332.
 1 SYSTEMPATH/Database/BaseConnection.php(729): CodeIgniter\Database\MySQLi\Connection->execute()
 2 SYSTEMPATH/Database/BaseConnection.php(646): CodeIgniter\Database\BaseConnection->simpleQuery()
 3 SYSTEMPATH/Database/BaseBuilder.php(1733): CodeIgniter\Database\BaseConnection->query()
 4 APPPATH/Models/ProductModel.php(1580): CodeIgniter\Database\BaseBuilder->countAllResults()
 5 APPPATH/Controllers/CartController.php(75): App\Models\ProductModel->getActiveCouponCountByVariant()
 6 SYSTEMPATH/CodeIgniter.php(933): App\Controllers\CartController->addToCart()
 7 SYSTEMPATH/CodeIgniter.php(507): CodeIgniter\CodeIgniter->runController()
 8 SYSTEMPATH/CodeIgniter.php(354): CodeIgniter\CodeIgniter->handleRequest()
 9 SYSTEMPATH/Boot.php(363): CodeIgniter\CodeIgniter->run()
10 SYSTEMPATH/Boot.php(68): CodeIgniter\Boot::runCodeIgniter()
11 FCPATH/index.php(59): CodeIgniter\Boot::bootWeb()
CRITICAL - 2025-12-15 02:47:24 --> [Caused by] mysqli_sql_exception: Unknown column 'variant_id' in 'WHERE'
in SYSTEMPATH/Database/MySQLi/Connection.php on line 327.
 1 SYSTEMPATH/Database/MySQLi/Connection.php(327): mysqli->query()
 2 SYSTEMPATH/Database/BaseConnection.php(729): CodeIgniter\Database\MySQLi\Connection->execute()
 3 SYSTEMPATH/Database/BaseConnection.php(646): CodeIgniter\Database\BaseConnection->simpleQuery()
 4 SYSTEMPATH/Database/BaseBuilder.php(1733): CodeIgniter\Database\BaseConnection->query()
 5 APPPATH/Models/ProductModel.php(1580): CodeIgniter\Database\BaseBuilder->countAllResults()
 6 APPPATH/Controllers/CartController.php(75): App\Models\ProductModel->getActiveCouponCountByVariant()
 7 SYSTEMPATH/CodeIgniter.php(933): App\Controllers\CartController->addToCart()
 8 SYSTEMPATH/CodeIgniter.php(507): CodeIgniter\CodeIgniter->runController()
 9 SYSTEMPATH/CodeIgniter.php(354): CodeIgniter\CodeIgniter->handleRequest()
10 SYSTEMPATH/Boot.php(363): CodeIgniter\CodeIgniter->run()
11 SYSTEMPATH/Boot.php(68): CodeIgniter\Boot::runCodeIgniter()
12 FCPATH/index.php(59): CodeIgniter\Boot::bootWeb()
CRITICAL - 2025-12-15 04:33:04 --> ErrorException: Undefined property: CodeIgniter\View\View::$productModel
[Method: GET, Route: savor-the-flavor-40-70-or-100-towards-food-and-drinks-at-sharks-rubys-maywood-up-to-31-off-50]
in APPPATH\Views\product\details\_product_details_form.php on line 73.
 1 APPPATH\Views\product\details\_product_details_form.php(73): CodeIgniter\Debug\Exceptions->errorHandler(2, 'Undefined property: CodeIgniter\\View\\View::$productModel', 'F:\\xampp\\htdocs\\modesy-2.6.2\\app\\Views\\product\\details\\_product_details_form.php', 73)
 2 SYSTEMPATH\View\View.php(226): include('F:\\xampp\\htdocs\\modesy-2.6.2\\app\\Views\\product\\details\\_product_details_form.php')
 3 SYSTEMPATH\View\View.php(229): CodeIgniter\View\View->CodeIgniter\View\{closure}()
 4 SYSTEMPATH\Common.php(1203): CodeIgniter\View\View->render('product/details/_product_details_form', [], true)
 5 APPPATH\Views\product\details\_product_details.php(130): view('product/details/_product_details_form', [...])
 6 SYSTEMPATH\View\View.php(226): include('F:\\xampp\\htdocs\\modesy-2.6.2\\app\\Views\\product\\details\\_product_details.php')
 7 SYSTEMPATH\View\View.php(229): CodeIgniter\View\View->CodeIgniter\View\{closure}()
 8 SYSTEMPATH\Common.php(1203): CodeIgniter\View\View->render('product/details/_product_details', [], true)
 9 APPPATH\Views\product\details\product.php(27): view('product/details/_product_details')
10 SYSTEMPATH\View\View.php(226): include('F:\\xampp\\htdocs\\modesy-2.6.2\\app\\Views\\product\\details\\product.php')
11 SYSTEMPATH\View\View.php(229): CodeIgniter\View\View->CodeIgniter\View\{closure}()
12 SYSTEMPATH\Common.php(1203): CodeIgniter\View\View->render('product/details/product', [], true)
13 APPPATH\Controllers\HomeController.php(434): view('product/details/product', [...])
14 APPPATH\Controllers\HomeController.php(98): App\Controllers\HomeController->product('savor-the-flavor-40-70-or-100-towards-food-and-drinks-at-sharks-rubys-maywood-up-to-31-off-50')
15 SYSTEMPATH\CodeIgniter.php(933): App\Controllers\HomeController->any('savor-the-flavor-40-70-or-100-towards-food-and-drinks-at-sharks-rubys-maywood-up-to-31-off-50')
16 SYSTEMPATH\CodeIgniter.php(507): CodeIgniter\CodeIgniter->runController(Object(App\Controllers\HomeController))
17 SYSTEMPATH\CodeIgniter.php(354): CodeIgniter\CodeIgniter->handleRequest(null, Object(Config\Cache), false)
18 SYSTEMPATH\Boot.php(363): CodeIgniter\CodeIgniter->run()
19 SYSTEMPATH\Boot.php(68): CodeIgniter\Boot::runCodeIgniter(Object(CodeIgniter\CodeIgniter))
20 FCPATH\index.php(59): CodeIgniter\Boot::bootWeb(Object(Config\Paths))
CRITICAL - 2025-12-15 04:33:10 --> ErrorException: Undefined property: CodeIgniter\View\View::$productModel
[Method: GET, Route: savor-the-flavor-40-70-or-100-towards-food-and-drinks-at-sharks-rubys-maywood-up-to-31-off-50]
in APPPATH\Views\product\details\_product_details_form.php on line 73.
 1 APPPATH\Views\product\details\_product_details_form.php(73): CodeIgniter\Debug\Exceptions->errorHandler(2, 'Undefined property: CodeIgniter\\View\\View::$productModel', 'F:\\xampp\\htdocs\\modesy-2.6.2\\app\\Views\\product\\details\\_product_details_form.php', 73)
 2 SYSTEMPATH\View\View.php(226): include('F:\\xampp\\htdocs\\modesy-2.6.2\\app\\Views\\product\\details\\_product_details_form.php')
 3 SYSTEMPATH\View\View.php(229): CodeIgniter\View\View->CodeIgniter\View\{closure}()
 4 SYSTEMPATH\Common.php(1203): CodeIgniter\View\View->render('product/details/_product_details_form', [], true)
 5 APPPATH\Views\product\details\_product_details.php(130): view('product/details/_product_details_form', [...])
 6 SYSTEMPATH\View\View.php(226): include('F:\\xampp\\htdocs\\modesy-2.6.2\\app\\Views\\product\\details\\_product_details.php')
 7 SYSTEMPATH\View\View.php(229): CodeIgniter\View\View->CodeIgniter\View\{closure}()
 8 SYSTEMPATH\Common.php(1203): CodeIgniter\View\View->render('product/details/_product_details', [], true)
 9 APPPATH\Views\product\details\product.php(27): view('product/details/_product_details')
10 SYSTEMPATH\View\View.php(226): include('F:\\xampp\\htdocs\\modesy-2.6.2\\app\\Views\\product\\details\\product.php')
11 SYSTEMPATH\View\View.php(229): CodeIgniter\View\View->CodeIgniter\View\{closure}()
12 SYSTEMPATH\Common.php(1203): CodeIgniter\View\View->render('product/details/product', [], true)
13 APPPATH\Controllers\HomeController.php(434): view('product/details/product', [...])
14 APPPATH\Controllers\HomeController.php(98): App\Controllers\HomeController->product('savor-the-flavor-40-70-or-100-towards-food-and-drinks-at-sharks-rubys-maywood-up-to-31-off-50')
15 SYSTEMPATH\CodeIgniter.php(933): App\Controllers\HomeController->any('savor-the-flavor-40-70-or-100-towards-food-and-drinks-at-sharks-rubys-maywood-up-to-31-off-50')
16 SYSTEMPATH\CodeIgniter.php(507): CodeIgniter\CodeIgniter->runController(Object(App\Controllers\HomeController))
17 SYSTEMPATH\CodeIgniter.php(354): CodeIgniter\CodeIgniter->handleRequest(null, Object(Config\Cache), false)
18 SYSTEMPATH\Boot.php(363): CodeIgniter\CodeIgniter->run()
19 SYSTEMPATH\Boot.php(68): CodeIgniter\Boot::runCodeIgniter(Object(CodeIgniter\CodeIgniter))
20 FCPATH\index.php(59): CodeIgniter\Boot::bootWeb(Object(Config\Paths))
ERROR - 2025-12-15 05:08:55 --> optimizeImage() failed for uploads/temp/temp_693fde37ddf9a5-54179821.jpg: GD PHP extension must be installed to use this driver.
ERROR - 2025-12-15 05:08:55 --> optimizeImage() failed for uploads/temp/temp_693fde37ddf9a5-54179821.jpg: GD PHP extension must be installed to use this driver.
ERROR - 2025-12-15 05:08:55 --> optimizeImage() failed for uploads/temp/temp_693fde37ddf9a5-54179821.jpg: GD PHP extension must be installed to use this driver.
ERROR - 2025-12-15 05:12:51 --> moveToStorage() failed: copy(): The first argument to copy() function cannot be a directory
ERROR - 2025-12-15 05:12:51 --> moveToStorage() failed: copy(): The first argument to copy() function cannot be a directory
ERROR - 2025-12-15 05:12:51 --> moveToStorage() failed: copy(): The first argument to copy() function cannot be a directory
ERROR - 2025-12-15 05:17:04 --> mysqli_sql_exception: Duplicate entry '0' for key 'PRIMARY' in F:\xampp\htdocs\modesy-2.6.2\system\Database\MySQLi\Connection.php:327
Stack trace:
#0 F:\xampp\htdocs\modesy-2.6.2\system\Database\MySQLi\Connection.php(327): mysqli->query('INSERT INTO `pr...', 0)
#1 F:\xampp\htdocs\modesy-2.6.2\system\Database\BaseConnection.php(729): CodeIgniter\Database\MySQLi\Connection->execute('INSERT INTO `pr...')
#2 F:\xampp\htdocs\modesy-2.6.2\system\Database\BaseConnection.php(646): CodeIgniter\Database\BaseConnection->simpleQuery('INSERT INTO `pr...')
#3 F:\xampp\htdocs\modesy-2.6.2\system\Database\BaseBuilder.php(1841): CodeIgniter\Database\BaseConnection->query('INSERT INTO `pr...', NULL, false)
#4 F:\xampp\htdocs\modesy-2.6.2\system\Database\BaseBuilder.php(2230): CodeIgniter\Database\BaseBuilder->batchExecute('_insertBatch', 100)
#5 F:\xampp\htdocs\modesy-2.6.2\app\Models\ProductModel.php(1145): CodeIgniter\Database\BaseBuilder->insertBatch(Array)
#6 F:\xampp\htdocs\modesy-2.6.2\app\Controllers\DashboardController.php(138): App\Models\ProductModel->syncProductSearchIndex(57)
#7 F:\xampp\htdocs\modesy-2.6.2\system\CodeIgniter.php(933): App\Controllers\DashboardController->addProductPost()
#8 F:\xampp\htdocs\modesy-2.6.2\system\CodeIgniter.php(507): CodeIgniter\CodeIgniter->runController(Object(App\Controllers\DashboardController))
#9 F:\xampp\htdocs\modesy-2.6.2\system\CodeIgniter.php(354): CodeIgniter\CodeIgniter->handleRequest(NULL, Object(Config\Cache), false)
#10 F:\xampp\htdocs\modesy-2.6.2\system\Boot.php(363): CodeIgniter\CodeIgniter->run()
#11 F:\xampp\htdocs\modesy-2.6.2\system\Boot.php(68): CodeIgniter\Boot::runCodeIgniter(Object(CodeIgniter\CodeIgniter))
#12 F:\xampp\htdocs\modesy-2.6.2\index.php(59): CodeIgniter\Boot::bootWeb(Object(Config\Paths))
#13 {main}
CRITICAL - 2025-12-15 05:17:04 --> CodeIgniter\Database\Exceptions\DatabaseException: Duplicate entry '0' for key 'PRIMARY'
[Method: POST, Route: add-product-post]
in SYSTEMPATH\Database\BaseConnection.php on line 684.
 1 SYSTEMPATH\Database\BaseBuilder.php(1841): CodeIgniter\Database\BaseConnection->query('INSERT INTO `product_search_indexes` (`lang_id`, `product_id`, `search_index`)
VALUES (\'1\',\'57\',\'dfgfd\')', null, false)
 2 SYSTEMPATH\Database\BaseBuilder.php(2230): CodeIgniter\Database\BaseBuilder->batchExecute('_insertBatch', 100)
 3 APPPATH\Models\ProductModel.php(1145): CodeIgniter\Database\BaseBuilder->insertBatch([...])
 4 APPPATH\Controllers\DashboardController.php(138): App\Models\ProductModel->syncProductSearchIndex(57)
 5 SYSTEMPATH\CodeIgniter.php(933): App\Controllers\DashboardController->addProductPost()
 6 SYSTEMPATH\CodeIgniter.php(507): CodeIgniter\CodeIgniter->runController(Object(App\Controllers\DashboardController))
 7 SYSTEMPATH\CodeIgniter.php(354): CodeIgniter\CodeIgniter->handleRequest(null, Object(Config\Cache), false)
 8 SYSTEMPATH\Boot.php(363): CodeIgniter\CodeIgniter->run()
 9 SYSTEMPATH\Boot.php(68): CodeIgniter\Boot::runCodeIgniter(Object(CodeIgniter\CodeIgniter))
10 FCPATH\index.php(59): CodeIgniter\Boot::bootWeb(Object(Config\Paths))
CRITICAL - 2025-12-15 05:17:04 --> [Caused by] CodeIgniter\Database\Exceptions\DatabaseException: Duplicate entry '0' for key 'PRIMARY'
in SYSTEMPATH\Database\MySQLi\Connection.php on line 332.
 1 SYSTEMPATH\Database\BaseConnection.php(729): CodeIgniter\Database\MySQLi\Connection->execute('INSERT INTO `product_search_indexes` (`lang_id`, `product_id`, `search_index`)
VALUES (\'1\',\'57\',\'dfgfd\')')
 2 SYSTEMPATH\Database\BaseConnection.php(646): CodeIgniter\Database\BaseConnection->simpleQuery('INSERT INTO `product_search_indexes` (`lang_id`, `product_id`, `search_index`)
VALUES (\'1\',\'57\',\'dfgfd\')')
 3 SYSTEMPATH\Database\BaseBuilder.php(1841): CodeIgniter\Database\BaseConnection->query('INSERT INTO `product_search_indexes` (`lang_id`, `product_id`, `search_index`)
VALUES (\'1\',\'57\',\'dfgfd\')', null, false)
 4 SYSTEMPATH\Database\BaseBuilder.php(2230): CodeIgniter\Database\BaseBuilder->batchExecute('_insertBatch', 100)
 5 APPPATH\Models\ProductModel.php(1145): CodeIgniter\Database\BaseBuilder->insertBatch([...])
 6 APPPATH\Controllers\DashboardController.php(138): App\Models\ProductModel->syncProductSearchIndex(57)
 7 SYSTEMPATH\CodeIgniter.php(933): App\Controllers\DashboardController->addProductPost()
 8 SYSTEMPATH\CodeIgniter.php(507): CodeIgniter\CodeIgniter->runController(Object(App\Controllers\DashboardController))
 9 SYSTEMPATH\CodeIgniter.php(354): CodeIgniter\CodeIgniter->handleRequest(null, Object(Config\Cache), false)
10 SYSTEMPATH\Boot.php(363): CodeIgniter\CodeIgniter->run()
11 SYSTEMPATH\Boot.php(68): CodeIgniter\Boot::runCodeIgniter(Object(CodeIgniter\CodeIgniter))
12 FCPATH\index.php(59): CodeIgniter\Boot::bootWeb(Object(Config\Paths))
CRITICAL - 2025-12-15 05:17:04 --> [Caused by] mysqli_sql_exception: Duplicate entry '0' for key 'PRIMARY'
in SYSTEMPATH\Database\MySQLi\Connection.php on line 327.
 1 SYSTEMPATH\Database\MySQLi\Connection.php(327): mysqli->query('INSERT INTO `product_search_indexes` (`lang_id`, `product_id`, `search_index`)
VALUES (\'1\',\'57\',\'dfgfd\')', 0)
 2 SYSTEMPATH\Database\BaseConnection.php(729): CodeIgniter\Database\MySQLi\Connection->execute('INSERT INTO `product_search_indexes` (`lang_id`, `product_id`, `search_index`)
VALUES (\'1\',\'57\',\'dfgfd\')')
 3 SYSTEMPATH\Database\BaseConnection.php(646): CodeIgniter\Database\BaseConnection->simpleQuery('INSERT INTO `product_search_indexes` (`lang_id`, `product_id`, `search_index`)
VALUES (\'1\',\'57\',\'dfgfd\')')
 4 SYSTEMPATH\Database\BaseBuilder.php(1841): CodeIgniter\Database\BaseConnection->query('INSERT INTO `product_search_indexes` (`lang_id`, `product_id`, `search_index`)
VALUES (\'1\',\'57\',\'dfgfd\')', null, false)
 5 SYSTEMPATH\Database\BaseBuilder.php(2230): CodeIgniter\Database\BaseBuilder->batchExecute('_insertBatch', 100)
 6 APPPATH\Models\ProductModel.php(1145): CodeIgniter\Database\BaseBuilder->insertBatch([...])
 7 APPPATH\Controllers\DashboardController.php(138): App\Models\ProductModel->syncProductSearchIndex(57)
 8 SYSTEMPATH\CodeIgniter.php(933): App\Controllers\DashboardController->addProductPost()
 9 SYSTEMPATH\CodeIgniter.php(507): CodeIgniter\CodeIgniter->runController(Object(App\Controllers\DashboardController))
10 SYSTEMPATH\CodeIgniter.php(354): CodeIgniter\CodeIgniter->handleRequest(null, Object(Config\Cache), false)
11 SYSTEMPATH\Boot.php(363): CodeIgniter\CodeIgniter->run()
12 SYSTEMPATH\Boot.php(68): CodeIgniter\Boot::runCodeIgniter(Object(CodeIgniter\CodeIgniter))
13 FCPATH\index.php(59): CodeIgniter\Boot::bootWeb(Object(Config\Paths))
ERROR - 2025-12-15 05:18:40 --> mysqli_sql_exception: Duplicate entry '0' for key 'PRIMARY' in F:\xampp\htdocs\modesy-2.6.2\system\Database\MySQLi\Connection.php:327
Stack trace:
#0 F:\xampp\htdocs\modesy-2.6.2\system\Database\MySQLi\Connection.php(327): mysqli->query('INSERT INTO `pr...', 0)
#1 F:\xampp\htdocs\modesy-2.6.2\system\Database\BaseConnection.php(729): CodeIgniter\Database\MySQLi\Connection->execute('INSERT INTO `pr...')
#2 F:\xampp\htdocs\modesy-2.6.2\system\Database\BaseConnection.php(646): CodeIgniter\Database\BaseConnection->simpleQuery('INSERT INTO `pr...')
#3 F:\xampp\htdocs\modesy-2.6.2\system\Database\BaseBuilder.php(1841): CodeIgniter\Database\BaseConnection->query('INSERT INTO `pr...', NULL, false)
#4 F:\xampp\htdocs\modesy-2.6.2\system\Database\BaseBuilder.php(2230): CodeIgniter\Database\BaseBuilder->batchExecute('_insertBatch', 100)
#5 F:\xampp\htdocs\modesy-2.6.2\app\Models\ProductModel.php(1145): CodeIgniter\Database\BaseBuilder->insertBatch(Array)
#6 F:\xampp\htdocs\modesy-2.6.2\app\Controllers\DashboardController.php(138): App\Models\ProductModel->syncProductSearchIndex(58)
#7 F:\xampp\htdocs\modesy-2.6.2\system\CodeIgniter.php(933): App\Controllers\DashboardController->addProductPost()
#8 F:\xampp\htdocs\modesy-2.6.2\system\CodeIgniter.php(507): CodeIgniter\CodeIgniter->runController(Object(App\Controllers\DashboardController))
#9 F:\xampp\htdocs\modesy-2.6.2\system\CodeIgniter.php(354): CodeIgniter\CodeIgniter->handleRequest(NULL, Object(Config\Cache), false)
#10 F:\xampp\htdocs\modesy-2.6.2\system\Boot.php(363): CodeIgniter\CodeIgniter->run()
#11 F:\xampp\htdocs\modesy-2.6.2\system\Boot.php(68): CodeIgniter\Boot::runCodeIgniter(Object(CodeIgniter\CodeIgniter))
#12 F:\xampp\htdocs\modesy-2.6.2\index.php(59): CodeIgniter\Boot::bootWeb(Object(Config\Paths))
#13 {main}
CRITICAL - 2025-12-15 05:18:40 --> CodeIgniter\Database\Exceptions\DatabaseException: Duplicate entry '0' for key 'PRIMARY'
[Method: POST, Route: add-product-post]
in SYSTEMPATH\Database\BaseConnection.php on line 684.
 1 SYSTEMPATH\Database\BaseBuilder.php(1841): CodeIgniter\Database\BaseConnection->query('INSERT INTO `product_search_indexes` (`lang_id`, `product_id`, `search_index`)
VALUES (\'1\',\'58\',\'dfgfd\')', null, false)
 2 SYSTEMPATH\Database\BaseBuilder.php(2230): CodeIgniter\Database\BaseBuilder->batchExecute('_insertBatch', 100)
 3 APPPATH\Models\ProductModel.php(1145): CodeIgniter\Database\BaseBuilder->insertBatch([...])
 4 APPPATH\Controllers\DashboardController.php(138): App\Models\ProductModel->syncProductSearchIndex(58)
 5 SYSTEMPATH\CodeIgniter.php(933): App\Controllers\DashboardController->addProductPost()
 6 SYSTEMPATH\CodeIgniter.php(507): CodeIgniter\CodeIgniter->runController(Object(App\Controllers\DashboardController))
 7 SYSTEMPATH\CodeIgniter.php(354): CodeIgniter\CodeIgniter->handleRequest(null, Object(Config\Cache), false)
 8 SYSTEMPATH\Boot.php(363): CodeIgniter\CodeIgniter->run()
 9 SYSTEMPATH\Boot.php(68): CodeIgniter\Boot::runCodeIgniter(Object(CodeIgniter\CodeIgniter))
10 FCPATH\index.php(59): CodeIgniter\Boot::bootWeb(Object(Config\Paths))
CRITICAL - 2025-12-15 05:18:40 --> [Caused by] CodeIgniter\Database\Exceptions\DatabaseException: Duplicate entry '0' for key 'PRIMARY'
in SYSTEMPATH\Database\MySQLi\Connection.php on line 332.
 1 SYSTEMPATH\Database\BaseConnection.php(729): CodeIgniter\Database\MySQLi\Connection->execute('INSERT INTO `product_search_indexes` (`lang_id`, `product_id`, `search_index`)
VALUES (\'1\',\'58\',\'dfgfd\')')
 2 SYSTEMPATH\Database\BaseConnection.php(646): CodeIgniter\Database\BaseConnection->simpleQuery('INSERT INTO `product_search_indexes` (`lang_id`, `product_id`, `search_index`)
VALUES (\'1\',\'58\',\'dfgfd\')')
 3 SYSTEMPATH\Database\BaseBuilder.php(1841): CodeIgniter\Database\BaseConnection->query('INSERT INTO `product_search_indexes` (`lang_id`, `product_id`, `search_index`)
VALUES (\'1\',\'58\',\'dfgfd\')', null, false)
 4 SYSTEMPATH\Database\BaseBuilder.php(2230): CodeIgniter\Database\BaseBuilder->batchExecute('_insertBatch', 100)
 5 APPPATH\Models\ProductModel.php(1145): CodeIgniter\Database\BaseBuilder->insertBatch([...])
 6 APPPATH\Controllers\DashboardController.php(138): App\Models\ProductModel->syncProductSearchIndex(58)
 7 SYSTEMPATH\CodeIgniter.php(933): App\Controllers\DashboardController->addProductPost()
 8 SYSTEMPATH\CodeIgniter.php(507): CodeIgniter\CodeIgniter->runController(Object(App\Controllers\DashboardController))
 9 SYSTEMPATH\CodeIgniter.php(354): CodeIgniter\CodeIgniter->handleRequest(null, Object(Config\Cache), false)
10 SYSTEMPATH\Boot.php(363): CodeIgniter\CodeIgniter->run()
11 SYSTEMPATH\Boot.php(68): CodeIgniter\Boot::runCodeIgniter(Object(CodeIgniter\CodeIgniter))
12 FCPATH\index.php(59): CodeIgniter\Boot::bootWeb(Object(Config\Paths))
CRITICAL - 2025-12-15 05:18:40 --> [Caused by] mysqli_sql_exception: Duplicate entry '0' for key 'PRIMARY'
in SYSTEMPATH\Database\MySQLi\Connection.php on line 327.
 1 SYSTEMPATH\Database\MySQLi\Connection.php(327): mysqli->query('INSERT INTO `product_search_indexes` (`lang_id`, `product_id`, `search_index`)
VALUES (\'1\',\'58\',\'dfgfd\')', 0)
 2 SYSTEMPATH\Database\BaseConnection.php(729): CodeIgniter\Database\MySQLi\Connection->execute('INSERT INTO `product_search_indexes` (`lang_id`, `product_id`, `search_index`)
VALUES (\'1\',\'58\',\'dfgfd\')')
 3 SYSTEMPATH\Database\BaseConnection.php(646): CodeIgniter\Database\BaseConnection->simpleQuery('INSERT INTO `product_search_indexes` (`lang_id`, `product_id`, `search_index`)
VALUES (\'1\',\'58\',\'dfgfd\')')
 4 SYSTEMPATH\Database\BaseBuilder.php(1841): CodeIgniter\Database\BaseConnection->query('INSERT INTO `product_search_indexes` (`lang_id`, `product_id`, `search_index`)
VALUES (\'1\',\'58\',\'dfgfd\')', null, false)
 5 SYSTEMPATH\Database\BaseBuilder.php(2230): CodeIgniter\Database\BaseBuilder->batchExecute('_insertBatch', 100)
 6 APPPATH\Models\ProductModel.php(1145): CodeIgniter\Database\BaseBuilder->insertBatch([...])
 7 APPPATH\Controllers\DashboardController.php(138): App\Models\ProductModel->syncProductSearchIndex(58)
 8 SYSTEMPATH\CodeIgniter.php(933): App\Controllers\DashboardController->addProductPost()
 9 SYSTEMPATH\CodeIgniter.php(507): CodeIgniter\CodeIgniter->runController(Object(App\Controllers\DashboardController))
10 SYSTEMPATH\CodeIgniter.php(354): CodeIgniter\CodeIgniter->handleRequest(null, Object(Config\Cache), false)
11 SYSTEMPATH\Boot.php(363): CodeIgniter\CodeIgniter->run()
12 SYSTEMPATH\Boot.php(68): CodeIgniter\Boot::runCodeIgniter(Object(CodeIgniter\CodeIgniter))
13 FCPATH\index.php(59): CodeIgniter\Boot::bootWeb(Object(Config\Paths))
ERROR - 2025-12-15 05:19:31 --> mysqli_sql_exception: Duplicate entry '0' for key 'PRIMARY' in F:\xampp\htdocs\modesy-2.6.2\system\Database\MySQLi\Connection.php:327
Stack trace:
#0 F:\xampp\htdocs\modesy-2.6.2\system\Database\MySQLi\Connection.php(327): mysqli->query('INSERT INTO `pr...', 0)
#1 F:\xampp\htdocs\modesy-2.6.2\system\Database\BaseConnection.php(729): CodeIgniter\Database\MySQLi\Connection->execute('INSERT INTO `pr...')
#2 F:\xampp\htdocs\modesy-2.6.2\system\Database\BaseConnection.php(646): CodeIgniter\Database\BaseConnection->simpleQuery('INSERT INTO `pr...')
#3 F:\xampp\htdocs\modesy-2.6.2\system\Database\BaseBuilder.php(1841): CodeIgniter\Database\BaseConnection->query('INSERT INTO `pr...', NULL, false)
#4 F:\xampp\htdocs\modesy-2.6.2\system\Database\BaseBuilder.php(2230): CodeIgniter\Database\BaseBuilder->batchExecute('_insertBatch', 100)
#5 F:\xampp\htdocs\modesy-2.6.2\app\Models\ProductModel.php(1145): CodeIgniter\Database\BaseBuilder->insertBatch(Array)
#6 F:\xampp\htdocs\modesy-2.6.2\app\Controllers\DashboardController.php(138): App\Models\ProductModel->syncProductSearchIndex(59)
#7 F:\xampp\htdocs\modesy-2.6.2\system\CodeIgniter.php(933): App\Controllers\DashboardController->addProductPost()
#8 F:\xampp\htdocs\modesy-2.6.2\system\CodeIgniter.php(507): CodeIgniter\CodeIgniter->runController(Object(App\Controllers\DashboardController))
#9 F:\xampp\htdocs\modesy-2.6.2\system\CodeIgniter.php(354): CodeIgniter\CodeIgniter->handleRequest(NULL, Object(Config\Cache), false)
#10 F:\xampp\htdocs\modesy-2.6.2\system\Boot.php(363): CodeIgniter\CodeIgniter->run()
#11 F:\xampp\htdocs\modesy-2.6.2\system\Boot.php(68): CodeIgniter\Boot::runCodeIgniter(Object(CodeIgniter\CodeIgniter))
#12 F:\xampp\htdocs\modesy-2.6.2\index.php(59): CodeIgniter\Boot::bootWeb(Object(Config\Paths))
#13 {main}
CRITICAL - 2025-12-15 05:19:31 --> CodeIgniter\Database\Exceptions\DatabaseException: Duplicate entry '0' for key 'PRIMARY'
[Method: POST, Route: add-product-post]
in SYSTEMPATH\Database\BaseConnection.php on line 684.
 1 SYSTEMPATH\Database\BaseBuilder.php(1841): CodeIgniter\Database\BaseConnection->query('INSERT INTO `product_search_indexes` (`lang_id`, `product_id`, `search_index`)
VALUES (\'1\',\'59\',\'asdas\')', null, false)
 2 SYSTEMPATH\Database\BaseBuilder.php(2230): CodeIgniter\Database\BaseBuilder->batchExecute('_insertBatch', 100)
 3 APPPATH\Models\ProductModel.php(1145): CodeIgniter\Database\BaseBuilder->insertBatch([...])
 4 APPPATH\Controllers\DashboardController.php(138): App\Models\ProductModel->syncProductSearchIndex(59)
 5 SYSTEMPATH\CodeIgniter.php(933): App\Controllers\DashboardController->addProductPost()
 6 SYSTEMPATH\CodeIgniter.php(507): CodeIgniter\CodeIgniter->runController(Object(App\Controllers\DashboardController))
 7 SYSTEMPATH\CodeIgniter.php(354): CodeIgniter\CodeIgniter->handleRequest(null, Object(Config\Cache), false)
 8 SYSTEMPATH\Boot.php(363): CodeIgniter\CodeIgniter->run()
 9 SYSTEMPATH\Boot.php(68): CodeIgniter\Boot::runCodeIgniter(Object(CodeIgniter\CodeIgniter))
10 FCPATH\index.php(59): CodeIgniter\Boot::bootWeb(Object(Config\Paths))
CRITICAL - 2025-12-15 05:19:31 --> [Caused by] CodeIgniter\Database\Exceptions\DatabaseException: Duplicate entry '0' for key 'PRIMARY'
in SYSTEMPATH\Database\MySQLi\Connection.php on line 332.
 1 SYSTEMPATH\Database\BaseConnection.php(729): CodeIgniter\Database\MySQLi\Connection->execute('INSERT INTO `product_search_indexes` (`lang_id`, `product_id`, `search_index`)
VALUES (\'1\',\'59\',\'asdas\')')
 2 SYSTEMPATH\Database\BaseConnection.php(646): CodeIgniter\Database\BaseConnection->simpleQuery('INSERT INTO `product_search_indexes` (`lang_id`, `product_id`, `search_index`)
VALUES (\'1\',\'59\',\'asdas\')')
 3 SYSTEMPATH\Database\BaseBuilder.php(1841): CodeIgniter\Database\BaseConnection->query('INSERT INTO `product_search_indexes` (`lang_id`, `product_id`, `search_index`)
VALUES (\'1\',\'59\',\'asdas\')', null, false)
 4 SYSTEMPATH\Database\BaseBuilder.php(2230): CodeIgniter\Database\BaseBuilder->batchExecute('_insertBatch', 100)
 5 APPPATH\Models\ProductModel.php(1145): CodeIgniter\Database\BaseBuilder->insertBatch([...])
 6 APPPATH\Controllers\DashboardController.php(138): App\Models\ProductModel->syncProductSearchIndex(59)
 7 SYSTEMPATH\CodeIgniter.php(933): App\Controllers\DashboardController->addProductPost()
 8 SYSTEMPATH\CodeIgniter.php(507): CodeIgniter\CodeIgniter->runController(Object(App\Controllers\DashboardController))
 9 SYSTEMPATH\CodeIgniter.php(354): CodeIgniter\CodeIgniter->handleRequest(null, Object(Config\Cache), false)
10 SYSTEMPATH\Boot.php(363): CodeIgniter\CodeIgniter->run()
11 SYSTEMPATH\Boot.php(68): CodeIgniter\Boot::runCodeIgniter(Object(CodeIgniter\CodeIgniter))
12 FCPATH\index.php(59): CodeIgniter\Boot::bootWeb(Object(Config\Paths))
CRITICAL - 2025-12-15 05:19:31 --> [Caused by] mysqli_sql_exception: Duplicate entry '0' for key 'PRIMARY'
in SYSTEMPATH\Database\MySQLi\Connection.php on line 327.
 1 SYSTEMPATH\Database\MySQLi\Connection.php(327): mysqli->query('INSERT INTO `product_search_indexes` (`lang_id`, `product_id`, `search_index`)
VALUES (\'1\',\'59\',\'asdas\')', 0)
 2 SYSTEMPATH\Database\BaseConnection.php(729): CodeIgniter\Database\MySQLi\Connection->execute('INSERT INTO `product_search_indexes` (`lang_id`, `product_id`, `search_index`)
VALUES (\'1\',\'59\',\'asdas\')')
 3 SYSTEMPATH\Database\BaseConnection.php(646): CodeIgniter\Database\BaseConnection->simpleQuery('INSERT INTO `product_search_indexes` (`lang_id`, `product_id`, `search_index`)
VALUES (\'1\',\'59\',\'asdas\')')
 4 SYSTEMPATH\Database\BaseBuilder.php(1841): CodeIgniter\Database\BaseConnection->query('INSERT INTO `product_search_indexes` (`lang_id`, `product_id`, `search_index`)
VALUES (\'1\',\'59\',\'asdas\')', null, false)
 5 SYSTEMPATH\Database\BaseBuilder.php(2230): CodeIgniter\Database\BaseBuilder->batchExecute('_insertBatch', 100)
 6 APPPATH\Models\ProductModel.php(1145): CodeIgniter\Database\BaseBuilder->insertBatch([...])
 7 APPPATH\Controllers\DashboardController.php(138): App\Models\ProductModel->syncProductSearchIndex(59)
 8 SYSTEMPATH\CodeIgniter.php(933): App\Controllers\DashboardController->addProductPost()
 9 SYSTEMPATH\CodeIgniter.php(507): CodeIgniter\CodeIgniter->runController(Object(App\Controllers\DashboardController))
10 SYSTEMPATH\CodeIgniter.php(354): CodeIgniter\CodeIgniter->handleRequest(null, Object(Config\Cache), false)
11 SYSTEMPATH\Boot.php(363): CodeIgniter\CodeIgniter->run()
12 SYSTEMPATH\Boot.php(68): CodeIgniter\Boot::runCodeIgniter(Object(CodeIgniter\CodeIgniter))
13 FCPATH\index.php(59): CodeIgniter\Boot::bootWeb(Object(Config\Paths))
CRITICAL - 2025-12-15 06:53:48 --> ArgumentCountError: Too few arguments to function App\Models\CartModel::addToCart(), 1 passed in F:\xampp\htdocs\modesy-2.6.2\app\Controllers\CartController.php on line 720 and at least 2 expected
[Method: POST, Route: buy-now]
in APPPATH\Models\CartModel.php on line 242.
 1 APPPATH\Controllers\CartController.php(720): App\Models\CartModel->addToCart([...])
 2 SYSTEMPATH\CodeIgniter.php(933): App\Controllers\CartController->buyNow()
 3 SYSTEMPATH\CodeIgniter.php(507): CodeIgniter\CodeIgniter->runController(Object(App\Controllers\CartController))
 4 SYSTEMPATH\CodeIgniter.php(354): CodeIgniter\CodeIgniter->handleRequest(null, Object(Config\Cache), false)
 5 SYSTEMPATH\Boot.php(363): CodeIgniter\CodeIgniter->run()
 6 SYSTEMPATH\Boot.php(68): CodeIgniter\Boot::runCodeIgniter(Object(CodeIgniter\CodeIgniter))
 7 FCPATH\index.php(59): CodeIgniter\Boot::bootWeb(Object(Config\Paths))
CRITICAL - 2025-12-15 06:54:59 --> ArgumentCountError: Too few arguments to function App\Models\CartModel::addToCart(), 1 passed in F:\xampp\htdocs\modesy-2.6.2\app\Controllers\CartController.php on line 720 and at least 2 expected
[Method: POST, Route: buy-now]
in APPPATH\Models\CartModel.php on line 242.
 1 APPPATH\Controllers\CartController.php(720): App\Models\CartModel->addToCart([...])
 2 SYSTEMPATH\CodeIgniter.php(933): App\Controllers\CartController->buyNow()
 3 SYSTEMPATH\CodeIgniter.php(507): CodeIgniter\CodeIgniter->runController(Object(App\Controllers\CartController))
 4 SYSTEMPATH\CodeIgniter.php(354): CodeIgniter\CodeIgniter->handleRequest(null, Object(Config\Cache), false)
 5 SYSTEMPATH\Boot.php(363): CodeIgniter\CodeIgniter->run()
 6 SYSTEMPATH\Boot.php(68): CodeIgniter\Boot::runCodeIgniter(Object(CodeIgniter\CodeIgniter))
 7 FCPATH\index.php(59): CodeIgniter\Boot::bootWeb(Object(Config\Paths))
